

================================================================
== Vitis HLS Report for 'compute_output_buffer_1d_array_array_ap_fixed_16_6_5_3_0_16u_config2_s'
================================================================
* Date:           Wed Mar 18 13:58:00 2026

* Version:        2024.1 (Build 5069499 on May 21 2024)
* Project:        myproject_prj
* Solution:       solution1 (Vivado IP Flow Target)
* Product family: virtexuplus
* Target device:  xcu250-figd2104-2L-e


================================================================
== Performance Estimates
================================================================
+ Timing: 
    * Summary: 
    +--------+---------+----------+------------+
    |  Clock |  Target | Estimated| Uncertainty|
    +--------+---------+----------+------------+
    |ap_clk  |  5.00 ns|  3.480 ns|     1.35 ns|
    +--------+---------+----------+------------+

+ Latency: 
    * Summary: 
    +---------+---------+-----------+-----------+-----+-----+---------+
    |  Latency (cycles) |   Latency (absolute)  |  Interval | Pipeline|
    |   min   |   max   |    min    |    max    | min | max |   Type  |
    +---------+---------+-----------+-----------+-----+-----+---------+
    |        3|        3|  15.000 ns|  15.000 ns|    3|    3|      yes|
    +---------+---------+-----------+-----------+-----+-----+---------+

    + Detail: 
        * Instance: 
        +---------------------------------------------------------------------------------+----------------------------------------------------------------------+---------+---------+----------+----------+-----+-----+---------+
        |                                                                                 |                                                                      |  Latency (cycles) |  Latency (absolute) |  Interval | Pipeline|
        |                                     Instance                                    |                                Module                                |   min   |   max   |    min   |    max   | min | max |   Type  |
        +---------------------------------------------------------------------------------+----------------------------------------------------------------------+---------+---------+----------+----------+-----+-----+---------+
        |grp_dense_latency_ap_fixed_16_6_5_3_0_ap_fixed_16_6_5_3_0_config2_mult_s_fu_180  |dense_latency_ap_fixed_16_6_5_3_0_ap_fixed_16_6_5_3_0_config2_mult_s  |        1|        1|  5.000 ns|  5.000 ns|    1|    1|      yes|
        +---------------------------------------------------------------------------------+----------------------------------------------------------------------+---------+---------+----------+----------+-----+-----+---------+

        * Loop: 
        N/A



================================================================
== Utilization Estimates
================================================================
* Summary: 
+---------------------+---------+-------+---------+---------+------+
|         Name        | BRAM_18K|  DSP  |    FF   |   LUT   | URAM |
+---------------------+---------+-------+---------+---------+------+
|DSP                  |        -|      -|        -|        -|     -|
|Expression           |        -|      -|        0|      238|     -|
|FIFO                 |        -|      -|        -|        -|     -|
|Instance             |        -|    370|     2287|    11420|     -|
|Memory               |        -|      -|        -|        -|     -|
|Multiplexer          |        -|      -|        0|       65|     -|
|Register             |        -|      -|      791|        -|     -|
+---------------------+---------+-------+---------+---------+------+
|Total                |        0|    370|     3078|    11723|     0|
+---------------------+---------+-------+---------+---------+------+
|Available SLR        |     1344|   3072|   864000|   432000|   320|
+---------------------+---------+-------+---------+---------+------+
|Utilization SLR (%)  |        0|     12|       ~0|        2|     0|
+---------------------+---------+-------+---------+---------+------+
|Available            |     5376|  12288|  3456000|  1728000|  1280|
+---------------------+---------+-------+---------+---------+------+
|Utilization (%)      |        0|      3|       ~0|       ~0|     0|
+---------------------+---------+-------+---------+---------+------+

+ Detail: 
    * Instance: 
    +---------------------------------------------------------------------------------+----------------------------------------------------------------------+---------+-----+------+-------+-----+
    |                                     Instance                                    |                                Module                                | BRAM_18K| DSP |  FF  |  LUT  | URAM|
    +---------------------------------------------------------------------------------+----------------------------------------------------------------------+---------+-----+------+-------+-----+
    |grp_dense_latency_ap_fixed_16_6_5_3_0_ap_fixed_16_6_5_3_0_config2_mult_s_fu_180  |dense_latency_ap_fixed_16_6_5_3_0_ap_fixed_16_6_5_3_0_config2_mult_s  |        0|  370|  2287|  11420|    0|
    +---------------------------------------------------------------------------------+----------------------------------------------------------------------+---------+-----+------+-------+-----+
    |Total                                                                            |                                                                      |        0|  370|  2287|  11420|    0|
    +---------------------------------------------------------------------------------+----------------------------------------------------------------------+---------+-----+------+-------+-----+

    * DSP: 
    N/A

    * Memory: 
    N/A

    * FIFO: 
    N/A

    * Expression: 
    +----------------------------------+----------+----+---+----+------------+------------+
    |           Variable Name          | Operation| DSP| FF| LUT| Bitwidth P0| Bitwidth P1|
    +----------------------------------+----------+----+---+----+------------+------------+
    |add_ln369_fu_508_p2               |         +|   0|  0|  39|          32|           1|
    |add_ln376_fu_526_p2               |         +|   0|  0|  39|          32|           1|
    |and_ln350_fu_502_p2               |       and|   0|  0|   2|           1|           1|
    |ap_block_pp0_stage0_01001         |       and|   0|  0|   2|           1|           1|
    |ap_block_state4_pp0_stage0_iter1  |       and|   0|  0|   2|           1|           1|
    |ap_condition_233                  |       and|   0|  0|   2|           1|           1|
    |icmp_ln350_1_fu_496_p2            |      icmp|   0|  0|  38|          31|           1|
    |icmp_ln350_fu_476_p2              |      icmp|   0|  0|  39|          32|           2|
    |icmp_ln369_fu_514_p2              |      icmp|   0|  0|  39|          32|           8|
    |ap_block_pp0_stage0_subdone       |        or|   0|  0|   2|           1|           1|
    |select_ln376_fu_532_p3            |    select|   0|  0|  32|           1|           2|
    |ap_enable_pp0                     |       xor|   0|  0|   2|           1|           2|
    +----------------------------------+----------+----+---+----+------------+------------+
    |Total                             |          |   0|  0| 238|         166|          22|
    +----------------------------------+----------+----+---+----+------------+------------+

    * Multiplexer: 
    +-----------------------------------------+----+-----------+-----+-----------+
    |                   Name                  | LUT| Input Size| Bits| Total Bits|
    +-----------------------------------------+----+-----------+-----+-----------+
    |ap_NS_fsm                                |  20|          4|    1|          4|
    |ap_enable_reg_pp0_iter0                  |   9|          2|    1|          2|
    |ap_enable_reg_pp0_iter1                  |   9|          2|    1|          2|
    |ap_phi_reg_pp0_iter0_storemerge_reg_169  |   9|          2|   32|         64|
    |layer2_out_blk_n                         |   9|          2|    1|          2|
    |pX                                       |   9|          2|   32|         64|
    +-----------------------------------------+----+-----------+-----+-----------+
    |Total                                    |  65|         14|   68|        138|
    +-----------------------------------------+----+-----------+-----+-----------+

    * Register: 
    +----------------------------------------------------------------------------------------------+----+----+-----+-----------+
    |                                             Name                                             | FF | LUT| Bits| Const Bits|
    +----------------------------------------------------------------------------------------------+----+----+-----+-----------+
    |and_ln350_reg_637                                                                             |   1|   0|    1|          0|
    |ap_CS_fsm                                                                                     |   3|   0|    3|          0|
    |ap_enable_reg_pp0_iter0_reg                                                                   |   1|   0|    1|          0|
    |ap_enable_reg_pp0_iter1                                                                       |   1|   0|    1|          0|
    |ap_phi_reg_pp0_iter0_storemerge_reg_169                                                       |  32|   0|   32|          0|
    |grp_dense_latency_ap_fixed_16_6_5_3_0_ap_fixed_16_6_5_3_0_config2_mult_s_fu_180_ap_start_reg  |   1|   0|    1|          0|
    |pX                                                                                            |  32|   0|   32|          0|
    |p_ZZN4nnet24compute_output_buffer_1dINS_5arrayI8ap_fixedILi16ELi6EL9ap_q_mode5EL9             |  16|   0|   16|          0|
    |p_ZZN4nnet24compute_output_buffer_1dINS_5arrayI8ap_fixedILi16ELi6EL9ap_q_mode5EL9_1           |  16|   0|   16|          0|
    |p_ZZN4nnet24compute_output_buffer_1dINS_5arrayI8ap_fixedILi16ELi6EL9ap_q_mode5EL9_10          |  16|   0|   16|          0|
    |p_ZZN4nnet24compute_output_buffer_1dINS_5arrayI8ap_fixedILi16ELi6EL9ap_q_mode5EL9_11          |  16|   0|   16|          0|
    |p_ZZN4nnet24compute_output_buffer_1dINS_5arrayI8ap_fixedILi16ELi6EL9ap_q_mode5EL9_12          |  16|   0|   16|          0|
    |p_ZZN4nnet24compute_output_buffer_1dINS_5arrayI8ap_fixedILi16ELi6EL9ap_q_mode5EL9_13          |  16|   0|   16|          0|
    |p_ZZN4nnet24compute_output_buffer_1dINS_5arrayI8ap_fixedILi16ELi6EL9ap_q_mode5EL9_14          |  16|   0|   16|          0|
    |p_ZZN4nnet24compute_output_buffer_1dINS_5arrayI8ap_fixedILi16ELi6EL9ap_q_mode5EL9_15          |  16|   0|   16|          0|
    |p_ZZN4nnet24compute_output_buffer_1dINS_5arrayI8ap_fixedILi16ELi6EL9ap_q_mode5EL9_16          |  16|   0|   16|          0|
    |p_ZZN4nnet24compute_output_buffer_1dINS_5arrayI8ap_fixedILi16ELi6EL9ap_q_mode5EL9_2           |  16|   0|   16|          0|
    |p_ZZN4nnet24compute_output_buffer_1dINS_5arrayI8ap_fixedILi16ELi6EL9ap_q_mode5EL9_3           |  16|   0|   16|          0|
    |p_ZZN4nnet24compute_output_buffer_1dINS_5arrayI8ap_fixedILi16ELi6EL9ap_q_mode5EL9_4           |  16|   0|   16|          0|
    |p_ZZN4nnet24compute_output_buffer_1dINS_5arrayI8ap_fixedILi16ELi6EL9ap_q_mode5EL9_5           |  16|   0|   16|          0|
    |p_ZZN4nnet24compute_output_buffer_1dINS_5arrayI8ap_fixedILi16ELi6EL9ap_q_mode5EL9_6           |  16|   0|   16|          0|
    |p_ZZN4nnet24compute_output_buffer_1dINS_5arrayI8ap_fixedILi16ELi6EL9ap_q_mode5EL9_7           |  16|   0|   16|          0|
    |p_ZZN4nnet24compute_output_buffer_1dINS_5arrayI8ap_fixedILi16ELi6EL9ap_q_mode5EL9_8           |  16|   0|   16|          0|
    |p_ZZN4nnet24compute_output_buffer_1dINS_5arrayI8ap_fixedILi16ELi6EL9ap_q_mode5EL9_9           |  16|   0|   16|          0|
    |res_out_10_reg_699                                                                            |  16|   0|   16|          0|
    |res_out_11_reg_704                                                                            |  16|   0|   16|          0|
    |res_out_12_reg_709                                                                            |  16|   0|   16|          0|
    |res_out_13_reg_714                                                                            |  16|   0|   16|          0|
    |res_out_14_reg_719                                                                            |  16|   0|   16|          0|
    |res_out_15_reg_724                                                                            |  16|   0|   16|          0|
    |res_out_16_reg_654                                                                            |  16|   0|   16|          0|
    |res_out_17_reg_659                                                                            |  16|   0|   16|          0|
    |res_out_18_reg_664                                                                            |  16|   0|   16|          0|
    |res_out_4_reg_669                                                                             |  16|   0|   16|          0|
    |res_out_5_reg_674                                                                             |  16|   0|   16|          0|
    |res_out_6_reg_679                                                                             |  16|   0|   16|          0|
    |res_out_7_reg_684                                                                             |  16|   0|   16|          0|
    |res_out_8_reg_689                                                                             |  16|   0|   16|          0|
    |res_out_9_reg_694                                                                             |  16|   0|   16|          0|
    |res_out_reg_649                                                                               |  16|   0|   16|          0|
    |sX                                                                                            |  32|   0|   32|          0|
    |void_compute_output_buffer_1d_array_const_stream_weight_t_bias_t_kernel_data                  |  16|   0|   16|          0|
    |void_compute_output_buffer_1d_array_const_stream_weight_t_bias_t_kernel_data_1                |  16|   0|   16|          0|
    |void_compute_output_buffer_1d_array_const_stream_weight_t_bias_t_kernel_data_2                |  16|   0|   16|          0|
    |void_compute_output_buffer_1d_array_const_stream_weight_t_bias_t_kernel_data_3                |  16|   0|   16|          0|
    |void_compute_output_buffer_1d_array_const_stream_weight_t_bias_t_kernel_data_4                |  16|   0|   16|          0|
    |void_compute_output_buffer_1d_array_const_stream_weight_t_bias_t_kernel_data_5                |  16|   0|   16|          0|
    |void_compute_output_buffer_1d_array_const_stream_weight_t_bias_t_kernel_data_6                |  16|   0|   16|          0|
    |void_compute_output_buffer_1d_array_const_stream_weight_t_bias_t_kernel_data_7                |  16|   0|   16|          0|
    |void_compute_output_buffer_1d_array_const_stream_weight_t_bias_t_kernel_data_8                |  16|   0|   16|          0|
    |void_compute_output_buffer_1d_array_const_stream_weight_t_bias_t_kernel_data_9                |  16|   0|   16|          0|
    +----------------------------------------------------------------------------------------------+----+----+-----+-----------+
    |Total                                                                                         | 791|   0|  791|          0|
    +----------------------------------------------------------------------------------------------+----+----+-----+-----------+



================================================================
== Interface
================================================================
* Summary: 
+---------------------------+-----+-----+------------+-------------------------------------------------------------------------+--------------+
|         RTL Ports         | Dir | Bits|  Protocol  |                              Source Object                              |    C Type    |
+---------------------------+-----+-----+------------+-------------------------------------------------------------------------+--------------+
|ap_clk                     |   in|    1|  ap_ctrl_hs|  compute_output_buffer_1d<array,array<ap_fixed<16,6,5,3,0>,16u>,config2>|  return value|
|ap_rst                     |   in|    1|  ap_ctrl_hs|  compute_output_buffer_1d<array,array<ap_fixed<16,6,5,3,0>,16u>,config2>|  return value|
|ap_start                   |   in|    1|  ap_ctrl_hs|  compute_output_buffer_1d<array,array<ap_fixed<16,6,5,3,0>,16u>,config2>|  return value|
|ap_done                    |  out|    1|  ap_ctrl_hs|  compute_output_buffer_1d<array,array<ap_fixed<16,6,5,3,0>,16u>,config2>|  return value|
|ap_idle                    |  out|    1|  ap_ctrl_hs|  compute_output_buffer_1d<array,array<ap_fixed<16,6,5,3,0>,16u>,config2>|  return value|
|ap_ready                   |  out|    1|  ap_ctrl_hs|  compute_output_buffer_1d<array,array<ap_fixed<16,6,5,3,0>,16u>,config2>|  return value|
|ap_ce                      |   in|    1|  ap_ctrl_hs|  compute_output_buffer_1d<array,array<ap_fixed<16,6,5,3,0>,16u>,config2>|  return value|
|layer2_out_blk_n           |  out|    1|  ap_ctrl_hs|  compute_output_buffer_1d<array,array<ap_fixed<16,6,5,3,0>,16u>,config2>|  return value|
|p_read                     |   in|   16|     ap_none|                                                                   p_read|        scalar|
|p_read1                    |   in|   16|     ap_none|                                                                  p_read1|        scalar|
|p_read2                    |   in|   16|     ap_none|                                                                  p_read2|        scalar|
|p_read3                    |   in|   16|     ap_none|                                                                  p_read3|        scalar|
|p_read4                    |   in|   16|     ap_none|                                                                  p_read4|        scalar|
|p_read5                    |   in|   16|     ap_none|                                                                  p_read5|        scalar|
|p_read6                    |   in|   16|     ap_none|                                                                  p_read6|        scalar|
|p_read7                    |   in|   16|     ap_none|                                                                  p_read7|        scalar|
|p_read8                    |   in|   16|     ap_none|                                                                  p_read8|        scalar|
|layer2_out_din             |  out|  256|     ap_fifo|                                                               layer2_out|       pointer|
|layer2_out_num_data_valid  |   in|    8|     ap_fifo|                                                               layer2_out|       pointer|
|layer2_out_fifo_cap        |   in|    8|     ap_fifo|                                                               layer2_out|       pointer|
|layer2_out_full_n          |   in|    1|     ap_fifo|                                                               layer2_out|       pointer|
|layer2_out_write           |  out|    1|     ap_fifo|                                                               layer2_out|       pointer|
+---------------------------+-----+-----+------------+-------------------------------------------------------------------------+--------------+

