

================================================================
== Vitis HLS Report for 'global_pooling1d_cl_array_array_ap_fixed_16_6_5_3_0_16u_config5_s'
================================================================
* Date:           Wed Mar 18 13:58:01 2026

* Version:        2024.1 (Build 5069499 on May 21 2024)
* Project:        myproject_prj
* Solution:       solution1 (Vivado IP Flow Target)
* Product family: virtexuplus
* Target device:  xcu250-figd2104-2L-e


================================================================
== Performance Estimates
================================================================
+ Timing: 
    * Summary: 
    +--------+---------+----------+------------+
    |  Clock |  Target | Estimated| Uncertainty|
    +--------+---------+----------+------------+
    |ap_clk  |  5.00 ns|  2.555 ns|     1.35 ns|
    +--------+---------+----------+------------+

+ Latency: 
    * Summary: 
    +---------+---------+----------+----------+-----+-----+---------+
    |  Latency (cycles) |  Latency (absolute) |  Interval | Pipeline|
    |   min   |   max   |    min   |    max   | min | max |   Type  |
    +---------+---------+----------+----------+-----+-----+---------+
    |      131|      131|  0.655 us|  0.655 us|  131|  131|       no|
    +---------+---------+----------+----------+-----+-----+---------+

    + Detail: 
        * Instance: 
        +-----------------------------------------------------------------------------------+-------------------------------------------------------------------------+---------+---------+----------+----------+-----+-----+-----------------------------------------------+
        |                                                                                   |                                                                         |  Latency (cycles) |  Latency (absolute) |  Interval |                    Pipeline                   |
        |                                      Instance                                     |                                  Module                                 |   min   |   max   |    min   |    max   | min | max |                      Type                     |
        +-----------------------------------------------------------------------------------+-------------------------------------------------------------------------+---------+---------+----------+----------+-----+-----+-----------------------------------------------+
        |grp_global_pooling1d_cl_array_array_ap_fixed_16u_config5_Pipeline_ReadInput_fu_95  |global_pooling1d_cl_array_array_ap_fixed_16u_config5_Pipeline_ReadInput  |      129|      129|  0.645 us|  0.645 us|  128|  128|  loop auto-rewind stp(delay=0 clock cycles(s))|
        +-----------------------------------------------------------------------------------+-------------------------------------------------------------------------+---------+---------+----------+----------+-----+-----+-----------------------------------------------+

        * Loop: 
        N/A



================================================================
== Utilization Estimates
================================================================
* Summary: 
+---------------------+---------+-------+---------+---------+------+
|         Name        | BRAM_18K|  DSP  |    FF   |   LUT   | URAM |
+---------------------+---------+-------+---------+---------+------+
|DSP                  |        -|      -|        -|        -|     -|
|Expression           |        -|      -|        0|        2|     -|
|FIFO                 |        -|      -|        -|        -|     -|
|Instance             |        -|      -|      266|      836|     -|
|Memory               |        -|      -|        -|        -|     -|
|Multiplexer          |        -|      -|        0|       56|     -|
|Register             |        -|      -|      262|        -|     -|
+---------------------+---------+-------+---------+---------+------+
|Total                |        0|      0|      528|      894|     0|
+---------------------+---------+-------+---------+---------+------+
|Available SLR        |     1344|   3072|   864000|   432000|   320|
+---------------------+---------+-------+---------+---------+------+
|Utilization SLR (%)  |        0|      0|       ~0|       ~0|     0|
+---------------------+---------+-------+---------+---------+------+
|Available            |     5376|  12288|  3456000|  1728000|  1280|
+---------------------+---------+-------+---------+---------+------+
|Utilization (%)      |        0|      0|       ~0|       ~0|     0|
+---------------------+---------+-------+---------+---------+------+

+ Detail: 
    * Instance: 
    +-----------------------------------------------------------------------------------+-------------------------------------------------------------------------+---------+----+-----+-----+-----+
    |                                      Instance                                     |                                  Module                                 | BRAM_18K| DSP|  FF | LUT | URAM|
    +-----------------------------------------------------------------------------------+-------------------------------------------------------------------------+---------+----+-----+-----+-----+
    |grp_global_pooling1d_cl_array_array_ap_fixed_16u_config5_Pipeline_ReadInput_fu_95  |global_pooling1d_cl_array_array_ap_fixed_16u_config5_Pipeline_ReadInput  |        0|   0|  266|  836|    0|
    +-----------------------------------------------------------------------------------+-------------------------------------------------------------------------+---------+----+-----+-----+-----+
    |Total                                                                              |                                                                         |        0|   0|  266|  836|    0|
    +-----------------------------------------------------------------------------------+-------------------------------------------------------------------------+---------+----+-----+-----+-----+

    * DSP: 
    N/A

    * Memory: 
    N/A

    * FIFO: 
    N/A

    * Expression: 
    +-----------------+----------+----+---+----+------------+------------+
    |  Variable Name  | Operation| DSP| FF| LUT| Bitwidth P0| Bitwidth P1|
    +-----------------+----------+----+---+----+------------+------------+
    |ap_block_state1  |        or|   0|  0|   2|           1|           1|
    +-----------------+----------+----+---+----+------------+------------+
    |Total            |          |   0|  0|   2|           1|           1|
    +-----------------+----------+----+---+----+------------+------------+

    * Multiplexer: 
    +------------------+----+-----------+-----+-----------+
    |       Name       | LUT| Input Size| Bits| Total Bits|
    +------------------+----+-----------+-----+-----------+
    |ap_NS_fsm         |  20|          4|    1|          4|
    |ap_done           |   9|          2|    1|          2|
    |layer4_out_read   |   9|          2|    1|          2|
    |layer5_out_blk_n  |   9|          2|    1|          2|
    |real_start        |   9|          2|    1|          2|
    +------------------+----+-----------+-----+-----------+
    |Total             |  56|         12|    5|         12|
    +------------------+----+-----------+-----+-----------+

    * Register: 
    +------------------------------------------------------------------------------------------------+----+----+-----+-----------+
    |                                              Name                                              | FF | LUT| Bits| Const Bits|
    +------------------------------------------------------------------------------------------------+----+----+-----+-----------+
    |ap_CS_fsm                                                                                       |   3|   0|    3|          0|
    |ap_done_reg                                                                                     |   1|   0|    1|          0|
    |data_window_10_loc_fu_44                                                                        |  16|   0|   16|          0|
    |data_window_11_loc_fu_40                                                                        |  16|   0|   16|          0|
    |data_window_12_loc_fu_36                                                                        |  16|   0|   16|          0|
    |data_window_13_loc_fu_32                                                                        |  16|   0|   16|          0|
    |data_window_14_loc_fu_28                                                                        |  16|   0|   16|          0|
    |data_window_15_loc_fu_24                                                                        |  16|   0|   16|          0|
    |data_window_1_loc_fu_80                                                                         |  16|   0|   16|          0|
    |data_window_2_loc_fu_76                                                                         |  16|   0|   16|          0|
    |data_window_3_loc_fu_72                                                                         |  16|   0|   16|          0|
    |data_window_4_loc_fu_68                                                                         |  16|   0|   16|          0|
    |data_window_5_loc_fu_64                                                                         |  16|   0|   16|          0|
    |data_window_6_loc_fu_60                                                                         |  16|   0|   16|          0|
    |data_window_7_loc_fu_56                                                                         |  16|   0|   16|          0|
    |data_window_8_loc_fu_52                                                                         |  16|   0|   16|          0|
    |data_window_9_loc_fu_48                                                                         |  16|   0|   16|          0|
    |data_window_loc_fu_84                                                                           |  16|   0|   16|          0|
    |grp_global_pooling1d_cl_array_array_ap_fixed_16u_config5_Pipeline_ReadInput_fu_95_ap_start_reg  |   1|   0|    1|          0|
    |start_once_reg                                                                                  |   1|   0|    1|          0|
    +------------------------------------------------------------------------------------------------+----+----+-----+-----------+
    |Total                                                                                           | 262|   0|  262|          0|
    +------------------------------------------------------------------------------------------------+----+----+-----+-----------+



================================================================
== Interface
================================================================
* Summary: 
+---------------------------+-----+-----+------------+--------------------------------------------------------------------+--------------+
|         RTL Ports         | Dir | Bits|  Protocol  |                            Source Object                           |    C Type    |
+---------------------------+-----+-----+------------+--------------------------------------------------------------------+--------------+
|ap_clk                     |   in|    1|  ap_ctrl_hs|  global_pooling1d_cl<array,array<ap_fixed<16,6,5,3,0>,16u>,config5>|  return value|
|ap_rst                     |   in|    1|  ap_ctrl_hs|  global_pooling1d_cl<array,array<ap_fixed<16,6,5,3,0>,16u>,config5>|  return value|
|ap_start                   |   in|    1|  ap_ctrl_hs|  global_pooling1d_cl<array,array<ap_fixed<16,6,5,3,0>,16u>,config5>|  return value|
|start_full_n               |   in|    1|  ap_ctrl_hs|  global_pooling1d_cl<array,array<ap_fixed<16,6,5,3,0>,16u>,config5>|  return value|
|ap_done                    |  out|    1|  ap_ctrl_hs|  global_pooling1d_cl<array,array<ap_fixed<16,6,5,3,0>,16u>,config5>|  return value|
|ap_continue                |   in|    1|  ap_ctrl_hs|  global_pooling1d_cl<array,array<ap_fixed<16,6,5,3,0>,16u>,config5>|  return value|
|ap_idle                    |  out|    1|  ap_ctrl_hs|  global_pooling1d_cl<array,array<ap_fixed<16,6,5,3,0>,16u>,config5>|  return value|
|ap_ready                   |  out|    1|  ap_ctrl_hs|  global_pooling1d_cl<array,array<ap_fixed<16,6,5,3,0>,16u>,config5>|  return value|
|start_out                  |  out|    1|  ap_ctrl_hs|  global_pooling1d_cl<array,array<ap_fixed<16,6,5,3,0>,16u>,config5>|  return value|
|start_write                |  out|    1|  ap_ctrl_hs|  global_pooling1d_cl<array,array<ap_fixed<16,6,5,3,0>,16u>,config5>|  return value|
|layer4_out_dout            |   in|  256|     ap_fifo|                                                          layer4_out|       pointer|
|layer4_out_num_data_valid  |   in|    8|     ap_fifo|                                                          layer4_out|       pointer|
|layer4_out_fifo_cap        |   in|    8|     ap_fifo|                                                          layer4_out|       pointer|
|layer4_out_empty_n         |   in|    1|     ap_fifo|                                                          layer4_out|       pointer|
|layer4_out_read            |  out|    1|     ap_fifo|                                                          layer4_out|       pointer|
|layer5_out_din             |  out|  256|     ap_fifo|                                                          layer5_out|       pointer|
|layer5_out_num_data_valid  |   in|    2|     ap_fifo|                                                          layer5_out|       pointer|
|layer5_out_fifo_cap        |   in|    2|     ap_fifo|                                                          layer5_out|       pointer|
|layer5_out_full_n          |   in|    1|     ap_fifo|                                                          layer5_out|       pointer|
|layer5_out_write           |  out|    1|     ap_fifo|                                                          layer5_out|       pointer|
+---------------------------+-----+-----+------------+--------------------------------------------------------------------+--------------+

