

================================================================
== Vitis HLS Report for 'zeropad1d_cl_array_ap_fixed_9u_array_ap_fixed_16_6_5_3_0_9u_config8_s'
================================================================
* Date:           Wed Mar 18 13:58:00 2026

* Version:        2024.1 (Build 5069499 on May 21 2024)
* Project:        myproject_prj
* Solution:       solution1 (Vivado IP Flow Target)
* Product family: virtexuplus
* Target device:  xcu250-figd2104-2L-e


================================================================
== Performance Estimates
================================================================
+ Timing: 
    * Summary: 
    +--------+---------+----------+------------+
    |  Clock |  Target | Estimated| Uncertainty|
    +--------+---------+----------+------------+
    |ap_clk  |  5.00 ns|  1.480 ns|     1.35 ns|
    +--------+---------+----------+------------+

+ Latency: 
    * Summary: 
    +---------+---------+----------+----------+-----+-----+---------+
    |  Latency (cycles) |  Latency (absolute) |  Interval | Pipeline|
    |   min   |   max   |    min   |    max   | min | max |   Type  |
    +---------+---------+----------+----------+-----+-----+---------+
    |      132|      132|  0.660 us|  0.660 us|  132|  132|       no|
    +---------+---------+----------+----------+-----+-----+---------+

    + Detail: 
        * Instance: 
        +-------------------------------------------------------------------------------------+---------------------------------------------------------------------------+---------+---------+----------+----------+-----+-----+-----------------------------------------------+
        |                                                                                     |                                                                           |  Latency (cycles) |  Latency (absolute) |  Interval |                    Pipeline                   |
        |                                       Instance                                      |                                   Module                                  |   min   |   max   |    min   |    max   | min | max |                      Type                     |
        +-------------------------------------------------------------------------------------+---------------------------------------------------------------------------+---------+---------+----------+----------+-----+-----+-----------------------------------------------+
        |grp_zeropad1d_cl_array_array_ap_fixed_16_6_5_3_0_9u_config8_Pipeline_CopyMain_fu_36  |zeropad1d_cl_array_array_ap_fixed_16_6_5_3_0_9u_config8_Pipeline_CopyMain  |      129|      129|  0.645 us|  0.645 us|  128|  128|  loop auto-rewind stp(delay=0 clock cycles(s))|
        +-------------------------------------------------------------------------------------+---------------------------------------------------------------------------+---------+---------+----------+----------+-----+-----+-----------------------------------------------+

        * Loop: 
        N/A



================================================================
== Utilization Estimates
================================================================
* Summary: 
+---------------------+---------+-------+---------+---------+------+
|         Name        | BRAM_18K|  DSP  |    FF   |   LUT   | URAM |
+---------------------+---------+-------+---------+---------+------+
|DSP                  |        -|      -|        -|        -|     -|
|Expression           |        -|      -|        0|        2|     -|
|FIFO                 |        -|      -|        -|        -|     -|
|Instance             |        -|      -|        9|       75|     -|
|Memory               |        -|      -|        -|        -|     -|
|Multiplexer          |        -|      -|        0|       80|     -|
|Register             |        -|      -|        7|        -|     -|
+---------------------+---------+-------+---------+---------+------+
|Total                |        0|      0|       16|      157|     0|
+---------------------+---------+-------+---------+---------+------+
|Available SLR        |     1344|   3072|   864000|   432000|   320|
+---------------------+---------+-------+---------+---------+------+
|Utilization SLR (%)  |        0|      0|       ~0|       ~0|     0|
+---------------------+---------+-------+---------+---------+------+
|Available            |     5376|  12288|  3456000|  1728000|  1280|
+---------------------+---------+-------+---------+---------+------+
|Utilization (%)      |        0|      0|       ~0|       ~0|     0|
+---------------------+---------+-------+---------+---------+------+

+ Detail: 
    * Instance: 
    +-------------------------------------------------------------------------------------+---------------------------------------------------------------------------+---------+----+---+----+-----+
    |                                       Instance                                      |                                   Module                                  | BRAM_18K| DSP| FF| LUT| URAM|
    +-------------------------------------------------------------------------------------+---------------------------------------------------------------------------+---------+----+---+----+-----+
    |grp_zeropad1d_cl_array_array_ap_fixed_16_6_5_3_0_9u_config8_Pipeline_CopyMain_fu_36  |zeropad1d_cl_array_array_ap_fixed_16_6_5_3_0_9u_config8_Pipeline_CopyMain  |        0|   0|  9|  75|    0|
    +-------------------------------------------------------------------------------------+---------------------------------------------------------------------------+---------+----+---+----+-----+
    |Total                                                                                |                                                                           |        0|   0|  9|  75|    0|
    +-------------------------------------------------------------------------------------+---------------------------------------------------------------------------+---------+----+---+----+-----+

    * DSP: 
    N/A

    * Memory: 
    N/A

    * FIFO: 
    N/A

    * Expression: 
    +-----------------+----------+----+---+----+------------+------------+
    |  Variable Name  | Operation| DSP| FF| LUT| Bitwidth P0| Bitwidth P1|
    +-----------------+----------+----+---+----+------------+------------+
    |ap_block_state1  |        or|   0|  0|   2|           1|           1|
    +-----------------+----------+----+---+----+------------+------------+
    |Total            |          |   0|  0|   2|           1|           1|
    +-----------------+----------+----+---+----+------------+------------+

    * Multiplexer: 
    +-----------------------------+----+-----------+-----+-----------+
    |             Name            | LUT| Input Size| Bits| Total Bits|
    +-----------------------------+----+-----------+-----+-----------+
    |ap_NS_fsm                    |  26|          5|    1|          5|
    |ap_done                      |   9|          2|    1|          2|
    |input_5_TREADY_int_regslice  |   9|          2|    1|          2|
    |layer8_out_blk_n             |   9|          2|    1|          2|
    |layer8_out_din               |   9|          2|  144|        288|
    |layer8_out_write             |   9|          2|    1|          2|
    |real_start                   |   9|          2|    1|          2|
    +-----------------------------+----+-----------+-----+-----------+
    |Total                        |  80|         17|  150|        303|
    +-----------------------------+----+-----------+-----+-----------+

    * Register: 
    +--------------------------------------------------------------------------------------------------+---+----+-----+-----------+
    |                                               Name                                               | FF| LUT| Bits| Const Bits|
    +--------------------------------------------------------------------------------------------------+---+----+-----+-----------+
    |ap_CS_fsm                                                                                         |  4|   0|    4|          0|
    |ap_done_reg                                                                                       |  1|   0|    1|          0|
    |grp_zeropad1d_cl_array_array_ap_fixed_16_6_5_3_0_9u_config8_Pipeline_CopyMain_fu_36_ap_start_reg  |  1|   0|    1|          0|
    |start_once_reg                                                                                    |  1|   0|    1|          0|
    +--------------------------------------------------------------------------------------------------+---+----+-----+-----------+
    |Total                                                                                             |  7|   0|    7|          0|
    +--------------------------------------------------------------------------------------------------+---+----+-----+-----------+



================================================================
== Interface
================================================================
* Summary: 
+---------------------------+-----+-----+------------+-------------------------------------------------------------------------+--------------+
|         RTL Ports         | Dir | Bits|  Protocol  |                              Source Object                              |    C Type    |
+---------------------------+-----+-----+------------+-------------------------------------------------------------------------+--------------+
|ap_clk                     |   in|    1|  ap_ctrl_hs|  zeropad1d_cl<array<ap_fixed,9u>,array<ap_fixed<16,6,5,3,0>,9u>,config8>|  return value|
|ap_rst                     |   in|    1|  ap_ctrl_hs|  zeropad1d_cl<array<ap_fixed,9u>,array<ap_fixed<16,6,5,3,0>,9u>,config8>|  return value|
|ap_start                   |   in|    1|  ap_ctrl_hs|  zeropad1d_cl<array<ap_fixed,9u>,array<ap_fixed<16,6,5,3,0>,9u>,config8>|  return value|
|start_full_n               |   in|    1|  ap_ctrl_hs|  zeropad1d_cl<array<ap_fixed,9u>,array<ap_fixed<16,6,5,3,0>,9u>,config8>|  return value|
|ap_done                    |  out|    1|  ap_ctrl_hs|  zeropad1d_cl<array<ap_fixed,9u>,array<ap_fixed<16,6,5,3,0>,9u>,config8>|  return value|
|ap_continue                |   in|    1|  ap_ctrl_hs|  zeropad1d_cl<array<ap_fixed,9u>,array<ap_fixed<16,6,5,3,0>,9u>,config8>|  return value|
|ap_idle                    |  out|    1|  ap_ctrl_hs|  zeropad1d_cl<array<ap_fixed,9u>,array<ap_fixed<16,6,5,3,0>,9u>,config8>|  return value|
|ap_ready                   |  out|    1|  ap_ctrl_hs|  zeropad1d_cl<array<ap_fixed,9u>,array<ap_fixed<16,6,5,3,0>,9u>,config8>|  return value|
|start_out                  |  out|    1|  ap_ctrl_hs|  zeropad1d_cl<array<ap_fixed,9u>,array<ap_fixed<16,6,5,3,0>,9u>,config8>|  return value|
|start_write                |  out|    1|  ap_ctrl_hs|  zeropad1d_cl<array<ap_fixed,9u>,array<ap_fixed<16,6,5,3,0>,9u>,config8>|  return value|
|input_5_TDATA              |   in|  144|        axis|                                                                  input_5|       pointer|
|input_5_TVALID             |   in|    1|        axis|                                                                  input_5|       pointer|
|input_5_TREADY             |  out|    1|        axis|                                                                  input_5|       pointer|
|layer8_out_din             |  out|  144|     ap_fifo|                                                               layer8_out|       pointer|
|layer8_out_num_data_valid  |   in|    9|     ap_fifo|                                                               layer8_out|       pointer|
|layer8_out_fifo_cap        |   in|    9|     ap_fifo|                                                               layer8_out|       pointer|
|layer8_out_full_n          |   in|    1|     ap_fifo|                                                               layer8_out|       pointer|
|layer8_out_write           |  out|    1|     ap_fifo|                                                               layer8_out|       pointer|
+---------------------------+-----+-----+------------+-------------------------------------------------------------------------+--------------+

