

================================================================
== Vitis HLS Report for 'myproject'
================================================================
* Date:           Wed Mar 18 13:58:01 2026

* Version:        2024.1 (Build 5069499 on May 21 2024)
* Project:        myproject_prj
* Solution:       solution1 (Vivado IP Flow Target)
* Product family: virtexuplus
* Target device:  xcu250-figd2104-2L-e


================================================================
== Performance Estimates
================================================================
+ Timing: 
    * Summary: 
    +--------+---------+----------+------------+
    |  Clock |  Target | Estimated| Uncertainty|
    +--------+---------+----------+------------+
    |ap_clk  |  5.00 ns|  3.530 ns|     1.35 ns|
    +--------+---------+----------+------------+

+ Latency: 
    * Summary: 
    +---------+---------+----------+----------+-----+-----+----------+
    |  Latency (cycles) |  Latency (absolute) |  Interval | Pipeline |
    |   min   |   max   |    min   |    max   | min | max |   Type   |
    +---------+---------+----------+----------+-----+-----+----------+
    |      395|      395|  1.975 us|  1.975 us|  390|  390|  dataflow|
    +---------+---------+----------+----------+-----+-----+----------+

    + Detail: 
        * Instance: 
        +------------------------------------------------------------------------+-----------------------------------------------------------------------+---------+---------+-----------+-----------+-----+-----+-----------------------------------------------+
        |                                                                        |                                                                       |  Latency (cycles) |   Latency (absolute)  |  Interval |                    Pipeline                   |
        |                                Instance                                |                                 Module                                |   min   |   max   |    min    |    max    | min | max |                      Type                     |
        +------------------------------------------------------------------------+-----------------------------------------------------------------------+---------+---------+-----------+-----------+-----+-----+-----------------------------------------------+
        |zeropad1d_cl_array_ap_fixed_9u_array_ap_fixed_16_6_5_3_0_9u_config8_U0  |zeropad1d_cl_array_ap_fixed_9u_array_ap_fixed_16_6_5_3_0_9u_config8_s  |      132|      132|   0.660 us|   0.660 us|  132|  132|                                             no|
        |conv_1d_cl_array_ap_fixed_9u_array_ap_fixed_16_6_5_3_0_16u_config2_U0   |conv_1d_cl_array_ap_fixed_9u_array_ap_fixed_16_6_5_3_0_16u_config2_s   |      393|      393|   1.965 us|   1.965 us|  390|  390|  loop auto-rewind stp(delay=0 clock cycles(s))|
        |relu_array_ap_fixed_16u_array_ap_fixed_16_6_5_3_0_16u_relu_config4_U0   |relu_array_ap_fixed_16u_array_ap_fixed_16_6_5_3_0_16u_relu_config4_s   |      129|      129|   0.645 us|   0.645 us|  128|  128|  loop auto-rewind stp(delay=0 clock cycles(s))|
        |global_pooling1d_cl_array_array_ap_fixed_16_6_5_3_0_16u_config5_U0      |global_pooling1d_cl_array_array_ap_fixed_16_6_5_3_0_16u_config5_s      |      131|      131|   0.655 us|   0.655 us|  131|  131|                                             no|
        |dense_array_ap_fixed_16u_array_ap_fixed_16_6_5_3_0_6u_config6_U0        |dense_array_ap_fixed_16u_array_ap_fixed_16_6_5_3_0_6u_config6_s        |        2|        2|  10.000 ns|  10.000 ns|    2|    2|                                             no|
        |softmax_array_array_ap_fixed_16_6_5_3_0_6u_softmax_config7_U0           |softmax_array_array_ap_fixed_16_6_5_3_0_6u_softmax_config7_s           |        8|        8|  40.000 ns|  40.000 ns|    8|    8|                                             no|
        +------------------------------------------------------------------------+-----------------------------------------------------------------------+---------+---------+-----------+-----------+-----+-----+-----------------------------------------------+

        * Loop: 
        N/A



================================================================
== Utilization Estimates
================================================================
* Summary: 
+---------------------+---------+-------+---------+---------+------+
|         Name        | BRAM_18K|  DSP  |    FF   |   LUT   | URAM |
+---------------------+---------+-------+---------+---------+------+
|DSP                  |        -|      -|        -|        -|     -|
|Expression           |        -|      -|        0|        2|     -|
|FIFO                 |       24|      -|     2391|     1269|     -|
|Instance             |        5|    467|     4732|    16695|     -|
|Memory               |        -|      -|        -|        -|     -|
|Multiplexer          |        -|      -|        -|        -|     -|
|Register             |        -|      -|        -|        -|     -|
+---------------------+---------+-------+---------+---------+------+
|Total                |       29|    467|     7123|    17966|     0|
+---------------------+---------+-------+---------+---------+------+
|Available SLR        |     1344|   3072|   864000|   432000|   320|
+---------------------+---------+-------+---------+---------+------+
|Utilization SLR (%)  |        2|     15|       ~0|        4|     0|
+---------------------+---------+-------+---------+---------+------+
|Available            |     5376|  12288|  3456000|  1728000|  1280|
+---------------------+---------+-------+---------+---------+------+
|Utilization (%)      |       ~0|      3|       ~0|        1|     0|
+---------------------+---------+-------+---------+---------+------+

+ Detail: 
    * Instance: 
    +------------------------------------------------------------------------+-----------------------------------------------------------------------+---------+-----+------+-------+-----+
    |                                Instance                                |                                 Module                                | BRAM_18K| DSP |  FF  |  LUT  | URAM|
    +------------------------------------------------------------------------+-----------------------------------------------------------------------+---------+-----+------+-------+-----+
    |conv_1d_cl_array_ap_fixed_9u_array_ap_fixed_16_6_5_3_0_16u_config2_U0   |conv_1d_cl_array_ap_fixed_9u_array_ap_fixed_16_6_5_3_0_16u_config2_s   |        0|  370|  3097|  11875|    0|
    |dense_array_ap_fixed_16u_array_ap_fixed_16_6_5_3_0_6u_config6_U0        |dense_array_ap_fixed_16u_array_ap_fixed_16_6_5_3_0_6u_config6_s        |        0|   91|   819|   2505|    0|
    |global_pooling1d_cl_array_array_ap_fixed_16_6_5_3_0_16u_config5_U0      |global_pooling1d_cl_array_array_ap_fixed_16_6_5_3_0_16u_config5_s      |        0|    0|   528|    894|    0|
    |relu_array_ap_fixed_16u_array_ap_fixed_16_6_5_3_0_16u_relu_config4_U0   |relu_array_ap_fixed_16u_array_ap_fixed_16_6_5_3_0_16u_relu_config4_s   |        0|    0|    10|    692|    0|
    |softmax_array_array_ap_fixed_16_6_5_3_0_6u_softmax_config7_U0           |softmax_array_array_ap_fixed_16_6_5_3_0_6u_softmax_config7_s           |        5|    6|   262|    572|    0|
    |zeropad1d_cl_array_ap_fixed_9u_array_ap_fixed_16_6_5_3_0_9u_config8_U0  |zeropad1d_cl_array_ap_fixed_9u_array_ap_fixed_16_6_5_3_0_9u_config8_s  |        0|    0|    16|    157|    0|
    +------------------------------------------------------------------------+-----------------------------------------------------------------------+---------+-----+------+-------+-----+
    |Total                                                                   |                                                                       |        5|  467|  4732|  16695|    0|
    +------------------------------------------------------------------------+-----------------------------------------------------------------------+---------+-----+------+-------+-----+

    * DSP: 
    N/A

    * Memory: 
    N/A

    * FIFO: 
    +--------------+---------+-----+----+-----+------+-----+---------+
    |     Name     | BRAM_18K|  FF | LUT| URAM| Depth| Bits| Size:D*B|
    +--------------+---------+-----+----+-----+------+-----+---------+
    |layer2_out_U  |        8|  537|   0|    -|   128|  256|    32768|
    |layer4_out_U  |        8|  537|   0|    -|   128|  256|    32768|
    |layer5_out_U  |        0|  516|   0|    -|     1|  256|      256|
    |layer6_out_U  |        0|  260|   0|    -|     1|   96|       96|
    |layer8_out_U  |        8|  541|   0|    -|   130|  144|    18720|
    +--------------+---------+-----+----+-----+------+-----+---------+
    |Total         |       24| 2391|   0|    0|   388| 1008|    84608|
    +--------------+---------+-----+----+-----+------+-----+---------+

    * Expression: 
    +--------------+----------+----+---+----+------------+------------+
    | Variable Name| Operation| DSP| FF| LUT| Bitwidth P0| Bitwidth P1|
    +--------------+----------+----+---+----+------------+------------+
    |ap_idle       |       and|   0|  0|   2|           1|           1|
    +--------------+----------+----+---+----+------------+------------+
    |Total         |          |   0|  0|   2|           1|           1|
    +--------------+----------+----+---+----+------------+------------+

    * Multiplexer: 
    N/A

    * Register: 
    N/A



================================================================
== Interface
================================================================
* Summary: 
+-------------------+-----+-----+------------+--------------+--------------+
|     RTL Ports     | Dir | Bits|  Protocol  | Source Object|    C Type    |
+-------------------+-----+-----+------------+--------------+--------------+
|input_5_TDATA      |   in|  144|        axis|       input_5|       pointer|
|input_5_TVALID     |   in|    1|        axis|       input_5|       pointer|
|input_5_TREADY     |  out|    1|        axis|       input_5|       pointer|
|layer7_out_TDATA   |  out|   96|        axis|    layer7_out|       pointer|
|layer7_out_TVALID  |  out|    1|        axis|    layer7_out|       pointer|
|layer7_out_TREADY  |   in|    1|        axis|    layer7_out|       pointer|
|ap_clk             |   in|    1|  ap_ctrl_hs|     myproject|  return value|
|ap_rst_n           |   in|    1|  ap_ctrl_hs|     myproject|  return value|
|ap_start           |   in|    1|  ap_ctrl_hs|     myproject|  return value|
|ap_done            |  out|    1|  ap_ctrl_hs|     myproject|  return value|
|ap_ready           |  out|    1|  ap_ctrl_hs|     myproject|  return value|
|ap_idle            |  out|    1|  ap_ctrl_hs|     myproject|  return value|
+-------------------+-----+-----+------------+--------------+--------------+

