Vivado Simulator v2024.1
Copyright 1986-2022 Xilinx, Inc. All Rights Reserved.
Copyright 2022-2024 Advanced Micro Devices, Inc. All Rights Reserved.
Running: /tools/Xilinx/Vivado/2024.1/bin/unwrapped/lnx64.o/xelab xil_defaultlib.apatb_myproject_top glbl -Oenable_linking_all_libraries -prj myproject.prj -L smartconnect_v1_0 -L axi_protocol_checker_v1_1_12 -L axi_protocol_checker_v1_1_13 -L axis_protocol_checker_v1_1_11 -L axis_protocol_checker_v1_1_12 -L xil_defaultlib -L unisims_ver -L xpm -L floating_point_v7_0_23 -L floating_point_v7_1_18 --lib ieee_proposed=./ieee_proposed -s myproject -debug all 
Multi-threading is on. Using 126 slave threads.
WARNING: [XSIM 43-3431] One or more environment variables have been detected which affect the operation of the C compiler. These are typically not set in standard installations and are not tested by AMD, however they may be appropriate for your system, so the flow will attempt to continue.  If errors occur, try running xelab with the "-mt off -v 1" switches to see more information from the C compiler. The following environment variables have been detected:
    LIBRARY_PATH
INFO: [VRFC 10-2263] Analyzing SystemVerilog file "/home/j.lim.473/ece226/ECE226_CoDesign/model_1/hls4ml_prj/myproject_prj/solution1/sim/verilog/glbl.v" into library work
INFO: [VRFC 10-311] analyzing module glbl
INFO: [VRFC 10-2263] Analyzing SystemVerilog file "/home/j.lim.473/ece226/ECE226_CoDesign/model_1/hls4ml_prj/myproject_prj/solution1/sim/verilog/myproject.autotb.v" into library xil_defaultlib
INFO: [VRFC 10-311] analyzing module apatb_myproject_top
INFO: [VRFC 10-2263] Analyzing SystemVerilog file "/home/j.lim.473/ece226/ECE226_CoDesign/model_1/hls4ml_prj/myproject_prj/solution1/sim/verilog/myproject_conv_1d_cl_ap_fixed_16_6_5_3_0_ap_fixed_16_6_5_3_0_config2_s.v" into library xil_defaultlib
INFO: [VRFC 10-311] analyzing module myproject_conv_1d_cl_ap_fixed_16_6_5_3_0_ap_fixed_16_6_5_3_0_config2_s
INFO: [VRFC 10-2263] Analyzing SystemVerilog file "/home/j.lim.473/ece226/ECE226_CoDesign/model_1/hls4ml_prj/myproject_prj/solution1/sim/verilog/myproject_relu_ap_fixed_16_6_5_3_0_ap_fixed_16_6_5_3_0_relu_config4_s.v" into library xil_defaultlib
INFO: [VRFC 10-311] analyzing module myproject_relu_ap_fixed_16_6_5_3_0_ap_fixed_16_6_5_3_0_relu_config4_s
INFO: [VRFC 10-2263] Analyzing SystemVerilog file "/home/j.lim.473/ece226/ECE226_CoDesign/model_1/hls4ml_prj/myproject_prj/solution1/sim/verilog/myproject_max_ap_fixed_16_6_5_3_0_128_ap_fixed_16_6_5_3_0_s.v" into library xil_defaultlib
INFO: [VRFC 10-311] analyzing module myproject_max_ap_fixed_16_6_5_3_0_128_ap_fixed_16_6_5_3_0_s
INFO: [VRFC 10-2263] Analyzing SystemVerilog file "/home/j.lim.473/ece226/ECE226_CoDesign/model_1/hls4ml_prj/myproject_prj/solution1/sim/verilog/myproject_global_pooling1d_cl_ap_fixed_16_6_5_3_0_ap_fixed_16_6_5_3_0_config5_s.v" into library xil_defaultlib
INFO: [VRFC 10-311] analyzing module myproject_global_pooling1d_cl_ap_fixed_16_6_5_3_0_ap_fixed_16_6_5_3_0_config5_s
INFO: [VRFC 10-2263] Analyzing SystemVerilog file "/home/j.lim.473/ece226/ECE226_CoDesign/model_1/hls4ml_prj/myproject_prj/solution1/sim/verilog/myproject_dense_latency_ap_fixed_16_6_5_3_0_ap_fixed_16_6_5_3_0_config6_s.v" into library xil_defaultlib
INFO: [VRFC 10-311] analyzing module myproject_dense_latency_ap_fixed_16_6_5_3_0_ap_fixed_16_6_5_3_0_config6_s
INFO: [VRFC 10-2263] Analyzing SystemVerilog file "/home/j.lim.473/ece226/ECE226_CoDesign/model_1/hls4ml_prj/myproject_prj/solution1/sim/verilog/myproject_softmax_stable_ap_fixed_ap_fixed_16_6_5_3_0_softmax_config7_s.v" into library xil_defaultlib
INFO: [VRFC 10-311] analyzing module myproject_softmax_stable_ap_fixed_ap_fixed_16_6_5_3_0_softmax_config7_s
INFO: [VRFC 10-2263] Analyzing SystemVerilog file "/home/j.lim.473/ece226/ECE226_CoDesign/model_1/hls4ml_prj/myproject_prj/solution1/sim/verilog/myproject.v" into library xil_defaultlib
INFO: [VRFC 10-311] analyzing module myproject
INFO: [VRFC 10-2263] Analyzing SystemVerilog file "/home/j.lim.473/ece226/ECE226_CoDesign/model_1/hls4ml_prj/myproject_prj/solution1/sim/verilog/myproject_flow_control_loop_pipe.v" into library xil_defaultlib
INFO: [VRFC 10-311] analyzing module myproject_flow_control_loop_pipe
INFO: [VRFC 10-2263] Analyzing SystemVerilog file "/home/j.lim.473/ece226/ECE226_CoDesign/model_1/hls4ml_prj/myproject_prj/solution1/sim/verilog/myproject_mul_16s_8s_24_1_1.v" into library xil_defaultlib
INFO: [VRFC 10-311] analyzing module myproject_mul_16s_8s_24_1_1
INFO: [VRFC 10-2263] Analyzing SystemVerilog file "/home/j.lim.473/ece226/ECE226_CoDesign/model_1/hls4ml_prj/myproject_prj/solution1/sim/verilog/myproject_mul_16s_10ns_26_1_1.v" into library xil_defaultlib
INFO: [VRFC 10-311] analyzing module myproject_mul_16s_10ns_26_1_1
INFO: [VRFC 10-2263] Analyzing SystemVerilog file "/home/j.lim.473/ece226/ECE226_CoDesign/model_1/hls4ml_prj/myproject_prj/solution1/sim/verilog/myproject_mul_16s_10s_26_1_1.v" into library xil_defaultlib
INFO: [VRFC 10-311] analyzing module myproject_mul_16s_10s_26_1_1
INFO: [VRFC 10-2263] Analyzing SystemVerilog file "/home/j.lim.473/ece226/ECE226_CoDesign/model_1/hls4ml_prj/myproject_prj/solution1/sim/verilog/myproject_mul_16s_11ns_26_1_1.v" into library xil_defaultlib
INFO: [VRFC 10-311] analyzing module myproject_mul_16s_11ns_26_1_1
INFO: [VRFC 10-2263] Analyzing SystemVerilog file "/home/j.lim.473/ece226/ECE226_CoDesign/model_1/hls4ml_prj/myproject_prj/solution1/sim/verilog/myproject_mul_16s_9ns_25_1_1.v" into library xil_defaultlib
INFO: [VRFC 10-311] analyzing module myproject_mul_16s_9ns_25_1_1
INFO: [VRFC 10-2263] Analyzing SystemVerilog file "/home/j.lim.473/ece226/ECE226_CoDesign/model_1/hls4ml_prj/myproject_prj/solution1/sim/verilog/myproject_mul_16s_6s_22_1_1.v" into library xil_defaultlib
INFO: [VRFC 10-311] analyzing module myproject_mul_16s_6s_22_1_1
INFO: [VRFC 10-2263] Analyzing SystemVerilog file "/home/j.lim.473/ece226/ECE226_CoDesign/model_1/hls4ml_prj/myproject_prj/solution1/sim/verilog/myproject_mul_16s_9s_25_1_1.v" into library xil_defaultlib
INFO: [VRFC 10-311] analyzing module myproject_mul_16s_9s_25_1_1
INFO: [VRFC 10-2263] Analyzing SystemVerilog file "/home/j.lim.473/ece226/ECE226_CoDesign/model_1/hls4ml_prj/myproject_prj/solution1/sim/verilog/myproject_mul_16s_8ns_24_1_1.v" into library xil_defaultlib
INFO: [VRFC 10-311] analyzing module myproject_mul_16s_8ns_24_1_1
INFO: [VRFC 10-2263] Analyzing SystemVerilog file "/home/j.lim.473/ece226/ECE226_CoDesign/model_1/hls4ml_prj/myproject_prj/solution1/sim/verilog/myproject_mul_16s_11s_26_1_1.v" into library xil_defaultlib
INFO: [VRFC 10-311] analyzing module myproject_mul_16s_11s_26_1_1
INFO: [VRFC 10-2263] Analyzing SystemVerilog file "/home/j.lim.473/ece226/ECE226_CoDesign/model_1/hls4ml_prj/myproject_prj/solution1/sim/verilog/myproject_mul_16s_7ns_23_1_1.v" into library xil_defaultlib
INFO: [VRFC 10-311] analyzing module myproject_mul_16s_7ns_23_1_1
INFO: [VRFC 10-2263] Analyzing SystemVerilog file "/home/j.lim.473/ece226/ECE226_CoDesign/model_1/hls4ml_prj/myproject_prj/solution1/sim/verilog/myproject_mul_16s_7s_23_1_1.v" into library xil_defaultlib
INFO: [VRFC 10-311] analyzing module myproject_mul_16s_7s_23_1_1
INFO: [VRFC 10-2263] Analyzing SystemVerilog file "/home/j.lim.473/ece226/ECE226_CoDesign/model_1/hls4ml_prj/myproject_prj/solution1/sim/verilog/myproject_mul_16s_12s_26_1_1.v" into library xil_defaultlib
INFO: [VRFC 10-311] analyzing module myproject_mul_16s_12s_26_1_1
INFO: [VRFC 10-2263] Analyzing SystemVerilog file "/home/j.lim.473/ece226/ECE226_CoDesign/model_1/hls4ml_prj/myproject_prj/solution1/sim/verilog/myproject_mul_16s_5ns_21_1_1.v" into library xil_defaultlib
INFO: [VRFC 10-311] analyzing module myproject_mul_16s_5ns_21_1_1
INFO: [VRFC 10-2263] Analyzing SystemVerilog file "/home/j.lim.473/ece226/ECE226_CoDesign/model_1/hls4ml_prj/myproject_prj/solution1/sim/verilog/myproject_mul_16s_6ns_22_1_1.v" into library xil_defaultlib
INFO: [VRFC 10-311] analyzing module myproject_mul_16s_6ns_22_1_1
INFO: [VRFC 10-2263] Analyzing SystemVerilog file "/home/j.lim.473/ece226/ECE226_CoDesign/model_1/hls4ml_prj/myproject_prj/solution1/sim/verilog/myproject_mul_16s_5s_21_1_1.v" into library xil_defaultlib
INFO: [VRFC 10-311] analyzing module myproject_mul_16s_5s_21_1_1
INFO: [VRFC 10-2263] Analyzing SystemVerilog file "/home/j.lim.473/ece226/ECE226_CoDesign/model_1/hls4ml_prj/myproject_prj/solution1/sim/verilog/myproject_mul_16s_12ns_26_1_1.v" into library xil_defaultlib
INFO: [VRFC 10-311] analyzing module myproject_mul_16s_12ns_26_1_1
INFO: [VRFC 10-2263] Analyzing SystemVerilog file "/home/j.lim.473/ece226/ECE226_CoDesign/model_1/hls4ml_prj/myproject_prj/solution1/sim/verilog/myproject_mul_15ns_10s_25_1_1.v" into library xil_defaultlib
INFO: [VRFC 10-311] analyzing module myproject_mul_15ns_10s_25_1_1
INFO: [VRFC 10-2263] Analyzing SystemVerilog file "/home/j.lim.473/ece226/ECE226_CoDesign/model_1/hls4ml_prj/myproject_prj/solution1/sim/verilog/myproject_mul_15ns_11s_26_1_1.v" into library xil_defaultlib
INFO: [VRFC 10-311] analyzing module myproject_mul_15ns_11s_26_1_1
INFO: [VRFC 10-2263] Analyzing SystemVerilog file "/home/j.lim.473/ece226/ECE226_CoDesign/model_1/hls4ml_prj/myproject_prj/solution1/sim/verilog/myproject_mul_15ns_11ns_25_1_1.v" into library xil_defaultlib
INFO: [VRFC 10-311] analyzing module myproject_mul_15ns_11ns_25_1_1
INFO: [VRFC 10-2263] Analyzing SystemVerilog file "/home/j.lim.473/ece226/ECE226_CoDesign/model_1/hls4ml_prj/myproject_prj/solution1/sim/verilog/myproject_mul_15ns_7s_22_1_1.v" into library xil_defaultlib
INFO: [VRFC 10-311] analyzing module myproject_mul_15ns_7s_22_1_1
INFO: [VRFC 10-2263] Analyzing SystemVerilog file "/home/j.lim.473/ece226/ECE226_CoDesign/model_1/hls4ml_prj/myproject_prj/solution1/sim/verilog/myproject_mul_15ns_5s_20_1_1.v" into library xil_defaultlib
INFO: [VRFC 10-311] analyzing module myproject_mul_15ns_5s_20_1_1
INFO: [VRFC 10-2263] Analyzing SystemVerilog file "/home/j.lim.473/ece226/ECE226_CoDesign/model_1/hls4ml_prj/myproject_prj/solution1/sim/verilog/myproject_mul_15ns_9ns_23_1_1.v" into library xil_defaultlib
INFO: [VRFC 10-311] analyzing module myproject_mul_15ns_9ns_23_1_1
INFO: [VRFC 10-2263] Analyzing SystemVerilog file "/home/j.lim.473/ece226/ECE226_CoDesign/model_1/hls4ml_prj/myproject_prj/solution1/sim/verilog/myproject_mul_15ns_6s_21_1_1.v" into library xil_defaultlib
INFO: [VRFC 10-311] analyzing module myproject_mul_15ns_6s_21_1_1
INFO: [VRFC 10-2263] Analyzing SystemVerilog file "/home/j.lim.473/ece226/ECE226_CoDesign/model_1/hls4ml_prj/myproject_prj/solution1/sim/verilog/myproject_mul_15ns_12s_26_1_1.v" into library xil_defaultlib
INFO: [VRFC 10-311] analyzing module myproject_mul_15ns_12s_26_1_1
INFO: [VRFC 10-2263] Analyzing SystemVerilog file "/home/j.lim.473/ece226/ECE226_CoDesign/model_1/hls4ml_prj/myproject_prj/solution1/sim/verilog/myproject_mul_15ns_10ns_24_1_1.v" into library xil_defaultlib
INFO: [VRFC 10-311] analyzing module myproject_mul_15ns_10ns_24_1_1
INFO: [VRFC 10-2263] Analyzing SystemVerilog file "/home/j.lim.473/ece226/ECE226_CoDesign/model_1/hls4ml_prj/myproject_prj/solution1/sim/verilog/myproject_mul_15ns_12ns_26_1_1.v" into library xil_defaultlib
INFO: [VRFC 10-311] analyzing module myproject_mul_15ns_12ns_26_1_1
INFO: [VRFC 10-2263] Analyzing SystemVerilog file "/home/j.lim.473/ece226/ECE226_CoDesign/model_1/hls4ml_prj/myproject_prj/solution1/sim/verilog/myproject_mul_15ns_8ns_22_1_1.v" into library xil_defaultlib
INFO: [VRFC 10-311] analyzing module myproject_mul_15ns_8ns_22_1_1
INFO: [VRFC 10-2263] Analyzing SystemVerilog file "/home/j.lim.473/ece226/ECE226_CoDesign/model_1/hls4ml_prj/myproject_prj/solution1/sim/verilog/myproject_mul_15ns_9s_24_1_1.v" into library xil_defaultlib
INFO: [VRFC 10-311] analyzing module myproject_mul_15ns_9s_24_1_1
INFO: [VRFC 10-2263] Analyzing SystemVerilog file "/home/j.lim.473/ece226/ECE226_CoDesign/model_1/hls4ml_prj/myproject_prj/solution1/sim/verilog/myproject_mul_15ns_8s_23_1_1.v" into library xil_defaultlib
INFO: [VRFC 10-311] analyzing module myproject_mul_15ns_8s_23_1_1
INFO: [VRFC 10-2263] Analyzing SystemVerilog file "/home/j.lim.473/ece226/ECE226_CoDesign/model_1/hls4ml_prj/myproject_prj/solution1/sim/verilog/myproject_mul_18s_11ns_26_1_1.v" into library xil_defaultlib
INFO: [VRFC 10-311] analyzing module myproject_mul_18s_11ns_26_1_1
INFO: [VRFC 10-2263] Analyzing SystemVerilog file "/home/j.lim.473/ece226/ECE226_CoDesign/model_1/hls4ml_prj/myproject_prj/solution1/sim/verilog/myproject_softmax_stable_ap_fixed_ap_fixed_16_6_5_3_0_softmax_config7_s_exp_table_ROM_Abkb.v" into library xil_defaultlib
INFO: [VRFC 10-311] analyzing module myproject_softmax_stable_ap_fixed_ap_fixed_16_6_5_3_0_softmax_config7_s_exp_table_ROM_Abkb
INFO: [VRFC 10-2263] Analyzing SystemVerilog file "/home/j.lim.473/ece226/ECE226_CoDesign/model_1/hls4ml_prj/myproject_prj/solution1/sim/verilog/myproject_softmax_stable_ap_fixed_ap_fixed_16_6_5_3_0_softmax_config7_s_invert_table_ROcud.v" into library xil_defaultlib
INFO: [VRFC 10-311] analyzing module myproject_softmax_stable_ap_fixed_ap_fixed_16_6_5_3_0_softmax_config7_s_invert_table_ROcud
INFO: [VRFC 10-2263] Analyzing SystemVerilog file "/home/j.lim.473/ece226/ECE226_CoDesign/model_1/hls4ml_prj/myproject_prj/solution1/sim/verilog/myproject_fifo_w16_d2_S.v" into library xil_defaultlib
INFO: [VRFC 10-311] analyzing module myproject_fifo_w16_d2_S
INFO: [VRFC 10-311] analyzing module myproject_fifo_w16_d2_S_ShiftReg
INFO: [VRFC 10-2263] Analyzing SystemVerilog file "/home/j.lim.473/ece226/ECE226_CoDesign/model_1/hls4ml_prj/myproject_prj/solution1/sim/verilog/myproject_fifo_w15_d2_S.v" into library xil_defaultlib
INFO: [VRFC 10-311] analyzing module myproject_fifo_w15_d2_S
INFO: [VRFC 10-311] analyzing module myproject_fifo_w15_d2_S_ShiftReg
INFO: [VRFC 10-2263] Analyzing SystemVerilog file "/home/j.lim.473/ece226/ECE226_CoDesign/model_1/hls4ml_prj/myproject_prj/solution1/sim/verilog/dataflow_monitor.sv" into library xil_defaultlib
INFO: [VRFC 10-311] analyzing module dataflow_monitor
Starting static elaboration
Pass Through NonSizing Optimizer
Completed static elaboration
Starting simulation data flow analysis
Completed simulation data flow analysis
Time Resolution for simulation is 1ps
Compiling package xil_defaultlib.$unit_dataflow_monitor_sv
Compiling module xil_defaultlib.myproject_mul_16s_8s_24_1_1(NUM_...
Compiling module xil_defaultlib.myproject_mul_16s_10ns_26_1_1(NU...
Compiling module xil_defaultlib.myproject_mul_16s_10s_26_1_1(NUM...
Compiling module xil_defaultlib.myproject_mul_16s_11ns_26_1_1(NU...
Compiling module xil_defaultlib.myproject_mul_16s_9ns_25_1_1(NUM...
Compiling module xil_defaultlib.myproject_mul_16s_6s_22_1_1(NUM_...
Compiling module xil_defaultlib.myproject_mul_16s_9s_25_1_1(NUM_...
Compiling module xil_defaultlib.myproject_mul_16s_8ns_24_1_1(NUM...
Compiling module xil_defaultlib.myproject_mul_16s_11s_26_1_1(NUM...
Compiling module xil_defaultlib.myproject_mul_16s_7ns_23_1_1(NUM...
Compiling module xil_defaultlib.myproject_mul_16s_7s_23_1_1(NUM_...
Compiling module xil_defaultlib.myproject_mul_16s_12s_26_1_1(NUM...
Compiling module xil_defaultlib.myproject_mul_16s_5ns_21_1_1(NUM...
Compiling module xil_defaultlib.myproject_mul_16s_6ns_22_1_1(NUM...
Compiling module xil_defaultlib.myproject_mul_16s_5s_21_1_1(NUM_...
Compiling module xil_defaultlib.myproject_mul_16s_12ns_26_1_1(NU...
Compiling module xil_defaultlib.myproject_flow_control_loop_pipe
Compiling module xil_defaultlib.myproject_conv_1d_cl_ap_fixed_16...
Compiling module xil_defaultlib.myproject_relu_ap_fixed_16_6_5_3...
Compiling module xil_defaultlib.myproject_max_ap_fixed_16_6_5_3_...
Compiling module xil_defaultlib.myproject_global_pooling1d_cl_ap...
Compiling module xil_defaultlib.myproject_mul_15ns_10s_25_1_1(NU...
Compiling module xil_defaultlib.myproject_mul_15ns_11s_26_1_1(NU...
Compiling module xil_defaultlib.myproject_mul_15ns_11ns_25_1_1(N...
Compiling module xil_defaultlib.myproject_mul_15ns_7s_22_1_1(NUM...
Compiling module xil_defaultlib.myproject_mul_15ns_5s_20_1_1(NUM...
Compiling module xil_defaultlib.myproject_mul_15ns_9ns_23_1_1(NU...
Compiling module xil_defaultlib.myproject_mul_15ns_6s_21_1_1(NUM...
Compiling module xil_defaultlib.myproject_mul_15ns_12s_26_1_1(NU...
Compiling module xil_defaultlib.myproject_mul_15ns_10ns_24_1_1(N...
Compiling module xil_defaultlib.myproject_mul_15ns_12ns_26_1_1(N...
Compiling module xil_defaultlib.myproject_mul_15ns_8ns_22_1_1(NU...
Compiling module xil_defaultlib.myproject_mul_15ns_9s_24_1_1(NUM...
Compiling module xil_defaultlib.myproject_mul_15ns_8s_23_1_1(NUM...
Compiling module xil_defaultlib.myproject_dense_latency_ap_fixed...
Compiling module xil_defaultlib.myproject_softmax_stable_ap_fixe...
Compiling module xil_defaultlib.myproject_softmax_stable_ap_fixe...
Compiling module xil_defaultlib.myproject_mul_18s_11ns_26_1_1(NU...
Compiling module xil_defaultlib.myproject_softmax_stable_ap_fixe...
Compiling module xil_defaultlib.myproject_fifo_w16_d2_S_ShiftReg
Compiling module xil_defaultlib.myproject_fifo_w16_d2_S_default
Compiling module xil_defaultlib.myproject_fifo_w15_d2_S_ShiftReg
Compiling module xil_defaultlib.myproject_fifo_w15_d2_S_default
Compiling module xil_defaultlib.myproject
Compiling module xil_defaultlib.df_fifo_intf_default
Compiling module xil_defaultlib.df_process_intf_default
Compiling module xil_defaultlib.nodf_module_intf_default
Compiling module xil_defaultlib.upc_loop_intf(FSM_WIDTH=1)
Compiling module xil_defaultlib.dataflow_monitor_1
Compiling module xil_defaultlib.apatb_myproject_top
Compiling module work.glbl
Built simulation snapshot myproject

****** xsim v2024.1 (64-bit)
  **** SW Build 5076996 on Wed May 22 18:36:09 MDT 2024
  **** IP Build 5075265 on Wed May 22 21:45:21 MDT 2024
  **** SharedData Build 5076995 on Wed May 22 18:29:18 MDT 2024
  **** Start of session at: Wed Mar 11 15:40:47 2026
    ** Copyright 1986-2022 Xilinx, Inc. All Rights Reserved.
    ** Copyright 2022-2024 Advanced Micro Devices, Inc. All Rights Reserved.

source xsim.dir/myproject/xsim_script.tcl
# xsim {myproject} -view {{myproject_dataflow_ana.wcfg}} -tclbatch {myproject.tcl} -protoinst {myproject.protoinst}
INFO: [Wavedata 42-565] Reading protoinst file myproject.protoinst
INFO: [Wavedata 42-564]   Found protocol instance at /apatb_myproject_top/AESL_inst_myproject//AESL_inst_myproject_activity
INFO: [Wavedata 42-564]   Found protocol instance at /apatb_myproject_top/AESL_inst_myproject/conv_1d_cl_ap_fixed_16_6_5_3_0_ap_fixed_16_6_5_3_0_config2_U0/conv_1d_cl_ap_fixed_16_6_5_3_0_ap_fixed_16_6_5_3_0_config2_U0_activity
INFO: [Wavedata 42-564]   Found protocol instance at /apatb_myproject_top/AESL_inst_myproject/dense_latency_ap_fixed_16_6_5_3_0_ap_fixed_16_6_5_3_0_config6_U0/dense_latency_ap_fixed_16_6_5_3_0_ap_fixed_16_6_5_3_0_config6_U0_activity
INFO: [Wavedata 42-564]   Found protocol instance at /apatb_myproject_top/AESL_inst_myproject/global_pooling1d_cl_ap_fixed_16_6_5_3_0_ap_fixed_16_6_5_3_0_config5_U0/global_pooling1d_cl_ap_fixed_16_6_5_3_0_ap_fixed_16_6_5_3_0_config5_U0_activity
INFO: [Wavedata 42-564]   Found protocol instance at /apatb_myproject_top/AESL_inst_myproject/relu_ap_fixed_16_6_5_3_0_ap_fixed_16_6_5_3_0_relu_config4_U0/relu_ap_fixed_16_6_5_3_0_ap_fixed_16_6_5_3_0_relu_config4_U0_activity
INFO: [Wavedata 42-564]   Found protocol instance at /apatb_myproject_top/AESL_inst_myproject/softmax_stable_ap_fixed_ap_fixed_16_6_5_3_0_softmax_config7_U0/softmax_stable_ap_fixed_ap_fixed_16_6_5_3_0_softmax_config7_U0_activity
Time resolution is 1 ps
open_wave_config myproject_dataflow_ana.wcfg
WARNING: Simulation object /apatb_myproject_top/AESL_inst_myproject/softmax_stable_ap_fixed_ap_fixed_16_6_5_3_0_softmax_config7_U0/exp_table_ce0 was not found in the design.
WARNING: Simulation object /apatb_myproject_top/AESL_inst_myproject/softmax_stable_ap_fixed_ap_fixed_16_6_5_3_0_softmax_config7_U0/invert_table_ce0 was not found in the design.
source myproject.tcl
## set designtopgroup [add_wave_group "Design Top Signals"]
## set coutputgroup [add_wave_group "C Outputs" -into $designtopgroup]
## set return_group [add_wave_group return(wire) -into $coutputgroup]
## add_wave /apatb_myproject_top/AESL_inst_myproject/layer7_out_5_ap_vld -into $return_group -color #ffff00 -radix hex
## add_wave /apatb_myproject_top/AESL_inst_myproject/layer7_out_4_ap_vld -into $return_group -color #ffff00 -radix hex
## add_wave /apatb_myproject_top/AESL_inst_myproject/layer7_out_3_ap_vld -into $return_group -color #ffff00 -radix hex
## add_wave /apatb_myproject_top/AESL_inst_myproject/layer7_out_2_ap_vld -into $return_group -color #ffff00 -radix hex
## add_wave /apatb_myproject_top/AESL_inst_myproject/layer7_out_1_ap_vld -into $return_group -color #ffff00 -radix hex
## add_wave /apatb_myproject_top/AESL_inst_myproject/layer7_out_0_ap_vld -into $return_group -color #ffff00 -radix hex
## add_wave /apatb_myproject_top/AESL_inst_myproject/layer7_out_5 -into $return_group -radix hex
## add_wave /apatb_myproject_top/AESL_inst_myproject/layer7_out_4 -into $return_group -radix hex
## add_wave /apatb_myproject_top/AESL_inst_myproject/layer7_out_3 -into $return_group -radix hex
## add_wave /apatb_myproject_top/AESL_inst_myproject/layer7_out_2 -into $return_group -radix hex
## add_wave /apatb_myproject_top/AESL_inst_myproject/layer7_out_1 -into $return_group -radix hex
## add_wave /apatb_myproject_top/AESL_inst_myproject/layer7_out_0 -into $return_group -radix hex
## set cinputgroup [add_wave_group "C Inputs" -into $designtopgroup]
## set return_group [add_wave_group return(wire) -into $cinputgroup]
## add_wave /apatb_myproject_top/AESL_inst_myproject/input_1_ap_vld -into $return_group -color #ffff00 -radix hex
## add_wave /apatb_myproject_top/AESL_inst_myproject/input_1 -into $return_group -radix hex
## set blocksiggroup [add_wave_group "Block-level IO Handshake" -into $designtopgroup]
## add_wave /apatb_myproject_top/AESL_inst_myproject/ap_start -into $blocksiggroup
## add_wave /apatb_myproject_top/AESL_inst_myproject/ap_done -into $blocksiggroup
## add_wave /apatb_myproject_top/AESL_inst_myproject/ap_ready -into $blocksiggroup
## add_wave /apatb_myproject_top/AESL_inst_myproject/ap_idle -into $blocksiggroup
## set resetgroup [add_wave_group "Reset" -into $designtopgroup]
## add_wave /apatb_myproject_top/AESL_inst_myproject/ap_rst -into $resetgroup
## set clockgroup [add_wave_group "Clock" -into $designtopgroup]
## add_wave /apatb_myproject_top/AESL_inst_myproject/ap_clk -into $clockgroup
## set testbenchgroup [add_wave_group "Test Bench Signals"]
## set tbinternalsiggroup [add_wave_group "Internal Signals" -into $testbenchgroup]
## set tb_simstatus_group [add_wave_group "Simulation Status" -into $tbinternalsiggroup]
## set tb_portdepth_group [add_wave_group "Port Depth" -into $tbinternalsiggroup]
## add_wave /apatb_myproject_top/AUTOTB_TRANSACTION_NUM -into $tb_simstatus_group -radix hex
## add_wave /apatb_myproject_top/ready_cnt -into $tb_simstatus_group -radix hex
## add_wave /apatb_myproject_top/done_cnt -into $tb_simstatus_group -radix hex
## add_wave /apatb_myproject_top/LENGTH_input_1 -into $tb_portdepth_group -radix hex
## add_wave /apatb_myproject_top/LENGTH_layer7_out_0 -into $tb_portdepth_group -radix hex
## add_wave /apatb_myproject_top/LENGTH_layer7_out_1 -into $tb_portdepth_group -radix hex
## add_wave /apatb_myproject_top/LENGTH_layer7_out_2 -into $tb_portdepth_group -radix hex
## add_wave /apatb_myproject_top/LENGTH_layer7_out_3 -into $tb_portdepth_group -radix hex
## add_wave /apatb_myproject_top/LENGTH_layer7_out_4 -into $tb_portdepth_group -radix hex
## add_wave /apatb_myproject_top/LENGTH_layer7_out_5 -into $tb_portdepth_group -radix hex
## set tbcoutputgroup [add_wave_group "C Outputs" -into $testbenchgroup]
## set tb_return_group [add_wave_group return(wire) -into $tbcoutputgroup]
## add_wave /apatb_myproject_top/layer7_out_5_ap_vld -into $tb_return_group -color #ffff00 -radix hex
## add_wave /apatb_myproject_top/layer7_out_4_ap_vld -into $tb_return_group -color #ffff00 -radix hex
## add_wave /apatb_myproject_top/layer7_out_3_ap_vld -into $tb_return_group -color #ffff00 -radix hex
## add_wave /apatb_myproject_top/layer7_out_2_ap_vld -into $tb_return_group -color #ffff00 -radix hex
## add_wave /apatb_myproject_top/layer7_out_1_ap_vld -into $tb_return_group -color #ffff00 -radix hex
## add_wave /apatb_myproject_top/layer7_out_0_ap_vld -into $tb_return_group -color #ffff00 -radix hex
## add_wave /apatb_myproject_top/layer7_out_5 -into $tb_return_group -radix hex
## add_wave /apatb_myproject_top/layer7_out_4 -into $tb_return_group -radix hex
## add_wave /apatb_myproject_top/layer7_out_3 -into $tb_return_group -radix hex
## add_wave /apatb_myproject_top/layer7_out_2 -into $tb_return_group -radix hex
## add_wave /apatb_myproject_top/layer7_out_1 -into $tb_return_group -radix hex
## add_wave /apatb_myproject_top/layer7_out_0 -into $tb_return_group -radix hex
## set tbcinputgroup [add_wave_group "C Inputs" -into $testbenchgroup]
## set tb_return_group [add_wave_group return(wire) -into $tbcinputgroup]
## add_wave /apatb_myproject_top/input_1_ap_vld -into $tb_return_group -color #ffff00 -radix hex
## add_wave /apatb_myproject_top/input_1 -into $tb_return_group -radix hex
## save_wave_config myproject.wcfg
## run all
////////////////////////////////////////////////////////////////////////////////////
// Inter-Transaction Progress: Completed Transaction / Total Transaction
// Intra-Transaction Progress: Measured Latency / Latency Estimation * 100%
//
// RTL Simulation : "Inter-Transaction Progress" ["Intra-Transaction Progress"] @ "Simulation Time"
////////////////////////////////////////////////////////////////////////////////////
// RTL Simulation : 0 / 5 [0.00%] @ "113000"
// RTL Simulation : 1 / 5 [29.89%] @ "1038000"
// RTL Simulation : 2 / 5 [29.89%] @ "1678000"
// RTL Simulation : 3 / 5 [29.89%] @ "2318000"
// RTL Simulation : 4 / 5 [29.89%] @ "2958000"
// RTL Simulation : 5 / 5 [100.00%] @ "3598000"
////////////////////////////////////////////////////////////////////////////////////
$finish called at time : 3627500 ps : File "/home/j.lim.473/ece226/ECE226_CoDesign/model_1/hls4ml_prj/myproject_prj/solution1/sim/verilog/myproject.autotb.v" Line 596
run: Time (s): cpu = 00:00:00.09 ; elapsed = 00:00:05 . Memory (MB): peak = 5602.641 ; gain = 0.000 ; free physical = 110610 ; free virtual = 170304
## quit
INFO: [Common 17-206] Exiting xsim at Wed Mar 11 15:40:55 2026...
