Vivado Simulator v2024.1
Copyright 1986-2022 Xilinx, Inc. All Rights Reserved.
Copyright 2022-2024 Advanced Micro Devices, Inc. All Rights Reserved.
Running: /tools/Xilinx/Vivado/2024.1/bin/unwrapped/lnx64.o/xelab xil_defaultlib.apatb_myproject_top glbl -Oenable_linking_all_libraries -prj myproject.prj -L smartconnect_v1_0 -L axi_protocol_checker_v1_1_12 -L axi_protocol_checker_v1_1_13 -L axis_protocol_checker_v1_1_11 -L axis_protocol_checker_v1_1_12 -L xil_defaultlib -L unisims_ver -L xpm -L floating_point_v7_0_23 -L floating_point_v7_1_18 --lib ieee_proposed=./ieee_proposed -s myproject -debug all 
Multi-threading is on. Using 126 slave threads.
WARNING: [XSIM 43-3431] One or more environment variables have been detected which affect the operation of the C compiler. These are typically not set in standard installations and are not tested by AMD, however they may be appropriate for your system, so the flow will attempt to continue.  If errors occur, try running xelab with the "-mt off -v 1" switches to see more information from the C compiler. The following environment variables have been detected:
INFO: [VRFC 10-2263] Analyzing SystemVerilog file "/home/j.lim.473/ece226/ECE226_CoDesign/model_1/hls4ml_prj/myproject_prj/solution1/sim/verilog/glbl.v" into library work
INFO: [VRFC 10-311] analyzing module glbl
INFO: [VRFC 10-2263] Analyzing SystemVerilog file "/home/j.lim.473/ece226/ECE226_CoDesign/model_1/hls4ml_prj/myproject_prj/solution1/sim/verilog/myproject.autotb.v" into library xil_defaultlib
INFO: [VRFC 10-311] analyzing module apatb_myproject_top
INFO: [VRFC 10-2263] Analyzing SystemVerilog file "/home/j.lim.473/ece226/ECE226_CoDesign/model_1/hls4ml_prj/myproject_prj/solution1/sim/verilog/myproject_conv_1d_cl_ap_fixed_16_6_5_3_0_ap_fixed_16_6_5_3_0_config2_s.v" into library xil_defaultlib
INFO: [VRFC 10-311] analyzing module myproject_conv_1d_cl_ap_fixed_16_6_5_3_0_ap_fixed_16_6_5_3_0_config2_s
INFO: [VRFC 10-2263] Analyzing SystemVerilog file "/home/j.lim.473/ece226/ECE226_CoDesign/model_1/hls4ml_prj/myproject_prj/solution1/sim/verilog/myproject_relu_ap_fixed_16_6_5_3_0_ap_fixed_16_6_5_3_0_relu_config4_s.v" into library xil_defaultlib
INFO: [VRFC 10-311] analyzing module myproject_relu_ap_fixed_16_6_5_3_0_ap_fixed_16_6_5_3_0_relu_config4_s
INFO: [VRFC 10-2263] Analyzing SystemVerilog file "/home/j.lim.473/ece226/ECE226_CoDesign/model_1/hls4ml_prj/myproject_prj/solution1/sim/verilog/myproject_max_ap_fixed_16_6_5_3_0_128_ap_fixed_16_6_5_3_0_s.v" into library xil_defaultlib
INFO: [VRFC 10-311] analyzing module myproject_max_ap_fixed_16_6_5_3_0_128_ap_fixed_16_6_5_3_0_s
INFO: [VRFC 10-2263] Analyzing SystemVerilog file "/home/j.lim.473/ece226/ECE226_CoDesign/model_1/hls4ml_prj/myproject_prj/solution1/sim/verilog/myproject_global_pooling1d_cl_ap_fixed_16_6_5_3_0_ap_fixed_16_6_5_3_0_config5_s.v" into library xil_defaultlib
INFO: [VRFC 10-311] analyzing module myproject_global_pooling1d_cl_ap_fixed_16_6_5_3_0_ap_fixed_16_6_5_3_0_config5_s
INFO: [VRFC 10-2263] Analyzing SystemVerilog file "/home/j.lim.473/ece226/ECE226_CoDesign/model_1/hls4ml_prj/myproject_prj/solution1/sim/verilog/myproject_dense_latency_ap_fixed_16_6_5_3_0_ap_fixed_16_6_5_3_0_config6_s.v" into library xil_defaultlib
INFO: [VRFC 10-311] analyzing module myproject_dense_latency_ap_fixed_16_6_5_3_0_ap_fixed_16_6_5_3_0_config6_s
INFO: [VRFC 10-2263] Analyzing SystemVerilog file "/home/j.lim.473/ece226/ECE226_CoDesign/model_1/hls4ml_prj/myproject_prj/solution1/sim/verilog/myproject_softmax_stable_ap_fixed_ap_fixed_16_6_5_3_0_softmax_config7_s.v" into library xil_defaultlib
INFO: [VRFC 10-311] analyzing module myproject_softmax_stable_ap_fixed_ap_fixed_16_6_5_3_0_softmax_config7_s
INFO: [VRFC 10-2263] Analyzing SystemVerilog file "/home/j.lim.473/ece226/ECE226_CoDesign/model_1/hls4ml_prj/myproject_prj/solution1/sim/verilog/myproject.v" into library xil_defaultlib
INFO: [VRFC 10-311] analyzing module myproject
INFO: [VRFC 10-2263] Analyzing SystemVerilog file "/home/j.lim.473/ece226/ECE226_CoDesign/model_1/hls4ml_prj/myproject_prj/solution1/sim/verilog/myproject_flow_control_loop_pipe.v" into library xil_defaultlib
INFO: [VRFC 10-311] analyzing module myproject_flow_control_loop_pipe
INFO: [VRFC 10-2263] Analyzing SystemVerilog file "/home/j.lim.473/ece226/ECE226_CoDesign/model_1/hls4ml_prj/myproject_prj/solution1/sim/verilog/myproject_mul_16s_8s_24_1_1.v" into library xil_defaultlib
INFO: [VRFC 10-311] analyzing module myproject_mul_16s_8s_24_1_1
INFO: [VRFC 10-2263] Analyzing SystemVerilog file "/home/j.lim.473/ece226/ECE226_CoDesign/model_1/hls4ml_prj/myproject_prj/solution1/sim/verilog/myproject_mul_16s_10ns_26_1_1.v" into library xil_defaultlib
INFO: [VRFC 10-311] analyzing module myproject_mul_16s_10ns_26_1_1
INFO: [VRFC 10-2263] Analyzing SystemVerilog file "/home/j.lim.473/ece226/ECE226_CoDesign/model_1/hls4ml_prj/myproject_prj/solution1/sim/verilog/myproject_mul_16s_10s_26_1_1.v" into library xil_defaultlib
INFO: [VRFC 10-311] analyzing module myproject_mul_16s_10s_26_1_1
INFO: [VRFC 10-2263] Analyzing SystemVerilog file "/home/j.lim.473/ece226/ECE226_CoDesign/model_1/hls4ml_prj/myproject_prj/solution1/sim/verilog/myproject_mul_16s_11ns_26_1_1.v" into library xil_defaultlib
INFO: [VRFC 10-311] analyzing module myproject_mul_16s_11ns_26_1_1
INFO: [VRFC 10-2263] Analyzing SystemVerilog file "/home/j.lim.473/ece226/ECE226_CoDesign/model_1/hls4ml_prj/myproject_prj/solution1/sim/verilog/myproject_mul_16s_9ns_25_1_1.v" into library xil_defaultlib
INFO: [VRFC 10-311] analyzing module myproject_mul_16s_9ns_25_1_1
INFO: [VRFC 10-2263] Analyzing SystemVerilog file "/home/j.lim.473/ece226/ECE226_CoDesign/model_1/hls4ml_prj/myproject_prj/solution1/sim/verilog/myproject_mul_16s_6s_22_1_1.v" into library xil_defaultlib
INFO: [VRFC 10-311] analyzing module myproject_mul_16s_6s_22_1_1
INFO: [VRFC 10-2263] Analyzing SystemVerilog file "/home/j.lim.473/ece226/ECE226_CoDesign/model_1/hls4ml_prj/myproject_prj/solution1/sim/verilog/myproject_mul_16s_9s_25_1_1.v" into library xil_defaultlib
INFO: [VRFC 10-311] analyzing module myproject_mul_16s_9s_25_1_1
INFO: [VRFC 10-2263] Analyzing SystemVerilog file "/home/j.lim.473/ece226/ECE226_CoDesign/model_1/hls4ml_prj/myproject_prj/solution1/sim/verilog/myproject_mul_16s_8ns_24_1_1.v" into library xil_defaultlib
INFO: [VRFC 10-311] analyzing module myproject_mul_16s_8ns_24_1_1
INFO: [VRFC 10-2263] Analyzing SystemVerilog file "/home/j.lim.473/ece226/ECE226_CoDesign/model_1/hls4ml_prj/myproject_prj/solution1/sim/verilog/myproject_mul_16s_11s_26_1_1.v" into library xil_defaultlib
INFO: [VRFC 10-311] analyzing module myproject_mul_16s_11s_26_1_1
INFO: [VRFC 10-2263] Analyzing SystemVerilog file "/home/j.lim.473/ece226/ECE226_CoDesign/model_1/hls4ml_prj/myproject_prj/solution1/sim/verilog/myproject_mul_16s_7ns_23_1_1.v" into library xil_defaultlib
INFO: [VRFC 10-311] analyzing module myproject_mul_16s_7ns_23_1_1
INFO: [VRFC 10-2263] Analyzing SystemVerilog file "/home/j.lim.473/ece226/ECE226_CoDesign/model_1/hls4ml_prj/myproject_prj/solution1/sim/verilog/myproject_mul_16s_7s_23_1_1.v" into library xil_defaultlib
INFO: [VRFC 10-311] analyzing module myproject_mul_16s_7s_23_1_1
INFO: [VRFC 10-2263] Analyzing SystemVerilog file "/home/j.lim.473/ece226/ECE226_CoDesign/model_1/hls4ml_prj/myproject_prj/solution1/sim/verilog/myproject_mul_16s_12s_26_1_1.v" into library xil_defaultlib
INFO: [VRFC 10-311] analyzing module myproject_mul_16s_12s_26_1_1
INFO: [VRFC 10-2263] Analyzing SystemVerilog file "/home/j.lim.473/ece226/ECE226_CoDesign/model_1/hls4ml_prj/myproject_prj/solution1/sim/verilog/myproject_mul_16s_5ns_21_1_1.v" into library xil_defaultlib
INFO: [VRFC 10-311] analyzing module myproject_mul_16s_5ns_21_1_1
INFO: [VRFC 10-2263] Analyzing SystemVerilog file "/home/j.lim.473/ece226/ECE226_CoDesign/model_1/hls4ml_prj/myproject_prj/solution1/sim/verilog/myproject_mul_16s_6ns_22_1_1.v" into library xil_defaultlib
INFO: [VRFC 10-311] analyzing module myproject_mul_16s_6ns_22_1_1
INFO: [VRFC 10-2263] Analyzing SystemVerilog file "/home/j.lim.473/ece226/ECE226_CoDesign/model_1/hls4ml_prj/myproject_prj/solution1/sim/verilog/myproject_mul_16s_5s_21_1_1.v" into library xil_defaultlib
INFO: [VRFC 10-311] analyzing module myproject_mul_16s_5s_21_1_1
INFO: [VRFC 10-2263] Analyzing SystemVerilog file "/home/j.lim.473/ece226/ECE226_CoDesign/model_1/hls4ml_prj/myproject_prj/solution1/sim/verilog/myproject_mul_16s_12ns_26_1_1.v" into library xil_defaultlib
INFO: [VRFC 10-311] analyzing module myproject_mul_16s_12ns_26_1_1
INFO: [VRFC 10-2263] Analyzing SystemVerilog file "/home/j.lim.473/ece226/ECE226_CoDesign/model_1/hls4ml_prj/myproject_prj/solution1/sim/verilog/myproject_mul_15ns_10s_25_1_1.v" into library xil_defaultlib
INFO: [VRFC 10-311] analyzing module myproject_mul_15ns_10s_25_1_1
INFO: [VRFC 10-2263] Analyzing SystemVerilog file "/home/j.lim.473/ece226/ECE226_CoDesign/model_1/hls4ml_prj/myproject_prj/solution1/sim/verilog/myproject_mul_15ns_11s_26_1_1.v" into library xil_defaultlib
INFO: [VRFC 10-311] analyzing module myproject_mul_15ns_11s_26_1_1
INFO: [VRFC 10-2263] Analyzing SystemVerilog file "/home/j.lim.473/ece226/ECE226_CoDesign/model_1/hls4ml_prj/myproject_prj/solution1/sim/verilog/myproject_mul_15ns_11ns_25_1_1.v" into library xil_defaultlib
INFO: [VRFC 10-311] analyzing module myproject_mul_15ns_11ns_25_1_1
INFO: [VRFC 10-2263] Analyzing SystemVerilog file "/home/j.lim.473/ece226/ECE226_CoDesign/model_1/hls4ml_prj/myproject_prj/solution1/sim/verilog/myproject_mul_15ns_7s_22_1_1.v" into library xil_defaultlib
INFO: [VRFC 10-311] analyzing module myproject_mul_15ns_7s_22_1_1
INFO: [VRFC 10-2263] Analyzing SystemVerilog file "/home/j.lim.473/ece226/ECE226_CoDesign/model_1/hls4ml_prj/myproject_prj/solution1/sim/verilog/myproject_mul_15ns_5s_20_1_1.v" into library xil_defaultlib
INFO: [VRFC 10-311] analyzing module myproject_mul_15ns_5s_20_1_1
INFO: [VRFC 10-2263] Analyzing SystemVerilog file "/home/j.lim.473/ece226/ECE226_CoDesign/model_1/hls4ml_prj/myproject_prj/solution1/sim/verilog/myproject_mul_15ns_9ns_23_1_1.v" into library xil_defaultlib
INFO: [VRFC 10-311] analyzing module myproject_mul_15ns_9ns_23_1_1
INFO: [VRFC 10-2263] Analyzing SystemVerilog file "/home/j.lim.473/ece226/ECE226_CoDesign/model_1/hls4ml_prj/myproject_prj/solution1/sim/verilog/myproject_mul_15ns_6s_21_1_1.v" into library xil_defaultlib
INFO: [VRFC 10-311] analyzing module myproject_mul_15ns_6s_21_1_1
INFO: [VRFC 10-2263] Analyzing SystemVerilog file "/home/j.lim.473/ece226/ECE226_CoDesign/model_1/hls4ml_prj/myproject_prj/solution1/sim/verilog/myproject_mul_15ns_12s_26_1_1.v" into library xil_defaultlib
INFO: [VRFC 10-311] analyzing module myproject_mul_15ns_12s_26_1_1
INFO: [VRFC 10-2263] Analyzing SystemVerilog file "/home/j.lim.473/ece226/ECE226_CoDesign/model_1/hls4ml_prj/myproject_prj/solution1/sim/verilog/myproject_mul_15ns_10ns_24_1_1.v" into library xil_defaultlib
INFO: [VRFC 10-311] analyzing module myproject_mul_15ns_10ns_24_1_1
INFO: [VRFC 10-2263] Analyzing SystemVerilog file "/home/j.lim.473/ece226/ECE226_CoDesign/model_1/hls4ml_prj/myproject_prj/solution1/sim/verilog/myproject_mul_15ns_12ns_26_1_1.v" into library xil_defaultlib
INFO: [VRFC 10-311] analyzing module myproject_mul_15ns_12ns_26_1_1
INFO: [VRFC 10-2263] Analyzing SystemVerilog file "/home/j.lim.473/ece226/ECE226_CoDesign/model_1/hls4ml_prj/myproject_prj/solution1/sim/verilog/myproject_mul_15ns_8ns_22_1_1.v" into library xil_defaultlib
INFO: [VRFC 10-311] analyzing module myproject_mul_15ns_8ns_22_1_1
INFO: [VRFC 10-2263] Analyzing SystemVerilog file "/home/j.lim.473/ece226/ECE226_CoDesign/model_1/hls4ml_prj/myproject_prj/solution1/sim/verilog/myproject_mul_15ns_9s_24_1_1.v" into library xil_defaultlib
INFO: [VRFC 10-311] analyzing module myproject_mul_15ns_9s_24_1_1
INFO: [VRFC 10-2263] Analyzing SystemVerilog file "/home/j.lim.473/ece226/ECE226_CoDesign/model_1/hls4ml_prj/myproject_prj/solution1/sim/verilog/myproject_mul_15ns_8s_23_1_1.v" into library xil_defaultlib
INFO: [VRFC 10-311] analyzing module myproject_mul_15ns_8s_23_1_1
INFO: [VRFC 10-2263] Analyzing SystemVerilog file "/home/j.lim.473/ece226/ECE226_CoDesign/model_1/hls4ml_prj/myproject_prj/solution1/sim/verilog/myproject_mul_18s_11ns_26_1_1.v" into library xil_defaultlib
INFO: [VRFC 10-311] analyzing module myproject_mul_18s_11ns_26_1_1
INFO: [VRFC 10-2263] Analyzing SystemVerilog file "/home/j.lim.473/ece226/ECE226_CoDesign/model_1/hls4ml_prj/myproject_prj/solution1/sim/verilog/myproject_softmax_stable_ap_fixed_ap_fixed_16_6_5_3_0_softmax_config7_s_exp_table_ROM_Abkb.v" into library xil_defaultlib
INFO: [VRFC 10-311] analyzing module myproject_softmax_stable_ap_fixed_ap_fixed_16_6_5_3_0_softmax_config7_s_exp_table_ROM_Abkb
INFO: [VRFC 10-2263] Analyzing SystemVerilog file "/home/j.lim.473/ece226/ECE226_CoDesign/model_1/hls4ml_prj/myproject_prj/solution1/sim/verilog/myproject_softmax_stable_ap_fixed_ap_fixed_16_6_5_3_0_softmax_config7_s_invert_table_ROcud.v" into library xil_defaultlib
INFO: [VRFC 10-311] analyzing module myproject_softmax_stable_ap_fixed_ap_fixed_16_6_5_3_0_softmax_config7_s_invert_table_ROcud
INFO: [VRFC 10-2263] Analyzing SystemVerilog file "/home/j.lim.473/ece226/ECE226_CoDesign/model_1/hls4ml_prj/myproject_prj/solution1/sim/verilog/myproject_fifo_w16_d2_S.v" into library xil_defaultlib
INFO: [VRFC 10-311] analyzing module myproject_fifo_w16_d2_S
INFO: [VRFC 10-311] analyzing module myproject_fifo_w16_d2_S_ShiftReg
INFO: [VRFC 10-2263] Analyzing SystemVerilog file "/home/j.lim.473/ece226/ECE226_CoDesign/model_1/hls4ml_prj/myproject_prj/solution1/sim/verilog/myproject_fifo_w15_d2_S.v" into library xil_defaultlib
INFO: [VRFC 10-311] analyzing module myproject_fifo_w15_d2_S
INFO: [VRFC 10-311] analyzing module myproject_fifo_w15_d2_S_ShiftReg
INFO: [VRFC 10-2263] Analyzing SystemVerilog file "/home/j.lim.473/ece226/ECE226_CoDesign/model_1/hls4ml_prj/myproject_prj/solution1/sim/verilog/dataflow_monitor.sv" into library xil_defaultlib
INFO: [VRFC 10-311] analyzing module dataflow_monitor
Starting static elaboration
Pass Through NonSizing Optimizer
Completed static elaboration
Starting simulation data flow analysis
Completed simulation data flow analysis
Time Resolution for simulation is 1ps
Compiling package xil_defaultlib.$unit_dataflow_monitor_sv
Compiling module xil_defaultlib.myproject_mul_16s_8s_24_1_1(NUM_...
Compiling module xil_defaultlib.myproject_mul_16s_10ns_26_1_1(NU...
Compiling module xil_defaultlib.myproject_mul_16s_10s_26_1_1(NUM...
Compiling module xil_defaultlib.myproject_mul_16s_11ns_26_1_1(NU...
Compiling module xil_defaultlib.myproject_mul_16s_9ns_25_1_1(NUM...
Compiling module xil_defaultlib.myproject_mul_16s_6s_22_1_1(NUM_...
Compiling module xil_defaultlib.myproject_mul_16s_9s_25_1_1(NUM_...
Compiling module xil_defaultlib.myproject_mul_16s_8ns_24_1_1(NUM...
Compiling module xil_defaultlib.myproject_mul_16s_11s_26_1_1(NUM...
Compiling module xil_defaultlib.myproject_mul_16s_7ns_23_1_1(NUM...
Compiling module xil_defaultlib.myproject_mul_16s_7s_23_1_1(NUM_...
Compiling module xil_defaultlib.myproject_mul_16s_12s_26_1_1(NUM...
Compiling module xil_defaultlib.myproject_mul_16s_5ns_21_1_1(NUM...
Compiling module xil_defaultlib.myproject_mul_16s_6ns_22_1_1(NUM...
Compiling module xil_defaultlib.myproject_mul_16s_5s_21_1_1(NUM_...
Compiling module xil_defaultlib.myproject_mul_16s_12ns_26_1_1(NU...
Compiling module xil_defaultlib.myproject_flow_control_loop_pipe
Compiling module xil_defaultlib.myproject_conv_1d_cl_ap_fixed_16...
Compiling module xil_defaultlib.myproject_relu_ap_fixed_16_6_5_3...
Compiling module xil_defaultlib.myproject_max_ap_fixed_16_6_5_3_...
Compiling module xil_defaultlib.myproject_global_pooling1d_cl_ap...
Compiling module xil_defaultlib.myproject_mul_15ns_10s_25_1_1(NU...
Compiling module xil_defaultlib.myproject_mul_15ns_11s_26_1_1(NU...
Compiling module xil_defaultlib.myproject_mul_15ns_11ns_25_1_1(N...
Compiling module xil_defaultlib.myproject_mul_15ns_7s_22_1_1(NUM...
Compiling module xil_defaultlib.myproject_mul_15ns_5s_20_1_1(NUM...
Compiling module xil_defaultlib.myproject_mul_15ns_9ns_23_1_1(NU...
Compiling module xil_defaultlib.myproject_mul_15ns_6s_21_1_1(NUM...
Compiling module xil_defaultlib.myproject_mul_15ns_12s_26_1_1(NU...
Compiling module xil_defaultlib.myproject_mul_15ns_10ns_24_1_1(N...
Compiling module xil_defaultlib.myproject_mul_15ns_12ns_26_1_1(N...
Compiling module xil_defaultlib.myproject_mul_15ns_8ns_22_1_1(NU...
Compiling module xil_defaultlib.myproject_mul_15ns_9s_24_1_1(NUM...
Compiling module xil_defaultlib.myproject_mul_15ns_8s_23_1_1(NUM...
Compiling module xil_defaultlib.myproject_dense_latency_ap_fixed...
Compiling module xil_defaultlib.myproject_softmax_stable_ap_fixe...
Compiling module xil_defaultlib.myproject_softmax_stable_ap_fixe...
Compiling module xil_defaultlib.myproject_mul_18s_11ns_26_1_1(NU...
Compiling module xil_defaultlib.myproject_softmax_stable_ap_fixe...
Compiling module xil_defaultlib.myproject_fifo_w16_d2_S_ShiftReg
Compiling module xil_defaultlib.myproject_fifo_w16_d2_S_default
Compiling module xil_defaultlib.myproject_fifo_w15_d2_S_ShiftReg
Compiling module xil_defaultlib.myproject_fifo_w15_d2_S_default
Compiling module xil_defaultlib.myproject
Compiling module xil_defaultlib.df_fifo_intf_default
Compiling module xil_defaultlib.df_process_intf_default
Compiling module xil_defaultlib.nodf_module_intf_default
Compiling module xil_defaultlib.upc_loop_intf(FSM_WIDTH=1)
Compiling module xil_defaultlib.dataflow_monitor_1
Compiling module xil_defaultlib.apatb_myproject_top
Compiling module work.glbl
Built simulation snapshot myproject
