#-----------------------------------------------------------
# xsim v2024.1 (64-bit)
# SW Build 5076996 on Wed May 22 18:36:09 MDT 2024
# IP Build 5075265 on Wed May 22 21:45:21 MDT 2024
# SharedData Build 5076995 on Wed May 22 18:29:18 MDT 2024
# Start of session at: Wed Mar 11 15:40:47 2026
# Process ID: 3880962
# Current directory: /home/j.lim.473/ece226/ECE226_CoDesign/model_1/hls4ml_prj/myproject_prj/solution1/sim/verilog
# Command line: xsim -mode tcl -source {xsim.dir/myproject/xsim_script.tcl}
# Log file: /home/j.lim.473/ece226/ECE226_CoDesign/model_1/hls4ml_prj/myproject_prj/solution1/sim/verilog/xsim.log
# Journal file: /home/j.lim.473/ece226/ECE226_CoDesign/model_1/hls4ml_prj/myproject_prj/solution1/sim/verilog/xsim.jou
# Running On        :waiter
# Platform          :Ubuntu
# Operating System  :Ubuntu 22.04.5 LTS
# Processor Detail  :AMD Ryzen Threadripper PRO 7985WX 64-Cores
# CPU Frequency     :1500.000 MHz
# CPU Physical cores:64
# CPU Logical cores :128
# Host memory       :404950 MB
# Swap memory       :0 MB
# Total Virtual     :404950 MB
# Available Virtual :179090 MB
#-----------------------------------------------------------
source xsim.dir/myproject/xsim_script.tcl
# xsim {myproject} -view {{myproject_dataflow_ana.wcfg}} -tclbatch {myproject.tcl} -protoinst {myproject.protoinst}
INFO: [Wavedata 42-565] Reading protoinst file myproject.protoinst
INFO: [Wavedata 42-564]   Found protocol instance at /apatb_myproject_top/AESL_inst_myproject//AESL_inst_myproject_activity
INFO: [Wavedata 42-564]   Found protocol instance at /apatb_myproject_top/AESL_inst_myproject/conv_1d_cl_ap_fixed_16_6_5_3_0_ap_fixed_16_6_5_3_0_config2_U0/conv_1d_cl_ap_fixed_16_6_5_3_0_ap_fixed_16_6_5_3_0_config2_U0_activity
INFO: [Wavedata 42-564]   Found protocol instance at /apatb_myproject_top/AESL_inst_myproject/dense_latency_ap_fixed_16_6_5_3_0_ap_fixed_16_6_5_3_0_config6_U0/dense_latency_ap_fixed_16_6_5_3_0_ap_fixed_16_6_5_3_0_config6_U0_activity
INFO: [Wavedata 42-564]   Found protocol instance at /apatb_myproject_top/AESL_inst_myproject/global_pooling1d_cl_ap_fixed_16_6_5_3_0_ap_fixed_16_6_5_3_0_config5_U0/global_pooling1d_cl_ap_fixed_16_6_5_3_0_ap_fixed_16_6_5_3_0_config5_U0_activity
INFO: [Wavedata 42-564]   Found protocol instance at /apatb_myproject_top/AESL_inst_myproject/relu_ap_fixed_16_6_5_3_0_ap_fixed_16_6_5_3_0_relu_config4_U0/relu_ap_fixed_16_6_5_3_0_ap_fixed_16_6_5_3_0_relu_config4_U0_activity
INFO: [Wavedata 42-564]   Found protocol instance at /apatb_myproject_top/AESL_inst_myproject/softmax_stable_ap_fixed_ap_fixed_16_6_5_3_0_softmax_config7_U0/softmax_stable_ap_fixed_ap_fixed_16_6_5_3_0_softmax_config7_U0_activity
Time resolution is 1 ps
open_wave_config myproject_dataflow_ana.wcfg
WARNING: Simulation object /apatb_myproject_top/AESL_inst_myproject/softmax_stable_ap_fixed_ap_fixed_16_6_5_3_0_softmax_config7_U0/exp_table_ce0 was not found in the design.
WARNING: Simulation object /apatb_myproject_top/AESL_inst_myproject/softmax_stable_ap_fixed_ap_fixed_16_6_5_3_0_softmax_config7_U0/invert_table_ce0 was not found in the design.
source myproject.tcl
## set designtopgroup [add_wave_group "Design Top Signals"]
## set coutputgroup [add_wave_group "C Outputs" -into $designtopgroup]
## set return_group [add_wave_group return(wire) -into $coutputgroup]
## add_wave /apatb_myproject_top/AESL_inst_myproject/layer7_out_5_ap_vld -into $return_group -color #ffff00 -radix hex
## add_wave /apatb_myproject_top/AESL_inst_myproject/layer7_out_4_ap_vld -into $return_group -color #ffff00 -radix hex
## add_wave /apatb_myproject_top/AESL_inst_myproject/layer7_out_3_ap_vld -into $return_group -color #ffff00 -radix hex
## add_wave /apatb_myproject_top/AESL_inst_myproject/layer7_out_2_ap_vld -into $return_group -color #ffff00 -radix hex
## add_wave /apatb_myproject_top/AESL_inst_myproject/layer7_out_1_ap_vld -into $return_group -color #ffff00 -radix hex
## add_wave /apatb_myproject_top/AESL_inst_myproject/layer7_out_0_ap_vld -into $return_group -color #ffff00 -radix hex
## add_wave /apatb_myproject_top/AESL_inst_myproject/layer7_out_5 -into $return_group -radix hex
## add_wave /apatb_myproject_top/AESL_inst_myproject/layer7_out_4 -into $return_group -radix hex
## add_wave /apatb_myproject_top/AESL_inst_myproject/layer7_out_3 -into $return_group -radix hex
## add_wave /apatb_myproject_top/AESL_inst_myproject/layer7_out_2 -into $return_group -radix hex
## add_wave /apatb_myproject_top/AESL_inst_myproject/layer7_out_1 -into $return_group -radix hex
## add_wave /apatb_myproject_top/AESL_inst_myproject/layer7_out_0 -into $return_group -radix hex
## set cinputgroup [add_wave_group "C Inputs" -into $designtopgroup]
## set return_group [add_wave_group return(wire) -into $cinputgroup]
## add_wave /apatb_myproject_top/AESL_inst_myproject/input_1_ap_vld -into $return_group -color #ffff00 -radix hex
## add_wave /apatb_myproject_top/AESL_inst_myproject/input_1 -into $return_group -radix hex
## set blocksiggroup [add_wave_group "Block-level IO Handshake" -into $designtopgroup]
## add_wave /apatb_myproject_top/AESL_inst_myproject/ap_start -into $blocksiggroup
## add_wave /apatb_myproject_top/AESL_inst_myproject/ap_done -into $blocksiggroup
## add_wave /apatb_myproject_top/AESL_inst_myproject/ap_ready -into $blocksiggroup
## add_wave /apatb_myproject_top/AESL_inst_myproject/ap_idle -into $blocksiggroup
## set resetgroup [add_wave_group "Reset" -into $designtopgroup]
## add_wave /apatb_myproject_top/AESL_inst_myproject/ap_rst -into $resetgroup
## set clockgroup [add_wave_group "Clock" -into $designtopgroup]
## add_wave /apatb_myproject_top/AESL_inst_myproject/ap_clk -into $clockgroup
## set testbenchgroup [add_wave_group "Test Bench Signals"]
## set tbinternalsiggroup [add_wave_group "Internal Signals" -into $testbenchgroup]
## set tb_simstatus_group [add_wave_group "Simulation Status" -into $tbinternalsiggroup]
## set tb_portdepth_group [add_wave_group "Port Depth" -into $tbinternalsiggroup]
## add_wave /apatb_myproject_top/AUTOTB_TRANSACTION_NUM -into $tb_simstatus_group -radix hex
## add_wave /apatb_myproject_top/ready_cnt -into $tb_simstatus_group -radix hex
## add_wave /apatb_myproject_top/done_cnt -into $tb_simstatus_group -radix hex
## add_wave /apatb_myproject_top/LENGTH_input_1 -into $tb_portdepth_group -radix hex
## add_wave /apatb_myproject_top/LENGTH_layer7_out_0 -into $tb_portdepth_group -radix hex
## add_wave /apatb_myproject_top/LENGTH_layer7_out_1 -into $tb_portdepth_group -radix hex
## add_wave /apatb_myproject_top/LENGTH_layer7_out_2 -into $tb_portdepth_group -radix hex
## add_wave /apatb_myproject_top/LENGTH_layer7_out_3 -into $tb_portdepth_group -radix hex
## add_wave /apatb_myproject_top/LENGTH_layer7_out_4 -into $tb_portdepth_group -radix hex
## add_wave /apatb_myproject_top/LENGTH_layer7_out_5 -into $tb_portdepth_group -radix hex
## set tbcoutputgroup [add_wave_group "C Outputs" -into $testbenchgroup]
## set tb_return_group [add_wave_group return(wire) -into $tbcoutputgroup]
## add_wave /apatb_myproject_top/layer7_out_5_ap_vld -into $tb_return_group -color #ffff00 -radix hex
## add_wave /apatb_myproject_top/layer7_out_4_ap_vld -into $tb_return_group -color #ffff00 -radix hex
## add_wave /apatb_myproject_top/layer7_out_3_ap_vld -into $tb_return_group -color #ffff00 -radix hex
## add_wave /apatb_myproject_top/layer7_out_2_ap_vld -into $tb_return_group -color #ffff00 -radix hex
## add_wave /apatb_myproject_top/layer7_out_1_ap_vld -into $tb_return_group -color #ffff00 -radix hex
## add_wave /apatb_myproject_top/layer7_out_0_ap_vld -into $tb_return_group -color #ffff00 -radix hex
## add_wave /apatb_myproject_top/layer7_out_5 -into $tb_return_group -radix hex
## add_wave /apatb_myproject_top/layer7_out_4 -into $tb_return_group -radix hex
## add_wave /apatb_myproject_top/layer7_out_3 -into $tb_return_group -radix hex
## add_wave /apatb_myproject_top/layer7_out_2 -into $tb_return_group -radix hex
## add_wave /apatb_myproject_top/layer7_out_1 -into $tb_return_group -radix hex
## add_wave /apatb_myproject_top/layer7_out_0 -into $tb_return_group -radix hex
## set tbcinputgroup [add_wave_group "C Inputs" -into $testbenchgroup]
## set tb_return_group [add_wave_group return(wire) -into $tbcinputgroup]
## add_wave /apatb_myproject_top/input_1_ap_vld -into $tb_return_group -color #ffff00 -radix hex
## add_wave /apatb_myproject_top/input_1 -into $tb_return_group -radix hex
## save_wave_config myproject.wcfg
## run all
////////////////////////////////////////////////////////////////////////////////////
// Inter-Transaction Progress: Completed Transaction / Total Transaction
// Intra-Transaction Progress: Measured Latency / Latency Estimation * 100%
//
// RTL Simulation : "Inter-Transaction Progress" ["Intra-Transaction Progress"] @ "Simulation Time"
////////////////////////////////////////////////////////////////////////////////////
// RTL Simulation : 0 / 5 [0.00%] @ "113000"
// RTL Simulation : 1 / 5 [29.89%] @ "1038000"
// RTL Simulation : 2 / 5 [29.89%] @ "1678000"
// RTL Simulation : 3 / 5 [29.89%] @ "2318000"
// RTL Simulation : 4 / 5 [29.89%] @ "2958000"
// RTL Simulation : 5 / 5 [100.00%] @ "3598000"
////////////////////////////////////////////////////////////////////////////////////
$finish called at time : 3627500 ps : File "/home/j.lim.473/ece226/ECE226_CoDesign/model_1/hls4ml_prj/myproject_prj/solution1/sim/verilog/myproject.autotb.v" Line 596
run: Time (s): cpu = 00:00:00.09 ; elapsed = 00:00:05 . Memory (MB): peak = 5602.641 ; gain = 0.000 ; free physical = 110610 ; free virtual = 170304
## quit
INFO: [Common 17-206] Exiting xsim at Wed Mar 11 15:40:55 2026...
