

================================================================
== Vitis HLS Report for 'compute_output_buffer_1d_array_array_ap_fixed_16_6_5_3_0_16u_config2_s'
================================================================
* Date:           Wed Mar 18 13:57:58 2026

* Version:        2024.1 (Build 5069499 on May 21 2024)
* Project:        myproject_prj
* Solution:       solution1 (Vivado IP Flow Target)
* Product family: virtexuplus
* Target device:  xcu250-figd2104-2L-e


================================================================
== Performance Estimates
================================================================
+ Timing: 
    * Summary: 
    +--------+---------+----------+------------+
    |  Clock |  Target | Estimated| Uncertainty|
    +--------+---------+----------+------------+
    |ap_clk  |  5.00 ns|  3.480 ns|     1.35 ns|
    +--------+---------+----------+------------+

+ Latency: 
    * Summary: 
    +---------+---------+-----------+-----------+-----+-----+---------+
    |  Latency (cycles) |   Latency (absolute)  |  Interval | Pipeline|
    |   min   |   max   |    min    |    max    | min | max |   Type  |
    +---------+---------+-----------+-----------+-----+-----+---------+
    |        3|        3|  15.000 ns|  15.000 ns|    3|    3|      yes|
    +---------+---------+-----------+-----------+-----+-----+---------+

    + Detail: 
        * Instance: 
        N/A

        * Loop: 
        N/A

============================================================
+ Verbose Summary: Synthesis Manager
============================================================
InlineROM: 1
ExposeGlobal: 0
============================================================
+ Verbose Summary: CDFG Model
============================================================
IsTopModel: 0
ResetActiveHigh: 1
IsCombinational: 0
IsDatapathOnly: 0
HasWiredReturn: 1
HasMFsm: 2
HasVarLatency: 0
IsPipeline: 1
IsRtlPipelined: 1
IsInstanceOverlapped: 0
IsDontTouch: 0
HasImplIP: 0
IsGatedGlobalClock: 0

+ Individual pipeline summary: 
  * Pipeline-0: initiation interval (II) = 3, depth = 4


============================================================
+ Verbose Summary: Schedule
============================================================
* Number of FSM states : 4
* Pipeline : 1
  Pipeline-0 : II = 3, D = 4, States = { 1 2 3 4 }
* Dataflow Pipeline: 0

* FSM state transitions: 
1 --> 2 
2 --> 3 
3 --> 4 
4 --> 

* FSM state operations: 

State 1 <SV = 0> <Delay = 2.14>
ST_1 : Operation 5 [1/1] (0.00ns)   --->   "%specinterface_ln0 = specinterface void @_ssdm_op_SpecInterface, i256 %layer2_out, void @empty_15, i32 0, i32 0, void @empty_5, i32 0, i32 0, void @empty_5, void @empty_5, void @empty_5, i32 0, i32 0, i32 0, i32 0, void @empty_5, void @empty_5, i32 4294967295, i32 0, i32 0"   --->   Operation 5 'specinterface' 'specinterface_ln0' <Predicate = true> <Delay = 0.00>
ST_1 : Operation 6 [1/1] (0.00ns)   --->   "%p_read_1 = read i16 @_ssdm_op_Read.ap_auto.i16, i16 %p_read8"   --->   Operation 6 'read' 'p_read_1' <Predicate = true> <Delay = 0.00>
ST_1 : Operation 7 [1/1] (0.00ns)   --->   "%p_read_2 = read i16 @_ssdm_op_Read.ap_auto.i16, i16 %p_read7"   --->   Operation 7 'read' 'p_read_2' <Predicate = true> <Delay = 0.00>
ST_1 : Operation 8 [1/1] (0.00ns)   --->   "%p_read_3 = read i16 @_ssdm_op_Read.ap_auto.i16, i16 %p_read6"   --->   Operation 8 'read' 'p_read_3' <Predicate = true> <Delay = 0.00>
ST_1 : Operation 9 [1/1] (0.00ns)   --->   "%p_read_4 = read i16 @_ssdm_op_Read.ap_auto.i16, i16 %p_read5"   --->   Operation 9 'read' 'p_read_4' <Predicate = true> <Delay = 0.00>
ST_1 : Operation 10 [1/1] (0.00ns)   --->   "%p_read_5 = read i16 @_ssdm_op_Read.ap_auto.i16, i16 %p_read4"   --->   Operation 10 'read' 'p_read_5' <Predicate = true> <Delay = 0.00>
ST_1 : Operation 11 [1/1] (0.00ns)   --->   "%p_read_6 = read i16 @_ssdm_op_Read.ap_auto.i16, i16 %p_read3"   --->   Operation 11 'read' 'p_read_6' <Predicate = true> <Delay = 0.00>
ST_1 : Operation 12 [1/1] (0.00ns)   --->   "%p_read_7 = read i16 @_ssdm_op_Read.ap_auto.i16, i16 %p_read2"   --->   Operation 12 'read' 'p_read_7' <Predicate = true> <Delay = 0.00>
ST_1 : Operation 13 [1/1] (0.00ns)   --->   "%p_read_8 = read i16 @_ssdm_op_Read.ap_auto.i16, i16 %p_read1"   --->   Operation 13 'read' 'p_read_8' <Predicate = true> <Delay = 0.00>
ST_1 : Operation 14 [1/1] (0.00ns)   --->   "%p_read_9 = read i16 @_ssdm_op_Read.ap_auto.i16, i16 %p_read"   --->   Operation 14 'read' 'p_read_9' <Predicate = true> <Delay = 0.00>
ST_1 : Operation 15 [1/1] (0.00ns)   --->   "%void_compute_output_buffer_1d_array_const_stream_weight_t_bias_t_kernel_data_10 = load i16 %void_compute_output_buffer_1d_array_const_stream_weight_t_bias_t_kernel_data" [firmware/nnet_utils/nnet_conv_stream.h:167->firmware/nnet_utils/nnet_conv_stream.h:347]   --->   Operation 15 'load' 'void_compute_output_buffer_1d_array_const_stream_weight_t_bias_t_kernel_data_10' <Predicate = true> <Delay = 0.00>
ST_1 : Operation 16 [1/1] (0.00ns)   --->   "%p_ZZN4nnet24compute_output_buffer_1dINS_5arrayI8ap_fixedILi16ELi6EL9ap_q_mode5EL9_17 = load i16 %p_ZZN4nnet24compute_output_buffer_1dINS_5arrayI8ap_fixedILi16ELi6EL9ap_q_mode5EL9_16" [firmware/nnet_utils/nnet_conv_stream.h:167->firmware/nnet_utils/nnet_conv_stream.h:347]   --->   Operation 16 'load' 'p_ZZN4nnet24compute_output_buffer_1dINS_5arrayI8ap_fixedILi16ELi6EL9ap_q_mode5EL9_17' <Predicate = true> <Delay = 0.00>
ST_1 : Operation 17 [1/1] (0.00ns)   --->   "%p_ZZN4nnet24compute_output_buffer_1dINS_5arrayI8ap_fixedILi16ELi6EL9ap_q_mode5EL9_18 = load i16 %p_ZZN4nnet24compute_output_buffer_1dINS_5arrayI8ap_fixedILi16ELi6EL9ap_q_mode5EL9_15" [firmware/nnet_utils/nnet_conv_stream.h:167->firmware/nnet_utils/nnet_conv_stream.h:347]   --->   Operation 17 'load' 'p_ZZN4nnet24compute_output_buffer_1dINS_5arrayI8ap_fixedILi16ELi6EL9ap_q_mode5EL9_18' <Predicate = true> <Delay = 0.00>
ST_1 : Operation 18 [1/1] (0.00ns)   --->   "%p_ZZN4nnet24compute_output_buffer_1dINS_5arrayI8ap_fixedILi16ELi6EL9ap_q_mode5EL9_19 = load i16 %p_ZZN4nnet24compute_output_buffer_1dINS_5arrayI8ap_fixedILi16ELi6EL9ap_q_mode5EL9_14" [firmware/nnet_utils/nnet_conv_stream.h:167->firmware/nnet_utils/nnet_conv_stream.h:347]   --->   Operation 18 'load' 'p_ZZN4nnet24compute_output_buffer_1dINS_5arrayI8ap_fixedILi16ELi6EL9ap_q_mode5EL9_19' <Predicate = true> <Delay = 0.00>
ST_1 : Operation 19 [1/1] (0.00ns)   --->   "%p_ZZN4nnet24compute_output_buffer_1dINS_5arrayI8ap_fixedILi16ELi6EL9ap_q_mode5EL9_20 = load i16 %p_ZZN4nnet24compute_output_buffer_1dINS_5arrayI8ap_fixedILi16ELi6EL9ap_q_mode5EL9_13" [firmware/nnet_utils/nnet_conv_stream.h:167->firmware/nnet_utils/nnet_conv_stream.h:347]   --->   Operation 19 'load' 'p_ZZN4nnet24compute_output_buffer_1dINS_5arrayI8ap_fixedILi16ELi6EL9ap_q_mode5EL9_20' <Predicate = true> <Delay = 0.00>
ST_1 : Operation 20 [1/1] (0.00ns)   --->   "%p_ZZN4nnet24compute_output_buffer_1dINS_5arrayI8ap_fixedILi16ELi6EL9ap_q_mode5EL9_21 = load i16 %p_ZZN4nnet24compute_output_buffer_1dINS_5arrayI8ap_fixedILi16ELi6EL9ap_q_mode5EL9_12" [firmware/nnet_utils/nnet_conv_stream.h:167->firmware/nnet_utils/nnet_conv_stream.h:347]   --->   Operation 20 'load' 'p_ZZN4nnet24compute_output_buffer_1dINS_5arrayI8ap_fixedILi16ELi6EL9ap_q_mode5EL9_21' <Predicate = true> <Delay = 0.00>
ST_1 : Operation 21 [1/1] (0.00ns)   --->   "%p_ZZN4nnet24compute_output_buffer_1dINS_5arrayI8ap_fixedILi16ELi6EL9ap_q_mode5EL9_22 = load i16 %p_ZZN4nnet24compute_output_buffer_1dINS_5arrayI8ap_fixedILi16ELi6EL9ap_q_mode5EL9_11" [firmware/nnet_utils/nnet_conv_stream.h:167->firmware/nnet_utils/nnet_conv_stream.h:347]   --->   Operation 21 'load' 'p_ZZN4nnet24compute_output_buffer_1dINS_5arrayI8ap_fixedILi16ELi6EL9ap_q_mode5EL9_22' <Predicate = true> <Delay = 0.00>
ST_1 : Operation 22 [1/1] (0.00ns)   --->   "%p_ZZN4nnet24compute_output_buffer_1dINS_5arrayI8ap_fixedILi16ELi6EL9ap_q_mode5EL9_23 = load i16 %p_ZZN4nnet24compute_output_buffer_1dINS_5arrayI8ap_fixedILi16ELi6EL9ap_q_mode5EL9_10" [firmware/nnet_utils/nnet_conv_stream.h:167->firmware/nnet_utils/nnet_conv_stream.h:347]   --->   Operation 22 'load' 'p_ZZN4nnet24compute_output_buffer_1dINS_5arrayI8ap_fixedILi16ELi6EL9ap_q_mode5EL9_23' <Predicate = true> <Delay = 0.00>
ST_1 : Operation 23 [1/1] (0.00ns)   --->   "%p_ZZN4nnet24compute_output_buffer_1dINS_5arrayI8ap_fixedILi16ELi6EL9ap_q_mode5EL9_24 = load i16 %p_ZZN4nnet24compute_output_buffer_1dINS_5arrayI8ap_fixedILi16ELi6EL9ap_q_mode5EL9_9" [firmware/nnet_utils/nnet_conv_stream.h:167->firmware/nnet_utils/nnet_conv_stream.h:347]   --->   Operation 23 'load' 'p_ZZN4nnet24compute_output_buffer_1dINS_5arrayI8ap_fixedILi16ELi6EL9ap_q_mode5EL9_24' <Predicate = true> <Delay = 0.00>
ST_1 : Operation 24 [1/1] (0.00ns)   --->   "%p_ZZN4nnet24compute_output_buffer_1dINS_5arrayI8ap_fixedILi16ELi6EL9ap_q_mode5EL9_25 = load i16 %p_ZZN4nnet24compute_output_buffer_1dINS_5arrayI8ap_fixedILi16ELi6EL9ap_q_mode5EL9_8" [firmware/nnet_utils/nnet_conv_stream.h:167->firmware/nnet_utils/nnet_conv_stream.h:347]   --->   Operation 24 'load' 'p_ZZN4nnet24compute_output_buffer_1dINS_5arrayI8ap_fixedILi16ELi6EL9ap_q_mode5EL9_25' <Predicate = true> <Delay = 0.00>
ST_1 : Operation 25 [1/1] (0.00ns)   --->   "%p_ZZN4nnet24compute_output_buffer_1dINS_5arrayI8ap_fixedILi16ELi6EL9ap_q_mode5EL9_26 = load i16 %p_ZZN4nnet24compute_output_buffer_1dINS_5arrayI8ap_fixedILi16ELi6EL9ap_q_mode5EL9_7" [firmware/nnet_utils/nnet_conv_stream.h:167->firmware/nnet_utils/nnet_conv_stream.h:347]   --->   Operation 25 'load' 'p_ZZN4nnet24compute_output_buffer_1dINS_5arrayI8ap_fixedILi16ELi6EL9ap_q_mode5EL9_26' <Predicate = true> <Delay = 0.00>
ST_1 : Operation 26 [1/1] (0.00ns)   --->   "%p_ZZN4nnet24compute_output_buffer_1dINS_5arrayI8ap_fixedILi16ELi6EL9ap_q_mode5EL9_27 = load i16 %p_ZZN4nnet24compute_output_buffer_1dINS_5arrayI8ap_fixedILi16ELi6EL9ap_q_mode5EL9_6" [firmware/nnet_utils/nnet_conv_stream.h:167->firmware/nnet_utils/nnet_conv_stream.h:347]   --->   Operation 26 'load' 'p_ZZN4nnet24compute_output_buffer_1dINS_5arrayI8ap_fixedILi16ELi6EL9ap_q_mode5EL9_27' <Predicate = true> <Delay = 0.00>
ST_1 : Operation 27 [1/1] (0.00ns)   --->   "%p_ZZN4nnet24compute_output_buffer_1dINS_5arrayI8ap_fixedILi16ELi6EL9ap_q_mode5EL9_28 = load i16 %p_ZZN4nnet24compute_output_buffer_1dINS_5arrayI8ap_fixedILi16ELi6EL9ap_q_mode5EL9_5" [firmware/nnet_utils/nnet_conv_stream.h:167->firmware/nnet_utils/nnet_conv_stream.h:347]   --->   Operation 27 'load' 'p_ZZN4nnet24compute_output_buffer_1dINS_5arrayI8ap_fixedILi16ELi6EL9ap_q_mode5EL9_28' <Predicate = true> <Delay = 0.00>
ST_1 : Operation 28 [1/1] (0.00ns)   --->   "%p_ZZN4nnet24compute_output_buffer_1dINS_5arrayI8ap_fixedILi16ELi6EL9ap_q_mode5EL9_29 = load i16 %p_ZZN4nnet24compute_output_buffer_1dINS_5arrayI8ap_fixedILi16ELi6EL9ap_q_mode5EL9_4" [firmware/nnet_utils/nnet_conv_stream.h:167->firmware/nnet_utils/nnet_conv_stream.h:347]   --->   Operation 28 'load' 'p_ZZN4nnet24compute_output_buffer_1dINS_5arrayI8ap_fixedILi16ELi6EL9ap_q_mode5EL9_29' <Predicate = true> <Delay = 0.00>
ST_1 : Operation 29 [1/1] (0.00ns)   --->   "%p_ZZN4nnet24compute_output_buffer_1dINS_5arrayI8ap_fixedILi16ELi6EL9ap_q_mode5EL9_30 = load i16 %p_ZZN4nnet24compute_output_buffer_1dINS_5arrayI8ap_fixedILi16ELi6EL9ap_q_mode5EL9_3" [firmware/nnet_utils/nnet_conv_stream.h:167->firmware/nnet_utils/nnet_conv_stream.h:347]   --->   Operation 29 'load' 'p_ZZN4nnet24compute_output_buffer_1dINS_5arrayI8ap_fixedILi16ELi6EL9ap_q_mode5EL9_30' <Predicate = true> <Delay = 0.00>
ST_1 : Operation 30 [1/1] (0.00ns)   --->   "%p_ZZN4nnet24compute_output_buffer_1dINS_5arrayI8ap_fixedILi16ELi6EL9ap_q_mode5EL9_31 = load i16 %p_ZZN4nnet24compute_output_buffer_1dINS_5arrayI8ap_fixedILi16ELi6EL9ap_q_mode5EL9_2" [firmware/nnet_utils/nnet_conv_stream.h:167->firmware/nnet_utils/nnet_conv_stream.h:347]   --->   Operation 30 'load' 'p_ZZN4nnet24compute_output_buffer_1dINS_5arrayI8ap_fixedILi16ELi6EL9ap_q_mode5EL9_31' <Predicate = true> <Delay = 0.00>
ST_1 : Operation 31 [1/1] (0.00ns)   --->   "%p_ZZN4nnet24compute_output_buffer_1dINS_5arrayI8ap_fixedILi16ELi6EL9ap_q_mode5EL9_32 = load i16 %p_ZZN4nnet24compute_output_buffer_1dINS_5arrayI8ap_fixedILi16ELi6EL9ap_q_mode5EL9_1" [firmware/nnet_utils/nnet_conv_stream.h:167->firmware/nnet_utils/nnet_conv_stream.h:347]   --->   Operation 31 'load' 'p_ZZN4nnet24compute_output_buffer_1dINS_5arrayI8ap_fixedILi16ELi6EL9ap_q_mode5EL9_32' <Predicate = true> <Delay = 0.00>
ST_1 : Operation 32 [1/1] (0.00ns)   --->   "%p_ZZN4nnet24compute_output_buffer_1dINS_5arrayI8ap_fixedILi16ELi6EL9ap_q_mode5EL9_33 = load i16 %p_ZZN4nnet24compute_output_buffer_1dINS_5arrayI8ap_fixedILi16ELi6EL9ap_q_mode5EL9" [firmware/nnet_utils/nnet_conv_stream.h:167->firmware/nnet_utils/nnet_conv_stream.h:347]   --->   Operation 32 'load' 'p_ZZN4nnet24compute_output_buffer_1dINS_5arrayI8ap_fixedILi16ELi6EL9ap_q_mode5EL9_33' <Predicate = true> <Delay = 0.00>
ST_1 : Operation 33 [1/1] (0.00ns)   --->   "%store_ln167 = store i16 %void_compute_output_buffer_1d_array_const_stream_weight_t_bias_t_kernel_data_10, i16 %void_compute_output_buffer_1d_array_const_stream_weight_t_bias_t_kernel_data_9" [firmware/nnet_utils/nnet_conv_stream.h:167->firmware/nnet_utils/nnet_conv_stream.h:347]   --->   Operation 33 'store' 'store_ln167' <Predicate = true> <Delay = 0.00>
ST_1 : Operation 34 [1/1] (0.00ns)   --->   "%store_ln167 = store i16 %p_ZZN4nnet24compute_output_buffer_1dINS_5arrayI8ap_fixedILi16ELi6EL9ap_q_mode5EL9_17, i16 %void_compute_output_buffer_1d_array_const_stream_weight_t_bias_t_kernel_data_8" [firmware/nnet_utils/nnet_conv_stream.h:167->firmware/nnet_utils/nnet_conv_stream.h:347]   --->   Operation 34 'store' 'store_ln167' <Predicate = true> <Delay = 0.00>
ST_1 : Operation 35 [1/1] (0.00ns)   --->   "%store_ln167 = store i16 %p_ZZN4nnet24compute_output_buffer_1dINS_5arrayI8ap_fixedILi16ELi6EL9ap_q_mode5EL9_18, i16 %void_compute_output_buffer_1d_array_const_stream_weight_t_bias_t_kernel_data_7" [firmware/nnet_utils/nnet_conv_stream.h:167->firmware/nnet_utils/nnet_conv_stream.h:347]   --->   Operation 35 'store' 'store_ln167' <Predicate = true> <Delay = 0.00>
ST_1 : Operation 36 [1/1] (0.00ns)   --->   "%store_ln167 = store i16 %p_ZZN4nnet24compute_output_buffer_1dINS_5arrayI8ap_fixedILi16ELi6EL9ap_q_mode5EL9_19, i16 %void_compute_output_buffer_1d_array_const_stream_weight_t_bias_t_kernel_data_6" [firmware/nnet_utils/nnet_conv_stream.h:167->firmware/nnet_utils/nnet_conv_stream.h:347]   --->   Operation 36 'store' 'store_ln167' <Predicate = true> <Delay = 0.00>
ST_1 : Operation 37 [1/1] (0.00ns)   --->   "%store_ln167 = store i16 %p_ZZN4nnet24compute_output_buffer_1dINS_5arrayI8ap_fixedILi16ELi6EL9ap_q_mode5EL9_20, i16 %void_compute_output_buffer_1d_array_const_stream_weight_t_bias_t_kernel_data_5" [firmware/nnet_utils/nnet_conv_stream.h:167->firmware/nnet_utils/nnet_conv_stream.h:347]   --->   Operation 37 'store' 'store_ln167' <Predicate = true> <Delay = 0.00>
ST_1 : Operation 38 [1/1] (0.00ns)   --->   "%store_ln167 = store i16 %p_ZZN4nnet24compute_output_buffer_1dINS_5arrayI8ap_fixedILi16ELi6EL9ap_q_mode5EL9_21, i16 %void_compute_output_buffer_1d_array_const_stream_weight_t_bias_t_kernel_data_4" [firmware/nnet_utils/nnet_conv_stream.h:167->firmware/nnet_utils/nnet_conv_stream.h:347]   --->   Operation 38 'store' 'store_ln167' <Predicate = true> <Delay = 0.00>
ST_1 : Operation 39 [1/1] (0.00ns)   --->   "%store_ln167 = store i16 %p_ZZN4nnet24compute_output_buffer_1dINS_5arrayI8ap_fixedILi16ELi6EL9ap_q_mode5EL9_22, i16 %void_compute_output_buffer_1d_array_const_stream_weight_t_bias_t_kernel_data_3" [firmware/nnet_utils/nnet_conv_stream.h:167->firmware/nnet_utils/nnet_conv_stream.h:347]   --->   Operation 39 'store' 'store_ln167' <Predicate = true> <Delay = 0.00>
ST_1 : Operation 40 [1/1] (0.00ns)   --->   "%store_ln167 = store i16 %p_ZZN4nnet24compute_output_buffer_1dINS_5arrayI8ap_fixedILi16ELi6EL9ap_q_mode5EL9_23, i16 %void_compute_output_buffer_1d_array_const_stream_weight_t_bias_t_kernel_data_2" [firmware/nnet_utils/nnet_conv_stream.h:167->firmware/nnet_utils/nnet_conv_stream.h:347]   --->   Operation 40 'store' 'store_ln167' <Predicate = true> <Delay = 0.00>
ST_1 : Operation 41 [1/1] (0.00ns)   --->   "%store_ln167 = store i16 %p_ZZN4nnet24compute_output_buffer_1dINS_5arrayI8ap_fixedILi16ELi6EL9ap_q_mode5EL9_24, i16 %void_compute_output_buffer_1d_array_const_stream_weight_t_bias_t_kernel_data_1" [firmware/nnet_utils/nnet_conv_stream.h:167->firmware/nnet_utils/nnet_conv_stream.h:347]   --->   Operation 41 'store' 'store_ln167' <Predicate = true> <Delay = 0.00>
ST_1 : Operation 42 [1/1] (0.00ns)   --->   "%store_ln167 = store i16 %p_ZZN4nnet24compute_output_buffer_1dINS_5arrayI8ap_fixedILi16ELi6EL9ap_q_mode5EL9_25, i16 %void_compute_output_buffer_1d_array_const_stream_weight_t_bias_t_kernel_data" [firmware/nnet_utils/nnet_conv_stream.h:167->firmware/nnet_utils/nnet_conv_stream.h:347]   --->   Operation 42 'store' 'store_ln167' <Predicate = true> <Delay = 0.00>
ST_1 : Operation 43 [1/1] (0.00ns)   --->   "%store_ln167 = store i16 %p_ZZN4nnet24compute_output_buffer_1dINS_5arrayI8ap_fixedILi16ELi6EL9ap_q_mode5EL9_26, i16 %p_ZZN4nnet24compute_output_buffer_1dINS_5arrayI8ap_fixedILi16ELi6EL9ap_q_mode5EL9_16" [firmware/nnet_utils/nnet_conv_stream.h:167->firmware/nnet_utils/nnet_conv_stream.h:347]   --->   Operation 43 'store' 'store_ln167' <Predicate = true> <Delay = 0.00>
ST_1 : Operation 44 [1/1] (0.00ns)   --->   "%store_ln167 = store i16 %p_ZZN4nnet24compute_output_buffer_1dINS_5arrayI8ap_fixedILi16ELi6EL9ap_q_mode5EL9_27, i16 %p_ZZN4nnet24compute_output_buffer_1dINS_5arrayI8ap_fixedILi16ELi6EL9ap_q_mode5EL9_15" [firmware/nnet_utils/nnet_conv_stream.h:167->firmware/nnet_utils/nnet_conv_stream.h:347]   --->   Operation 44 'store' 'store_ln167' <Predicate = true> <Delay = 0.00>
ST_1 : Operation 45 [1/1] (0.00ns)   --->   "%store_ln167 = store i16 %p_ZZN4nnet24compute_output_buffer_1dINS_5arrayI8ap_fixedILi16ELi6EL9ap_q_mode5EL9_28, i16 %p_ZZN4nnet24compute_output_buffer_1dINS_5arrayI8ap_fixedILi16ELi6EL9ap_q_mode5EL9_14" [firmware/nnet_utils/nnet_conv_stream.h:167->firmware/nnet_utils/nnet_conv_stream.h:347]   --->   Operation 45 'store' 'store_ln167' <Predicate = true> <Delay = 0.00>
ST_1 : Operation 46 [1/1] (0.00ns)   --->   "%store_ln167 = store i16 %p_ZZN4nnet24compute_output_buffer_1dINS_5arrayI8ap_fixedILi16ELi6EL9ap_q_mode5EL9_29, i16 %p_ZZN4nnet24compute_output_buffer_1dINS_5arrayI8ap_fixedILi16ELi6EL9ap_q_mode5EL9_13" [firmware/nnet_utils/nnet_conv_stream.h:167->firmware/nnet_utils/nnet_conv_stream.h:347]   --->   Operation 46 'store' 'store_ln167' <Predicate = true> <Delay = 0.00>
ST_1 : Operation 47 [1/1] (0.00ns)   --->   "%store_ln167 = store i16 %p_ZZN4nnet24compute_output_buffer_1dINS_5arrayI8ap_fixedILi16ELi6EL9ap_q_mode5EL9_30, i16 %p_ZZN4nnet24compute_output_buffer_1dINS_5arrayI8ap_fixedILi16ELi6EL9ap_q_mode5EL9_12" [firmware/nnet_utils/nnet_conv_stream.h:167->firmware/nnet_utils/nnet_conv_stream.h:347]   --->   Operation 47 'store' 'store_ln167' <Predicate = true> <Delay = 0.00>
ST_1 : Operation 48 [1/1] (0.00ns)   --->   "%store_ln167 = store i16 %p_ZZN4nnet24compute_output_buffer_1dINS_5arrayI8ap_fixedILi16ELi6EL9ap_q_mode5EL9_31, i16 %p_ZZN4nnet24compute_output_buffer_1dINS_5arrayI8ap_fixedILi16ELi6EL9ap_q_mode5EL9_11" [firmware/nnet_utils/nnet_conv_stream.h:167->firmware/nnet_utils/nnet_conv_stream.h:347]   --->   Operation 48 'store' 'store_ln167' <Predicate = true> <Delay = 0.00>
ST_1 : Operation 49 [1/1] (0.00ns)   --->   "%store_ln167 = store i16 %p_ZZN4nnet24compute_output_buffer_1dINS_5arrayI8ap_fixedILi16ELi6EL9ap_q_mode5EL9_32, i16 %p_ZZN4nnet24compute_output_buffer_1dINS_5arrayI8ap_fixedILi16ELi6EL9ap_q_mode5EL9_10" [firmware/nnet_utils/nnet_conv_stream.h:167->firmware/nnet_utils/nnet_conv_stream.h:347]   --->   Operation 49 'store' 'store_ln167' <Predicate = true> <Delay = 0.00>
ST_1 : Operation 50 [1/1] (0.00ns)   --->   "%store_ln167 = store i16 %p_ZZN4nnet24compute_output_buffer_1dINS_5arrayI8ap_fixedILi16ELi6EL9ap_q_mode5EL9_33, i16 %p_ZZN4nnet24compute_output_buffer_1dINS_5arrayI8ap_fixedILi16ELi6EL9ap_q_mode5EL9_9" [firmware/nnet_utils/nnet_conv_stream.h:167->firmware/nnet_utils/nnet_conv_stream.h:347]   --->   Operation 50 'store' 'store_ln167' <Predicate = true> <Delay = 0.00>
ST_1 : Operation 51 [1/1] (0.00ns)   --->   "%store_ln176 = store i16 %p_read_9, i16 %p_ZZN4nnet24compute_output_buffer_1dINS_5arrayI8ap_fixedILi16ELi6EL9ap_q_mode5EL9_8" [firmware/nnet_utils/nnet_conv_stream.h:176->firmware/nnet_utils/nnet_conv_stream.h:347]   --->   Operation 51 'store' 'store_ln176' <Predicate = true> <Delay = 0.00>
ST_1 : Operation 52 [1/1] (0.00ns)   --->   "%store_ln176 = store i16 %p_read_8, i16 %p_ZZN4nnet24compute_output_buffer_1dINS_5arrayI8ap_fixedILi16ELi6EL9ap_q_mode5EL9_7" [firmware/nnet_utils/nnet_conv_stream.h:176->firmware/nnet_utils/nnet_conv_stream.h:347]   --->   Operation 52 'store' 'store_ln176' <Predicate = true> <Delay = 0.00>
ST_1 : Operation 53 [1/1] (0.00ns)   --->   "%store_ln176 = store i16 %p_read_7, i16 %p_ZZN4nnet24compute_output_buffer_1dINS_5arrayI8ap_fixedILi16ELi6EL9ap_q_mode5EL9_6" [firmware/nnet_utils/nnet_conv_stream.h:176->firmware/nnet_utils/nnet_conv_stream.h:347]   --->   Operation 53 'store' 'store_ln176' <Predicate = true> <Delay = 0.00>
ST_1 : Operation 54 [1/1] (0.00ns)   --->   "%store_ln176 = store i16 %p_read_6, i16 %p_ZZN4nnet24compute_output_buffer_1dINS_5arrayI8ap_fixedILi16ELi6EL9ap_q_mode5EL9_5" [firmware/nnet_utils/nnet_conv_stream.h:176->firmware/nnet_utils/nnet_conv_stream.h:347]   --->   Operation 54 'store' 'store_ln176' <Predicate = true> <Delay = 0.00>
ST_1 : Operation 55 [1/1] (0.00ns)   --->   "%store_ln176 = store i16 %p_read_5, i16 %p_ZZN4nnet24compute_output_buffer_1dINS_5arrayI8ap_fixedILi16ELi6EL9ap_q_mode5EL9_4" [firmware/nnet_utils/nnet_conv_stream.h:176->firmware/nnet_utils/nnet_conv_stream.h:347]   --->   Operation 55 'store' 'store_ln176' <Predicate = true> <Delay = 0.00>
ST_1 : Operation 56 [1/1] (0.00ns)   --->   "%store_ln176 = store i16 %p_read_4, i16 %p_ZZN4nnet24compute_output_buffer_1dINS_5arrayI8ap_fixedILi16ELi6EL9ap_q_mode5EL9_3" [firmware/nnet_utils/nnet_conv_stream.h:176->firmware/nnet_utils/nnet_conv_stream.h:347]   --->   Operation 56 'store' 'store_ln176' <Predicate = true> <Delay = 0.00>
ST_1 : Operation 57 [1/1] (0.00ns)   --->   "%store_ln176 = store i16 %p_read_3, i16 %p_ZZN4nnet24compute_output_buffer_1dINS_5arrayI8ap_fixedILi16ELi6EL9ap_q_mode5EL9_2" [firmware/nnet_utils/nnet_conv_stream.h:176->firmware/nnet_utils/nnet_conv_stream.h:347]   --->   Operation 57 'store' 'store_ln176' <Predicate = true> <Delay = 0.00>
ST_1 : Operation 58 [1/1] (0.00ns)   --->   "%store_ln176 = store i16 %p_read_2, i16 %p_ZZN4nnet24compute_output_buffer_1dINS_5arrayI8ap_fixedILi16ELi6EL9ap_q_mode5EL9_1" [firmware/nnet_utils/nnet_conv_stream.h:176->firmware/nnet_utils/nnet_conv_stream.h:347]   --->   Operation 58 'store' 'store_ln176' <Predicate = true> <Delay = 0.00>
ST_1 : Operation 59 [1/1] (0.00ns)   --->   "%store_ln176 = store i16 %p_read_1, i16 %p_ZZN4nnet24compute_output_buffer_1dINS_5arrayI8ap_fixedILi16ELi6EL9ap_q_mode5EL9" [firmware/nnet_utils/nnet_conv_stream.h:176->firmware/nnet_utils/nnet_conv_stream.h:347]   --->   Operation 59 'store' 'store_ln176' <Predicate = true> <Delay = 0.00>
ST_1 : Operation 60 [1/1] (0.00ns)   --->   "%sX_load = load i32 %sX" [firmware/nnet_utils/nnet_conv_stream.h:350]   --->   Operation 60 'load' 'sX_load' <Predicate = true> <Delay = 0.00>
ST_1 : Operation 61 [1/1] (0.88ns)   --->   "%icmp_ln350 = icmp_eq  i32 %sX_load, i32 2" [firmware/nnet_utils/nnet_conv_stream.h:350]   --->   Operation 61 'icmp' 'icmp_ln350' <Predicate = true> <Delay = 0.88> <CoreInst = "Cmp">   --->   Core 9 'Cmp' <Latency = 0> <II = 1> <Delay = 0.88> <FuncUnit> <Opcode : 'seteq' 'setne' 'setle' 'setge' 'setlt' 'setgt'> <InPorts = 2> <OutPorts = 1>
ST_1 : Operation 62 [1/1] (0.00ns)   --->   "%pX_load = load i32 %pX" [firmware/nnet_utils/nnet_conv_stream.h:350]   --->   Operation 62 'load' 'pX_load' <Predicate = true> <Delay = 0.00>
ST_1 : Operation 63 [1/1] (0.00ns)   --->   "%tmp_82 = partselect i31 @_ssdm_op_PartSelect.i31.i32.i32.i32, i32 %pX_load, i32 1, i32 31" [firmware/nnet_utils/nnet_conv_stream.h:350]   --->   Operation 63 'partselect' 'tmp_82' <Predicate = true> <Delay = 0.00>
ST_1 : Operation 64 [1/1] (0.87ns)   --->   "%icmp_ln350_1 = icmp_sgt  i31 %tmp_82, i31 0" [firmware/nnet_utils/nnet_conv_stream.h:350]   --->   Operation 64 'icmp' 'icmp_ln350_1' <Predicate = true> <Delay = 0.87> <CoreInst = "Cmp">   --->   Core 9 'Cmp' <Latency = 0> <II = 1> <Delay = 0.87> <FuncUnit> <Opcode : 'seteq' 'setne' 'setle' 'setge' 'setlt' 'setgt'> <InPorts = 2> <OutPorts = 1>
ST_1 : Operation 65 [1/1] (0.12ns)   --->   "%and_ln350 = and i1 %icmp_ln350, i1 %icmp_ln350_1" [firmware/nnet_utils/nnet_conv_stream.h:350]   --->   Operation 65 'and' 'and_ln350' <Predicate = true> <Delay = 0.12> <CoreInst = "LogicGate">   --->   Core 74 'LogicGate' <Latency = 0> <II = 1> <Delay = 0.12> <FuncUnit> <Opcode : 'and' 'or' 'xor'> <InPorts = 2> <OutPorts = 1>
ST_1 : Operation 66 [1/1] (0.00ns)   --->   "%br_ln350 = br i1 %and_ln350, void %if.end, void %if.then" [firmware/nnet_utils/nnet_conv_stream.h:350]   --->   Operation 66 'br' 'br_ln350' <Predicate = true> <Delay = 0.00>
ST_1 : Operation 67 [1/1] (0.88ns)   --->   "%add_ln369 = add i32 %pX_load, i32 1" [firmware/nnet_utils/nnet_conv_stream.h:369]   --->   Operation 67 'add' 'add_ln369' <Predicate = true> <Delay = 0.88> <CoreInst = "Adder">   --->   Core 1 'Adder' <Latency = 0> <II = 1> <Delay = 0.88> <FuncUnit> <Opcode : 'add' 'sub'> <InPorts = 2> <OutPorts = 1>
ST_1 : Operation 68 [1/1] (0.88ns)   --->   "%icmp_ln369 = icmp_eq  i32 %add_ln369, i32 130" [firmware/nnet_utils/nnet_conv_stream.h:369]   --->   Operation 68 'icmp' 'icmp_ln369' <Predicate = true> <Delay = 0.88> <CoreInst = "Cmp">   --->   Core 9 'Cmp' <Latency = 0> <II = 1> <Delay = 0.88> <FuncUnit> <Opcode : 'seteq' 'setne' 'setle' 'setge' 'setlt' 'setgt'> <InPorts = 2> <OutPorts = 1>
ST_1 : Operation 69 [1/1] (0.00ns)   --->   "%br_ln369 = br i1 %icmp_ln369, void %if.else, void %if.then4" [firmware/nnet_utils/nnet_conv_stream.h:369]   --->   Operation 69 'br' 'br_ln369' <Predicate = true> <Delay = 0.00>
ST_1 : Operation 70 [1/1] (0.38ns)   --->   "%store_ln374 = store i32 %add_ln369, i32 %pX" [firmware/nnet_utils/nnet_conv_stream.h:374]   --->   Operation 70 'store' 'store_ln374' <Predicate = (!icmp_ln369)> <Delay = 0.38>
ST_1 : Operation 71 [1/1] (0.88ns)   --->   "%add_ln376 = add i32 %sX_load, i32 1" [firmware/nnet_utils/nnet_conv_stream.h:376]   --->   Operation 71 'add' 'add_ln376' <Predicate = (!icmp_ln369)> <Delay = 0.88> <CoreInst = "Adder">   --->   Core 1 'Adder' <Latency = 0> <II = 1> <Delay = 0.88> <FuncUnit> <Opcode : 'add' 'sub'> <InPorts = 2> <OutPorts = 1>
ST_1 : Operation 72 [1/1] (0.22ns)   --->   "%select_ln376 = select i1 %icmp_ln350, i32 2, i32 %add_ln376" [firmware/nnet_utils/nnet_conv_stream.h:376]   --->   Operation 72 'select' 'select_ln376' <Predicate = (!icmp_ln369)> <Delay = 0.22> <CoreInst = "Sel">   --->   Core 73 'Sel' <Latency = 0> <II = 1> <Delay = 0.22> <FuncUnit> <Opcode : 'select'> <InPorts = 3> <OutPorts = 1>
ST_1 : Operation 73 [1/1] (0.38ns)   --->   "%br_ln0 = br void %if.end11"   --->   Operation 73 'br' 'br_ln0' <Predicate = (!icmp_ln369)> <Delay = 0.38>
ST_1 : Operation 74 [1/1] (0.38ns)   --->   "%store_ln371 = store i32 0, i32 %pX" [firmware/nnet_utils/nnet_conv_stream.h:371]   --->   Operation 74 'store' 'store_ln371' <Predicate = (icmp_ln369)> <Delay = 0.38>
ST_1 : Operation 75 [1/1] (0.38ns)   --->   "%br_ln373 = br void %if.end11" [firmware/nnet_utils/nnet_conv_stream.h:373]   --->   Operation 75 'br' 'br_ln373' <Predicate = (icmp_ln369)> <Delay = 0.38>

State 2 <SV = 1> <Delay = 0.00>
ST_2 : Operation 76 [2/2] (0.00ns)   --->   "%tmp = call i256 @dense_latency<ap_fixed<16, 6, 5, 3, 0>, ap_fixed<16, 6, 5, 3, 0>, config2_mult>, i16 %void_compute_output_buffer_1d_array_const_stream_weight_t_bias_t_kernel_data_9, i16 %void_compute_output_buffer_1d_array_const_stream_weight_t_bias_t_kernel_data_8, i16 %void_compute_output_buffer_1d_array_const_stream_weight_t_bias_t_kernel_data_7, i16 %void_compute_output_buffer_1d_array_const_stream_weight_t_bias_t_kernel_data_6, i16 %void_compute_output_buffer_1d_array_const_stream_weight_t_bias_t_kernel_data_5, i16 %void_compute_output_buffer_1d_array_const_stream_weight_t_bias_t_kernel_data_4, i16 %void_compute_output_buffer_1d_array_const_stream_weight_t_bias_t_kernel_data_3, i16 %void_compute_output_buffer_1d_array_const_stream_weight_t_bias_t_kernel_data_2, i16 %void_compute_output_buffer_1d_array_const_stream_weight_t_bias_t_kernel_data_1, i16 %void_compute_output_buffer_1d_array_const_stream_weight_t_bias_t_kernel_data, i16 %p_ZZN4nnet24compute_output_buffer_1dINS_5arrayI8ap_fixedILi16ELi6EL9ap_q_mode5EL9_16, i16 %p_ZZN4nnet24compute_output_buffer_1dINS_5arrayI8ap_fixedILi16ELi6EL9ap_q_mode5EL9_15, i16 %p_ZZN4nnet24compute_output_buffer_1dINS_5arrayI8ap_fixedILi16ELi6EL9ap_q_mode5EL9_14, i16 %p_ZZN4nnet24compute_output_buffer_1dINS_5arrayI8ap_fixedILi16ELi6EL9ap_q_mode5EL9_13, i16 %p_ZZN4nnet24compute_output_buffer_1dINS_5arrayI8ap_fixedILi16ELi6EL9ap_q_mode5EL9_12, i16 %p_ZZN4nnet24compute_output_buffer_1dINS_5arrayI8ap_fixedILi16ELi6EL9ap_q_mode5EL9_11, i16 %p_ZZN4nnet24compute_output_buffer_1dINS_5arrayI8ap_fixedILi16ELi6EL9ap_q_mode5EL9_10, i16 %p_ZZN4nnet24compute_output_buffer_1dINS_5arrayI8ap_fixedILi16ELi6EL9ap_q_mode5EL9_9, i16 %p_ZZN4nnet24compute_output_buffer_1dINS_5arrayI8ap_fixedILi16ELi6EL9ap_q_mode5EL9_8, i16 %p_ZZN4nnet24compute_output_buffer_1dINS_5arrayI8ap_fixedILi16ELi6EL9ap_q_mode5EL9_7, i16 %p_ZZN4nnet24compute_output_buffer_1dINS_5arrayI8ap_fixedILi16ELi6EL9ap_q_mode5EL9_6, i16 %p_ZZN4nnet24compute_output_buffer_1dINS_5arrayI8ap_fixedILi16ELi6EL9ap_q_mode5EL9_5, i16 %p_ZZN4nnet24compute_output_buffer_1dINS_5arrayI8ap_fixedILi16ELi6EL9ap_q_mode5EL9_4, i16 %p_ZZN4nnet24compute_output_buffer_1dINS_5arrayI8ap_fixedILi16ELi6EL9ap_q_mode5EL9_3, i16 %p_ZZN4nnet24compute_output_buffer_1dINS_5arrayI8ap_fixedILi16ELi6EL9ap_q_mode5EL9_2, i16 %p_ZZN4nnet24compute_output_buffer_1dINS_5arrayI8ap_fixedILi16ELi6EL9ap_q_mode5EL9_1, i16 %p_ZZN4nnet24compute_output_buffer_1dINS_5arrayI8ap_fixedILi16ELi6EL9ap_q_mode5EL9" [firmware/nnet_utils/nnet_dense.h:54->firmware/nnet_utils/nnet_conv_stream.h:354]   --->   Operation 76 'call' 'tmp' <Predicate = (and_ln350)> <Delay = 0.00> <CoreType = "Generic">   --->   Core 0 '' <Latency = 0> <II = 1> <Delay = 1.00> <Generic> <Opcode : >
ST_2 : Operation 77 [1/1] (0.00ns)   --->   "%storemerge = phi i32 %select_ln376, void %if.else, i32 0, void %if.then4" [firmware/nnet_utils/nnet_conv_stream.h:376]   --->   Operation 77 'phi' 'storemerge' <Predicate = true> <Delay = 0.00>
ST_2 : Operation 78 [1/1] (0.00ns)   --->   "%store_ln372 = store i32 %storemerge, i32 %sX" [firmware/nnet_utils/nnet_conv_stream.h:372]   --->   Operation 78 'store' 'store_ln372' <Predicate = true> <Delay = 0.00>

State 3 <SV = 2> <Delay = 3.29>
ST_3 : Operation 79 [1/2] (3.29ns)   --->   "%tmp = call i256 @dense_latency<ap_fixed<16, 6, 5, 3, 0>, ap_fixed<16, 6, 5, 3, 0>, config2_mult>, i16 %void_compute_output_buffer_1d_array_const_stream_weight_t_bias_t_kernel_data_9, i16 %void_compute_output_buffer_1d_array_const_stream_weight_t_bias_t_kernel_data_8, i16 %void_compute_output_buffer_1d_array_const_stream_weight_t_bias_t_kernel_data_7, i16 %void_compute_output_buffer_1d_array_const_stream_weight_t_bias_t_kernel_data_6, i16 %void_compute_output_buffer_1d_array_const_stream_weight_t_bias_t_kernel_data_5, i16 %void_compute_output_buffer_1d_array_const_stream_weight_t_bias_t_kernel_data_4, i16 %void_compute_output_buffer_1d_array_const_stream_weight_t_bias_t_kernel_data_3, i16 %void_compute_output_buffer_1d_array_const_stream_weight_t_bias_t_kernel_data_2, i16 %void_compute_output_buffer_1d_array_const_stream_weight_t_bias_t_kernel_data_1, i16 %void_compute_output_buffer_1d_array_const_stream_weight_t_bias_t_kernel_data, i16 %p_ZZN4nnet24compute_output_buffer_1dINS_5arrayI8ap_fixedILi16ELi6EL9ap_q_mode5EL9_16, i16 %p_ZZN4nnet24compute_output_buffer_1dINS_5arrayI8ap_fixedILi16ELi6EL9ap_q_mode5EL9_15, i16 %p_ZZN4nnet24compute_output_buffer_1dINS_5arrayI8ap_fixedILi16ELi6EL9ap_q_mode5EL9_14, i16 %p_ZZN4nnet24compute_output_buffer_1dINS_5arrayI8ap_fixedILi16ELi6EL9ap_q_mode5EL9_13, i16 %p_ZZN4nnet24compute_output_buffer_1dINS_5arrayI8ap_fixedILi16ELi6EL9ap_q_mode5EL9_12, i16 %p_ZZN4nnet24compute_output_buffer_1dINS_5arrayI8ap_fixedILi16ELi6EL9ap_q_mode5EL9_11, i16 %p_ZZN4nnet24compute_output_buffer_1dINS_5arrayI8ap_fixedILi16ELi6EL9ap_q_mode5EL9_10, i16 %p_ZZN4nnet24compute_output_buffer_1dINS_5arrayI8ap_fixedILi16ELi6EL9ap_q_mode5EL9_9, i16 %p_ZZN4nnet24compute_output_buffer_1dINS_5arrayI8ap_fixedILi16ELi6EL9ap_q_mode5EL9_8, i16 %p_ZZN4nnet24compute_output_buffer_1dINS_5arrayI8ap_fixedILi16ELi6EL9ap_q_mode5EL9_7, i16 %p_ZZN4nnet24compute_output_buffer_1dINS_5arrayI8ap_fixedILi16ELi6EL9ap_q_mode5EL9_6, i16 %p_ZZN4nnet24compute_output_buffer_1dINS_5arrayI8ap_fixedILi16ELi6EL9ap_q_mode5EL9_5, i16 %p_ZZN4nnet24compute_output_buffer_1dINS_5arrayI8ap_fixedILi16ELi6EL9ap_q_mode5EL9_4, i16 %p_ZZN4nnet24compute_output_buffer_1dINS_5arrayI8ap_fixedILi16ELi6EL9ap_q_mode5EL9_3, i16 %p_ZZN4nnet24compute_output_buffer_1dINS_5arrayI8ap_fixedILi16ELi6EL9ap_q_mode5EL9_2, i16 %p_ZZN4nnet24compute_output_buffer_1dINS_5arrayI8ap_fixedILi16ELi6EL9ap_q_mode5EL9_1, i16 %p_ZZN4nnet24compute_output_buffer_1dINS_5arrayI8ap_fixedILi16ELi6EL9ap_q_mode5EL9" [firmware/nnet_utils/nnet_dense.h:54->firmware/nnet_utils/nnet_conv_stream.h:354]   --->   Operation 79 'call' 'tmp' <Predicate = (and_ln350)> <Delay = 3.29> <CoreType = "Generic">   --->   Core 0 '' <Latency = 0> <II = 1> <Delay = 1.00> <Generic> <Opcode : >
ST_3 : Operation 80 [1/1] (0.00ns)   --->   "%res_out = extractvalue i256 %tmp" [firmware/nnet_utils/nnet_dense.h:54->firmware/nnet_utils/nnet_conv_stream.h:354]   --->   Operation 80 'extractvalue' 'res_out' <Predicate = (and_ln350)> <Delay = 0.00>
ST_3 : Operation 81 [1/1] (0.00ns)   --->   "%res_out_16 = extractvalue i256 %tmp" [firmware/nnet_utils/nnet_dense.h:54->firmware/nnet_utils/nnet_conv_stream.h:354]   --->   Operation 81 'extractvalue' 'res_out_16' <Predicate = (and_ln350)> <Delay = 0.00>
ST_3 : Operation 82 [1/1] (0.00ns)   --->   "%res_out_17 = extractvalue i256 %tmp" [firmware/nnet_utils/nnet_dense.h:54->firmware/nnet_utils/nnet_conv_stream.h:354]   --->   Operation 82 'extractvalue' 'res_out_17' <Predicate = (and_ln350)> <Delay = 0.00>
ST_3 : Operation 83 [1/1] (0.00ns)   --->   "%res_out_18 = extractvalue i256 %tmp" [firmware/nnet_utils/nnet_dense.h:54->firmware/nnet_utils/nnet_conv_stream.h:354]   --->   Operation 83 'extractvalue' 'res_out_18' <Predicate = (and_ln350)> <Delay = 0.00>
ST_3 : Operation 84 [1/1] (0.00ns)   --->   "%res_out_4 = extractvalue i256 %tmp" [firmware/nnet_utils/nnet_dense.h:54->firmware/nnet_utils/nnet_conv_stream.h:354]   --->   Operation 84 'extractvalue' 'res_out_4' <Predicate = (and_ln350)> <Delay = 0.00>
ST_3 : Operation 85 [1/1] (0.00ns)   --->   "%res_out_5 = extractvalue i256 %tmp" [firmware/nnet_utils/nnet_dense.h:54->firmware/nnet_utils/nnet_conv_stream.h:354]   --->   Operation 85 'extractvalue' 'res_out_5' <Predicate = (and_ln350)> <Delay = 0.00>
ST_3 : Operation 86 [1/1] (0.00ns)   --->   "%res_out_6 = extractvalue i256 %tmp" [firmware/nnet_utils/nnet_dense.h:54->firmware/nnet_utils/nnet_conv_stream.h:354]   --->   Operation 86 'extractvalue' 'res_out_6' <Predicate = (and_ln350)> <Delay = 0.00>
ST_3 : Operation 87 [1/1] (0.00ns)   --->   "%res_out_7 = extractvalue i256 %tmp" [firmware/nnet_utils/nnet_dense.h:54->firmware/nnet_utils/nnet_conv_stream.h:354]   --->   Operation 87 'extractvalue' 'res_out_7' <Predicate = (and_ln350)> <Delay = 0.00>
ST_3 : Operation 88 [1/1] (0.00ns)   --->   "%res_out_8 = extractvalue i256 %tmp" [firmware/nnet_utils/nnet_dense.h:54->firmware/nnet_utils/nnet_conv_stream.h:354]   --->   Operation 88 'extractvalue' 'res_out_8' <Predicate = (and_ln350)> <Delay = 0.00>
ST_3 : Operation 89 [1/1] (0.00ns)   --->   "%res_out_9 = extractvalue i256 %tmp" [firmware/nnet_utils/nnet_dense.h:54->firmware/nnet_utils/nnet_conv_stream.h:354]   --->   Operation 89 'extractvalue' 'res_out_9' <Predicate = (and_ln350)> <Delay = 0.00>
ST_3 : Operation 90 [1/1] (0.00ns)   --->   "%res_out_10 = extractvalue i256 %tmp" [firmware/nnet_utils/nnet_dense.h:54->firmware/nnet_utils/nnet_conv_stream.h:354]   --->   Operation 90 'extractvalue' 'res_out_10' <Predicate = (and_ln350)> <Delay = 0.00>
ST_3 : Operation 91 [1/1] (0.00ns)   --->   "%res_out_11 = extractvalue i256 %tmp" [firmware/nnet_utils/nnet_dense.h:54->firmware/nnet_utils/nnet_conv_stream.h:354]   --->   Operation 91 'extractvalue' 'res_out_11' <Predicate = (and_ln350)> <Delay = 0.00>
ST_3 : Operation 92 [1/1] (0.00ns)   --->   "%res_out_12 = extractvalue i256 %tmp" [firmware/nnet_utils/nnet_dense.h:54->firmware/nnet_utils/nnet_conv_stream.h:354]   --->   Operation 92 'extractvalue' 'res_out_12' <Predicate = (and_ln350)> <Delay = 0.00>
ST_3 : Operation 93 [1/1] (0.00ns)   --->   "%res_out_13 = extractvalue i256 %tmp" [firmware/nnet_utils/nnet_dense.h:54->firmware/nnet_utils/nnet_conv_stream.h:354]   --->   Operation 93 'extractvalue' 'res_out_13' <Predicate = (and_ln350)> <Delay = 0.00>
ST_3 : Operation 94 [1/1] (0.00ns)   --->   "%res_out_14 = extractvalue i256 %tmp" [firmware/nnet_utils/nnet_dense.h:54->firmware/nnet_utils/nnet_conv_stream.h:354]   --->   Operation 94 'extractvalue' 'res_out_14' <Predicate = (and_ln350)> <Delay = 0.00>
ST_3 : Operation 95 [1/1] (0.00ns)   --->   "%res_out_15 = extractvalue i256 %tmp" [firmware/nnet_utils/nnet_dense.h:54->firmware/nnet_utils/nnet_conv_stream.h:354]   --->   Operation 95 'extractvalue' 'res_out_15' <Predicate = (and_ln350)> <Delay = 0.00>

State 4 <SV = 3> <Delay = 1.14>
ST_4 : Operation 96 [1/1] (0.00ns)   --->   "%p_0 = bitconcatenate i256 @_ssdm_op_BitConcatenate.i256.i16.i16.i16.i16.i16.i16.i16.i16.i16.i16.i16.i16.i16.i16.i16.i16, i16 %res_out_15, i16 %res_out_14, i16 %res_out_13, i16 %res_out_12, i16 %res_out_11, i16 %res_out_10, i16 %res_out_9, i16 %res_out_8, i16 %res_out_7, i16 %res_out_6, i16 %res_out_5, i16 %res_out_4, i16 %res_out_18, i16 %res_out_17, i16 %res_out_16, i16 %res_out" [firmware/nnet_utils/nnet_conv_stream.h:365]   --->   Operation 96 'bitconcatenate' 'p_0' <Predicate = (and_ln350)> <Delay = 0.00>
ST_4 : Operation 97 [1/1] (1.14ns)   --->   "%write_ln365 = write void @_ssdm_op_Write.ap_fifo.volatile.i256P0A, i256 %layer2_out, i256 %p_0" [firmware/nnet_utils/nnet_conv_stream.h:365]   --->   Operation 97 'write' 'write_ln365' <Predicate = (and_ln350)> <Delay = 1.14> <CoreInst = "FIFO">   --->   Core 77 'FIFO' <Latency = 0> <II = 1> <Delay = 1.14> <Storage> <Opcode : 'read' 'write' 'nbread' 'nbwrite'> <Ports = 0> <Width = 256> <Depth = 128> <FIFO>
ST_4 : Operation 98 [1/1] (0.00ns)   --->   "%br_ln366 = br void %if.end" [firmware/nnet_utils/nnet_conv_stream.h:366]   --->   Operation 98 'br' 'br_ln366' <Predicate = (and_ln350)> <Delay = 0.00>
ST_4 : Operation 99 [1/1] (0.00ns)   --->   "%ret_ln378 = ret" [firmware/nnet_utils/nnet_conv_stream.h:378]   --->   Operation 99 'ret' 'ret_ln378' <Predicate = true> <Delay = 0.00>


============================================================
+ Verbose Summary: Timing violations
============================================================
Target clock period: 5.000ns, clock uncertainty: 1.350ns.

 <State 1>: 2.147ns
The critical path consists of the following:
	'load' operation 32 bit ('pX_load', firmware/nnet_utils/nnet_conv_stream.h:350) on static variable 'pX' [97]  (0.000 ns)
	'add' operation 32 bit ('add_ln369', firmware/nnet_utils/nnet_conv_stream.h:369) [124]  (0.880 ns)
	'icmp' operation 1 bit ('icmp_ln369', firmware/nnet_utils/nnet_conv_stream.h:369) [125]  (0.880 ns)
	'store' operation 0 bit ('store_ln374', firmware/nnet_utils/nnet_conv_stream.h:374) of variable 'add_ln369', firmware/nnet_utils/nnet_conv_stream.h:369 on static variable 'pX' [128]  (0.387 ns)

 <State 2>: 0.000ns
The critical path consists of the following:

 <State 3>: 3.290ns
The critical path consists of the following:
	'call' operation 256 bit ('tmp', firmware/nnet_utils/nnet_dense.h:54->firmware/nnet_utils/nnet_conv_stream.h:354) to 'dense_latency<ap_fixed<16, 6, 5, 3, 0>, ap_fixed<16, 6, 5, 3, 0>, config2_mult>' [103]  (3.290 ns)

 <State 4>: 1.140ns
The critical path consists of the following:
	fifo write operation ('write_ln365', firmware/nnet_utils/nnet_conv_stream.h:365) on port 'layer2_out' (firmware/nnet_utils/nnet_conv_stream.h:365) [121]  (1.140 ns)


============================================================
+ Verbose Summary: Binding
============================================================
N/A
* FSMD analyzer results:
  - Output states:
 - Input state : 
  - Chain level:
	State 1
	State 2
	State 3
	State 4


============================================================
+ Verbose Summary: Datapath Resource usage 
============================================================
N/A
