

================================================================
== Vitis HLS Report for 'conv_1d_cl_array_ap_fixed_9u_array_ap_fixed_16_6_5_3_0_16u_config2_s'
================================================================
* Date:           Wed Mar 18 13:58:01 2026

* Version:        2024.1 (Build 5069499 on May 21 2024)
* Project:        myproject_prj
* Solution:       solution1 (Vivado IP Flow Target)
* Product family: virtexuplus
* Target device:  xcu250-figd2104-2L-e


================================================================
== Performance Estimates
================================================================
+ Timing: 
    * Summary: 
    +--------+---------+----------+------------+
    |  Clock |  Target | Estimated| Uncertainty|
    +--------+---------+----------+------------+
    |ap_clk  |  5.00 ns|  3.480 ns|     1.35 ns|
    +--------+---------+----------+------------+

+ Latency: 
    * Summary: 
    +---------+---------+----------+----------+-----+-----+-----------------------------------------------+
    |  Latency (cycles) |  Latency (absolute) |  Interval |                    Pipeline                   |
    |   min   |   max   |    min   |    max   | min | max |                      Type                     |
    +---------+---------+----------+----------+-----+-----+-----------------------------------------------+
    |      393|      393|  1.965 us|  1.965 us|  390|  390|  loop auto-rewind stp(delay=0 clock cycles(s))|
    +---------+---------+----------+----------+-----+-----+-----------------------------------------------+

    + Detail: 
        * Instance: 
        +-----------------------------------------------------------------------------------+------------------------------------------------------------------------+---------+---------+-----------+-----------+-----+-----+---------+
        |                                                                                   |                                                                        |  Latency (cycles) |   Latency (absolute)  |  Interval | Pipeline|
        |                                      Instance                                     |                                 Module                                 |   min   |   max   |    min    |    max    | min | max |   Type  |
        +-----------------------------------------------------------------------------------+------------------------------------------------------------------------+---------+---------+-----------+-----------+-----+-----+---------+
        |grp_compute_output_buffer_1d_array_array_ap_fixed_16_6_5_3_0_16u_config2_s_fu_138  |compute_output_buffer_1d_array_array_ap_fixed_16_6_5_3_0_16u_config2_s  |        3|        3|  15.000 ns|  15.000 ns|    3|    3|      yes|
        +-----------------------------------------------------------------------------------+------------------------------------------------------------------------+---------+---------+-----------+-----------+-----+-----+---------+

        * Loop: 
        +------------------+---------+---------+----------+-----------+-----------+------+----------+
        |                  |  Latency (cycles) | Iteration|  Initiation Interval  | Trip |          |
        |     Loop Name    |   min   |   max   |  Latency |  achieved |   target  | Count| Pipelined|
        +------------------+---------+---------+----------+-----------+-----------+------+----------+
        |- ReadInputWidth  |      391|      391|         5|          3|          1|   130|       yes|
        +------------------+---------+---------+----------+-----------+-----------+------+----------+



================================================================
== Utilization Estimates
================================================================
* Summary: 
+---------------------+---------+-------+---------+---------+------+
|         Name        | BRAM_18K|  DSP  |    FF   |   LUT   | URAM |
+---------------------+---------+-------+---------+---------+------+
|DSP                  |        -|      -|        -|        -|     -|
|Expression           |        -|      -|        0|       42|     -|
|FIFO                 |        -|      -|        -|        -|     -|
|Instance             |        -|    370|     3078|    11723|     -|
|Memory               |        -|      -|        -|        -|     -|
|Multiplexer          |        -|      -|        0|      110|     -|
|Register             |        -|      -|       19|        -|     -|
+---------------------+---------+-------+---------+---------+------+
|Total                |        0|    370|     3097|    11875|     0|
+---------------------+---------+-------+---------+---------+------+
|Available SLR        |     1344|   3072|   864000|   432000|   320|
+---------------------+---------+-------+---------+---------+------+
|Utilization SLR (%)  |        0|     12|       ~0|        2|     0|
+---------------------+---------+-------+---------+---------+------+
|Available            |     5376|  12288|  3456000|  1728000|  1280|
+---------------------+---------+-------+---------+---------+------+
|Utilization (%)      |        0|      3|       ~0|       ~0|     0|
+---------------------+---------+-------+---------+---------+------+

+ Detail: 
    * Instance: 
    +-----------------------------------------------------------------------------------+------------------------------------------------------------------------+---------+-----+------+-------+-----+
    |                                      Instance                                     |                                 Module                                 | BRAM_18K| DSP |  FF  |  LUT  | URAM|
    +-----------------------------------------------------------------------------------+------------------------------------------------------------------------+---------+-----+------+-------+-----+
    |grp_compute_output_buffer_1d_array_array_ap_fixed_16_6_5_3_0_16u_config2_s_fu_138  |compute_output_buffer_1d_array_array_ap_fixed_16_6_5_3_0_16u_config2_s  |        0|  370|  3078|  11723|    0|
    +-----------------------------------------------------------------------------------+------------------------------------------------------------------------+---------+-----+------+-------+-----+
    |Total                                                                              |                                                                        |        0|  370|  3078|  11723|    0|
    +-----------------------------------------------------------------------------------+------------------------------------------------------------------------+---------+-----+------+-------+-----+

    * DSP: 
    N/A

    * Memory: 
    N/A

    * FIFO: 
    N/A

    * Expression: 
    +------------------------------------------+----------+----+---+----+------------+------------+
    |               Variable Name              | Operation| DSP| FF| LUT| Bitwidth P0| Bitwidth P1|
    +------------------------------------------+----------+----+---+----+------------+------------+
    |i_iw_fu_219_p2                            |         +|   0|  0|  15|           8|           1|
    |ap_block_pp0_stage0_11001                 |       and|   0|  0|   2|           1|           1|
    |ap_block_pp0_stage0_11001_ignoreCallOp30  |       and|   0|  0|   2|           1|           1|
    |ap_block_pp0_stage1_11001_ignoreCallOp28  |       and|   0|  0|   2|           1|           1|
    |ap_condition_164                          |       and|   0|  0|   2|           1|           1|
    |icmp_ln22_fu_225_p2                       |      icmp|   0|  0|  15|           8|           8|
    |ap_block_pp0_stage1_11001                 |        or|   0|  0|   2|           1|           1|
    |ap_enable_pp0                             |       xor|   0|  0|   2|           1|           2|
    +------------------------------------------+----------+----+---+----+------------+------------+
    |Total                                     |          |   0|  0|  42|          22|          16|
    +------------------------------------------+----------+----+---+----+------------+------------+

    * Multiplexer: 
    +----------------------------------+----+-----------+-----+-----------+
    |               Name               | LUT| Input Size| Bits| Total Bits|
    +----------------------------------+----+-----------+-----+-----------+
    |ap_NS_fsm                         |  20|          4|    1|          4|
    |ap_done_int                       |   9|          2|    1|          2|
    |ap_enable_reg_pp0_iter0           |   9|          2|    1|          2|
    |ap_enable_reg_pp0_iter1           |   9|          2|    1|          2|
    |ap_loop_exit_ready_pp0_iter1_reg  |   9|          2|    1|          2|
    |ap_sig_allocacmp_i_iw_011_load    |   9|          2|    8|         16|
    |i_iw_011_fu_128                   |   9|          2|    8|         16|
    |layer2_out_blk_n                  |   9|          2|    1|          2|
    |layer2_out_write                  |   9|          2|    1|          2|
    |layer8_out_blk_n                  |   9|          2|    1|          2|
    |real_start                        |   9|          2|    1|          2|
    +----------------------------------+----+-----------+-----+-----------+
    |Total                             | 110|         24|   25|         52|
    +----------------------------------+----+-----------+-----+-----------+

    * Register: 
    +------------------------------------------------------------------------------------------------+---+----+-----+-----------+
    |                                              Name                                              | FF| LUT| Bits| Const Bits|
    +------------------------------------------------------------------------------------------------+---+----+-----+-----------+
    |ap_CS_fsm                                                                                       |  3|   0|    3|          0|
    |ap_done_reg                                                                                     |  1|   0|    1|          0|
    |ap_enable_reg_pp0_iter0_reg                                                                     |  1|   0|    1|          0|
    |ap_enable_reg_pp0_iter1                                                                         |  1|   0|    1|          0|
    |ap_loop_exit_ready_pp0_iter1_reg                                                                |  1|   0|    1|          0|
    |grp_compute_output_buffer_1d_array_array_ap_fixed_16_6_5_3_0_16u_config2_s_fu_138_ap_start_reg  |  1|   0|    1|          0|
    |i_iw_011_fu_128                                                                                 |  8|   0|    8|          0|
    |icmp_ln22_reg_336                                                                               |  1|   0|    1|          0|
    |icmp_ln22_reg_336_pp0_iter1_reg                                                                 |  1|   0|    1|          0|
    |start_once_reg                                                                                  |  1|   0|    1|          0|
    +------------------------------------------------------------------------------------------------+---+----+-----+-----------+
    |Total                                                                                           | 19|   0|   19|          0|
    +------------------------------------------------------------------------------------------------+---+----+-----+-----------+



================================================================
== Interface
================================================================
* Summary: 
+---------------------------+-----+-----+------------+------------------------------------------------------------------------+--------------+
|         RTL Ports         | Dir | Bits|  Protocol  |                              Source Object                             |    C Type    |
+---------------------------+-----+-----+------------+------------------------------------------------------------------------+--------------+
|ap_clk                     |   in|    1|  ap_ctrl_hs|  conv_1d_cl<array<ap_fixed,9u>,array<ap_fixed<16,6,5,3,0>,16u>,config2>|  return value|
|ap_rst                     |   in|    1|  ap_ctrl_hs|  conv_1d_cl<array<ap_fixed,9u>,array<ap_fixed<16,6,5,3,0>,16u>,config2>|  return value|
|ap_start                   |   in|    1|  ap_ctrl_hs|  conv_1d_cl<array<ap_fixed,9u>,array<ap_fixed<16,6,5,3,0>,16u>,config2>|  return value|
|start_full_n               |   in|    1|  ap_ctrl_hs|  conv_1d_cl<array<ap_fixed,9u>,array<ap_fixed<16,6,5,3,0>,16u>,config2>|  return value|
|ap_done                    |  out|    1|  ap_ctrl_hs|  conv_1d_cl<array<ap_fixed,9u>,array<ap_fixed<16,6,5,3,0>,16u>,config2>|  return value|
|ap_continue                |   in|    1|  ap_ctrl_hs|  conv_1d_cl<array<ap_fixed,9u>,array<ap_fixed<16,6,5,3,0>,16u>,config2>|  return value|
|ap_idle                    |  out|    1|  ap_ctrl_hs|  conv_1d_cl<array<ap_fixed,9u>,array<ap_fixed<16,6,5,3,0>,16u>,config2>|  return value|
|ap_ready                   |  out|    1|  ap_ctrl_hs|  conv_1d_cl<array<ap_fixed,9u>,array<ap_fixed<16,6,5,3,0>,16u>,config2>|  return value|
|start_out                  |  out|    1|  ap_ctrl_hs|  conv_1d_cl<array<ap_fixed,9u>,array<ap_fixed<16,6,5,3,0>,16u>,config2>|  return value|
|start_write                |  out|    1|  ap_ctrl_hs|  conv_1d_cl<array<ap_fixed,9u>,array<ap_fixed<16,6,5,3,0>,16u>,config2>|  return value|
|layer8_out_dout            |   in|  144|     ap_fifo|                                                              layer8_out|       pointer|
|layer8_out_num_data_valid  |   in|    9|     ap_fifo|                                                              layer8_out|       pointer|
|layer8_out_fifo_cap        |   in|    9|     ap_fifo|                                                              layer8_out|       pointer|
|layer8_out_empty_n         |   in|    1|     ap_fifo|                                                              layer8_out|       pointer|
|layer8_out_read            |  out|    1|     ap_fifo|                                                              layer8_out|       pointer|
|layer2_out_din             |  out|  256|     ap_fifo|                                                              layer2_out|       pointer|
|layer2_out_num_data_valid  |   in|    8|     ap_fifo|                                                              layer2_out|       pointer|
|layer2_out_fifo_cap        |   in|    8|     ap_fifo|                                                              layer2_out|       pointer|
|layer2_out_full_n          |   in|    1|     ap_fifo|                                                              layer2_out|       pointer|
|layer2_out_write           |  out|    1|     ap_fifo|                                                              layer2_out|       pointer|
+---------------------------+-----+-----+------------+------------------------------------------------------------------------+--------------+

============================================================
+ Verbose Summary: Synthesis Manager
============================================================
InlineROM: 1
ExposeGlobal: 0
============================================================
+ Verbose Summary: CDFG Model
============================================================
IsTopModel: 0
ResetActiveHigh: 1
IsCombinational: 2
IsDatapathOnly: 0
HasWiredReturn: 1
HasMFsm: 2
HasVarLatency: 1
IsPipeline: 0
IsRtlPipelined: 0
IsInstanceOverlapped: 0
IsDontTouch: 0
HasImplIP: 0
IsGatedGlobalClock: 0

+ Individual pipeline summary: 
  * Pipeline-0: initiation interval (II) = 3, depth = 5


============================================================
+ Verbose Summary: Schedule
============================================================
* Number of FSM states : 5
* Pipeline : 1
  Pipeline-0 : II = 3, D = 5, States = { 1 2 3 4 5 }
* Dataflow Pipeline: 0

* FSM state transitions: 
1 --> 2 
2 --> 3 
3 --> 4 
4 --> 5 
5 --> 

* FSM state operations: 

State 1 <SV = 0> <Delay = 1.47>
ST_1 : Operation 8 [1/1] (0.00ns)   --->   "%i_iw_011 = alloca i32 1"   --->   Operation 8 'alloca' 'i_iw_011' <Predicate = true> <Delay = 0.00>
ST_1 : Operation 9 [1/1] (0.00ns)   --->   "%specinterface_ln0 = specinterface void @_ssdm_op_SpecInterface, i256 %layer2_out, void @empty_15, i32 0, i32 0, void @empty_5, i32 0, i32 0, void @empty_5, void @empty_5, void @empty_5, i32 0, i32 0, i32 0, i32 0, void @empty_5, void @empty_5, i32 4294967295, i32 0, i32 0"   --->   Operation 9 'specinterface' 'specinterface_ln0' <Predicate = true> <Delay = 0.00>
ST_1 : Operation 10 [1/1] (0.00ns)   --->   "%specinterface_ln0 = specinterface void @_ssdm_op_SpecInterface, i144 %layer8_out, void @empty_15, i32 0, i32 0, void @empty_5, i32 0, i32 0, void @empty_5, void @empty_5, void @empty_5, i32 0, i32 0, i32 0, i32 0, void @empty_5, void @empty_5, i32 4294967295, i32 0, i32 0"   --->   Operation 10 'specinterface' 'specinterface_ln0' <Predicate = true> <Delay = 0.00>
ST_1 : Operation 11 [1/1] (0.38ns)   --->   "%store_ln0 = store i8 0, i8 %i_iw_011"   --->   Operation 11 'store' 'store_ln0' <Predicate = true> <Delay = 0.38>
ST_1 : Operation 12 [1/1] (0.00ns)   --->   "%br_ln22 = br void %for.inc.split" [firmware/nnet_utils/nnet_conv1d_stream.h:22]   --->   Operation 12 'br' 'br_ln22' <Predicate = true> <Delay = 0.00>
ST_1 : Operation 13 [1/1] (0.00ns)   --->   "%i_iw_011_load = load i8 %i_iw_011" [firmware/nnet_utils/nnet_conv1d_stream.h:22]   --->   Operation 13 'load' 'i_iw_011_load' <Predicate = true> <Delay = 0.00>
ST_1 : Operation 14 [1/1] (0.70ns)   --->   "%i_iw = add i8 %i_iw_011_load, i8 1" [firmware/nnet_utils/nnet_conv1d_stream.h:22]   --->   Operation 14 'add' 'i_iw' <Predicate = true> <Delay = 0.70> <CoreInst = "Adder">   --->   Core 1 'Adder' <Latency = 0> <II = 1> <Delay = 0.70> <FuncUnit> <Opcode : 'add' 'sub'> <InPorts = 2> <OutPorts = 1>
ST_1 : Operation 15 [1/1] (0.70ns)   --->   "%icmp_ln22 = icmp_eq  i8 %i_iw_011_load, i8 129" [firmware/nnet_utils/nnet_conv1d_stream.h:22]   --->   Operation 15 'icmp' 'icmp_ln22' <Predicate = true> <Delay = 0.70> <CoreInst = "Cmp">   --->   Core 9 'Cmp' <Latency = 0> <II = 1> <Delay = 0.70> <FuncUnit> <Opcode : 'seteq' 'setne' 'setle' 'setge' 'setlt' 'setgt'> <InPorts = 2> <OutPorts = 1>
ST_1 : Operation 16 [1/1] (0.38ns)   --->   "%store_ln22 = store i8 %i_iw, i8 %i_iw_011" [firmware/nnet_utils/nnet_conv1d_stream.h:22]   --->   Operation 16 'store' 'store_ln22' <Predicate = true> <Delay = 0.38>
ST_1 : Operation 17 [1/1] (0.00ns)   --->   "%br_ln22 = br i1 %icmp_ln22, void %for.inc.split, void %if.end14" [firmware/nnet_utils/nnet_conv1d_stream.h:22]   --->   Operation 17 'br' 'br_ln22' <Predicate = true> <Delay = 0.00>

State 2 <SV = 1> <Delay = 1.22>
ST_2 : Operation 18 [1/1] (1.22ns)   --->   "%layer8_out_read = read i144 @_ssdm_op_Read.ap_fifo.volatile.i144P0A, i144 %layer8_out" [firmware/nnet_utils/nnet_conv1d_stream.h:24]   --->   Operation 18 'read' 'layer8_out_read' <Predicate = true> <Delay = 1.22> <CoreInst = "FIFO">   --->   Core 77 'FIFO' <Latency = 0> <II = 1> <Delay = 1.22> <Storage> <Opcode : 'read' 'write' 'nbread' 'nbwrite'> <Ports = 0> <Width = 144> <Depth = 130> <FIFO>
ST_2 : Operation 19 [1/1] (0.00ns)   --->   "%trunc_ln24 = trunc i144 %layer8_out_read" [firmware/nnet_utils/nnet_conv1d_stream.h:24]   --->   Operation 19 'trunc' 'trunc_ln24' <Predicate = true> <Delay = 0.00>
ST_2 : Operation 20 [1/1] (0.00ns)   --->   "%trunc_ln24_1 = partselect i16 @_ssdm_op_PartSelect.i16.i144.i32.i32, i144 %layer8_out_read, i32 16, i32 31" [firmware/nnet_utils/nnet_conv1d_stream.h:24]   --->   Operation 20 'partselect' 'trunc_ln24_1' <Predicate = true> <Delay = 0.00>
ST_2 : Operation 21 [1/1] (0.00ns)   --->   "%trunc_ln24_2 = partselect i16 @_ssdm_op_PartSelect.i16.i144.i32.i32, i144 %layer8_out_read, i32 32, i32 47" [firmware/nnet_utils/nnet_conv1d_stream.h:24]   --->   Operation 21 'partselect' 'trunc_ln24_2' <Predicate = true> <Delay = 0.00>
ST_2 : Operation 22 [1/1] (0.00ns)   --->   "%trunc_ln24_3 = partselect i16 @_ssdm_op_PartSelect.i16.i144.i32.i32, i144 %layer8_out_read, i32 48, i32 63" [firmware/nnet_utils/nnet_conv1d_stream.h:24]   --->   Operation 22 'partselect' 'trunc_ln24_3' <Predicate = true> <Delay = 0.00>
ST_2 : Operation 23 [1/1] (0.00ns)   --->   "%trunc_ln24_4 = partselect i16 @_ssdm_op_PartSelect.i16.i144.i32.i32, i144 %layer8_out_read, i32 64, i32 79" [firmware/nnet_utils/nnet_conv1d_stream.h:24]   --->   Operation 23 'partselect' 'trunc_ln24_4' <Predicate = true> <Delay = 0.00>
ST_2 : Operation 24 [1/1] (0.00ns)   --->   "%trunc_ln24_5 = partselect i16 @_ssdm_op_PartSelect.i16.i144.i32.i32, i144 %layer8_out_read, i32 80, i32 95" [firmware/nnet_utils/nnet_conv1d_stream.h:24]   --->   Operation 24 'partselect' 'trunc_ln24_5' <Predicate = true> <Delay = 0.00>
ST_2 : Operation 25 [1/1] (0.00ns)   --->   "%trunc_ln24_6 = partselect i16 @_ssdm_op_PartSelect.i16.i144.i32.i32, i144 %layer8_out_read, i32 96, i32 111" [firmware/nnet_utils/nnet_conv1d_stream.h:24]   --->   Operation 25 'partselect' 'trunc_ln24_6' <Predicate = true> <Delay = 0.00>
ST_2 : Operation 26 [1/1] (0.00ns)   --->   "%trunc_ln24_7 = partselect i16 @_ssdm_op_PartSelect.i16.i144.i32.i32, i144 %layer8_out_read, i32 112, i32 127" [firmware/nnet_utils/nnet_conv1d_stream.h:24]   --->   Operation 26 'partselect' 'trunc_ln24_7' <Predicate = true> <Delay = 0.00>
ST_2 : Operation 27 [1/1] (0.00ns)   --->   "%trunc_ln24_8 = partselect i16 @_ssdm_op_PartSelect.i16.i144.i32.i32, i144 %layer8_out_read, i32 128, i32 143" [firmware/nnet_utils/nnet_conv1d_stream.h:24]   --->   Operation 27 'partselect' 'trunc_ln24_8' <Predicate = true> <Delay = 0.00>
ST_2 : Operation 28 [4/4] (0.00ns)   --->   "%call_ln24 = call void @compute_output_buffer_1d<array,array<ap_fixed<16,6,5,3,0>,16u>,config2>, i16 %trunc_ln24, i16 %trunc_ln24_1, i16 %trunc_ln24_2, i16 %trunc_ln24_3, i16 %trunc_ln24_4, i16 %trunc_ln24_5, i16 %trunc_ln24_6, i16 %trunc_ln24_7, i16 %trunc_ln24_8, i256 %layer2_out, i16 %void_compute_output_buffer_1d_array_const_stream_weight_t_bias_t_kernel_data, i16 %p_ZZN4nnet24compute_output_buffer_1dINS_5arrayI8ap_fixedILi16ELi6EL9ap_q_mode5EL9_16, i16 %p_ZZN4nnet24compute_output_buffer_1dINS_5arrayI8ap_fixedILi16ELi6EL9ap_q_mode5EL9_15, i16 %p_ZZN4nnet24compute_output_buffer_1dINS_5arrayI8ap_fixedILi16ELi6EL9ap_q_mode5EL9_14, i16 %p_ZZN4nnet24compute_output_buffer_1dINS_5arrayI8ap_fixedILi16ELi6EL9ap_q_mode5EL9_13, i16 %p_ZZN4nnet24compute_output_buffer_1dINS_5arrayI8ap_fixedILi16ELi6EL9ap_q_mode5EL9_12, i16 %p_ZZN4nnet24compute_output_buffer_1dINS_5arrayI8ap_fixedILi16ELi6EL9ap_q_mode5EL9_11, i16 %p_ZZN4nnet24compute_output_buffer_1dINS_5arrayI8ap_fixedILi16ELi6EL9ap_q_mode5EL9_10, i16 %p_ZZN4nnet24compute_output_buffer_1dINS_5arrayI8ap_fixedILi16ELi6EL9ap_q_mode5EL9_9, i16 %p_ZZN4nnet24compute_output_buffer_1dINS_5arrayI8ap_fixedILi16ELi6EL9ap_q_mode5EL9_8, i16 %p_ZZN4nnet24compute_output_buffer_1dINS_5arrayI8ap_fixedILi16ELi6EL9ap_q_mode5EL9_7, i16 %p_ZZN4nnet24compute_output_buffer_1dINS_5arrayI8ap_fixedILi16ELi6EL9ap_q_mode5EL9_6, i16 %p_ZZN4nnet24compute_output_buffer_1dINS_5arrayI8ap_fixedILi16ELi6EL9ap_q_mode5EL9_5, i16 %p_ZZN4nnet24compute_output_buffer_1dINS_5arrayI8ap_fixedILi16ELi6EL9ap_q_mode5EL9_4, i16 %p_ZZN4nnet24compute_output_buffer_1dINS_5arrayI8ap_fixedILi16ELi6EL9ap_q_mode5EL9_3, i16 %p_ZZN4nnet24compute_output_buffer_1dINS_5arrayI8ap_fixedILi16ELi6EL9ap_q_mode5EL9_2, i16 %p_ZZN4nnet24compute_output_buffer_1dINS_5arrayI8ap_fixedILi16ELi6EL9ap_q_mode5EL9_1, i16 %p_ZZN4nnet24compute_output_buffer_1dINS_5arrayI8ap_fixedILi16ELi6EL9ap_q_mode5EL9, i16 %void_compute_output_buffer_1d_array_const_stream_weight_t_bias_t_kernel_data_9, i16 %void_compute_output_buffer_1d_array_const_stream_weight_t_bias_t_kernel_data_8, i16 %void_compute_output_buffer_1d_array_const_stream_weight_t_bias_t_kernel_data_7, i16 %void_compute_output_buffer_1d_array_const_stream_weight_t_bias_t_kernel_data_6, i16 %void_compute_output_buffer_1d_array_const_stream_weight_t_bias_t_kernel_data_5, i16 %void_compute_output_buffer_1d_array_const_stream_weight_t_bias_t_kernel_data_4, i16 %void_compute_output_buffer_1d_array_const_stream_weight_t_bias_t_kernel_data_3, i16 %void_compute_output_buffer_1d_array_const_stream_weight_t_bias_t_kernel_data_2, i16 %void_compute_output_buffer_1d_array_const_stream_weight_t_bias_t_kernel_data_1, i32 %sX, i32 %pX" [firmware/nnet_utils/nnet_conv1d_stream.h:24]   --->   Operation 28 'call' 'call_ln24' <Predicate = true> <Delay = 0.00> <CoreType = "Generic">   --->   Core 0 '' <Latency = 0> <II = 1> <Delay = 1.00> <Generic> <Opcode : >

State 3 <SV = 2> <Delay = 0.00>
ST_3 : Operation 29 [3/4] (0.00ns)   --->   "%call_ln24 = call void @compute_output_buffer_1d<array,array<ap_fixed<16,6,5,3,0>,16u>,config2>, i16 %trunc_ln24, i16 %trunc_ln24_1, i16 %trunc_ln24_2, i16 %trunc_ln24_3, i16 %trunc_ln24_4, i16 %trunc_ln24_5, i16 %trunc_ln24_6, i16 %trunc_ln24_7, i16 %trunc_ln24_8, i256 %layer2_out, i16 %void_compute_output_buffer_1d_array_const_stream_weight_t_bias_t_kernel_data, i16 %p_ZZN4nnet24compute_output_buffer_1dINS_5arrayI8ap_fixedILi16ELi6EL9ap_q_mode5EL9_16, i16 %p_ZZN4nnet24compute_output_buffer_1dINS_5arrayI8ap_fixedILi16ELi6EL9ap_q_mode5EL9_15, i16 %p_ZZN4nnet24compute_output_buffer_1dINS_5arrayI8ap_fixedILi16ELi6EL9ap_q_mode5EL9_14, i16 %p_ZZN4nnet24compute_output_buffer_1dINS_5arrayI8ap_fixedILi16ELi6EL9ap_q_mode5EL9_13, i16 %p_ZZN4nnet24compute_output_buffer_1dINS_5arrayI8ap_fixedILi16ELi6EL9ap_q_mode5EL9_12, i16 %p_ZZN4nnet24compute_output_buffer_1dINS_5arrayI8ap_fixedILi16ELi6EL9ap_q_mode5EL9_11, i16 %p_ZZN4nnet24compute_output_buffer_1dINS_5arrayI8ap_fixedILi16ELi6EL9ap_q_mode5EL9_10, i16 %p_ZZN4nnet24compute_output_buffer_1dINS_5arrayI8ap_fixedILi16ELi6EL9ap_q_mode5EL9_9, i16 %p_ZZN4nnet24compute_output_buffer_1dINS_5arrayI8ap_fixedILi16ELi6EL9ap_q_mode5EL9_8, i16 %p_ZZN4nnet24compute_output_buffer_1dINS_5arrayI8ap_fixedILi16ELi6EL9ap_q_mode5EL9_7, i16 %p_ZZN4nnet24compute_output_buffer_1dINS_5arrayI8ap_fixedILi16ELi6EL9ap_q_mode5EL9_6, i16 %p_ZZN4nnet24compute_output_buffer_1dINS_5arrayI8ap_fixedILi16ELi6EL9ap_q_mode5EL9_5, i16 %p_ZZN4nnet24compute_output_buffer_1dINS_5arrayI8ap_fixedILi16ELi6EL9ap_q_mode5EL9_4, i16 %p_ZZN4nnet24compute_output_buffer_1dINS_5arrayI8ap_fixedILi16ELi6EL9ap_q_mode5EL9_3, i16 %p_ZZN4nnet24compute_output_buffer_1dINS_5arrayI8ap_fixedILi16ELi6EL9ap_q_mode5EL9_2, i16 %p_ZZN4nnet24compute_output_buffer_1dINS_5arrayI8ap_fixedILi16ELi6EL9ap_q_mode5EL9_1, i16 %p_ZZN4nnet24compute_output_buffer_1dINS_5arrayI8ap_fixedILi16ELi6EL9ap_q_mode5EL9, i16 %void_compute_output_buffer_1d_array_const_stream_weight_t_bias_t_kernel_data_9, i16 %void_compute_output_buffer_1d_array_const_stream_weight_t_bias_t_kernel_data_8, i16 %void_compute_output_buffer_1d_array_const_stream_weight_t_bias_t_kernel_data_7, i16 %void_compute_output_buffer_1d_array_const_stream_weight_t_bias_t_kernel_data_6, i16 %void_compute_output_buffer_1d_array_const_stream_weight_t_bias_t_kernel_data_5, i16 %void_compute_output_buffer_1d_array_const_stream_weight_t_bias_t_kernel_data_4, i16 %void_compute_output_buffer_1d_array_const_stream_weight_t_bias_t_kernel_data_3, i16 %void_compute_output_buffer_1d_array_const_stream_weight_t_bias_t_kernel_data_2, i16 %void_compute_output_buffer_1d_array_const_stream_weight_t_bias_t_kernel_data_1, i32 %sX, i32 %pX" [firmware/nnet_utils/nnet_conv1d_stream.h:24]   --->   Operation 29 'call' 'call_ln24' <Predicate = true> <Delay = 0.00> <CoreType = "Generic">   --->   Core 0 '' <Latency = 0> <II = 1> <Delay = 1.00> <Generic> <Opcode : >

State 4 <SV = 3> <Delay = 0.00>
ST_4 : Operation 30 [2/4] (0.00ns)   --->   "%call_ln24 = call void @compute_output_buffer_1d<array,array<ap_fixed<16,6,5,3,0>,16u>,config2>, i16 %trunc_ln24, i16 %trunc_ln24_1, i16 %trunc_ln24_2, i16 %trunc_ln24_3, i16 %trunc_ln24_4, i16 %trunc_ln24_5, i16 %trunc_ln24_6, i16 %trunc_ln24_7, i16 %trunc_ln24_8, i256 %layer2_out, i16 %void_compute_output_buffer_1d_array_const_stream_weight_t_bias_t_kernel_data, i16 %p_ZZN4nnet24compute_output_buffer_1dINS_5arrayI8ap_fixedILi16ELi6EL9ap_q_mode5EL9_16, i16 %p_ZZN4nnet24compute_output_buffer_1dINS_5arrayI8ap_fixedILi16ELi6EL9ap_q_mode5EL9_15, i16 %p_ZZN4nnet24compute_output_buffer_1dINS_5arrayI8ap_fixedILi16ELi6EL9ap_q_mode5EL9_14, i16 %p_ZZN4nnet24compute_output_buffer_1dINS_5arrayI8ap_fixedILi16ELi6EL9ap_q_mode5EL9_13, i16 %p_ZZN4nnet24compute_output_buffer_1dINS_5arrayI8ap_fixedILi16ELi6EL9ap_q_mode5EL9_12, i16 %p_ZZN4nnet24compute_output_buffer_1dINS_5arrayI8ap_fixedILi16ELi6EL9ap_q_mode5EL9_11, i16 %p_ZZN4nnet24compute_output_buffer_1dINS_5arrayI8ap_fixedILi16ELi6EL9ap_q_mode5EL9_10, i16 %p_ZZN4nnet24compute_output_buffer_1dINS_5arrayI8ap_fixedILi16ELi6EL9ap_q_mode5EL9_9, i16 %p_ZZN4nnet24compute_output_buffer_1dINS_5arrayI8ap_fixedILi16ELi6EL9ap_q_mode5EL9_8, i16 %p_ZZN4nnet24compute_output_buffer_1dINS_5arrayI8ap_fixedILi16ELi6EL9ap_q_mode5EL9_7, i16 %p_ZZN4nnet24compute_output_buffer_1dINS_5arrayI8ap_fixedILi16ELi6EL9ap_q_mode5EL9_6, i16 %p_ZZN4nnet24compute_output_buffer_1dINS_5arrayI8ap_fixedILi16ELi6EL9ap_q_mode5EL9_5, i16 %p_ZZN4nnet24compute_output_buffer_1dINS_5arrayI8ap_fixedILi16ELi6EL9ap_q_mode5EL9_4, i16 %p_ZZN4nnet24compute_output_buffer_1dINS_5arrayI8ap_fixedILi16ELi6EL9ap_q_mode5EL9_3, i16 %p_ZZN4nnet24compute_output_buffer_1dINS_5arrayI8ap_fixedILi16ELi6EL9ap_q_mode5EL9_2, i16 %p_ZZN4nnet24compute_output_buffer_1dINS_5arrayI8ap_fixedILi16ELi6EL9ap_q_mode5EL9_1, i16 %p_ZZN4nnet24compute_output_buffer_1dINS_5arrayI8ap_fixedILi16ELi6EL9ap_q_mode5EL9, i16 %void_compute_output_buffer_1d_array_const_stream_weight_t_bias_t_kernel_data_9, i16 %void_compute_output_buffer_1d_array_const_stream_weight_t_bias_t_kernel_data_8, i16 %void_compute_output_buffer_1d_array_const_stream_weight_t_bias_t_kernel_data_7, i16 %void_compute_output_buffer_1d_array_const_stream_weight_t_bias_t_kernel_data_6, i16 %void_compute_output_buffer_1d_array_const_stream_weight_t_bias_t_kernel_data_5, i16 %void_compute_output_buffer_1d_array_const_stream_weight_t_bias_t_kernel_data_4, i16 %void_compute_output_buffer_1d_array_const_stream_weight_t_bias_t_kernel_data_3, i16 %void_compute_output_buffer_1d_array_const_stream_weight_t_bias_t_kernel_data_2, i16 %void_compute_output_buffer_1d_array_const_stream_weight_t_bias_t_kernel_data_1, i32 %sX, i32 %pX" [firmware/nnet_utils/nnet_conv1d_stream.h:24]   --->   Operation 30 'call' 'call_ln24' <Predicate = true> <Delay = 0.00> <CoreType = "Generic">   --->   Core 0 '' <Latency = 0> <II = 1> <Delay = 1.00> <Generic> <Opcode : >

State 5 <SV = 4> <Delay = 0.38>
ST_5 : Operation 31 [1/1] (0.00ns)   --->   "%specpipeline_ln23 = specpipeline void @_ssdm_op_SpecPipeline, i32 1, i32 0, i32 0, i32 0, void @empty_5" [firmware/nnet_utils/nnet_conv1d_stream.h:23]   --->   Operation 31 'specpipeline' 'specpipeline_ln23' <Predicate = true> <Delay = 0.00>
ST_5 : Operation 32 [1/1] (0.00ns)   --->   "%speclooptripcount_ln22 = speclooptripcount void @_ssdm_op_SpecLoopTripCount, i64 130, i64 130, i64 130" [firmware/nnet_utils/nnet_conv1d_stream.h:22]   --->   Operation 32 'speclooptripcount' 'speclooptripcount_ln22' <Predicate = true> <Delay = 0.00>
ST_5 : Operation 33 [1/1] (0.00ns)   --->   "%specloopname_ln22 = specloopname void @_ssdm_op_SpecLoopName, void @empty_14" [firmware/nnet_utils/nnet_conv1d_stream.h:22]   --->   Operation 33 'specloopname' 'specloopname_ln22' <Predicate = true> <Delay = 0.00>
ST_5 : Operation 34 [1/4] (0.00ns)   --->   "%call_ln24 = call void @compute_output_buffer_1d<array,array<ap_fixed<16,6,5,3,0>,16u>,config2>, i16 %trunc_ln24, i16 %trunc_ln24_1, i16 %trunc_ln24_2, i16 %trunc_ln24_3, i16 %trunc_ln24_4, i16 %trunc_ln24_5, i16 %trunc_ln24_6, i16 %trunc_ln24_7, i16 %trunc_ln24_8, i256 %layer2_out, i16 %void_compute_output_buffer_1d_array_const_stream_weight_t_bias_t_kernel_data, i16 %p_ZZN4nnet24compute_output_buffer_1dINS_5arrayI8ap_fixedILi16ELi6EL9ap_q_mode5EL9_16, i16 %p_ZZN4nnet24compute_output_buffer_1dINS_5arrayI8ap_fixedILi16ELi6EL9ap_q_mode5EL9_15, i16 %p_ZZN4nnet24compute_output_buffer_1dINS_5arrayI8ap_fixedILi16ELi6EL9ap_q_mode5EL9_14, i16 %p_ZZN4nnet24compute_output_buffer_1dINS_5arrayI8ap_fixedILi16ELi6EL9ap_q_mode5EL9_13, i16 %p_ZZN4nnet24compute_output_buffer_1dINS_5arrayI8ap_fixedILi16ELi6EL9ap_q_mode5EL9_12, i16 %p_ZZN4nnet24compute_output_buffer_1dINS_5arrayI8ap_fixedILi16ELi6EL9ap_q_mode5EL9_11, i16 %p_ZZN4nnet24compute_output_buffer_1dINS_5arrayI8ap_fixedILi16ELi6EL9ap_q_mode5EL9_10, i16 %p_ZZN4nnet24compute_output_buffer_1dINS_5arrayI8ap_fixedILi16ELi6EL9ap_q_mode5EL9_9, i16 %p_ZZN4nnet24compute_output_buffer_1dINS_5arrayI8ap_fixedILi16ELi6EL9ap_q_mode5EL9_8, i16 %p_ZZN4nnet24compute_output_buffer_1dINS_5arrayI8ap_fixedILi16ELi6EL9ap_q_mode5EL9_7, i16 %p_ZZN4nnet24compute_output_buffer_1dINS_5arrayI8ap_fixedILi16ELi6EL9ap_q_mode5EL9_6, i16 %p_ZZN4nnet24compute_output_buffer_1dINS_5arrayI8ap_fixedILi16ELi6EL9ap_q_mode5EL9_5, i16 %p_ZZN4nnet24compute_output_buffer_1dINS_5arrayI8ap_fixedILi16ELi6EL9ap_q_mode5EL9_4, i16 %p_ZZN4nnet24compute_output_buffer_1dINS_5arrayI8ap_fixedILi16ELi6EL9ap_q_mode5EL9_3, i16 %p_ZZN4nnet24compute_output_buffer_1dINS_5arrayI8ap_fixedILi16ELi6EL9ap_q_mode5EL9_2, i16 %p_ZZN4nnet24compute_output_buffer_1dINS_5arrayI8ap_fixedILi16ELi6EL9ap_q_mode5EL9_1, i16 %p_ZZN4nnet24compute_output_buffer_1dINS_5arrayI8ap_fixedILi16ELi6EL9ap_q_mode5EL9, i16 %void_compute_output_buffer_1d_array_const_stream_weight_t_bias_t_kernel_data_9, i16 %void_compute_output_buffer_1d_array_const_stream_weight_t_bias_t_kernel_data_8, i16 %void_compute_output_buffer_1d_array_const_stream_weight_t_bias_t_kernel_data_7, i16 %void_compute_output_buffer_1d_array_const_stream_weight_t_bias_t_kernel_data_6, i16 %void_compute_output_buffer_1d_array_const_stream_weight_t_bias_t_kernel_data_5, i16 %void_compute_output_buffer_1d_array_const_stream_weight_t_bias_t_kernel_data_4, i16 %void_compute_output_buffer_1d_array_const_stream_weight_t_bias_t_kernel_data_3, i16 %void_compute_output_buffer_1d_array_const_stream_weight_t_bias_t_kernel_data_2, i16 %void_compute_output_buffer_1d_array_const_stream_weight_t_bias_t_kernel_data_1, i32 %sX, i32 %pX" [firmware/nnet_utils/nnet_conv1d_stream.h:24]   --->   Operation 34 'call' 'call_ln24' <Predicate = true> <Delay = 0.00> <CoreType = "Generic">   --->   Core 0 '' <Latency = 0> <II = 1> <Delay = 1.00> <Generic> <Opcode : >
ST_5 : Operation 35 [1/1] (0.38ns)   --->   "%ret_ln34 = ret" [firmware/nnet_utils/nnet_conv1d_stream.h:34]   --->   Operation 35 'ret' 'ret_ln34' <Predicate = (icmp_ln22)> <Delay = 0.38>


============================================================
+ Verbose Summary: Binding
============================================================
STG Binding: 
---------------- STG Properties BEGIN ----------------
- Is combinational: 0
- Is one-state seq: 0
- Is datapath-only: 0
- Is pipelined: 0
- Is top level: 0
Port [ Return ] is wired: 1; IO mode=ap_ctrl_hs:ce=0
Port [ layer8_out]:  wired=1; compound=1; hidden=0; nouse=0; global=0; static=0; extern=0; dir=0; type=3; pingpong=0; private_global=0; IO mode=ap_fifo:ce=0
Port [ layer2_out]:  wired=1; compound=1; hidden=0; nouse=0; global=0; static=0; extern=0; dir=1; type=3; pingpong=0; private_global=0; IO mode=ap_fifo:ce=0
Port [ void_compute_output_buffer_1d_array_const_stream_weight_t_bias_t_kernel_data]:  wired=0; compound=0; hidden=1; nouse=1; global=1; static=1; extern=0; dir=2; type=0; pingpong=0; private_global=0; IO mode=ap_ovld:ce=0
Port [ p_ZZN4nnet24compute_output_buffer_1dINS_5arrayI8ap_fixedILi16ELi6EL9ap_q_mode5EL9_16]:  wired=0; compound=0; hidden=1; nouse=1; global=1; static=1; extern=0; dir=2; type=0; pingpong=0; private_global=0; IO mode=ap_ovld:ce=0
Port [ p_ZZN4nnet24compute_output_buffer_1dINS_5arrayI8ap_fixedILi16ELi6EL9ap_q_mode5EL9_15]:  wired=0; compound=0; hidden=1; nouse=1; global=1; static=1; extern=0; dir=2; type=0; pingpong=0; private_global=0; IO mode=ap_ovld:ce=0
Port [ p_ZZN4nnet24compute_output_buffer_1dINS_5arrayI8ap_fixedILi16ELi6EL9ap_q_mode5EL9_14]:  wired=0; compound=0; hidden=1; nouse=1; global=1; static=1; extern=0; dir=2; type=0; pingpong=0; private_global=0; IO mode=ap_ovld:ce=0
Port [ p_ZZN4nnet24compute_output_buffer_1dINS_5arrayI8ap_fixedILi16ELi6EL9ap_q_mode5EL9_13]:  wired=0; compound=0; hidden=1; nouse=1; global=1; static=1; extern=0; dir=2; type=0; pingpong=0; private_global=0; IO mode=ap_ovld:ce=0
Port [ p_ZZN4nnet24compute_output_buffer_1dINS_5arrayI8ap_fixedILi16ELi6EL9ap_q_mode5EL9_12]:  wired=0; compound=0; hidden=1; nouse=1; global=1; static=1; extern=0; dir=2; type=0; pingpong=0; private_global=0; IO mode=ap_ovld:ce=0
Port [ p_ZZN4nnet24compute_output_buffer_1dINS_5arrayI8ap_fixedILi16ELi6EL9ap_q_mode5EL9_11]:  wired=0; compound=0; hidden=1; nouse=1; global=1; static=1; extern=0; dir=2; type=0; pingpong=0; private_global=0; IO mode=ap_ovld:ce=0
Port [ p_ZZN4nnet24compute_output_buffer_1dINS_5arrayI8ap_fixedILi16ELi6EL9ap_q_mode5EL9_10]:  wired=0; compound=0; hidden=1; nouse=1; global=1; static=1; extern=0; dir=2; type=0; pingpong=0; private_global=0; IO mode=ap_ovld:ce=0
Port [ p_ZZN4nnet24compute_output_buffer_1dINS_5arrayI8ap_fixedILi16ELi6EL9ap_q_mode5EL9_9]:  wired=0; compound=0; hidden=1; nouse=1; global=1; static=1; extern=0; dir=2; type=0; pingpong=0; private_global=0; IO mode=ap_ovld:ce=0
Port [ p_ZZN4nnet24compute_output_buffer_1dINS_5arrayI8ap_fixedILi16ELi6EL9ap_q_mode5EL9_8]:  wired=0; compound=0; hidden=1; nouse=1; global=1; static=1; extern=0; dir=2; type=0; pingpong=0; private_global=0; IO mode=ap_ovld:ce=0
Port [ p_ZZN4nnet24compute_output_buffer_1dINS_5arrayI8ap_fixedILi16ELi6EL9ap_q_mode5EL9_7]:  wired=0; compound=0; hidden=1; nouse=1; global=1; static=1; extern=0; dir=2; type=0; pingpong=0; private_global=0; IO mode=ap_ovld:ce=0
Port [ p_ZZN4nnet24compute_output_buffer_1dINS_5arrayI8ap_fixedILi16ELi6EL9ap_q_mode5EL9_6]:  wired=0; compound=0; hidden=1; nouse=1; global=1; static=1; extern=0; dir=2; type=0; pingpong=0; private_global=0; IO mode=ap_ovld:ce=0
Port [ p_ZZN4nnet24compute_output_buffer_1dINS_5arrayI8ap_fixedILi16ELi6EL9ap_q_mode5EL9_5]:  wired=0; compound=0; hidden=1; nouse=1; global=1; static=1; extern=0; dir=2; type=0; pingpong=0; private_global=0; IO mode=ap_ovld:ce=0
Port [ p_ZZN4nnet24compute_output_buffer_1dINS_5arrayI8ap_fixedILi16ELi6EL9ap_q_mode5EL9_4]:  wired=0; compound=0; hidden=1; nouse=1; global=1; static=1; extern=0; dir=2; type=0; pingpong=0; private_global=0; IO mode=ap_ovld:ce=0
Port [ p_ZZN4nnet24compute_output_buffer_1dINS_5arrayI8ap_fixedILi16ELi6EL9ap_q_mode5EL9_3]:  wired=0; compound=0; hidden=1; nouse=1; global=1; static=1; extern=0; dir=2; type=0; pingpong=0; private_global=0; IO mode=ap_ovld:ce=0
Port [ p_ZZN4nnet24compute_output_buffer_1dINS_5arrayI8ap_fixedILi16ELi6EL9ap_q_mode5EL9_2]:  wired=0; compound=0; hidden=1; nouse=1; global=1; static=1; extern=0; dir=2; type=0; pingpong=0; private_global=0; IO mode=ap_ovld:ce=0
Port [ p_ZZN4nnet24compute_output_buffer_1dINS_5arrayI8ap_fixedILi16ELi6EL9ap_q_mode5EL9_1]:  wired=0; compound=0; hidden=1; nouse=1; global=1; static=1; extern=0; dir=2; type=0; pingpong=0; private_global=0; IO mode=ap_ovld:ce=0
Port [ p_ZZN4nnet24compute_output_buffer_1dINS_5arrayI8ap_fixedILi16ELi6EL9ap_q_mode5EL9]:  wired=0; compound=0; hidden=1; nouse=1; global=1; static=1; extern=0; dir=2; type=0; pingpong=0; private_global=0; IO mode=ap_ovld:ce=0
Port [ void_compute_output_buffer_1d_array_const_stream_weight_t_bias_t_kernel_data_9]:  wired=0; compound=0; hidden=1; nouse=1; global=1; static=1; extern=0; dir=2; type=0; pingpong=0; private_global=0; IO mode=ap_ovld:ce=0
Port [ void_compute_output_buffer_1d_array_const_stream_weight_t_bias_t_kernel_data_8]:  wired=0; compound=0; hidden=1; nouse=1; global=1; static=1; extern=0; dir=2; type=0; pingpong=0; private_global=0; IO mode=ap_ovld:ce=0
Port [ void_compute_output_buffer_1d_array_const_stream_weight_t_bias_t_kernel_data_7]:  wired=0; compound=0; hidden=1; nouse=1; global=1; static=1; extern=0; dir=2; type=0; pingpong=0; private_global=0; IO mode=ap_ovld:ce=0
Port [ void_compute_output_buffer_1d_array_const_stream_weight_t_bias_t_kernel_data_6]:  wired=0; compound=0; hidden=1; nouse=1; global=1; static=1; extern=0; dir=2; type=0; pingpong=0; private_global=0; IO mode=ap_ovld:ce=0
Port [ void_compute_output_buffer_1d_array_const_stream_weight_t_bias_t_kernel_data_5]:  wired=0; compound=0; hidden=1; nouse=1; global=1; static=1; extern=0; dir=2; type=0; pingpong=0; private_global=0; IO mode=ap_ovld:ce=0
Port [ void_compute_output_buffer_1d_array_const_stream_weight_t_bias_t_kernel_data_4]:  wired=0; compound=0; hidden=1; nouse=1; global=1; static=1; extern=0; dir=2; type=0; pingpong=0; private_global=0; IO mode=ap_ovld:ce=0
Port [ void_compute_output_buffer_1d_array_const_stream_weight_t_bias_t_kernel_data_3]:  wired=0; compound=0; hidden=1; nouse=1; global=1; static=1; extern=0; dir=2; type=0; pingpong=0; private_global=0; IO mode=ap_ovld:ce=0
Port [ void_compute_output_buffer_1d_array_const_stream_weight_t_bias_t_kernel_data_2]:  wired=0; compound=0; hidden=1; nouse=1; global=1; static=1; extern=0; dir=2; type=0; pingpong=0; private_global=0; IO mode=ap_ovld:ce=0
Port [ void_compute_output_buffer_1d_array_const_stream_weight_t_bias_t_kernel_data_1]:  wired=0; compound=0; hidden=1; nouse=1; global=1; static=1; extern=0; dir=2; type=0; pingpong=0; private_global=0; IO mode=ap_ovld:ce=0
Port [ sX]:  wired=0; compound=0; hidden=1; nouse=1; global=1; static=1; extern=0; dir=2; type=0; pingpong=0; private_global=0; IO mode=ap_ovld:ce=0
Port [ pX]:  wired=0; compound=0; hidden=1; nouse=1; global=1; static=1; extern=0; dir=2; type=0; pingpong=0; private_global=0; IO mode=ap_ovld:ce=0
---------------- STG Properties END ------------------

---------------- Datapath Model BEGIN ----------------

<LifeTime>
<method=bitvector/>
i_iw_011               (alloca           ) [ 010000]
specinterface_ln0      (specinterface    ) [ 000000]
specinterface_ln0      (specinterface    ) [ 000000]
store_ln0              (store            ) [ 000000]
br_ln22                (br               ) [ 000000]
i_iw_011_load          (load             ) [ 000000]
i_iw                   (add              ) [ 000000]
icmp_ln22              (icmp             ) [ 011111]
store_ln22             (store            ) [ 000000]
br_ln22                (br               ) [ 000000]
layer8_out_read        (read             ) [ 000000]
trunc_ln24             (trunc            ) [ 000000]
trunc_ln24_1           (partselect       ) [ 000000]
trunc_ln24_2           (partselect       ) [ 000000]
trunc_ln24_3           (partselect       ) [ 000000]
trunc_ln24_4           (partselect       ) [ 000000]
trunc_ln24_5           (partselect       ) [ 000000]
trunc_ln24_6           (partselect       ) [ 000000]
trunc_ln24_7           (partselect       ) [ 000000]
trunc_ln24_8           (partselect       ) [ 000000]
specpipeline_ln23      (specpipeline     ) [ 000000]
speclooptripcount_ln22 (speclooptripcount) [ 000000]
specloopname_ln22      (specloopname     ) [ 000000]
call_ln24              (call             ) [ 000000]
ret_ln34               (ret              ) [ 000000]
</LifeTime>

<model>

<comp_list>
<comp id="0" class="1000" name="layer8_out">
<pin_list>
<pin id="1" dir="1" index="0" bw="1" slack="0"/>
</pin_list>
<bind>
<StgValue><ssdm name="layer8_out"/></StgValue>
</bind>
</comp>

<comp id="2" class="1000" name="layer2_out">
<pin_list>
<pin id="3" dir="1" index="0" bw="1" slack="0"/>
</pin_list>
<bind>
<StgValue><ssdm name="layer2_out"/></StgValue>
</bind>
</comp>

<comp id="4" class="1000" name="void_compute_output_buffer_1d_array_const_stream_weight_t_bias_t_kernel_data">
<pin_list>
<pin id="5" dir="1" index="0" bw="1" slack="0"/>
</pin_list>
<bind>
<StgValue><ssdm name="void_compute_output_buffer_1d_array_const_stream_weight_t_bias_t_kernel_data"/></StgValue>
</bind>
</comp>

<comp id="6" class="1000" name="p_ZZN4nnet24compute_output_buffer_1dINS_5arrayI8ap_fixedILi16ELi6EL9ap_q_mode5EL9_16">
<pin_list>
<pin id="7" dir="1" index="0" bw="1" slack="0"/>
</pin_list>
<bind>
<StgValue><ssdm name="p_ZZN4nnet24compute_output_buffer_1dINS_5arrayI8ap_fixedILi16ELi6EL9ap_q_mode5EL9_16"/></StgValue>
</bind>
</comp>

<comp id="8" class="1000" name="p_ZZN4nnet24compute_output_buffer_1dINS_5arrayI8ap_fixedILi16ELi6EL9ap_q_mode5EL9_15">
<pin_list>
<pin id="9" dir="1" index="0" bw="1" slack="0"/>
</pin_list>
<bind>
<StgValue><ssdm name="p_ZZN4nnet24compute_output_buffer_1dINS_5arrayI8ap_fixedILi16ELi6EL9ap_q_mode5EL9_15"/></StgValue>
</bind>
</comp>

<comp id="10" class="1000" name="p_ZZN4nnet24compute_output_buffer_1dINS_5arrayI8ap_fixedILi16ELi6EL9ap_q_mode5EL9_14">
<pin_list>
<pin id="11" dir="1" index="0" bw="1" slack="0"/>
</pin_list>
<bind>
<StgValue><ssdm name="p_ZZN4nnet24compute_output_buffer_1dINS_5arrayI8ap_fixedILi16ELi6EL9ap_q_mode5EL9_14"/></StgValue>
</bind>
</comp>

<comp id="12" class="1000" name="p_ZZN4nnet24compute_output_buffer_1dINS_5arrayI8ap_fixedILi16ELi6EL9ap_q_mode5EL9_13">
<pin_list>
<pin id="13" dir="1" index="0" bw="1" slack="0"/>
</pin_list>
<bind>
<StgValue><ssdm name="p_ZZN4nnet24compute_output_buffer_1dINS_5arrayI8ap_fixedILi16ELi6EL9ap_q_mode5EL9_13"/></StgValue>
</bind>
</comp>

<comp id="14" class="1000" name="p_ZZN4nnet24compute_output_buffer_1dINS_5arrayI8ap_fixedILi16ELi6EL9ap_q_mode5EL9_12">
<pin_list>
<pin id="15" dir="1" index="0" bw="1" slack="0"/>
</pin_list>
<bind>
<StgValue><ssdm name="p_ZZN4nnet24compute_output_buffer_1dINS_5arrayI8ap_fixedILi16ELi6EL9ap_q_mode5EL9_12"/></StgValue>
</bind>
</comp>

<comp id="16" class="1000" name="p_ZZN4nnet24compute_output_buffer_1dINS_5arrayI8ap_fixedILi16ELi6EL9ap_q_mode5EL9_11">
<pin_list>
<pin id="17" dir="1" index="0" bw="1" slack="0"/>
</pin_list>
<bind>
<StgValue><ssdm name="p_ZZN4nnet24compute_output_buffer_1dINS_5arrayI8ap_fixedILi16ELi6EL9ap_q_mode5EL9_11"/></StgValue>
</bind>
</comp>

<comp id="18" class="1000" name="p_ZZN4nnet24compute_output_buffer_1dINS_5arrayI8ap_fixedILi16ELi6EL9ap_q_mode5EL9_10">
<pin_list>
<pin id="19" dir="1" index="0" bw="1" slack="0"/>
</pin_list>
<bind>
<StgValue><ssdm name="p_ZZN4nnet24compute_output_buffer_1dINS_5arrayI8ap_fixedILi16ELi6EL9ap_q_mode5EL9_10"/></StgValue>
</bind>
</comp>

<comp id="20" class="1000" name="p_ZZN4nnet24compute_output_buffer_1dINS_5arrayI8ap_fixedILi16ELi6EL9ap_q_mode5EL9_9">
<pin_list>
<pin id="21" dir="1" index="0" bw="1" slack="0"/>
</pin_list>
<bind>
<StgValue><ssdm name="p_ZZN4nnet24compute_output_buffer_1dINS_5arrayI8ap_fixedILi16ELi6EL9ap_q_mode5EL9_9"/></StgValue>
</bind>
</comp>

<comp id="22" class="1000" name="p_ZZN4nnet24compute_output_buffer_1dINS_5arrayI8ap_fixedILi16ELi6EL9ap_q_mode5EL9_8">
<pin_list>
<pin id="23" dir="1" index="0" bw="1" slack="0"/>
</pin_list>
<bind>
<StgValue><ssdm name="p_ZZN4nnet24compute_output_buffer_1dINS_5arrayI8ap_fixedILi16ELi6EL9ap_q_mode5EL9_8"/></StgValue>
</bind>
</comp>

<comp id="24" class="1000" name="p_ZZN4nnet24compute_output_buffer_1dINS_5arrayI8ap_fixedILi16ELi6EL9ap_q_mode5EL9_7">
<pin_list>
<pin id="25" dir="1" index="0" bw="1" slack="0"/>
</pin_list>
<bind>
<StgValue><ssdm name="p_ZZN4nnet24compute_output_buffer_1dINS_5arrayI8ap_fixedILi16ELi6EL9ap_q_mode5EL9_7"/></StgValue>
</bind>
</comp>

<comp id="26" class="1000" name="p_ZZN4nnet24compute_output_buffer_1dINS_5arrayI8ap_fixedILi16ELi6EL9ap_q_mode5EL9_6">
<pin_list>
<pin id="27" dir="1" index="0" bw="1" slack="0"/>
</pin_list>
<bind>
<StgValue><ssdm name="p_ZZN4nnet24compute_output_buffer_1dINS_5arrayI8ap_fixedILi16ELi6EL9ap_q_mode5EL9_6"/></StgValue>
</bind>
</comp>

<comp id="28" class="1000" name="p_ZZN4nnet24compute_output_buffer_1dINS_5arrayI8ap_fixedILi16ELi6EL9ap_q_mode5EL9_5">
<pin_list>
<pin id="29" dir="1" index="0" bw="1" slack="0"/>
</pin_list>
<bind>
<StgValue><ssdm name="p_ZZN4nnet24compute_output_buffer_1dINS_5arrayI8ap_fixedILi16ELi6EL9ap_q_mode5EL9_5"/></StgValue>
</bind>
</comp>

<comp id="30" class="1000" name="p_ZZN4nnet24compute_output_buffer_1dINS_5arrayI8ap_fixedILi16ELi6EL9ap_q_mode5EL9_4">
<pin_list>
<pin id="31" dir="1" index="0" bw="1" slack="0"/>
</pin_list>
<bind>
<StgValue><ssdm name="p_ZZN4nnet24compute_output_buffer_1dINS_5arrayI8ap_fixedILi16ELi6EL9ap_q_mode5EL9_4"/></StgValue>
</bind>
</comp>

<comp id="32" class="1000" name="p_ZZN4nnet24compute_output_buffer_1dINS_5arrayI8ap_fixedILi16ELi6EL9ap_q_mode5EL9_3">
<pin_list>
<pin id="33" dir="1" index="0" bw="1" slack="0"/>
</pin_list>
<bind>
<StgValue><ssdm name="p_ZZN4nnet24compute_output_buffer_1dINS_5arrayI8ap_fixedILi16ELi6EL9ap_q_mode5EL9_3"/></StgValue>
</bind>
</comp>

<comp id="34" class="1000" name="p_ZZN4nnet24compute_output_buffer_1dINS_5arrayI8ap_fixedILi16ELi6EL9ap_q_mode5EL9_2">
<pin_list>
<pin id="35" dir="1" index="0" bw="1" slack="0"/>
</pin_list>
<bind>
<StgValue><ssdm name="p_ZZN4nnet24compute_output_buffer_1dINS_5arrayI8ap_fixedILi16ELi6EL9ap_q_mode5EL9_2"/></StgValue>
</bind>
</comp>

<comp id="36" class="1000" name="p_ZZN4nnet24compute_output_buffer_1dINS_5arrayI8ap_fixedILi16ELi6EL9ap_q_mode5EL9_1">
<pin_list>
<pin id="37" dir="1" index="0" bw="1" slack="0"/>
</pin_list>
<bind>
<StgValue><ssdm name="p_ZZN4nnet24compute_output_buffer_1dINS_5arrayI8ap_fixedILi16ELi6EL9ap_q_mode5EL9_1"/></StgValue>
</bind>
</comp>

<comp id="38" class="1000" name="p_ZZN4nnet24compute_output_buffer_1dINS_5arrayI8ap_fixedILi16ELi6EL9ap_q_mode5EL9">
<pin_list>
<pin id="39" dir="1" index="0" bw="1" slack="0"/>
</pin_list>
<bind>
<StgValue><ssdm name="p_ZZN4nnet24compute_output_buffer_1dINS_5arrayI8ap_fixedILi16ELi6EL9ap_q_mode5EL9"/></StgValue>
</bind>
</comp>

<comp id="40" class="1000" name="void_compute_output_buffer_1d_array_const_stream_weight_t_bias_t_kernel_data_9">
<pin_list>
<pin id="41" dir="1" index="0" bw="1" slack="0"/>
</pin_list>
<bind>
<StgValue><ssdm name="void_compute_output_buffer_1d_array_const_stream_weight_t_bias_t_kernel_data_9"/></StgValue>
</bind>
</comp>

<comp id="42" class="1000" name="void_compute_output_buffer_1d_array_const_stream_weight_t_bias_t_kernel_data_8">
<pin_list>
<pin id="43" dir="1" index="0" bw="1" slack="0"/>
</pin_list>
<bind>
<StgValue><ssdm name="void_compute_output_buffer_1d_array_const_stream_weight_t_bias_t_kernel_data_8"/></StgValue>
</bind>
</comp>

<comp id="44" class="1000" name="void_compute_output_buffer_1d_array_const_stream_weight_t_bias_t_kernel_data_7">
<pin_list>
<pin id="45" dir="1" index="0" bw="1" slack="0"/>
</pin_list>
<bind>
<StgValue><ssdm name="void_compute_output_buffer_1d_array_const_stream_weight_t_bias_t_kernel_data_7"/></StgValue>
</bind>
</comp>

<comp id="46" class="1000" name="void_compute_output_buffer_1d_array_const_stream_weight_t_bias_t_kernel_data_6">
<pin_list>
<pin id="47" dir="1" index="0" bw="1" slack="0"/>
</pin_list>
<bind>
<StgValue><ssdm name="void_compute_output_buffer_1d_array_const_stream_weight_t_bias_t_kernel_data_6"/></StgValue>
</bind>
</comp>

<comp id="48" class="1000" name="void_compute_output_buffer_1d_array_const_stream_weight_t_bias_t_kernel_data_5">
<pin_list>
<pin id="49" dir="1" index="0" bw="1" slack="0"/>
</pin_list>
<bind>
<StgValue><ssdm name="void_compute_output_buffer_1d_array_const_stream_weight_t_bias_t_kernel_data_5"/></StgValue>
</bind>
</comp>

<comp id="50" class="1000" name="void_compute_output_buffer_1d_array_const_stream_weight_t_bias_t_kernel_data_4">
<pin_list>
<pin id="51" dir="1" index="0" bw="1" slack="0"/>
</pin_list>
<bind>
<StgValue><ssdm name="void_compute_output_buffer_1d_array_const_stream_weight_t_bias_t_kernel_data_4"/></StgValue>
</bind>
</comp>

<comp id="52" class="1000" name="void_compute_output_buffer_1d_array_const_stream_weight_t_bias_t_kernel_data_3">
<pin_list>
<pin id="53" dir="1" index="0" bw="1" slack="0"/>
</pin_list>
<bind>
<StgValue><ssdm name="void_compute_output_buffer_1d_array_const_stream_weight_t_bias_t_kernel_data_3"/></StgValue>
</bind>
</comp>

<comp id="54" class="1000" name="void_compute_output_buffer_1d_array_const_stream_weight_t_bias_t_kernel_data_2">
<pin_list>
<pin id="55" dir="1" index="0" bw="1" slack="0"/>
</pin_list>
<bind>
<StgValue><ssdm name="void_compute_output_buffer_1d_array_const_stream_weight_t_bias_t_kernel_data_2"/></StgValue>
</bind>
</comp>

<comp id="56" class="1000" name="void_compute_output_buffer_1d_array_const_stream_weight_t_bias_t_kernel_data_1">
<pin_list>
<pin id="57" dir="1" index="0" bw="1" slack="0"/>
</pin_list>
<bind>
<StgValue><ssdm name="void_compute_output_buffer_1d_array_const_stream_weight_t_bias_t_kernel_data_1"/></StgValue>
</bind>
</comp>

<comp id="58" class="1000" name="sX">
<pin_list>
<pin id="59" dir="1" index="0" bw="1" slack="0"/>
</pin_list>
<bind>
<StgValue><ssdm name="sX"/></StgValue>
</bind>
</comp>

<comp id="60" class="1000" name="pX">
<pin_list>
<pin id="61" dir="1" index="0" bw="1" slack="0"/>
</pin_list>
<bind>
<StgValue><ssdm name="pX"/></StgValue>
</bind>
</comp>

<comp id="62" class="1001" name="const_62">
<pin_list>
<pin id="63" dir="1" index="0" bw="1" slack="0"/>
</pin_list>
<bind>
<StgValue><ssdm name=""/></StgValue>
</bind>
</comp>

<comp id="64" class="1001" name="const_64">
<pin_list>
<pin id="65" dir="1" index="0" bw="1" slack="2147483647"/>
</pin_list>
<bind>
<StgValue><ssdm name="_ssdm_op_SpecInterface"/></StgValue>
</bind>
</comp>

<comp id="66" class="1001" name="const_66">
<pin_list>
<pin id="67" dir="1" index="0" bw="1" slack="2147483647"/>
</pin_list>
<bind>
<StgValue><ssdm name="empty_15"/></StgValue>
</bind>
</comp>

<comp id="68" class="1001" name="const_68">
<pin_list>
<pin id="69" dir="1" index="0" bw="1" slack="2147483647"/>
</pin_list>
<bind>
<StgValue><ssdm name=""/></StgValue>
</bind>
</comp>

<comp id="70" class="1001" name="const_70">
<pin_list>
<pin id="71" dir="1" index="0" bw="1" slack="2147483647"/>
</pin_list>
<bind>
<StgValue><ssdm name="empty_5"/></StgValue>
</bind>
</comp>

<comp id="72" class="1001" name="const_72">
<pin_list>
<pin id="73" dir="1" index="0" bw="1" slack="2147483647"/>
</pin_list>
<bind>
<StgValue><ssdm name=""/></StgValue>
</bind>
</comp>

<comp id="74" class="1001" name="const_74">
<pin_list>
<pin id="75" dir="1" index="0" bw="1" slack="0"/>
</pin_list>
<bind>
<StgValue><ssdm name=""/></StgValue>
</bind>
</comp>

<comp id="76" class="1001" name="const_76">
<pin_list>
<pin id="77" dir="1" index="0" bw="1" slack="0"/>
</pin_list>
<bind>
<StgValue><ssdm name=""/></StgValue>
</bind>
</comp>

<comp id="78" class="1001" name="const_78">
<pin_list>
<pin id="79" dir="1" index="0" bw="1" slack="0"/>
</pin_list>
<bind>
<StgValue><ssdm name=""/></StgValue>
</bind>
</comp>

<comp id="80" class="1001" name="const_80">
<pin_list>
<pin id="81" dir="1" index="0" bw="1" slack="0"/>
</pin_list>
<bind>
<StgValue><ssdm name="_ssdm_op_Read.ap_fifo.volatile.i144P0A"/></StgValue>
</bind>
</comp>

<comp id="82" class="1001" name="const_82">
<pin_list>
<pin id="83" dir="1" index="0" bw="1" slack="0"/>
</pin_list>
<bind>
<StgValue><ssdm name="_ssdm_op_PartSelect.i16.i144.i32.i32"/></StgValue>
</bind>
</comp>

<comp id="84" class="1001" name="const_84">
<pin_list>
<pin id="85" dir="1" index="0" bw="1" slack="0"/>
</pin_list>
<bind>
<StgValue><ssdm name=""/></StgValue>
</bind>
</comp>

<comp id="86" class="1001" name="const_86">
<pin_list>
<pin id="87" dir="1" index="0" bw="1" slack="0"/>
</pin_list>
<bind>
<StgValue><ssdm name=""/></StgValue>
</bind>
</comp>

<comp id="88" class="1001" name="const_88">
<pin_list>
<pin id="89" dir="1" index="0" bw="1" slack="0"/>
</pin_list>
<bind>
<StgValue><ssdm name=""/></StgValue>
</bind>
</comp>

<comp id="90" class="1001" name="const_90">
<pin_list>
<pin id="91" dir="1" index="0" bw="1" slack="0"/>
</pin_list>
<bind>
<StgValue><ssdm name=""/></StgValue>
</bind>
</comp>

<comp id="92" class="1001" name="const_92">
<pin_list>
<pin id="93" dir="1" index="0" bw="1" slack="0"/>
</pin_list>
<bind>
<StgValue><ssdm name=""/></StgValue>
</bind>
</comp>

<comp id="94" class="1001" name="const_94">
<pin_list>
<pin id="95" dir="1" index="0" bw="1" slack="0"/>
</pin_list>
<bind>
<StgValue><ssdm name=""/></StgValue>
</bind>
</comp>

<comp id="96" class="1001" name="const_96">
<pin_list>
<pin id="97" dir="1" index="0" bw="1" slack="0"/>
</pin_list>
<bind>
<StgValue><ssdm name=""/></StgValue>
</bind>
</comp>

<comp id="98" class="1001" name="const_98">
<pin_list>
<pin id="99" dir="1" index="0" bw="1" slack="0"/>
</pin_list>
<bind>
<StgValue><ssdm name=""/></StgValue>
</bind>
</comp>

<comp id="100" class="1001" name="const_100">
<pin_list>
<pin id="101" dir="1" index="0" bw="1" slack="0"/>
</pin_list>
<bind>
<StgValue><ssdm name=""/></StgValue>
</bind>
</comp>

<comp id="102" class="1001" name="const_102">
<pin_list>
<pin id="103" dir="1" index="0" bw="1" slack="0"/>
</pin_list>
<bind>
<StgValue><ssdm name=""/></StgValue>
</bind>
</comp>

<comp id="104" class="1001" name="const_104">
<pin_list>
<pin id="105" dir="1" index="0" bw="1" slack="0"/>
</pin_list>
<bind>
<StgValue><ssdm name=""/></StgValue>
</bind>
</comp>

<comp id="106" class="1001" name="const_106">
<pin_list>
<pin id="107" dir="1" index="0" bw="1" slack="0"/>
</pin_list>
<bind>
<StgValue><ssdm name=""/></StgValue>
</bind>
</comp>

<comp id="108" class="1001" name="const_108">
<pin_list>
<pin id="109" dir="1" index="0" bw="1" slack="0"/>
</pin_list>
<bind>
<StgValue><ssdm name=""/></StgValue>
</bind>
</comp>

<comp id="110" class="1001" name="const_110">
<pin_list>
<pin id="111" dir="1" index="0" bw="1" slack="0"/>
</pin_list>
<bind>
<StgValue><ssdm name=""/></StgValue>
</bind>
</comp>

<comp id="112" class="1001" name="const_112">
<pin_list>
<pin id="113" dir="1" index="0" bw="1" slack="0"/>
</pin_list>
<bind>
<StgValue><ssdm name=""/></StgValue>
</bind>
</comp>

<comp id="114" class="1001" name="const_114">
<pin_list>
<pin id="115" dir="1" index="0" bw="1" slack="0"/>
</pin_list>
<bind>
<StgValue><ssdm name=""/></StgValue>
</bind>
</comp>

<comp id="116" class="1001" name="const_116">
<pin_list>
<pin id="117" dir="1" index="0" bw="1" slack="0"/>
</pin_list>
<bind>
<StgValue><ssdm name="compute_output_buffer_1d<array,array<ap_fixed<16,6,5,3,0>,16u>,config2>"/></StgValue>
</bind>
</comp>

<comp id="118" class="1001" name="const_118">
<pin_list>
<pin id="119" dir="1" index="0" bw="1" slack="2147483647"/>
</pin_list>
<bind>
<StgValue><ssdm name="_ssdm_op_SpecPipeline"/></StgValue>
</bind>
</comp>

<comp id="120" class="1001" name="const_120">
<pin_list>
<pin id="121" dir="1" index="0" bw="1" slack="2147483647"/>
</pin_list>
<bind>
<StgValue><ssdm name="_ssdm_op_SpecLoopTripCount"/></StgValue>
</bind>
</comp>

<comp id="122" class="1001" name="const_122">
<pin_list>
<pin id="123" dir="1" index="0" bw="1" slack="2147483647"/>
</pin_list>
<bind>
<StgValue><ssdm name=""/></StgValue>
</bind>
</comp>

<comp id="124" class="1001" name="const_124">
<pin_list>
<pin id="125" dir="1" index="0" bw="1" slack="2147483647"/>
</pin_list>
<bind>
<StgValue><ssdm name="_ssdm_op_SpecLoopName"/></StgValue>
</bind>
</comp>

<comp id="126" class="1001" name="const_126">
<pin_list>
<pin id="127" dir="1" index="0" bw="1" slack="2147483647"/>
</pin_list>
<bind>
<StgValue><ssdm name="empty_14"/></StgValue>
</bind>
</comp>

<comp id="128" class="1004" name="i_iw_011_fu_128">
<pin_list>
<pin id="129" dir="0" index="0" bw="1" slack="0"/>
<pin id="130" dir="1" index="1" bw="8" slack="0"/>
</pin_list>
<bind>
<opcode="alloca(26) " fcode="alloca"/>
<opset="i_iw_011/1 "/>
</bind>
</comp>

<comp id="132" class="1004" name="layer8_out_read_read_fu_132">
<pin_list>
<pin id="133" dir="0" index="0" bw="144" slack="0"/>
<pin id="134" dir="0" index="1" bw="144" slack="0"/>
<pin id="135" dir="1" index="2" bw="144" slack="0"/>
</pin_list>
<bind>
<opcode="read(1150) " fcode="read"/>
<opset="layer8_out_read/2 "/>
</bind>
</comp>

<comp id="138" class="1004" name="grp_compute_output_buffer_1d_array_array_ap_fixed_16_6_5_3_0_16u_config2_s_fu_138">
<pin_list>
<pin id="139" dir="0" index="0" bw="0" slack="0"/>
<pin id="140" dir="0" index="1" bw="16" slack="0"/>
<pin id="141" dir="0" index="2" bw="16" slack="0"/>
<pin id="142" dir="0" index="3" bw="16" slack="0"/>
<pin id="143" dir="0" index="4" bw="16" slack="0"/>
<pin id="144" dir="0" index="5" bw="16" slack="0"/>
<pin id="145" dir="0" index="6" bw="16" slack="0"/>
<pin id="146" dir="0" index="7" bw="16" slack="0"/>
<pin id="147" dir="0" index="8" bw="16" slack="0"/>
<pin id="148" dir="0" index="9" bw="16" slack="0"/>
<pin id="149" dir="0" index="10" bw="256" slack="0"/>
<pin id="150" dir="0" index="11" bw="16" slack="0"/>
<pin id="151" dir="0" index="12" bw="16" slack="0"/>
<pin id="152" dir="0" index="13" bw="16" slack="0"/>
<pin id="153" dir="0" index="14" bw="16" slack="0"/>
<pin id="154" dir="0" index="15" bw="16" slack="0"/>
<pin id="155" dir="0" index="16" bw="16" slack="0"/>
<pin id="156" dir="0" index="17" bw="16" slack="0"/>
<pin id="157" dir="0" index="18" bw="16" slack="0"/>
<pin id="158" dir="0" index="19" bw="16" slack="0"/>
<pin id="159" dir="0" index="20" bw="16" slack="0"/>
<pin id="160" dir="0" index="21" bw="16" slack="0"/>
<pin id="161" dir="0" index="22" bw="16" slack="0"/>
<pin id="162" dir="0" index="23" bw="16" slack="0"/>
<pin id="163" dir="0" index="24" bw="16" slack="0"/>
<pin id="164" dir="0" index="25" bw="16" slack="0"/>
<pin id="165" dir="0" index="26" bw="16" slack="0"/>
<pin id="166" dir="0" index="27" bw="16" slack="0"/>
<pin id="167" dir="0" index="28" bw="16" slack="0"/>
<pin id="168" dir="0" index="29" bw="16" slack="0"/>
<pin id="169" dir="0" index="30" bw="16" slack="0"/>
<pin id="170" dir="0" index="31" bw="16" slack="0"/>
<pin id="171" dir="0" index="32" bw="16" slack="0"/>
<pin id="172" dir="0" index="33" bw="16" slack="0"/>
<pin id="173" dir="0" index="34" bw="16" slack="0"/>
<pin id="174" dir="0" index="35" bw="16" slack="0"/>
<pin id="175" dir="0" index="36" bw="16" slack="0"/>
<pin id="176" dir="0" index="37" bw="16" slack="0"/>
<pin id="177" dir="0" index="38" bw="32" slack="0"/>
<pin id="178" dir="0" index="39" bw="32" slack="0"/>
<pin id="179" dir="1" index="40" bw="0" slack="2147483647"/>
</pin_list>
<bind>
<opcode="call(48) " fcode="call"/>
<opset="call_ln24/2 "/>
</bind>
</comp>

<comp id="211" class="1004" name="store_ln0_store_fu_211">
<pin_list>
<pin id="212" dir="0" index="0" bw="1" slack="0"/>
<pin id="213" dir="0" index="1" bw="8" slack="0"/>
<pin id="214" dir="1" index="2" bw="0" slack="2147483647"/>
</pin_list>
<bind>
<opcode="store(28) " fcode="store"/>
<opset="store_ln0/1 "/>
</bind>
</comp>

<comp id="216" class="1004" name="i_iw_011_load_load_fu_216">
<pin_list>
<pin id="217" dir="0" index="0" bw="8" slack="0"/>
<pin id="218" dir="1" index="1" bw="8" slack="0"/>
</pin_list>
<bind>
<opcode="load(27) " fcode="load"/>
<opset="i_iw_011_load/1 "/>
</bind>
</comp>

<comp id="219" class="1004" name="i_iw_fu_219">
<pin_list>
<pin id="220" dir="0" index="0" bw="8" slack="0"/>
<pin id="221" dir="0" index="1" bw="1" slack="0"/>
<pin id="222" dir="1" index="2" bw="8" slack="0"/>
</pin_list>
<bind>
<opcode="add(8) " fcode="add"/>
<opset="i_iw/1 "/>
</bind>
</comp>

<comp id="225" class="1004" name="icmp_ln22_fu_225">
<pin_list>
<pin id="226" dir="0" index="0" bw="8" slack="0"/>
<pin id="227" dir="0" index="1" bw="8" slack="0"/>
<pin id="228" dir="1" index="2" bw="1" slack="4"/>
</pin_list>
<bind>
<opcode="icmp(45) " fcode="icmp"/>
<opset="icmp_ln22/1 "/>
</bind>
</comp>

<comp id="231" class="1004" name="store_ln22_store_fu_231">
<pin_list>
<pin id="232" dir="0" index="0" bw="8" slack="0"/>
<pin id="233" dir="0" index="1" bw="8" slack="0"/>
<pin id="234" dir="1" index="2" bw="0" slack="2147483647"/>
</pin_list>
<bind>
<opcode="store(28) " fcode="store"/>
<opset="store_ln22/1 "/>
</bind>
</comp>

<comp id="236" class="1004" name="trunc_ln24_fu_236">
<pin_list>
<pin id="237" dir="0" index="0" bw="144" slack="0"/>
<pin id="238" dir="1" index="1" bw="16" slack="0"/>
</pin_list>
<bind>
<opcode="trunc(33) " fcode="trunc"/>
<opset="trunc_ln24/2 "/>
</bind>
</comp>

<comp id="241" class="1004" name="trunc_ln24_1_fu_241">
<pin_list>
<pin id="242" dir="0" index="0" bw="16" slack="0"/>
<pin id="243" dir="0" index="1" bw="144" slack="0"/>
<pin id="244" dir="0" index="2" bw="6" slack="0"/>
<pin id="245" dir="0" index="3" bw="6" slack="0"/>
<pin id="246" dir="1" index="4" bw="16" slack="0"/>
</pin_list>
<bind>
<opcode="partselect(1002) " fcode="partselect"/>
<opset="trunc_ln24_1/2 "/>
</bind>
</comp>

<comp id="252" class="1004" name="trunc_ln24_2_fu_252">
<pin_list>
<pin id="253" dir="0" index="0" bw="16" slack="0"/>
<pin id="254" dir="0" index="1" bw="144" slack="0"/>
<pin id="255" dir="0" index="2" bw="7" slack="0"/>
<pin id="256" dir="0" index="3" bw="7" slack="0"/>
<pin id="257" dir="1" index="4" bw="16" slack="0"/>
</pin_list>
<bind>
<opcode="partselect(1002) " fcode="partselect"/>
<opset="trunc_ln24_2/2 "/>
</bind>
</comp>

<comp id="263" class="1004" name="trunc_ln24_3_fu_263">
<pin_list>
<pin id="264" dir="0" index="0" bw="16" slack="0"/>
<pin id="265" dir="0" index="1" bw="144" slack="0"/>
<pin id="266" dir="0" index="2" bw="7" slack="0"/>
<pin id="267" dir="0" index="3" bw="7" slack="0"/>
<pin id="268" dir="1" index="4" bw="16" slack="0"/>
</pin_list>
<bind>
<opcode="partselect(1002) " fcode="partselect"/>
<opset="trunc_ln24_3/2 "/>
</bind>
</comp>

<comp id="274" class="1004" name="trunc_ln24_4_fu_274">
<pin_list>
<pin id="275" dir="0" index="0" bw="16" slack="0"/>
<pin id="276" dir="0" index="1" bw="144" slack="0"/>
<pin id="277" dir="0" index="2" bw="8" slack="0"/>
<pin id="278" dir="0" index="3" bw="8" slack="0"/>
<pin id="279" dir="1" index="4" bw="16" slack="0"/>
</pin_list>
<bind>
<opcode="partselect(1002) " fcode="partselect"/>
<opset="trunc_ln24_4/2 "/>
</bind>
</comp>

<comp id="285" class="1004" name="trunc_ln24_5_fu_285">
<pin_list>
<pin id="286" dir="0" index="0" bw="16" slack="0"/>
<pin id="287" dir="0" index="1" bw="144" slack="0"/>
<pin id="288" dir="0" index="2" bw="8" slack="0"/>
<pin id="289" dir="0" index="3" bw="8" slack="0"/>
<pin id="290" dir="1" index="4" bw="16" slack="0"/>
</pin_list>
<bind>
<opcode="partselect(1002) " fcode="partselect"/>
<opset="trunc_ln24_5/2 "/>
</bind>
</comp>

<comp id="296" class="1004" name="trunc_ln24_6_fu_296">
<pin_list>
<pin id="297" dir="0" index="0" bw="16" slack="0"/>
<pin id="298" dir="0" index="1" bw="144" slack="0"/>
<pin id="299" dir="0" index="2" bw="8" slack="0"/>
<pin id="300" dir="0" index="3" bw="8" slack="0"/>
<pin id="301" dir="1" index="4" bw="16" slack="0"/>
</pin_list>
<bind>
<opcode="partselect(1002) " fcode="partselect"/>
<opset="trunc_ln24_6/2 "/>
</bind>
</comp>

<comp id="307" class="1004" name="trunc_ln24_7_fu_307">
<pin_list>
<pin id="308" dir="0" index="0" bw="16" slack="0"/>
<pin id="309" dir="0" index="1" bw="144" slack="0"/>
<pin id="310" dir="0" index="2" bw="8" slack="0"/>
<pin id="311" dir="0" index="3" bw="8" slack="0"/>
<pin id="312" dir="1" index="4" bw="16" slack="0"/>
</pin_list>
<bind>
<opcode="partselect(1002) " fcode="partselect"/>
<opset="trunc_ln24_7/2 "/>
</bind>
</comp>

<comp id="318" class="1004" name="trunc_ln24_8_fu_318">
<pin_list>
<pin id="319" dir="0" index="0" bw="16" slack="0"/>
<pin id="320" dir="0" index="1" bw="144" slack="0"/>
<pin id="321" dir="0" index="2" bw="9" slack="0"/>
<pin id="322" dir="0" index="3" bw="9" slack="0"/>
<pin id="323" dir="1" index="4" bw="16" slack="0"/>
</pin_list>
<bind>
<opcode="partselect(1002) " fcode="partselect"/>
<opset="trunc_ln24_8/2 "/>
</bind>
</comp>

<comp id="329" class="1005" name="i_iw_011_reg_329">
<pin_list>
<pin id="330" dir="0" index="0" bw="8" slack="0"/>
<pin id="331" dir="1" index="1" bw="8" slack="0"/>
</pin_list>
<bind>
<opset="i_iw_011 "/>
</bind>
</comp>

<comp id="336" class="1005" name="icmp_ln22_reg_336">
<pin_list>
<pin id="337" dir="0" index="0" bw="1" slack="4"/>
<pin id="338" dir="1" index="1" bw="1" slack="2147483647"/>
</pin_list>
<bind>
<opset="icmp_ln22 "/>
</bind>
</comp>

</comp_list>

<net_list>
<net id="131"><net_src comp="62" pin="0"/><net_sink comp="128" pin=0"/></net>

<net id="136"><net_src comp="80" pin="0"/><net_sink comp="132" pin=0"/></net>

<net id="137"><net_src comp="0" pin="0"/><net_sink comp="132" pin=1"/></net>

<net id="180"><net_src comp="116" pin="0"/><net_sink comp="138" pin=0"/></net>

<net id="181"><net_src comp="2" pin="0"/><net_sink comp="138" pin=10"/></net>

<net id="182"><net_src comp="4" pin="0"/><net_sink comp="138" pin=11"/></net>

<net id="183"><net_src comp="6" pin="0"/><net_sink comp="138" pin=12"/></net>

<net id="184"><net_src comp="8" pin="0"/><net_sink comp="138" pin=13"/></net>

<net id="185"><net_src comp="10" pin="0"/><net_sink comp="138" pin=14"/></net>

<net id="186"><net_src comp="12" pin="0"/><net_sink comp="138" pin=15"/></net>

<net id="187"><net_src comp="14" pin="0"/><net_sink comp="138" pin=16"/></net>

<net id="188"><net_src comp="16" pin="0"/><net_sink comp="138" pin=17"/></net>

<net id="189"><net_src comp="18" pin="0"/><net_sink comp="138" pin=18"/></net>

<net id="190"><net_src comp="20" pin="0"/><net_sink comp="138" pin=19"/></net>

<net id="191"><net_src comp="22" pin="0"/><net_sink comp="138" pin=20"/></net>

<net id="192"><net_src comp="24" pin="0"/><net_sink comp="138" pin=21"/></net>

<net id="193"><net_src comp="26" pin="0"/><net_sink comp="138" pin=22"/></net>

<net id="194"><net_src comp="28" pin="0"/><net_sink comp="138" pin=23"/></net>

<net id="195"><net_src comp="30" pin="0"/><net_sink comp="138" pin=24"/></net>

<net id="196"><net_src comp="32" pin="0"/><net_sink comp="138" pin=25"/></net>

<net id="197"><net_src comp="34" pin="0"/><net_sink comp="138" pin=26"/></net>

<net id="198"><net_src comp="36" pin="0"/><net_sink comp="138" pin=27"/></net>

<net id="199"><net_src comp="38" pin="0"/><net_sink comp="138" pin=28"/></net>

<net id="200"><net_src comp="40" pin="0"/><net_sink comp="138" pin=29"/></net>

<net id="201"><net_src comp="42" pin="0"/><net_sink comp="138" pin=30"/></net>

<net id="202"><net_src comp="44" pin="0"/><net_sink comp="138" pin=31"/></net>

<net id="203"><net_src comp="46" pin="0"/><net_sink comp="138" pin=32"/></net>

<net id="204"><net_src comp="48" pin="0"/><net_sink comp="138" pin=33"/></net>

<net id="205"><net_src comp="50" pin="0"/><net_sink comp="138" pin=34"/></net>

<net id="206"><net_src comp="52" pin="0"/><net_sink comp="138" pin=35"/></net>

<net id="207"><net_src comp="54" pin="0"/><net_sink comp="138" pin=36"/></net>

<net id="208"><net_src comp="56" pin="0"/><net_sink comp="138" pin=37"/></net>

<net id="209"><net_src comp="58" pin="0"/><net_sink comp="138" pin=38"/></net>

<net id="210"><net_src comp="60" pin="0"/><net_sink comp="138" pin=39"/></net>

<net id="215"><net_src comp="74" pin="0"/><net_sink comp="211" pin=0"/></net>

<net id="223"><net_src comp="216" pin="1"/><net_sink comp="219" pin=0"/></net>

<net id="224"><net_src comp="76" pin="0"/><net_sink comp="219" pin=1"/></net>

<net id="229"><net_src comp="216" pin="1"/><net_sink comp="225" pin=0"/></net>

<net id="230"><net_src comp="78" pin="0"/><net_sink comp="225" pin=1"/></net>

<net id="235"><net_src comp="219" pin="2"/><net_sink comp="231" pin=0"/></net>

<net id="239"><net_src comp="132" pin="2"/><net_sink comp="236" pin=0"/></net>

<net id="240"><net_src comp="236" pin="1"/><net_sink comp="138" pin=1"/></net>

<net id="247"><net_src comp="82" pin="0"/><net_sink comp="241" pin=0"/></net>

<net id="248"><net_src comp="132" pin="2"/><net_sink comp="241" pin=1"/></net>

<net id="249"><net_src comp="84" pin="0"/><net_sink comp="241" pin=2"/></net>

<net id="250"><net_src comp="86" pin="0"/><net_sink comp="241" pin=3"/></net>

<net id="251"><net_src comp="241" pin="4"/><net_sink comp="138" pin=2"/></net>

<net id="258"><net_src comp="82" pin="0"/><net_sink comp="252" pin=0"/></net>

<net id="259"><net_src comp="132" pin="2"/><net_sink comp="252" pin=1"/></net>

<net id="260"><net_src comp="88" pin="0"/><net_sink comp="252" pin=2"/></net>

<net id="261"><net_src comp="90" pin="0"/><net_sink comp="252" pin=3"/></net>

<net id="262"><net_src comp="252" pin="4"/><net_sink comp="138" pin=3"/></net>

<net id="269"><net_src comp="82" pin="0"/><net_sink comp="263" pin=0"/></net>

<net id="270"><net_src comp="132" pin="2"/><net_sink comp="263" pin=1"/></net>

<net id="271"><net_src comp="92" pin="0"/><net_sink comp="263" pin=2"/></net>

<net id="272"><net_src comp="94" pin="0"/><net_sink comp="263" pin=3"/></net>

<net id="273"><net_src comp="263" pin="4"/><net_sink comp="138" pin=4"/></net>

<net id="280"><net_src comp="82" pin="0"/><net_sink comp="274" pin=0"/></net>

<net id="281"><net_src comp="132" pin="2"/><net_sink comp="274" pin=1"/></net>

<net id="282"><net_src comp="96" pin="0"/><net_sink comp="274" pin=2"/></net>

<net id="283"><net_src comp="98" pin="0"/><net_sink comp="274" pin=3"/></net>

<net id="284"><net_src comp="274" pin="4"/><net_sink comp="138" pin=5"/></net>

<net id="291"><net_src comp="82" pin="0"/><net_sink comp="285" pin=0"/></net>

<net id="292"><net_src comp="132" pin="2"/><net_sink comp="285" pin=1"/></net>

<net id="293"><net_src comp="100" pin="0"/><net_sink comp="285" pin=2"/></net>

<net id="294"><net_src comp="102" pin="0"/><net_sink comp="285" pin=3"/></net>

<net id="295"><net_src comp="285" pin="4"/><net_sink comp="138" pin=6"/></net>

<net id="302"><net_src comp="82" pin="0"/><net_sink comp="296" pin=0"/></net>

<net id="303"><net_src comp="132" pin="2"/><net_sink comp="296" pin=1"/></net>

<net id="304"><net_src comp="104" pin="0"/><net_sink comp="296" pin=2"/></net>

<net id="305"><net_src comp="106" pin="0"/><net_sink comp="296" pin=3"/></net>

<net id="306"><net_src comp="296" pin="4"/><net_sink comp="138" pin=7"/></net>

<net id="313"><net_src comp="82" pin="0"/><net_sink comp="307" pin=0"/></net>

<net id="314"><net_src comp="132" pin="2"/><net_sink comp="307" pin=1"/></net>

<net id="315"><net_src comp="108" pin="0"/><net_sink comp="307" pin=2"/></net>

<net id="316"><net_src comp="110" pin="0"/><net_sink comp="307" pin=3"/></net>

<net id="317"><net_src comp="307" pin="4"/><net_sink comp="138" pin=8"/></net>

<net id="324"><net_src comp="82" pin="0"/><net_sink comp="318" pin=0"/></net>

<net id="325"><net_src comp="132" pin="2"/><net_sink comp="318" pin=1"/></net>

<net id="326"><net_src comp="112" pin="0"/><net_sink comp="318" pin=2"/></net>

<net id="327"><net_src comp="114" pin="0"/><net_sink comp="318" pin=3"/></net>

<net id="328"><net_src comp="318" pin="4"/><net_sink comp="138" pin=9"/></net>

<net id="332"><net_src comp="128" pin="1"/><net_sink comp="329" pin=0"/></net>

<net id="333"><net_src comp="329" pin="1"/><net_sink comp="211" pin=1"/></net>

<net id="334"><net_src comp="329" pin="1"/><net_sink comp="216" pin=0"/></net>

<net id="335"><net_src comp="329" pin="1"/><net_sink comp="231" pin=1"/></net>

<net id="339"><net_src comp="225" pin="2"/><net_sink comp="336" pin=0"/></net>

</net_list>

</model> 
---------------- Datapath Model END ------------------

* FSMD analyzer results:
  - Output states:
	Port: layer2_out | {5 }
	Port: void_compute_output_buffer_1d_array_const_stream_weight_t_bias_t_kernel_data | {2 }
	Port: p_ZZN4nnet24compute_output_buffer_1dINS_5arrayI8ap_fixedILi16ELi6EL9ap_q_mode5EL9_16 | {2 }
	Port: p_ZZN4nnet24compute_output_buffer_1dINS_5arrayI8ap_fixedILi16ELi6EL9ap_q_mode5EL9_15 | {2 }
	Port: p_ZZN4nnet24compute_output_buffer_1dINS_5arrayI8ap_fixedILi16ELi6EL9ap_q_mode5EL9_14 | {2 }
	Port: p_ZZN4nnet24compute_output_buffer_1dINS_5arrayI8ap_fixedILi16ELi6EL9ap_q_mode5EL9_13 | {2 }
	Port: p_ZZN4nnet24compute_output_buffer_1dINS_5arrayI8ap_fixedILi16ELi6EL9ap_q_mode5EL9_12 | {2 }
	Port: p_ZZN4nnet24compute_output_buffer_1dINS_5arrayI8ap_fixedILi16ELi6EL9ap_q_mode5EL9_11 | {2 }
	Port: p_ZZN4nnet24compute_output_buffer_1dINS_5arrayI8ap_fixedILi16ELi6EL9ap_q_mode5EL9_10 | {2 }
	Port: p_ZZN4nnet24compute_output_buffer_1dINS_5arrayI8ap_fixedILi16ELi6EL9ap_q_mode5EL9_9 | {2 }
	Port: p_ZZN4nnet24compute_output_buffer_1dINS_5arrayI8ap_fixedILi16ELi6EL9ap_q_mode5EL9_8 | {2 }
	Port: p_ZZN4nnet24compute_output_buffer_1dINS_5arrayI8ap_fixedILi16ELi6EL9ap_q_mode5EL9_7 | {2 }
	Port: p_ZZN4nnet24compute_output_buffer_1dINS_5arrayI8ap_fixedILi16ELi6EL9ap_q_mode5EL9_6 | {2 }
	Port: p_ZZN4nnet24compute_output_buffer_1dINS_5arrayI8ap_fixedILi16ELi6EL9ap_q_mode5EL9_5 | {2 }
	Port: p_ZZN4nnet24compute_output_buffer_1dINS_5arrayI8ap_fixedILi16ELi6EL9ap_q_mode5EL9_4 | {2 }
	Port: p_ZZN4nnet24compute_output_buffer_1dINS_5arrayI8ap_fixedILi16ELi6EL9ap_q_mode5EL9_3 | {2 }
	Port: p_ZZN4nnet24compute_output_buffer_1dINS_5arrayI8ap_fixedILi16ELi6EL9ap_q_mode5EL9_2 | {2 }
	Port: p_ZZN4nnet24compute_output_buffer_1dINS_5arrayI8ap_fixedILi16ELi6EL9ap_q_mode5EL9_1 | {2 }
	Port: p_ZZN4nnet24compute_output_buffer_1dINS_5arrayI8ap_fixedILi16ELi6EL9ap_q_mode5EL9 | {2 }
	Port: void_compute_output_buffer_1d_array_const_stream_weight_t_bias_t_kernel_data_9 | {2 }
	Port: void_compute_output_buffer_1d_array_const_stream_weight_t_bias_t_kernel_data_8 | {2 }
	Port: void_compute_output_buffer_1d_array_const_stream_weight_t_bias_t_kernel_data_7 | {2 }
	Port: void_compute_output_buffer_1d_array_const_stream_weight_t_bias_t_kernel_data_6 | {2 }
	Port: void_compute_output_buffer_1d_array_const_stream_weight_t_bias_t_kernel_data_5 | {2 }
	Port: void_compute_output_buffer_1d_array_const_stream_weight_t_bias_t_kernel_data_4 | {2 }
	Port: void_compute_output_buffer_1d_array_const_stream_weight_t_bias_t_kernel_data_3 | {2 }
	Port: void_compute_output_buffer_1d_array_const_stream_weight_t_bias_t_kernel_data_2 | {2 }
	Port: void_compute_output_buffer_1d_array_const_stream_weight_t_bias_t_kernel_data_1 | {2 }
	Port: sX | {3 }
	Port: pX | {2 }
 - Input state : 
	Port: conv_1d_cl<array<ap_fixed,9u>,array<ap_fixed<16,6,5,3,0>,16u>,config2> : layer8_out | {2 }
	Port: conv_1d_cl<array<ap_fixed,9u>,array<ap_fixed<16,6,5,3,0>,16u>,config2> : void_compute_output_buffer_1d_array_const_stream_weight_t_bias_t_kernel_data | {2 3 }
	Port: conv_1d_cl<array<ap_fixed,9u>,array<ap_fixed<16,6,5,3,0>,16u>,config2> : p_ZZN4nnet24compute_output_buffer_1dINS_5arrayI8ap_fixedILi16ELi6EL9ap_q_mode5EL9_16 | {2 3 }
	Port: conv_1d_cl<array<ap_fixed,9u>,array<ap_fixed<16,6,5,3,0>,16u>,config2> : p_ZZN4nnet24compute_output_buffer_1dINS_5arrayI8ap_fixedILi16ELi6EL9ap_q_mode5EL9_15 | {2 3 }
	Port: conv_1d_cl<array<ap_fixed,9u>,array<ap_fixed<16,6,5,3,0>,16u>,config2> : p_ZZN4nnet24compute_output_buffer_1dINS_5arrayI8ap_fixedILi16ELi6EL9ap_q_mode5EL9_14 | {2 3 }
	Port: conv_1d_cl<array<ap_fixed,9u>,array<ap_fixed<16,6,5,3,0>,16u>,config2> : p_ZZN4nnet24compute_output_buffer_1dINS_5arrayI8ap_fixedILi16ELi6EL9ap_q_mode5EL9_13 | {2 3 }
	Port: conv_1d_cl<array<ap_fixed,9u>,array<ap_fixed<16,6,5,3,0>,16u>,config2> : p_ZZN4nnet24compute_output_buffer_1dINS_5arrayI8ap_fixedILi16ELi6EL9ap_q_mode5EL9_12 | {2 3 }
	Port: conv_1d_cl<array<ap_fixed,9u>,array<ap_fixed<16,6,5,3,0>,16u>,config2> : p_ZZN4nnet24compute_output_buffer_1dINS_5arrayI8ap_fixedILi16ELi6EL9ap_q_mode5EL9_11 | {2 3 }
	Port: conv_1d_cl<array<ap_fixed,9u>,array<ap_fixed<16,6,5,3,0>,16u>,config2> : p_ZZN4nnet24compute_output_buffer_1dINS_5arrayI8ap_fixedILi16ELi6EL9ap_q_mode5EL9_10 | {2 3 }
	Port: conv_1d_cl<array<ap_fixed,9u>,array<ap_fixed<16,6,5,3,0>,16u>,config2> : p_ZZN4nnet24compute_output_buffer_1dINS_5arrayI8ap_fixedILi16ELi6EL9ap_q_mode5EL9_9 | {2 3 }
	Port: conv_1d_cl<array<ap_fixed,9u>,array<ap_fixed<16,6,5,3,0>,16u>,config2> : p_ZZN4nnet24compute_output_buffer_1dINS_5arrayI8ap_fixedILi16ELi6EL9ap_q_mode5EL9_8 | {2 3 }
	Port: conv_1d_cl<array<ap_fixed,9u>,array<ap_fixed<16,6,5,3,0>,16u>,config2> : p_ZZN4nnet24compute_output_buffer_1dINS_5arrayI8ap_fixedILi16ELi6EL9ap_q_mode5EL9_7 | {2 3 }
	Port: conv_1d_cl<array<ap_fixed,9u>,array<ap_fixed<16,6,5,3,0>,16u>,config2> : p_ZZN4nnet24compute_output_buffer_1dINS_5arrayI8ap_fixedILi16ELi6EL9ap_q_mode5EL9_6 | {2 3 }
	Port: conv_1d_cl<array<ap_fixed,9u>,array<ap_fixed<16,6,5,3,0>,16u>,config2> : p_ZZN4nnet24compute_output_buffer_1dINS_5arrayI8ap_fixedILi16ELi6EL9ap_q_mode5EL9_5 | {2 3 }
	Port: conv_1d_cl<array<ap_fixed,9u>,array<ap_fixed<16,6,5,3,0>,16u>,config2> : p_ZZN4nnet24compute_output_buffer_1dINS_5arrayI8ap_fixedILi16ELi6EL9ap_q_mode5EL9_4 | {2 3 }
	Port: conv_1d_cl<array<ap_fixed,9u>,array<ap_fixed<16,6,5,3,0>,16u>,config2> : p_ZZN4nnet24compute_output_buffer_1dINS_5arrayI8ap_fixedILi16ELi6EL9ap_q_mode5EL9_3 | {2 3 }
	Port: conv_1d_cl<array<ap_fixed,9u>,array<ap_fixed<16,6,5,3,0>,16u>,config2> : p_ZZN4nnet24compute_output_buffer_1dINS_5arrayI8ap_fixedILi16ELi6EL9ap_q_mode5EL9_2 | {2 3 }
	Port: conv_1d_cl<array<ap_fixed,9u>,array<ap_fixed<16,6,5,3,0>,16u>,config2> : p_ZZN4nnet24compute_output_buffer_1dINS_5arrayI8ap_fixedILi16ELi6EL9ap_q_mode5EL9_1 | {2 3 }
	Port: conv_1d_cl<array<ap_fixed,9u>,array<ap_fixed<16,6,5,3,0>,16u>,config2> : p_ZZN4nnet24compute_output_buffer_1dINS_5arrayI8ap_fixedILi16ELi6EL9ap_q_mode5EL9 | {2 3 }
	Port: conv_1d_cl<array<ap_fixed,9u>,array<ap_fixed<16,6,5,3,0>,16u>,config2> : void_compute_output_buffer_1d_array_const_stream_weight_t_bias_t_kernel_data_9 | {3 }
	Port: conv_1d_cl<array<ap_fixed,9u>,array<ap_fixed<16,6,5,3,0>,16u>,config2> : void_compute_output_buffer_1d_array_const_stream_weight_t_bias_t_kernel_data_8 | {3 }
	Port: conv_1d_cl<array<ap_fixed,9u>,array<ap_fixed<16,6,5,3,0>,16u>,config2> : void_compute_output_buffer_1d_array_const_stream_weight_t_bias_t_kernel_data_7 | {3 }
	Port: conv_1d_cl<array<ap_fixed,9u>,array<ap_fixed<16,6,5,3,0>,16u>,config2> : void_compute_output_buffer_1d_array_const_stream_weight_t_bias_t_kernel_data_6 | {3 }
	Port: conv_1d_cl<array<ap_fixed,9u>,array<ap_fixed<16,6,5,3,0>,16u>,config2> : void_compute_output_buffer_1d_array_const_stream_weight_t_bias_t_kernel_data_5 | {3 }
	Port: conv_1d_cl<array<ap_fixed,9u>,array<ap_fixed<16,6,5,3,0>,16u>,config2> : void_compute_output_buffer_1d_array_const_stream_weight_t_bias_t_kernel_data_4 | {3 }
	Port: conv_1d_cl<array<ap_fixed,9u>,array<ap_fixed<16,6,5,3,0>,16u>,config2> : void_compute_output_buffer_1d_array_const_stream_weight_t_bias_t_kernel_data_3 | {3 }
	Port: conv_1d_cl<array<ap_fixed,9u>,array<ap_fixed<16,6,5,3,0>,16u>,config2> : void_compute_output_buffer_1d_array_const_stream_weight_t_bias_t_kernel_data_2 | {3 }
	Port: conv_1d_cl<array<ap_fixed,9u>,array<ap_fixed<16,6,5,3,0>,16u>,config2> : void_compute_output_buffer_1d_array_const_stream_weight_t_bias_t_kernel_data_1 | {3 }
	Port: conv_1d_cl<array<ap_fixed,9u>,array<ap_fixed<16,6,5,3,0>,16u>,config2> : sX | {2 }
	Port: conv_1d_cl<array<ap_fixed,9u>,array<ap_fixed<16,6,5,3,0>,16u>,config2> : pX | {2 }
  - Chain level:
	State 1
		store_ln0 : 1
		i_iw_011_load : 1
		i_iw : 2
		icmp_ln22 : 2
		store_ln22 : 3
		br_ln22 : 3
	State 2
		call_ln24 : 1
	State 3
	State 4
	State 5


============================================================
+ Verbose Summary: Datapath Resource usage 
============================================================

* Functional unit list:
|----------|-----------------------------------------------------------------------------------|---------|---------|---------|
| Operation|                                  Functional Unit                                  |   DSP   |    FF   |   LUT   |
|----------|-----------------------------------------------------------------------------------|---------|---------|---------|
|   call   | grp_compute_output_buffer_1d_array_array_ap_fixed_16_6_5_3_0_16u_config2_s_fu_138 |   370   |   2606  |  11503  |
|----------|-----------------------------------------------------------------------------------|---------|---------|---------|
|    add   |                                    i_iw_fu_219                                    |    0    |    0    |    15   |
|----------|-----------------------------------------------------------------------------------|---------|---------|---------|
|   icmp   |                                  icmp_ln22_fu_225                                 |    0    |    0    |    15   |
|----------|-----------------------------------------------------------------------------------|---------|---------|---------|
|   read   |                            layer8_out_read_read_fu_132                            |    0    |    0    |    0    |
|----------|-----------------------------------------------------------------------------------|---------|---------|---------|
|   trunc  |                                 trunc_ln24_fu_236                                 |    0    |    0    |    0    |
|----------|-----------------------------------------------------------------------------------|---------|---------|---------|
|          |                                trunc_ln24_1_fu_241                                |    0    |    0    |    0    |
|          |                                trunc_ln24_2_fu_252                                |    0    |    0    |    0    |
|          |                                trunc_ln24_3_fu_263                                |    0    |    0    |    0    |
|partselect|                                trunc_ln24_4_fu_274                                |    0    |    0    |    0    |
|          |                                trunc_ln24_5_fu_285                                |    0    |    0    |    0    |
|          |                                trunc_ln24_6_fu_296                                |    0    |    0    |    0    |
|          |                                trunc_ln24_7_fu_307                                |    0    |    0    |    0    |
|          |                                trunc_ln24_8_fu_318                                |    0    |    0    |    0    |
|----------|-----------------------------------------------------------------------------------|---------|---------|---------|
|   Total  |                                                                                   |   370   |   2606  |  11533  |
|----------|-----------------------------------------------------------------------------------|---------|---------|---------|

Memories:
N/A

* Register list:
+-----------------+--------+
|                 |   FF   |
+-----------------+--------+
| i_iw_011_reg_329|    8   |
|icmp_ln22_reg_336|    1   |
+-----------------+--------+
|      Total      |    9   |
+-----------------+--------+

* Multiplexer (MUX) list: 
|--------|------|------|------|--------|
|  Comp  |  Pin | Size |  BW  | S x BW |
|--------|------|------|------|--------|
|  Total |      |      |      |    0   |
|--------|------|------|------|--------|



* Summary:
+-----------+--------+--------+--------+
|           |   DSP  |   FF   |   LUT  |
+-----------+--------+--------+--------+
|  Function |   370  |  2606  |  11533 |
|   Memory  |    -   |    -   |    -   |
|Multiplexer|    -   |    -   |    -   |
|  Register |    -   |    9   |    -   |
+-----------+--------+--------+--------+
|   Total   |   370  |  2615  |  11533 |
+-----------+--------+--------+--------+
