

================================================================
== Vitis HLS Report for 'conv_1d_cl_array_ap_fixed_9u_array_ap_fixed_16_6_5_3_0_16u_config2_s'
================================================================
* Date:           Wed Mar 18 13:57:59 2026

* Version:        2024.1 (Build 5069499 on May 21 2024)
* Project:        myproject_prj
* Solution:       solution1 (Vivado IP Flow Target)
* Product family: virtexuplus
* Target device:  xcu250-figd2104-2L-e


================================================================
== Performance Estimates
================================================================
+ Timing: 
    * Summary: 
    +--------+---------+----------+------------+
    |  Clock |  Target | Estimated| Uncertainty|
    +--------+---------+----------+------------+
    |ap_clk  |  5.00 ns|  3.480 ns|     1.35 ns|
    +--------+---------+----------+------------+

+ Latency: 
    * Summary: 
    +---------+---------+----------+----------+-----+-----+-----------------------------------------------+
    |  Latency (cycles) |  Latency (absolute) |  Interval |                    Pipeline                   |
    |   min   |   max   |    min   |    max   | min | max |                      Type                     |
    +---------+---------+----------+----------+-----+-----+-----------------------------------------------+
    |      393|      393|  1.965 us|  1.965 us|  390|  390|  loop auto-rewind stp(delay=0 clock cycles(s))|
    +---------+---------+----------+----------+-----+-----+-----------------------------------------------+

    + Detail: 
        * Instance: 
        N/A

        * Loop: 
        +------------------+---------+---------+----------+-----------+-----------+------+----------+
        |                  |  Latency (cycles) | Iteration|  Initiation Interval  | Trip |          |
        |     Loop Name    |   min   |   max   |  Latency |  achieved |   target  | Count| Pipelined|
        +------------------+---------+---------+----------+-----------+-----------+------+----------+
        |- ReadInputWidth  |      391|      391|         5|          3|          1|   130|       yes|
        +------------------+---------+---------+----------+-----------+-----------+------+----------+

============================================================
+ Verbose Summary: Synthesis Manager
============================================================
InlineROM: 1
ExposeGlobal: 0
============================================================
+ Verbose Summary: CDFG Model
============================================================
IsTopModel: 0
ResetActiveHigh: 1
IsCombinational: 2
IsDatapathOnly: 0
HasWiredReturn: 1
HasMFsm: 2
HasVarLatency: 1
IsPipeline: 0
IsRtlPipelined: 0
IsInstanceOverlapped: 0
IsDontTouch: 0
HasImplIP: 0
IsGatedGlobalClock: 0

+ Individual pipeline summary: 
  * Pipeline-0: initiation interval (II) = 3, depth = 5


============================================================
+ Verbose Summary: Schedule
============================================================
* Number of FSM states : 5
* Pipeline : 1
  Pipeline-0 : II = 3, D = 5, States = { 1 2 3 4 5 }
* Dataflow Pipeline: 0

* FSM state transitions: 
1 --> 2 
2 --> 3 
3 --> 4 
4 --> 5 
5 --> 

* FSM state operations: 

State 1 <SV = 0> <Delay = 1.47>
ST_1 : Operation 8 [1/1] (0.00ns)   --->   "%i_iw_011 = alloca i32 1"   --->   Operation 8 'alloca' 'i_iw_011' <Predicate = true> <Delay = 0.00>
ST_1 : Operation 9 [1/1] (0.00ns)   --->   "%specinterface_ln0 = specinterface void @_ssdm_op_SpecInterface, i256 %layer2_out, void @empty_15, i32 0, i32 0, void @empty_5, i32 0, i32 0, void @empty_5, void @empty_5, void @empty_5, i32 0, i32 0, i32 0, i32 0, void @empty_5, void @empty_5, i32 4294967295, i32 0, i32 0"   --->   Operation 9 'specinterface' 'specinterface_ln0' <Predicate = true> <Delay = 0.00>
ST_1 : Operation 10 [1/1] (0.00ns)   --->   "%specinterface_ln0 = specinterface void @_ssdm_op_SpecInterface, i144 %layer8_out, void @empty_15, i32 0, i32 0, void @empty_5, i32 0, i32 0, void @empty_5, void @empty_5, void @empty_5, i32 0, i32 0, i32 0, i32 0, void @empty_5, void @empty_5, i32 4294967295, i32 0, i32 0"   --->   Operation 10 'specinterface' 'specinterface_ln0' <Predicate = true> <Delay = 0.00>
ST_1 : Operation 11 [1/1] (0.38ns)   --->   "%store_ln0 = store i8 0, i8 %i_iw_011"   --->   Operation 11 'store' 'store_ln0' <Predicate = true> <Delay = 0.38>
ST_1 : Operation 12 [1/1] (0.00ns)   --->   "%br_ln22 = br void %for.inc.split" [firmware/nnet_utils/nnet_conv1d_stream.h:22]   --->   Operation 12 'br' 'br_ln22' <Predicate = true> <Delay = 0.00>
ST_1 : Operation 13 [1/1] (0.00ns)   --->   "%i_iw_011_load = load i8 %i_iw_011" [firmware/nnet_utils/nnet_conv1d_stream.h:22]   --->   Operation 13 'load' 'i_iw_011_load' <Predicate = true> <Delay = 0.00>
ST_1 : Operation 14 [1/1] (0.70ns)   --->   "%i_iw = add i8 %i_iw_011_load, i8 1" [firmware/nnet_utils/nnet_conv1d_stream.h:22]   --->   Operation 14 'add' 'i_iw' <Predicate = true> <Delay = 0.70> <CoreInst = "Adder">   --->   Core 1 'Adder' <Latency = 0> <II = 1> <Delay = 0.70> <FuncUnit> <Opcode : 'add' 'sub'> <InPorts = 2> <OutPorts = 1>
ST_1 : Operation 15 [1/1] (0.70ns)   --->   "%icmp_ln22 = icmp_eq  i8 %i_iw_011_load, i8 129" [firmware/nnet_utils/nnet_conv1d_stream.h:22]   --->   Operation 15 'icmp' 'icmp_ln22' <Predicate = true> <Delay = 0.70> <CoreInst = "Cmp">   --->   Core 9 'Cmp' <Latency = 0> <II = 1> <Delay = 0.70> <FuncUnit> <Opcode : 'seteq' 'setne' 'setle' 'setge' 'setlt' 'setgt'> <InPorts = 2> <OutPorts = 1>
ST_1 : Operation 16 [1/1] (0.38ns)   --->   "%store_ln22 = store i8 %i_iw, i8 %i_iw_011" [firmware/nnet_utils/nnet_conv1d_stream.h:22]   --->   Operation 16 'store' 'store_ln22' <Predicate = true> <Delay = 0.38>
ST_1 : Operation 17 [1/1] (0.00ns)   --->   "%br_ln22 = br i1 %icmp_ln22, void %for.inc.split, void %if.end14" [firmware/nnet_utils/nnet_conv1d_stream.h:22]   --->   Operation 17 'br' 'br_ln22' <Predicate = true> <Delay = 0.00>

State 2 <SV = 1> <Delay = 1.22>
ST_2 : Operation 18 [1/1] (1.22ns)   --->   "%layer8_out_read = read i144 @_ssdm_op_Read.ap_fifo.volatile.i144P0A, i144 %layer8_out" [firmware/nnet_utils/nnet_conv1d_stream.h:24]   --->   Operation 18 'read' 'layer8_out_read' <Predicate = true> <Delay = 1.22> <CoreInst = "FIFO">   --->   Core 77 'FIFO' <Latency = 0> <II = 1> <Delay = 1.22> <Storage> <Opcode : 'read' 'write' 'nbread' 'nbwrite'> <Ports = 0> <Width = 144> <Depth = 130> <FIFO>
ST_2 : Operation 19 [1/1] (0.00ns)   --->   "%trunc_ln24 = trunc i144 %layer8_out_read" [firmware/nnet_utils/nnet_conv1d_stream.h:24]   --->   Operation 19 'trunc' 'trunc_ln24' <Predicate = true> <Delay = 0.00>
ST_2 : Operation 20 [1/1] (0.00ns)   --->   "%trunc_ln24_1 = partselect i16 @_ssdm_op_PartSelect.i16.i144.i32.i32, i144 %layer8_out_read, i32 16, i32 31" [firmware/nnet_utils/nnet_conv1d_stream.h:24]   --->   Operation 20 'partselect' 'trunc_ln24_1' <Predicate = true> <Delay = 0.00>
ST_2 : Operation 21 [1/1] (0.00ns)   --->   "%trunc_ln24_2 = partselect i16 @_ssdm_op_PartSelect.i16.i144.i32.i32, i144 %layer8_out_read, i32 32, i32 47" [firmware/nnet_utils/nnet_conv1d_stream.h:24]   --->   Operation 21 'partselect' 'trunc_ln24_2' <Predicate = true> <Delay = 0.00>
ST_2 : Operation 22 [1/1] (0.00ns)   --->   "%trunc_ln24_3 = partselect i16 @_ssdm_op_PartSelect.i16.i144.i32.i32, i144 %layer8_out_read, i32 48, i32 63" [firmware/nnet_utils/nnet_conv1d_stream.h:24]   --->   Operation 22 'partselect' 'trunc_ln24_3' <Predicate = true> <Delay = 0.00>
ST_2 : Operation 23 [1/1] (0.00ns)   --->   "%trunc_ln24_4 = partselect i16 @_ssdm_op_PartSelect.i16.i144.i32.i32, i144 %layer8_out_read, i32 64, i32 79" [firmware/nnet_utils/nnet_conv1d_stream.h:24]   --->   Operation 23 'partselect' 'trunc_ln24_4' <Predicate = true> <Delay = 0.00>
ST_2 : Operation 24 [1/1] (0.00ns)   --->   "%trunc_ln24_5 = partselect i16 @_ssdm_op_PartSelect.i16.i144.i32.i32, i144 %layer8_out_read, i32 80, i32 95" [firmware/nnet_utils/nnet_conv1d_stream.h:24]   --->   Operation 24 'partselect' 'trunc_ln24_5' <Predicate = true> <Delay = 0.00>
ST_2 : Operation 25 [1/1] (0.00ns)   --->   "%trunc_ln24_6 = partselect i16 @_ssdm_op_PartSelect.i16.i144.i32.i32, i144 %layer8_out_read, i32 96, i32 111" [firmware/nnet_utils/nnet_conv1d_stream.h:24]   --->   Operation 25 'partselect' 'trunc_ln24_6' <Predicate = true> <Delay = 0.00>
ST_2 : Operation 26 [1/1] (0.00ns)   --->   "%trunc_ln24_7 = partselect i16 @_ssdm_op_PartSelect.i16.i144.i32.i32, i144 %layer8_out_read, i32 112, i32 127" [firmware/nnet_utils/nnet_conv1d_stream.h:24]   --->   Operation 26 'partselect' 'trunc_ln24_7' <Predicate = true> <Delay = 0.00>
ST_2 : Operation 27 [1/1] (0.00ns)   --->   "%trunc_ln24_8 = partselect i16 @_ssdm_op_PartSelect.i16.i144.i32.i32, i144 %layer8_out_read, i32 128, i32 143" [firmware/nnet_utils/nnet_conv1d_stream.h:24]   --->   Operation 27 'partselect' 'trunc_ln24_8' <Predicate = true> <Delay = 0.00>
ST_2 : Operation 28 [4/4] (0.00ns)   --->   "%call_ln24 = call void @compute_output_buffer_1d<array,array<ap_fixed<16,6,5,3,0>,16u>,config2>, i16 %trunc_ln24, i16 %trunc_ln24_1, i16 %trunc_ln24_2, i16 %trunc_ln24_3, i16 %trunc_ln24_4, i16 %trunc_ln24_5, i16 %trunc_ln24_6, i16 %trunc_ln24_7, i16 %trunc_ln24_8, i256 %layer2_out, i16 %void_compute_output_buffer_1d_array_const_stream_weight_t_bias_t_kernel_data, i16 %p_ZZN4nnet24compute_output_buffer_1dINS_5arrayI8ap_fixedILi16ELi6EL9ap_q_mode5EL9_16, i16 %p_ZZN4nnet24compute_output_buffer_1dINS_5arrayI8ap_fixedILi16ELi6EL9ap_q_mode5EL9_15, i16 %p_ZZN4nnet24compute_output_buffer_1dINS_5arrayI8ap_fixedILi16ELi6EL9ap_q_mode5EL9_14, i16 %p_ZZN4nnet24compute_output_buffer_1dINS_5arrayI8ap_fixedILi16ELi6EL9ap_q_mode5EL9_13, i16 %p_ZZN4nnet24compute_output_buffer_1dINS_5arrayI8ap_fixedILi16ELi6EL9ap_q_mode5EL9_12, i16 %p_ZZN4nnet24compute_output_buffer_1dINS_5arrayI8ap_fixedILi16ELi6EL9ap_q_mode5EL9_11, i16 %p_ZZN4nnet24compute_output_buffer_1dINS_5arrayI8ap_fixedILi16ELi6EL9ap_q_mode5EL9_10, i16 %p_ZZN4nnet24compute_output_buffer_1dINS_5arrayI8ap_fixedILi16ELi6EL9ap_q_mode5EL9_9, i16 %p_ZZN4nnet24compute_output_buffer_1dINS_5arrayI8ap_fixedILi16ELi6EL9ap_q_mode5EL9_8, i16 %p_ZZN4nnet24compute_output_buffer_1dINS_5arrayI8ap_fixedILi16ELi6EL9ap_q_mode5EL9_7, i16 %p_ZZN4nnet24compute_output_buffer_1dINS_5arrayI8ap_fixedILi16ELi6EL9ap_q_mode5EL9_6, i16 %p_ZZN4nnet24compute_output_buffer_1dINS_5arrayI8ap_fixedILi16ELi6EL9ap_q_mode5EL9_5, i16 %p_ZZN4nnet24compute_output_buffer_1dINS_5arrayI8ap_fixedILi16ELi6EL9ap_q_mode5EL9_4, i16 %p_ZZN4nnet24compute_output_buffer_1dINS_5arrayI8ap_fixedILi16ELi6EL9ap_q_mode5EL9_3, i16 %p_ZZN4nnet24compute_output_buffer_1dINS_5arrayI8ap_fixedILi16ELi6EL9ap_q_mode5EL9_2, i16 %p_ZZN4nnet24compute_output_buffer_1dINS_5arrayI8ap_fixedILi16ELi6EL9ap_q_mode5EL9_1, i16 %p_ZZN4nnet24compute_output_buffer_1dINS_5arrayI8ap_fixedILi16ELi6EL9ap_q_mode5EL9, i16 %void_compute_output_buffer_1d_array_const_stream_weight_t_bias_t_kernel_data_9, i16 %void_compute_output_buffer_1d_array_const_stream_weight_t_bias_t_kernel_data_8, i16 %void_compute_output_buffer_1d_array_const_stream_weight_t_bias_t_kernel_data_7, i16 %void_compute_output_buffer_1d_array_const_stream_weight_t_bias_t_kernel_data_6, i16 %void_compute_output_buffer_1d_array_const_stream_weight_t_bias_t_kernel_data_5, i16 %void_compute_output_buffer_1d_array_const_stream_weight_t_bias_t_kernel_data_4, i16 %void_compute_output_buffer_1d_array_const_stream_weight_t_bias_t_kernel_data_3, i16 %void_compute_output_buffer_1d_array_const_stream_weight_t_bias_t_kernel_data_2, i16 %void_compute_output_buffer_1d_array_const_stream_weight_t_bias_t_kernel_data_1, i32 %sX, i32 %pX" [firmware/nnet_utils/nnet_conv1d_stream.h:24]   --->   Operation 28 'call' 'call_ln24' <Predicate = true> <Delay = 0.00> <CoreType = "Generic">   --->   Core 0 '' <Latency = 0> <II = 1> <Delay = 1.00> <Generic> <Opcode : >

State 3 <SV = 2> <Delay = 0.00>
ST_3 : Operation 29 [3/4] (0.00ns)   --->   "%call_ln24 = call void @compute_output_buffer_1d<array,array<ap_fixed<16,6,5,3,0>,16u>,config2>, i16 %trunc_ln24, i16 %trunc_ln24_1, i16 %trunc_ln24_2, i16 %trunc_ln24_3, i16 %trunc_ln24_4, i16 %trunc_ln24_5, i16 %trunc_ln24_6, i16 %trunc_ln24_7, i16 %trunc_ln24_8, i256 %layer2_out, i16 %void_compute_output_buffer_1d_array_const_stream_weight_t_bias_t_kernel_data, i16 %p_ZZN4nnet24compute_output_buffer_1dINS_5arrayI8ap_fixedILi16ELi6EL9ap_q_mode5EL9_16, i16 %p_ZZN4nnet24compute_output_buffer_1dINS_5arrayI8ap_fixedILi16ELi6EL9ap_q_mode5EL9_15, i16 %p_ZZN4nnet24compute_output_buffer_1dINS_5arrayI8ap_fixedILi16ELi6EL9ap_q_mode5EL9_14, i16 %p_ZZN4nnet24compute_output_buffer_1dINS_5arrayI8ap_fixedILi16ELi6EL9ap_q_mode5EL9_13, i16 %p_ZZN4nnet24compute_output_buffer_1dINS_5arrayI8ap_fixedILi16ELi6EL9ap_q_mode5EL9_12, i16 %p_ZZN4nnet24compute_output_buffer_1dINS_5arrayI8ap_fixedILi16ELi6EL9ap_q_mode5EL9_11, i16 %p_ZZN4nnet24compute_output_buffer_1dINS_5arrayI8ap_fixedILi16ELi6EL9ap_q_mode5EL9_10, i16 %p_ZZN4nnet24compute_output_buffer_1dINS_5arrayI8ap_fixedILi16ELi6EL9ap_q_mode5EL9_9, i16 %p_ZZN4nnet24compute_output_buffer_1dINS_5arrayI8ap_fixedILi16ELi6EL9ap_q_mode5EL9_8, i16 %p_ZZN4nnet24compute_output_buffer_1dINS_5arrayI8ap_fixedILi16ELi6EL9ap_q_mode5EL9_7, i16 %p_ZZN4nnet24compute_output_buffer_1dINS_5arrayI8ap_fixedILi16ELi6EL9ap_q_mode5EL9_6, i16 %p_ZZN4nnet24compute_output_buffer_1dINS_5arrayI8ap_fixedILi16ELi6EL9ap_q_mode5EL9_5, i16 %p_ZZN4nnet24compute_output_buffer_1dINS_5arrayI8ap_fixedILi16ELi6EL9ap_q_mode5EL9_4, i16 %p_ZZN4nnet24compute_output_buffer_1dINS_5arrayI8ap_fixedILi16ELi6EL9ap_q_mode5EL9_3, i16 %p_ZZN4nnet24compute_output_buffer_1dINS_5arrayI8ap_fixedILi16ELi6EL9ap_q_mode5EL9_2, i16 %p_ZZN4nnet24compute_output_buffer_1dINS_5arrayI8ap_fixedILi16ELi6EL9ap_q_mode5EL9_1, i16 %p_ZZN4nnet24compute_output_buffer_1dINS_5arrayI8ap_fixedILi16ELi6EL9ap_q_mode5EL9, i16 %void_compute_output_buffer_1d_array_const_stream_weight_t_bias_t_kernel_data_9, i16 %void_compute_output_buffer_1d_array_const_stream_weight_t_bias_t_kernel_data_8, i16 %void_compute_output_buffer_1d_array_const_stream_weight_t_bias_t_kernel_data_7, i16 %void_compute_output_buffer_1d_array_const_stream_weight_t_bias_t_kernel_data_6, i16 %void_compute_output_buffer_1d_array_const_stream_weight_t_bias_t_kernel_data_5, i16 %void_compute_output_buffer_1d_array_const_stream_weight_t_bias_t_kernel_data_4, i16 %void_compute_output_buffer_1d_array_const_stream_weight_t_bias_t_kernel_data_3, i16 %void_compute_output_buffer_1d_array_const_stream_weight_t_bias_t_kernel_data_2, i16 %void_compute_output_buffer_1d_array_const_stream_weight_t_bias_t_kernel_data_1, i32 %sX, i32 %pX" [firmware/nnet_utils/nnet_conv1d_stream.h:24]   --->   Operation 29 'call' 'call_ln24' <Predicate = true> <Delay = 0.00> <CoreType = "Generic">   --->   Core 0 '' <Latency = 0> <II = 1> <Delay = 1.00> <Generic> <Opcode : >

State 4 <SV = 3> <Delay = 0.00>
ST_4 : Operation 30 [2/4] (0.00ns)   --->   "%call_ln24 = call void @compute_output_buffer_1d<array,array<ap_fixed<16,6,5,3,0>,16u>,config2>, i16 %trunc_ln24, i16 %trunc_ln24_1, i16 %trunc_ln24_2, i16 %trunc_ln24_3, i16 %trunc_ln24_4, i16 %trunc_ln24_5, i16 %trunc_ln24_6, i16 %trunc_ln24_7, i16 %trunc_ln24_8, i256 %layer2_out, i16 %void_compute_output_buffer_1d_array_const_stream_weight_t_bias_t_kernel_data, i16 %p_ZZN4nnet24compute_output_buffer_1dINS_5arrayI8ap_fixedILi16ELi6EL9ap_q_mode5EL9_16, i16 %p_ZZN4nnet24compute_output_buffer_1dINS_5arrayI8ap_fixedILi16ELi6EL9ap_q_mode5EL9_15, i16 %p_ZZN4nnet24compute_output_buffer_1dINS_5arrayI8ap_fixedILi16ELi6EL9ap_q_mode5EL9_14, i16 %p_ZZN4nnet24compute_output_buffer_1dINS_5arrayI8ap_fixedILi16ELi6EL9ap_q_mode5EL9_13, i16 %p_ZZN4nnet24compute_output_buffer_1dINS_5arrayI8ap_fixedILi16ELi6EL9ap_q_mode5EL9_12, i16 %p_ZZN4nnet24compute_output_buffer_1dINS_5arrayI8ap_fixedILi16ELi6EL9ap_q_mode5EL9_11, i16 %p_ZZN4nnet24compute_output_buffer_1dINS_5arrayI8ap_fixedILi16ELi6EL9ap_q_mode5EL9_10, i16 %p_ZZN4nnet24compute_output_buffer_1dINS_5arrayI8ap_fixedILi16ELi6EL9ap_q_mode5EL9_9, i16 %p_ZZN4nnet24compute_output_buffer_1dINS_5arrayI8ap_fixedILi16ELi6EL9ap_q_mode5EL9_8, i16 %p_ZZN4nnet24compute_output_buffer_1dINS_5arrayI8ap_fixedILi16ELi6EL9ap_q_mode5EL9_7, i16 %p_ZZN4nnet24compute_output_buffer_1dINS_5arrayI8ap_fixedILi16ELi6EL9ap_q_mode5EL9_6, i16 %p_ZZN4nnet24compute_output_buffer_1dINS_5arrayI8ap_fixedILi16ELi6EL9ap_q_mode5EL9_5, i16 %p_ZZN4nnet24compute_output_buffer_1dINS_5arrayI8ap_fixedILi16ELi6EL9ap_q_mode5EL9_4, i16 %p_ZZN4nnet24compute_output_buffer_1dINS_5arrayI8ap_fixedILi16ELi6EL9ap_q_mode5EL9_3, i16 %p_ZZN4nnet24compute_output_buffer_1dINS_5arrayI8ap_fixedILi16ELi6EL9ap_q_mode5EL9_2, i16 %p_ZZN4nnet24compute_output_buffer_1dINS_5arrayI8ap_fixedILi16ELi6EL9ap_q_mode5EL9_1, i16 %p_ZZN4nnet24compute_output_buffer_1dINS_5arrayI8ap_fixedILi16ELi6EL9ap_q_mode5EL9, i16 %void_compute_output_buffer_1d_array_const_stream_weight_t_bias_t_kernel_data_9, i16 %void_compute_output_buffer_1d_array_const_stream_weight_t_bias_t_kernel_data_8, i16 %void_compute_output_buffer_1d_array_const_stream_weight_t_bias_t_kernel_data_7, i16 %void_compute_output_buffer_1d_array_const_stream_weight_t_bias_t_kernel_data_6, i16 %void_compute_output_buffer_1d_array_const_stream_weight_t_bias_t_kernel_data_5, i16 %void_compute_output_buffer_1d_array_const_stream_weight_t_bias_t_kernel_data_4, i16 %void_compute_output_buffer_1d_array_const_stream_weight_t_bias_t_kernel_data_3, i16 %void_compute_output_buffer_1d_array_const_stream_weight_t_bias_t_kernel_data_2, i16 %void_compute_output_buffer_1d_array_const_stream_weight_t_bias_t_kernel_data_1, i32 %sX, i32 %pX" [firmware/nnet_utils/nnet_conv1d_stream.h:24]   --->   Operation 30 'call' 'call_ln24' <Predicate = true> <Delay = 0.00> <CoreType = "Generic">   --->   Core 0 '' <Latency = 0> <II = 1> <Delay = 1.00> <Generic> <Opcode : >

State 5 <SV = 4> <Delay = 0.38>
ST_5 : Operation 31 [1/1] (0.00ns)   --->   "%specpipeline_ln23 = specpipeline void @_ssdm_op_SpecPipeline, i32 1, i32 0, i32 0, i32 0, void @empty_5" [firmware/nnet_utils/nnet_conv1d_stream.h:23]   --->   Operation 31 'specpipeline' 'specpipeline_ln23' <Predicate = true> <Delay = 0.00>
ST_5 : Operation 32 [1/1] (0.00ns)   --->   "%speclooptripcount_ln22 = speclooptripcount void @_ssdm_op_SpecLoopTripCount, i64 130, i64 130, i64 130" [firmware/nnet_utils/nnet_conv1d_stream.h:22]   --->   Operation 32 'speclooptripcount' 'speclooptripcount_ln22' <Predicate = true> <Delay = 0.00>
ST_5 : Operation 33 [1/1] (0.00ns)   --->   "%specloopname_ln22 = specloopname void @_ssdm_op_SpecLoopName, void @empty_14" [firmware/nnet_utils/nnet_conv1d_stream.h:22]   --->   Operation 33 'specloopname' 'specloopname_ln22' <Predicate = true> <Delay = 0.00>
ST_5 : Operation 34 [1/4] (0.00ns)   --->   "%call_ln24 = call void @compute_output_buffer_1d<array,array<ap_fixed<16,6,5,3,0>,16u>,config2>, i16 %trunc_ln24, i16 %trunc_ln24_1, i16 %trunc_ln24_2, i16 %trunc_ln24_3, i16 %trunc_ln24_4, i16 %trunc_ln24_5, i16 %trunc_ln24_6, i16 %trunc_ln24_7, i16 %trunc_ln24_8, i256 %layer2_out, i16 %void_compute_output_buffer_1d_array_const_stream_weight_t_bias_t_kernel_data, i16 %p_ZZN4nnet24compute_output_buffer_1dINS_5arrayI8ap_fixedILi16ELi6EL9ap_q_mode5EL9_16, i16 %p_ZZN4nnet24compute_output_buffer_1dINS_5arrayI8ap_fixedILi16ELi6EL9ap_q_mode5EL9_15, i16 %p_ZZN4nnet24compute_output_buffer_1dINS_5arrayI8ap_fixedILi16ELi6EL9ap_q_mode5EL9_14, i16 %p_ZZN4nnet24compute_output_buffer_1dINS_5arrayI8ap_fixedILi16ELi6EL9ap_q_mode5EL9_13, i16 %p_ZZN4nnet24compute_output_buffer_1dINS_5arrayI8ap_fixedILi16ELi6EL9ap_q_mode5EL9_12, i16 %p_ZZN4nnet24compute_output_buffer_1dINS_5arrayI8ap_fixedILi16ELi6EL9ap_q_mode5EL9_11, i16 %p_ZZN4nnet24compute_output_buffer_1dINS_5arrayI8ap_fixedILi16ELi6EL9ap_q_mode5EL9_10, i16 %p_ZZN4nnet24compute_output_buffer_1dINS_5arrayI8ap_fixedILi16ELi6EL9ap_q_mode5EL9_9, i16 %p_ZZN4nnet24compute_output_buffer_1dINS_5arrayI8ap_fixedILi16ELi6EL9ap_q_mode5EL9_8, i16 %p_ZZN4nnet24compute_output_buffer_1dINS_5arrayI8ap_fixedILi16ELi6EL9ap_q_mode5EL9_7, i16 %p_ZZN4nnet24compute_output_buffer_1dINS_5arrayI8ap_fixedILi16ELi6EL9ap_q_mode5EL9_6, i16 %p_ZZN4nnet24compute_output_buffer_1dINS_5arrayI8ap_fixedILi16ELi6EL9ap_q_mode5EL9_5, i16 %p_ZZN4nnet24compute_output_buffer_1dINS_5arrayI8ap_fixedILi16ELi6EL9ap_q_mode5EL9_4, i16 %p_ZZN4nnet24compute_output_buffer_1dINS_5arrayI8ap_fixedILi16ELi6EL9ap_q_mode5EL9_3, i16 %p_ZZN4nnet24compute_output_buffer_1dINS_5arrayI8ap_fixedILi16ELi6EL9ap_q_mode5EL9_2, i16 %p_ZZN4nnet24compute_output_buffer_1dINS_5arrayI8ap_fixedILi16ELi6EL9ap_q_mode5EL9_1, i16 %p_ZZN4nnet24compute_output_buffer_1dINS_5arrayI8ap_fixedILi16ELi6EL9ap_q_mode5EL9, i16 %void_compute_output_buffer_1d_array_const_stream_weight_t_bias_t_kernel_data_9, i16 %void_compute_output_buffer_1d_array_const_stream_weight_t_bias_t_kernel_data_8, i16 %void_compute_output_buffer_1d_array_const_stream_weight_t_bias_t_kernel_data_7, i16 %void_compute_output_buffer_1d_array_const_stream_weight_t_bias_t_kernel_data_6, i16 %void_compute_output_buffer_1d_array_const_stream_weight_t_bias_t_kernel_data_5, i16 %void_compute_output_buffer_1d_array_const_stream_weight_t_bias_t_kernel_data_4, i16 %void_compute_output_buffer_1d_array_const_stream_weight_t_bias_t_kernel_data_3, i16 %void_compute_output_buffer_1d_array_const_stream_weight_t_bias_t_kernel_data_2, i16 %void_compute_output_buffer_1d_array_const_stream_weight_t_bias_t_kernel_data_1, i32 %sX, i32 %pX" [firmware/nnet_utils/nnet_conv1d_stream.h:24]   --->   Operation 34 'call' 'call_ln24' <Predicate = true> <Delay = 0.00> <CoreType = "Generic">   --->   Core 0 '' <Latency = 0> <II = 1> <Delay = 1.00> <Generic> <Opcode : >
ST_5 : Operation 35 [1/1] (0.38ns)   --->   "%ret_ln34 = ret" [firmware/nnet_utils/nnet_conv1d_stream.h:34]   --->   Operation 35 'ret' 'ret_ln34' <Predicate = (icmp_ln22)> <Delay = 0.38>


============================================================
+ Verbose Summary: Timing violations
============================================================
Target clock period: 5.000ns, clock uncertainty: 1.350ns.

 <State 1>: 1.479ns
The critical path consists of the following:
	'store' operation 0 bit ('store_ln0') of constant 0 on local variable 'i_iw_011' [35]  (0.387 ns)
	'load' operation 8 bit ('i_iw_011_load', firmware/nnet_utils/nnet_conv1d_stream.h:22) on local variable 'i_iw_011' [38]  (0.000 ns)
	'add' operation 8 bit ('i_iw', firmware/nnet_utils/nnet_conv1d_stream.h:22) [53]  (0.705 ns)
	'store' operation 0 bit ('store_ln22', firmware/nnet_utils/nnet_conv1d_stream.h:22) of variable 'i_iw', firmware/nnet_utils/nnet_conv1d_stream.h:22 on local variable 'i_iw_011' [55]  (0.387 ns)

 <State 2>: 1.228ns
The critical path consists of the following:
	fifo read operation ('layer8_out_read', firmware/nnet_utils/nnet_conv1d_stream.h:24) on port 'layer8_out' (firmware/nnet_utils/nnet_conv1d_stream.h:24) [42]  (1.228 ns)

 <State 3>: 0.000ns
The critical path consists of the following:

 <State 4>: 0.000ns
The critical path consists of the following:

 <State 5>: 0.387ns
The critical path consists of the following:


============================================================
+ Verbose Summary: Binding
============================================================
N/A
* FSMD analyzer results:
  - Output states:
 - Input state : 
  - Chain level:
	State 1
	State 2
	State 3
	State 4
	State 5


============================================================
+ Verbose Summary: Datapath Resource usage 
============================================================
N/A
