

================================================================
== Vitis HLS Report for 'dense_array_ap_fixed_16u_array_ap_fixed_16_6_5_3_0_6u_config6_s'
================================================================
* Date:           Wed Mar 18 13:57:59 2026

* Version:        2024.1 (Build 5069499 on May 21 2024)
* Project:        myproject_prj
* Solution:       solution1 (Vivado IP Flow Target)
* Product family: virtexuplus
* Target device:  xcu250-figd2104-2L-e


================================================================
== Performance Estimates
================================================================
+ Timing: 
    * Summary: 
    +--------+---------+----------+------------+
    |  Clock |  Target | Estimated| Uncertainty|
    +--------+---------+----------+------------+
    |ap_clk  |  5.00 ns|  3.530 ns|     1.35 ns|
    +--------+---------+----------+------------+

+ Latency: 
    * Summary: 
    +---------+---------+-----------+-----------+-----+-----+---------+
    |  Latency (cycles) |   Latency (absolute)  |  Interval | Pipeline|
    |   min   |   max   |    min    |    max    | min | max |   Type  |
    +---------+---------+-----------+-----------+-----+-----+---------+
    |        2|        2|  10.000 ns|  10.000 ns|    2|    2|       no|
    +---------+---------+-----------+-----------+-----+-----+---------+

    + Detail: 
        * Instance: 
        +------------------------------------------------------------------------+--------------------------------------------------------------+---------+---------+----------+----------+-----+-----+---------+
        |                                                                        |                                                              |  Latency (cycles) |  Latency (absolute) |  Interval | Pipeline|
        |                                Instance                                |                            Module                            |   min   |   max   |    min   |    max   | min | max |   Type  |
        +------------------------------------------------------------------------+--------------------------------------------------------------+---------+---------+----------+----------+-----+-----+---------+
        |grp_dense_latency_wrapper_ap_fixed_ap_fixed_16_6_5_3_0_config6_s_fu_97  |dense_latency_wrapper_ap_fixed_ap_fixed_16_6_5_3_0_config6_s  |        1|        1|  5.000 ns|  5.000 ns|    1|    1|      yes|
        +------------------------------------------------------------------------+--------------------------------------------------------------+---------+---------+----------+----------+-----+-----+---------+

        * Loop: 
        N/A

============================================================
+ Verbose Summary: Synthesis Manager
============================================================
InlineROM: 1
ExposeGlobal: 0
============================================================
+ Verbose Summary: CDFG Model
============================================================
IsTopModel: 0
ResetActiveHigh: 1
IsCombinational: 2
IsDatapathOnly: 0
HasWiredReturn: 1
HasMFsm: 0
HasVarLatency: 1
IsPipeline: 0
IsRtlPipelined: 0
IsInstanceOverlapped: 0
IsDontTouch: 0
HasImplIP: 0
IsGatedGlobalClock: 0


============================================================
+ Verbose Summary: Schedule
============================================================
* Number of FSM states : 3
* Pipeline : 0
* Dataflow Pipeline: 0

* FSM state transitions: 
1 --> 2 
2 --> 3 
3 --> 

* FSM state operations: 

State 1 <SV = 0> <Delay = 1.42>
ST_1 : Operation 4 [1/1] (1.42ns)   --->   "%layer5_out_read = read i256 @_ssdm_op_Read.ap_fifo.volatile.i256P0A, i256 %layer5_out" [firmware/nnet_utils/nnet_dense_stream.h:43->firmware/nnet_utils/nnet_dense_stream.h:93]   --->   Operation 4 'read' 'layer5_out_read' <Predicate = true> <Delay = 1.42> <CoreInst = "FIFO_SRL">   --->   Core 80 'FIFO_SRL' <Latency = 0> <II = 1> <Delay = 1.42> <Storage> <Opcode : 'read' 'write' 'nbread' 'nbwrite'> <Ports = 0> <Width = 256> <Depth = 1> <FIFO>
ST_1 : Operation 5 [1/1] (0.00ns)   --->   "%data_pack = trunc i256 %layer5_out_read" [firmware/nnet_utils/nnet_dense_stream.h:43->firmware/nnet_utils/nnet_dense_stream.h:93]   --->   Operation 5 'trunc' 'data_pack' <Predicate = true> <Delay = 0.00>
ST_1 : Operation 6 [1/1] (0.00ns)   --->   "%data_pack_16 = partselect i16 @_ssdm_op_PartSelect.i16.i256.i32.i32, i256 %layer5_out_read, i32 16, i32 31" [firmware/nnet_utils/nnet_dense_stream.h:43->firmware/nnet_utils/nnet_dense_stream.h:93]   --->   Operation 6 'partselect' 'data_pack_16' <Predicate = true> <Delay = 0.00>
ST_1 : Operation 7 [1/1] (0.00ns)   --->   "%data_pack_17 = partselect i16 @_ssdm_op_PartSelect.i16.i256.i32.i32, i256 %layer5_out_read, i32 32, i32 47" [firmware/nnet_utils/nnet_dense_stream.h:43->firmware/nnet_utils/nnet_dense_stream.h:93]   --->   Operation 7 'partselect' 'data_pack_17' <Predicate = true> <Delay = 0.00>
ST_1 : Operation 8 [1/1] (0.00ns)   --->   "%data_pack_18 = partselect i16 @_ssdm_op_PartSelect.i16.i256.i32.i32, i256 %layer5_out_read, i32 48, i32 63" [firmware/nnet_utils/nnet_dense_stream.h:43->firmware/nnet_utils/nnet_dense_stream.h:93]   --->   Operation 8 'partselect' 'data_pack_18' <Predicate = true> <Delay = 0.00>
ST_1 : Operation 9 [1/1] (0.00ns)   --->   "%data_pack_19 = partselect i16 @_ssdm_op_PartSelect.i16.i256.i32.i32, i256 %layer5_out_read, i32 64, i32 79" [firmware/nnet_utils/nnet_dense_stream.h:43->firmware/nnet_utils/nnet_dense_stream.h:93]   --->   Operation 9 'partselect' 'data_pack_19' <Predicate = true> <Delay = 0.00>
ST_1 : Operation 10 [1/1] (0.00ns)   --->   "%data_pack_20 = partselect i16 @_ssdm_op_PartSelect.i16.i256.i32.i32, i256 %layer5_out_read, i32 80, i32 95" [firmware/nnet_utils/nnet_dense_stream.h:43->firmware/nnet_utils/nnet_dense_stream.h:93]   --->   Operation 10 'partselect' 'data_pack_20' <Predicate = true> <Delay = 0.00>
ST_1 : Operation 11 [1/1] (0.00ns)   --->   "%data_pack_21 = partselect i16 @_ssdm_op_PartSelect.i16.i256.i32.i32, i256 %layer5_out_read, i32 96, i32 111" [firmware/nnet_utils/nnet_dense_stream.h:43->firmware/nnet_utils/nnet_dense_stream.h:93]   --->   Operation 11 'partselect' 'data_pack_21' <Predicate = true> <Delay = 0.00>
ST_1 : Operation 12 [1/1] (0.00ns)   --->   "%data_pack_22 = partselect i16 @_ssdm_op_PartSelect.i16.i256.i32.i32, i256 %layer5_out_read, i32 112, i32 127" [firmware/nnet_utils/nnet_dense_stream.h:43->firmware/nnet_utils/nnet_dense_stream.h:93]   --->   Operation 12 'partselect' 'data_pack_22' <Predicate = true> <Delay = 0.00>
ST_1 : Operation 13 [1/1] (0.00ns)   --->   "%data_pack_23 = partselect i16 @_ssdm_op_PartSelect.i16.i256.i32.i32, i256 %layer5_out_read, i32 128, i32 143" [firmware/nnet_utils/nnet_dense_stream.h:43->firmware/nnet_utils/nnet_dense_stream.h:93]   --->   Operation 13 'partselect' 'data_pack_23' <Predicate = true> <Delay = 0.00>
ST_1 : Operation 14 [1/1] (0.00ns)   --->   "%data_pack_24 = partselect i16 @_ssdm_op_PartSelect.i16.i256.i32.i32, i256 %layer5_out_read, i32 144, i32 159" [firmware/nnet_utils/nnet_dense_stream.h:43->firmware/nnet_utils/nnet_dense_stream.h:93]   --->   Operation 14 'partselect' 'data_pack_24' <Predicate = true> <Delay = 0.00>
ST_1 : Operation 15 [1/1] (0.00ns)   --->   "%data_pack_25 = partselect i16 @_ssdm_op_PartSelect.i16.i256.i32.i32, i256 %layer5_out_read, i32 160, i32 175" [firmware/nnet_utils/nnet_dense_stream.h:43->firmware/nnet_utils/nnet_dense_stream.h:93]   --->   Operation 15 'partselect' 'data_pack_25' <Predicate = true> <Delay = 0.00>
ST_1 : Operation 16 [1/1] (0.00ns)   --->   "%data_pack_26 = partselect i16 @_ssdm_op_PartSelect.i16.i256.i32.i32, i256 %layer5_out_read, i32 176, i32 191" [firmware/nnet_utils/nnet_dense_stream.h:43->firmware/nnet_utils/nnet_dense_stream.h:93]   --->   Operation 16 'partselect' 'data_pack_26' <Predicate = true> <Delay = 0.00>
ST_1 : Operation 17 [1/1] (0.00ns)   --->   "%data_pack_27 = partselect i16 @_ssdm_op_PartSelect.i16.i256.i32.i32, i256 %layer5_out_read, i32 192, i32 207" [firmware/nnet_utils/nnet_dense_stream.h:43->firmware/nnet_utils/nnet_dense_stream.h:93]   --->   Operation 17 'partselect' 'data_pack_27' <Predicate = true> <Delay = 0.00>
ST_1 : Operation 18 [1/1] (0.00ns)   --->   "%data_pack_28 = partselect i16 @_ssdm_op_PartSelect.i16.i256.i32.i32, i256 %layer5_out_read, i32 208, i32 223" [firmware/nnet_utils/nnet_dense_stream.h:43->firmware/nnet_utils/nnet_dense_stream.h:93]   --->   Operation 18 'partselect' 'data_pack_28' <Predicate = true> <Delay = 0.00>
ST_1 : Operation 19 [1/1] (0.00ns)   --->   "%data_pack_29 = partselect i16 @_ssdm_op_PartSelect.i16.i256.i32.i32, i256 %layer5_out_read, i32 224, i32 239" [firmware/nnet_utils/nnet_dense_stream.h:43->firmware/nnet_utils/nnet_dense_stream.h:93]   --->   Operation 19 'partselect' 'data_pack_29' <Predicate = true> <Delay = 0.00>
ST_1 : Operation 20 [1/1] (0.00ns)   --->   "%data_pack_30 = partselect i16 @_ssdm_op_PartSelect.i16.i256.i32.i32, i256 %layer5_out_read, i32 240, i32 255" [firmware/nnet_utils/nnet_dense_stream.h:43->firmware/nnet_utils/nnet_dense_stream.h:93]   --->   Operation 20 'partselect' 'data_pack_30' <Predicate = true> <Delay = 0.00>

State 2 <SV = 1> <Delay = 3.49>
ST_2 : Operation 21 [2/2] (3.49ns)   --->   "%call_ret = call i96 @dense_latency_wrapper<ap_fixed,ap_fixed<16,6,5,3,0>,config6>, i16 %data_pack, i16 %data_pack_16, i16 %data_pack_17, i16 %data_pack_18, i16 %data_pack_19, i16 %data_pack_20, i16 %data_pack_21, i16 %data_pack_22, i16 %data_pack_23, i16 %data_pack_24, i16 %data_pack_25, i16 %data_pack_26, i16 %data_pack_27, i16 %data_pack_28, i16 %data_pack_29, i16 %data_pack_30" [firmware/nnet_utils/nnet_dense_stream.h:95]   --->   Operation 21 'call' 'call_ret' <Predicate = true> <Delay = 3.49> <CoreType = "Generic">   --->   Core 0 '' <Latency = 0> <II = 1> <Delay = 1.00> <Generic> <Opcode : >

State 3 <SV = 2> <Delay = 3.53>
ST_3 : Operation 22 [1/1] (0.00ns)   --->   "%specinterface_ln0 = specinterface void @_ssdm_op_SpecInterface, i96 %layer6_out, void @empty_15, i32 0, i32 0, void @empty_5, i32 0, i32 0, void @empty_5, void @empty_5, void @empty_5, i32 0, i32 0, i32 0, i32 0, void @empty_5, void @empty_5, i32 4294967295, i32 0, i32 0"   --->   Operation 22 'specinterface' 'specinterface_ln0' <Predicate = true> <Delay = 0.00>
ST_3 : Operation 23 [1/1] (0.00ns)   --->   "%specinterface_ln0 = specinterface void @_ssdm_op_SpecInterface, i256 %layer5_out, void @empty_15, i32 0, i32 0, void @empty_5, i32 0, i32 0, void @empty_5, void @empty_5, void @empty_5, i32 0, i32 0, i32 0, i32 0, void @empty_5, void @empty_5, i32 4294967295, i32 0, i32 0"   --->   Operation 23 'specinterface' 'specinterface_ln0' <Predicate = true> <Delay = 0.00>
ST_3 : Operation 24 [1/2] (2.12ns)   --->   "%call_ret = call i96 @dense_latency_wrapper<ap_fixed,ap_fixed<16,6,5,3,0>,config6>, i16 %data_pack, i16 %data_pack_16, i16 %data_pack_17, i16 %data_pack_18, i16 %data_pack_19, i16 %data_pack_20, i16 %data_pack_21, i16 %data_pack_22, i16 %data_pack_23, i16 %data_pack_24, i16 %data_pack_25, i16 %data_pack_26, i16 %data_pack_27, i16 %data_pack_28, i16 %data_pack_29, i16 %data_pack_30" [firmware/nnet_utils/nnet_dense_stream.h:95]   --->   Operation 24 'call' 'call_ret' <Predicate = true> <Delay = 2.12> <CoreType = "Generic">   --->   Core 0 '' <Latency = 0> <II = 1> <Delay = 1.00> <Generic> <Opcode : >
ST_3 : Operation 25 [1/1] (0.00ns)   --->   "%res = extractvalue i96 %call_ret" [firmware/nnet_utils/nnet_dense_stream.h:95]   --->   Operation 25 'extractvalue' 'res' <Predicate = true> <Delay = 0.00>
ST_3 : Operation 26 [1/1] (0.00ns)   --->   "%res_6 = extractvalue i96 %call_ret" [firmware/nnet_utils/nnet_dense_stream.h:95]   --->   Operation 26 'extractvalue' 'res_6' <Predicate = true> <Delay = 0.00>
ST_3 : Operation 27 [1/1] (0.00ns)   --->   "%res_7 = extractvalue i96 %call_ret" [firmware/nnet_utils/nnet_dense_stream.h:95]   --->   Operation 27 'extractvalue' 'res_7' <Predicate = true> <Delay = 0.00>
ST_3 : Operation 28 [1/1] (0.00ns)   --->   "%res_8 = extractvalue i96 %call_ret" [firmware/nnet_utils/nnet_dense_stream.h:95]   --->   Operation 28 'extractvalue' 'res_8' <Predicate = true> <Delay = 0.00>
ST_3 : Operation 29 [1/1] (0.00ns)   --->   "%res_9 = extractvalue i96 %call_ret" [firmware/nnet_utils/nnet_dense_stream.h:95]   --->   Operation 29 'extractvalue' 'res_9' <Predicate = true> <Delay = 0.00>
ST_3 : Operation 30 [1/1] (0.00ns)   --->   "%res_10 = extractvalue i96 %call_ret" [firmware/nnet_utils/nnet_dense_stream.h:95]   --->   Operation 30 'extractvalue' 'res_10' <Predicate = true> <Delay = 0.00>
ST_3 : Operation 31 [1/1] (0.00ns)   --->   "%p_s = bitconcatenate i96 @_ssdm_op_BitConcatenate.i96.i16.i16.i16.i16.i16.i16, i16 %res_10, i16 %res_9, i16 %res_8, i16 %res_7, i16 %res_6, i16 %res" [firmware/nnet_utils/nnet_dense_stream.h:77->firmware/nnet_utils/nnet_dense_stream.h:100]   --->   Operation 31 'bitconcatenate' 'p_s' <Predicate = true> <Delay = 0.00>
ST_3 : Operation 32 [1/1] (1.40ns)   --->   "%write_ln77 = write void @_ssdm_op_Write.ap_fifo.volatile.i96P0A, i96 %layer6_out, i96 %p_s" [firmware/nnet_utils/nnet_dense_stream.h:77->firmware/nnet_utils/nnet_dense_stream.h:100]   --->   Operation 32 'write' 'write_ln77' <Predicate = true> <Delay = 1.40> <CoreInst = "FIFO_SRL">   --->   Core 80 'FIFO_SRL' <Latency = 0> <II = 1> <Delay = 1.40> <Storage> <Opcode : 'read' 'write' 'nbread' 'nbwrite'> <Ports = 0> <Width = 96> <Depth = 1> <FIFO>
ST_3 : Operation 33 [1/1] (0.00ns)   --->   "%ret_ln101 = ret" [firmware/nnet_utils/nnet_dense_stream.h:101]   --->   Operation 33 'ret' 'ret_ln101' <Predicate = true> <Delay = 0.00>


============================================================
+ Verbose Summary: Binding
============================================================
STG Binding: 
---------------- STG Properties BEGIN ----------------
- Is combinational: 0
- Is one-state seq: 0
- Is datapath-only: 0
- Is pipelined: 0
- Is top level: 0
Port [ Return ] is wired: 1; IO mode=ap_ctrl_hs:ce=0
Port [ layer5_out]:  wired=1; compound=1; hidden=0; nouse=0; global=0; static=0; extern=0; dir=0; type=3; pingpong=0; private_global=0; IO mode=ap_fifo:ce=0
Port [ layer6_out]:  wired=1; compound=1; hidden=0; nouse=0; global=0; static=0; extern=0; dir=1; type=3; pingpong=0; private_global=0; IO mode=ap_fifo:ce=0
---------------- STG Properties END ------------------

---------------- Datapath Model BEGIN ----------------

<LifeTime>
<method=bitvector/>
layer5_out_read   (read          ) [ 0000]
data_pack         (trunc         ) [ 0010]
data_pack_16      (partselect    ) [ 0010]
data_pack_17      (partselect    ) [ 0010]
data_pack_18      (partselect    ) [ 0010]
data_pack_19      (partselect    ) [ 0010]
data_pack_20      (partselect    ) [ 0010]
data_pack_21      (partselect    ) [ 0010]
data_pack_22      (partselect    ) [ 0010]
data_pack_23      (partselect    ) [ 0010]
data_pack_24      (partselect    ) [ 0010]
data_pack_25      (partselect    ) [ 0010]
data_pack_26      (partselect    ) [ 0010]
data_pack_27      (partselect    ) [ 0010]
data_pack_28      (partselect    ) [ 0010]
data_pack_29      (partselect    ) [ 0010]
data_pack_30      (partselect    ) [ 0010]
specinterface_ln0 (specinterface ) [ 0000]
specinterface_ln0 (specinterface ) [ 0000]
call_ret          (call          ) [ 0000]
res               (extractvalue  ) [ 0000]
res_6             (extractvalue  ) [ 0000]
res_7             (extractvalue  ) [ 0000]
res_8             (extractvalue  ) [ 0000]
res_9             (extractvalue  ) [ 0000]
res_10            (extractvalue  ) [ 0000]
p_s               (bitconcatenate) [ 0000]
write_ln77        (write         ) [ 0000]
ret_ln101         (ret           ) [ 0000]
</LifeTime>

<model>

<comp_list>
<comp id="0" class="1000" name="layer5_out">
<pin_list>
<pin id="1" dir="1" index="0" bw="1" slack="0"/>
</pin_list>
<bind>
<StgValue><ssdm name="layer5_out"/></StgValue>
</bind>
</comp>

<comp id="2" class="1000" name="layer6_out">
<pin_list>
<pin id="3" dir="1" index="0" bw="1" slack="0"/>
</pin_list>
<bind>
<StgValue><ssdm name="layer6_out"/></StgValue>
</bind>
</comp>

<comp id="4" class="1001" name="const_4">
<pin_list>
<pin id="5" dir="1" index="0" bw="1" slack="0"/>
</pin_list>
<bind>
<StgValue><ssdm name="_ssdm_op_Read.ap_fifo.volatile.i256P0A"/></StgValue>
</bind>
</comp>

<comp id="6" class="1001" name="const_6">
<pin_list>
<pin id="7" dir="1" index="0" bw="1" slack="0"/>
</pin_list>
<bind>
<StgValue><ssdm name="_ssdm_op_PartSelect.i16.i256.i32.i32"/></StgValue>
</bind>
</comp>

<comp id="8" class="1001" name="const_8">
<pin_list>
<pin id="9" dir="1" index="0" bw="1" slack="0"/>
</pin_list>
<bind>
<StgValue><ssdm name=""/></StgValue>
</bind>
</comp>

<comp id="10" class="1001" name="const_10">
<pin_list>
<pin id="11" dir="1" index="0" bw="1" slack="0"/>
</pin_list>
<bind>
<StgValue><ssdm name=""/></StgValue>
</bind>
</comp>

<comp id="12" class="1001" name="const_12">
<pin_list>
<pin id="13" dir="1" index="0" bw="1" slack="0"/>
</pin_list>
<bind>
<StgValue><ssdm name=""/></StgValue>
</bind>
</comp>

<comp id="14" class="1001" name="const_14">
<pin_list>
<pin id="15" dir="1" index="0" bw="1" slack="0"/>
</pin_list>
<bind>
<StgValue><ssdm name=""/></StgValue>
</bind>
</comp>

<comp id="16" class="1001" name="const_16">
<pin_list>
<pin id="17" dir="1" index="0" bw="1" slack="0"/>
</pin_list>
<bind>
<StgValue><ssdm name=""/></StgValue>
</bind>
</comp>

<comp id="18" class="1001" name="const_18">
<pin_list>
<pin id="19" dir="1" index="0" bw="1" slack="0"/>
</pin_list>
<bind>
<StgValue><ssdm name=""/></StgValue>
</bind>
</comp>

<comp id="20" class="1001" name="const_20">
<pin_list>
<pin id="21" dir="1" index="0" bw="1" slack="0"/>
</pin_list>
<bind>
<StgValue><ssdm name=""/></StgValue>
</bind>
</comp>

<comp id="22" class="1001" name="const_22">
<pin_list>
<pin id="23" dir="1" index="0" bw="1" slack="0"/>
</pin_list>
<bind>
<StgValue><ssdm name=""/></StgValue>
</bind>
</comp>

<comp id="24" class="1001" name="const_24">
<pin_list>
<pin id="25" dir="1" index="0" bw="1" slack="0"/>
</pin_list>
<bind>
<StgValue><ssdm name=""/></StgValue>
</bind>
</comp>

<comp id="26" class="1001" name="const_26">
<pin_list>
<pin id="27" dir="1" index="0" bw="1" slack="0"/>
</pin_list>
<bind>
<StgValue><ssdm name=""/></StgValue>
</bind>
</comp>

<comp id="28" class="1001" name="const_28">
<pin_list>
<pin id="29" dir="1" index="0" bw="1" slack="0"/>
</pin_list>
<bind>
<StgValue><ssdm name=""/></StgValue>
</bind>
</comp>

<comp id="30" class="1001" name="const_30">
<pin_list>
<pin id="31" dir="1" index="0" bw="1" slack="0"/>
</pin_list>
<bind>
<StgValue><ssdm name=""/></StgValue>
</bind>
</comp>

<comp id="32" class="1001" name="const_32">
<pin_list>
<pin id="33" dir="1" index="0" bw="1" slack="0"/>
</pin_list>
<bind>
<StgValue><ssdm name=""/></StgValue>
</bind>
</comp>

<comp id="34" class="1001" name="const_34">
<pin_list>
<pin id="35" dir="1" index="0" bw="1" slack="0"/>
</pin_list>
<bind>
<StgValue><ssdm name=""/></StgValue>
</bind>
</comp>

<comp id="36" class="1001" name="const_36">
<pin_list>
<pin id="37" dir="1" index="0" bw="1" slack="0"/>
</pin_list>
<bind>
<StgValue><ssdm name=""/></StgValue>
</bind>
</comp>

<comp id="38" class="1001" name="const_38">
<pin_list>
<pin id="39" dir="1" index="0" bw="1" slack="0"/>
</pin_list>
<bind>
<StgValue><ssdm name=""/></StgValue>
</bind>
</comp>

<comp id="40" class="1001" name="const_40">
<pin_list>
<pin id="41" dir="1" index="0" bw="1" slack="0"/>
</pin_list>
<bind>
<StgValue><ssdm name=""/></StgValue>
</bind>
</comp>

<comp id="42" class="1001" name="const_42">
<pin_list>
<pin id="43" dir="1" index="0" bw="1" slack="0"/>
</pin_list>
<bind>
<StgValue><ssdm name=""/></StgValue>
</bind>
</comp>

<comp id="44" class="1001" name="const_44">
<pin_list>
<pin id="45" dir="1" index="0" bw="1" slack="0"/>
</pin_list>
<bind>
<StgValue><ssdm name=""/></StgValue>
</bind>
</comp>

<comp id="46" class="1001" name="const_46">
<pin_list>
<pin id="47" dir="1" index="0" bw="1" slack="0"/>
</pin_list>
<bind>
<StgValue><ssdm name=""/></StgValue>
</bind>
</comp>

<comp id="48" class="1001" name="const_48">
<pin_list>
<pin id="49" dir="1" index="0" bw="1" slack="0"/>
</pin_list>
<bind>
<StgValue><ssdm name=""/></StgValue>
</bind>
</comp>

<comp id="50" class="1001" name="const_50">
<pin_list>
<pin id="51" dir="1" index="0" bw="1" slack="0"/>
</pin_list>
<bind>
<StgValue><ssdm name=""/></StgValue>
</bind>
</comp>

<comp id="52" class="1001" name="const_52">
<pin_list>
<pin id="53" dir="1" index="0" bw="1" slack="0"/>
</pin_list>
<bind>
<StgValue><ssdm name=""/></StgValue>
</bind>
</comp>

<comp id="54" class="1001" name="const_54">
<pin_list>
<pin id="55" dir="1" index="0" bw="1" slack="0"/>
</pin_list>
<bind>
<StgValue><ssdm name=""/></StgValue>
</bind>
</comp>

<comp id="56" class="1001" name="const_56">
<pin_list>
<pin id="57" dir="1" index="0" bw="1" slack="0"/>
</pin_list>
<bind>
<StgValue><ssdm name=""/></StgValue>
</bind>
</comp>

<comp id="58" class="1001" name="const_58">
<pin_list>
<pin id="59" dir="1" index="0" bw="1" slack="0"/>
</pin_list>
<bind>
<StgValue><ssdm name=""/></StgValue>
</bind>
</comp>

<comp id="60" class="1001" name="const_60">
<pin_list>
<pin id="61" dir="1" index="0" bw="1" slack="0"/>
</pin_list>
<bind>
<StgValue><ssdm name=""/></StgValue>
</bind>
</comp>

<comp id="62" class="1001" name="const_62">
<pin_list>
<pin id="63" dir="1" index="0" bw="1" slack="0"/>
</pin_list>
<bind>
<StgValue><ssdm name=""/></StgValue>
</bind>
</comp>

<comp id="64" class="1001" name="const_64">
<pin_list>
<pin id="65" dir="1" index="0" bw="1" slack="0"/>
</pin_list>
<bind>
<StgValue><ssdm name=""/></StgValue>
</bind>
</comp>

<comp id="66" class="1001" name="const_66">
<pin_list>
<pin id="67" dir="1" index="0" bw="1" slack="0"/>
</pin_list>
<bind>
<StgValue><ssdm name=""/></StgValue>
</bind>
</comp>

<comp id="68" class="1001" name="const_68">
<pin_list>
<pin id="69" dir="1" index="0" bw="1" slack="0"/>
</pin_list>
<bind>
<StgValue><ssdm name="dense_latency_wrapper<ap_fixed,ap_fixed<16,6,5,3,0>,config6>"/></StgValue>
</bind>
</comp>

<comp id="70" class="1001" name="const_70">
<pin_list>
<pin id="71" dir="1" index="0" bw="1" slack="2147483647"/>
</pin_list>
<bind>
<StgValue><ssdm name="_ssdm_op_SpecInterface"/></StgValue>
</bind>
</comp>

<comp id="72" class="1001" name="const_72">
<pin_list>
<pin id="73" dir="1" index="0" bw="1" slack="2147483647"/>
</pin_list>
<bind>
<StgValue><ssdm name="empty_15"/></StgValue>
</bind>
</comp>

<comp id="74" class="1001" name="const_74">
<pin_list>
<pin id="75" dir="1" index="0" bw="1" slack="2147483647"/>
</pin_list>
<bind>
<StgValue><ssdm name=""/></StgValue>
</bind>
</comp>

<comp id="76" class="1001" name="const_76">
<pin_list>
<pin id="77" dir="1" index="0" bw="1" slack="2147483647"/>
</pin_list>
<bind>
<StgValue><ssdm name="empty_5"/></StgValue>
</bind>
</comp>

<comp id="78" class="1001" name="const_78">
<pin_list>
<pin id="79" dir="1" index="0" bw="1" slack="2147483647"/>
</pin_list>
<bind>
<StgValue><ssdm name=""/></StgValue>
</bind>
</comp>

<comp id="80" class="1001" name="const_80">
<pin_list>
<pin id="81" dir="1" index="0" bw="1" slack="0"/>
</pin_list>
<bind>
<StgValue><ssdm name="_ssdm_op_BitConcatenate.i96.i16.i16.i16.i16.i16.i16"/></StgValue>
</bind>
</comp>

<comp id="82" class="1001" name="const_82">
<pin_list>
<pin id="83" dir="1" index="0" bw="1" slack="0"/>
</pin_list>
<bind>
<StgValue><ssdm name="_ssdm_op_Write.ap_fifo.volatile.i96P0A"/></StgValue>
</bind>
</comp>

<comp id="84" class="1004" name="layer5_out_read_read_fu_84">
<pin_list>
<pin id="85" dir="0" index="0" bw="256" slack="0"/>
<pin id="86" dir="0" index="1" bw="256" slack="0"/>
<pin id="87" dir="1" index="2" bw="256" slack="0"/>
</pin_list>
<bind>
<opcode="read(1150) " fcode="read"/>
<opset="layer5_out_read/1 "/>
</bind>
</comp>

<comp id="90" class="1004" name="write_ln77_write_fu_90">
<pin_list>
<pin id="91" dir="0" index="0" bw="0" slack="0"/>
<pin id="92" dir="0" index="1" bw="96" slack="0"/>
<pin id="93" dir="0" index="2" bw="96" slack="0"/>
<pin id="94" dir="1" index="3" bw="0" slack="2147483647"/>
</pin_list>
<bind>
<opcode="write(1151) " fcode="write"/>
<opset="write_ln77/3 "/>
</bind>
</comp>

<comp id="97" class="1004" name="grp_dense_latency_wrapper_ap_fixed_ap_fixed_16_6_5_3_0_config6_s_fu_97">
<pin_list>
<pin id="98" dir="0" index="0" bw="96" slack="0"/>
<pin id="99" dir="0" index="1" bw="16" slack="1"/>
<pin id="100" dir="0" index="2" bw="16" slack="1"/>
<pin id="101" dir="0" index="3" bw="16" slack="1"/>
<pin id="102" dir="0" index="4" bw="16" slack="1"/>
<pin id="103" dir="0" index="5" bw="16" slack="1"/>
<pin id="104" dir="0" index="6" bw="16" slack="1"/>
<pin id="105" dir="0" index="7" bw="16" slack="1"/>
<pin id="106" dir="0" index="8" bw="16" slack="1"/>
<pin id="107" dir="0" index="9" bw="16" slack="1"/>
<pin id="108" dir="0" index="10" bw="16" slack="1"/>
<pin id="109" dir="0" index="11" bw="16" slack="1"/>
<pin id="110" dir="0" index="12" bw="16" slack="1"/>
<pin id="111" dir="0" index="13" bw="16" slack="1"/>
<pin id="112" dir="0" index="14" bw="16" slack="1"/>
<pin id="113" dir="0" index="15" bw="16" slack="1"/>
<pin id="114" dir="0" index="16" bw="16" slack="1"/>
<pin id="115" dir="1" index="17" bw="96" slack="0"/>
</pin_list>
<bind>
<opcode="call(48) " fcode="call"/>
<opset="call_ret/2 "/>
</bind>
</comp>

<comp id="117" class="1004" name="data_pack_fu_117">
<pin_list>
<pin id="118" dir="0" index="0" bw="256" slack="0"/>
<pin id="119" dir="1" index="1" bw="16" slack="1"/>
</pin_list>
<bind>
<opcode="trunc(33) " fcode="trunc"/>
<opset="data_pack/1 "/>
</bind>
</comp>

<comp id="121" class="1004" name="data_pack_16_fu_121">
<pin_list>
<pin id="122" dir="0" index="0" bw="16" slack="0"/>
<pin id="123" dir="0" index="1" bw="256" slack="0"/>
<pin id="124" dir="0" index="2" bw="6" slack="0"/>
<pin id="125" dir="0" index="3" bw="6" slack="0"/>
<pin id="126" dir="1" index="4" bw="16" slack="1"/>
</pin_list>
<bind>
<opcode="partselect(1002) " fcode="partselect"/>
<opset="data_pack_16/1 "/>
</bind>
</comp>

<comp id="131" class="1004" name="data_pack_17_fu_131">
<pin_list>
<pin id="132" dir="0" index="0" bw="16" slack="0"/>
<pin id="133" dir="0" index="1" bw="256" slack="0"/>
<pin id="134" dir="0" index="2" bw="7" slack="0"/>
<pin id="135" dir="0" index="3" bw="7" slack="0"/>
<pin id="136" dir="1" index="4" bw="16" slack="1"/>
</pin_list>
<bind>
<opcode="partselect(1002) " fcode="partselect"/>
<opset="data_pack_17/1 "/>
</bind>
</comp>

<comp id="141" class="1004" name="data_pack_18_fu_141">
<pin_list>
<pin id="142" dir="0" index="0" bw="16" slack="0"/>
<pin id="143" dir="0" index="1" bw="256" slack="0"/>
<pin id="144" dir="0" index="2" bw="7" slack="0"/>
<pin id="145" dir="0" index="3" bw="7" slack="0"/>
<pin id="146" dir="1" index="4" bw="16" slack="1"/>
</pin_list>
<bind>
<opcode="partselect(1002) " fcode="partselect"/>
<opset="data_pack_18/1 "/>
</bind>
</comp>

<comp id="151" class="1004" name="data_pack_19_fu_151">
<pin_list>
<pin id="152" dir="0" index="0" bw="16" slack="0"/>
<pin id="153" dir="0" index="1" bw="256" slack="0"/>
<pin id="154" dir="0" index="2" bw="8" slack="0"/>
<pin id="155" dir="0" index="3" bw="8" slack="0"/>
<pin id="156" dir="1" index="4" bw="16" slack="1"/>
</pin_list>
<bind>
<opcode="partselect(1002) " fcode="partselect"/>
<opset="data_pack_19/1 "/>
</bind>
</comp>

<comp id="161" class="1004" name="data_pack_20_fu_161">
<pin_list>
<pin id="162" dir="0" index="0" bw="16" slack="0"/>
<pin id="163" dir="0" index="1" bw="256" slack="0"/>
<pin id="164" dir="0" index="2" bw="8" slack="0"/>
<pin id="165" dir="0" index="3" bw="8" slack="0"/>
<pin id="166" dir="1" index="4" bw="16" slack="1"/>
</pin_list>
<bind>
<opcode="partselect(1002) " fcode="partselect"/>
<opset="data_pack_20/1 "/>
</bind>
</comp>

<comp id="171" class="1004" name="data_pack_21_fu_171">
<pin_list>
<pin id="172" dir="0" index="0" bw="16" slack="0"/>
<pin id="173" dir="0" index="1" bw="256" slack="0"/>
<pin id="174" dir="0" index="2" bw="8" slack="0"/>
<pin id="175" dir="0" index="3" bw="8" slack="0"/>
<pin id="176" dir="1" index="4" bw="16" slack="1"/>
</pin_list>
<bind>
<opcode="partselect(1002) " fcode="partselect"/>
<opset="data_pack_21/1 "/>
</bind>
</comp>

<comp id="181" class="1004" name="data_pack_22_fu_181">
<pin_list>
<pin id="182" dir="0" index="0" bw="16" slack="0"/>
<pin id="183" dir="0" index="1" bw="256" slack="0"/>
<pin id="184" dir="0" index="2" bw="8" slack="0"/>
<pin id="185" dir="0" index="3" bw="8" slack="0"/>
<pin id="186" dir="1" index="4" bw="16" slack="1"/>
</pin_list>
<bind>
<opcode="partselect(1002) " fcode="partselect"/>
<opset="data_pack_22/1 "/>
</bind>
</comp>

<comp id="191" class="1004" name="data_pack_23_fu_191">
<pin_list>
<pin id="192" dir="0" index="0" bw="16" slack="0"/>
<pin id="193" dir="0" index="1" bw="256" slack="0"/>
<pin id="194" dir="0" index="2" bw="9" slack="0"/>
<pin id="195" dir="0" index="3" bw="9" slack="0"/>
<pin id="196" dir="1" index="4" bw="16" slack="1"/>
</pin_list>
<bind>
<opcode="partselect(1002) " fcode="partselect"/>
<opset="data_pack_23/1 "/>
</bind>
</comp>

<comp id="201" class="1004" name="data_pack_24_fu_201">
<pin_list>
<pin id="202" dir="0" index="0" bw="16" slack="0"/>
<pin id="203" dir="0" index="1" bw="256" slack="0"/>
<pin id="204" dir="0" index="2" bw="9" slack="0"/>
<pin id="205" dir="0" index="3" bw="9" slack="0"/>
<pin id="206" dir="1" index="4" bw="16" slack="1"/>
</pin_list>
<bind>
<opcode="partselect(1002) " fcode="partselect"/>
<opset="data_pack_24/1 "/>
</bind>
</comp>

<comp id="211" class="1004" name="data_pack_25_fu_211">
<pin_list>
<pin id="212" dir="0" index="0" bw="16" slack="0"/>
<pin id="213" dir="0" index="1" bw="256" slack="0"/>
<pin id="214" dir="0" index="2" bw="9" slack="0"/>
<pin id="215" dir="0" index="3" bw="9" slack="0"/>
<pin id="216" dir="1" index="4" bw="16" slack="1"/>
</pin_list>
<bind>
<opcode="partselect(1002) " fcode="partselect"/>
<opset="data_pack_25/1 "/>
</bind>
</comp>

<comp id="221" class="1004" name="data_pack_26_fu_221">
<pin_list>
<pin id="222" dir="0" index="0" bw="16" slack="0"/>
<pin id="223" dir="0" index="1" bw="256" slack="0"/>
<pin id="224" dir="0" index="2" bw="9" slack="0"/>
<pin id="225" dir="0" index="3" bw="9" slack="0"/>
<pin id="226" dir="1" index="4" bw="16" slack="1"/>
</pin_list>
<bind>
<opcode="partselect(1002) " fcode="partselect"/>
<opset="data_pack_26/1 "/>
</bind>
</comp>

<comp id="231" class="1004" name="data_pack_27_fu_231">
<pin_list>
<pin id="232" dir="0" index="0" bw="16" slack="0"/>
<pin id="233" dir="0" index="1" bw="256" slack="0"/>
<pin id="234" dir="0" index="2" bw="9" slack="0"/>
<pin id="235" dir="0" index="3" bw="9" slack="0"/>
<pin id="236" dir="1" index="4" bw="16" slack="1"/>
</pin_list>
<bind>
<opcode="partselect(1002) " fcode="partselect"/>
<opset="data_pack_27/1 "/>
</bind>
</comp>

<comp id="241" class="1004" name="data_pack_28_fu_241">
<pin_list>
<pin id="242" dir="0" index="0" bw="16" slack="0"/>
<pin id="243" dir="0" index="1" bw="256" slack="0"/>
<pin id="244" dir="0" index="2" bw="9" slack="0"/>
<pin id="245" dir="0" index="3" bw="9" slack="0"/>
<pin id="246" dir="1" index="4" bw="16" slack="1"/>
</pin_list>
<bind>
<opcode="partselect(1002) " fcode="partselect"/>
<opset="data_pack_28/1 "/>
</bind>
</comp>

<comp id="251" class="1004" name="data_pack_29_fu_251">
<pin_list>
<pin id="252" dir="0" index="0" bw="16" slack="0"/>
<pin id="253" dir="0" index="1" bw="256" slack="0"/>
<pin id="254" dir="0" index="2" bw="9" slack="0"/>
<pin id="255" dir="0" index="3" bw="9" slack="0"/>
<pin id="256" dir="1" index="4" bw="16" slack="1"/>
</pin_list>
<bind>
<opcode="partselect(1002) " fcode="partselect"/>
<opset="data_pack_29/1 "/>
</bind>
</comp>

<comp id="261" class="1004" name="data_pack_30_fu_261">
<pin_list>
<pin id="262" dir="0" index="0" bw="16" slack="0"/>
<pin id="263" dir="0" index="1" bw="256" slack="0"/>
<pin id="264" dir="0" index="2" bw="9" slack="0"/>
<pin id="265" dir="0" index="3" bw="9" slack="0"/>
<pin id="266" dir="1" index="4" bw="16" slack="1"/>
</pin_list>
<bind>
<opcode="partselect(1002) " fcode="partselect"/>
<opset="data_pack_30/1 "/>
</bind>
</comp>

<comp id="271" class="1004" name="res_fu_271">
<pin_list>
<pin id="272" dir="0" index="0" bw="96" slack="0"/>
<pin id="273" dir="1" index="1" bw="16" slack="0"/>
</pin_list>
<bind>
<opcode="extractvalue(56) " fcode="extractvalue"/>
<opset="res/3 "/>
</bind>
</comp>

<comp id="275" class="1004" name="res_6_fu_275">
<pin_list>
<pin id="276" dir="0" index="0" bw="96" slack="0"/>
<pin id="277" dir="1" index="1" bw="16" slack="0"/>
</pin_list>
<bind>
<opcode="extractvalue(56) " fcode="extractvalue"/>
<opset="res_6/3 "/>
</bind>
</comp>

<comp id="279" class="1004" name="res_7_fu_279">
<pin_list>
<pin id="280" dir="0" index="0" bw="96" slack="0"/>
<pin id="281" dir="1" index="1" bw="16" slack="0"/>
</pin_list>
<bind>
<opcode="extractvalue(56) " fcode="extractvalue"/>
<opset="res_7/3 "/>
</bind>
</comp>

<comp id="283" class="1004" name="res_8_fu_283">
<pin_list>
<pin id="284" dir="0" index="0" bw="96" slack="0"/>
<pin id="285" dir="1" index="1" bw="16" slack="0"/>
</pin_list>
<bind>
<opcode="extractvalue(56) " fcode="extractvalue"/>
<opset="res_8/3 "/>
</bind>
</comp>

<comp id="287" class="1004" name="res_9_fu_287">
<pin_list>
<pin id="288" dir="0" index="0" bw="96" slack="0"/>
<pin id="289" dir="1" index="1" bw="16" slack="0"/>
</pin_list>
<bind>
<opcode="extractvalue(56) " fcode="extractvalue"/>
<opset="res_9/3 "/>
</bind>
</comp>

<comp id="291" class="1004" name="res_10_fu_291">
<pin_list>
<pin id="292" dir="0" index="0" bw="96" slack="0"/>
<pin id="293" dir="1" index="1" bw="16" slack="0"/>
</pin_list>
<bind>
<opcode="extractvalue(56) " fcode="extractvalue"/>
<opset="res_10/3 "/>
</bind>
</comp>

<comp id="295" class="1004" name="p_s_fu_295">
<pin_list>
<pin id="296" dir="0" index="0" bw="96" slack="0"/>
<pin id="297" dir="0" index="1" bw="16" slack="0"/>
<pin id="298" dir="0" index="2" bw="16" slack="0"/>
<pin id="299" dir="0" index="3" bw="16" slack="0"/>
<pin id="300" dir="0" index="4" bw="16" slack="0"/>
<pin id="301" dir="0" index="5" bw="16" slack="0"/>
<pin id="302" dir="0" index="6" bw="16" slack="0"/>
<pin id="303" dir="1" index="7" bw="96" slack="0"/>
</pin_list>
<bind>
<opcode="bitconcatenate(1004) " fcode="bitconcatenate"/>
<opset="p_s/3 "/>
</bind>
</comp>

<comp id="312" class="1005" name="data_pack_reg_312">
<pin_list>
<pin id="313" dir="0" index="0" bw="16" slack="1"/>
<pin id="314" dir="1" index="1" bw="16" slack="1"/>
</pin_list>
<bind>
<opset="data_pack "/>
</bind>
</comp>

<comp id="317" class="1005" name="data_pack_16_reg_317">
<pin_list>
<pin id="318" dir="0" index="0" bw="16" slack="1"/>
<pin id="319" dir="1" index="1" bw="16" slack="1"/>
</pin_list>
<bind>
<opset="data_pack_16 "/>
</bind>
</comp>

<comp id="322" class="1005" name="data_pack_17_reg_322">
<pin_list>
<pin id="323" dir="0" index="0" bw="16" slack="1"/>
<pin id="324" dir="1" index="1" bw="16" slack="1"/>
</pin_list>
<bind>
<opset="data_pack_17 "/>
</bind>
</comp>

<comp id="327" class="1005" name="data_pack_18_reg_327">
<pin_list>
<pin id="328" dir="0" index="0" bw="16" slack="1"/>
<pin id="329" dir="1" index="1" bw="16" slack="1"/>
</pin_list>
<bind>
<opset="data_pack_18 "/>
</bind>
</comp>

<comp id="332" class="1005" name="data_pack_19_reg_332">
<pin_list>
<pin id="333" dir="0" index="0" bw="16" slack="1"/>
<pin id="334" dir="1" index="1" bw="16" slack="1"/>
</pin_list>
<bind>
<opset="data_pack_19 "/>
</bind>
</comp>

<comp id="337" class="1005" name="data_pack_20_reg_337">
<pin_list>
<pin id="338" dir="0" index="0" bw="16" slack="1"/>
<pin id="339" dir="1" index="1" bw="16" slack="1"/>
</pin_list>
<bind>
<opset="data_pack_20 "/>
</bind>
</comp>

<comp id="342" class="1005" name="data_pack_21_reg_342">
<pin_list>
<pin id="343" dir="0" index="0" bw="16" slack="1"/>
<pin id="344" dir="1" index="1" bw="16" slack="1"/>
</pin_list>
<bind>
<opset="data_pack_21 "/>
</bind>
</comp>

<comp id="347" class="1005" name="data_pack_22_reg_347">
<pin_list>
<pin id="348" dir="0" index="0" bw="16" slack="1"/>
<pin id="349" dir="1" index="1" bw="16" slack="1"/>
</pin_list>
<bind>
<opset="data_pack_22 "/>
</bind>
</comp>

<comp id="352" class="1005" name="data_pack_23_reg_352">
<pin_list>
<pin id="353" dir="0" index="0" bw="16" slack="1"/>
<pin id="354" dir="1" index="1" bw="16" slack="1"/>
</pin_list>
<bind>
<opset="data_pack_23 "/>
</bind>
</comp>

<comp id="357" class="1005" name="data_pack_24_reg_357">
<pin_list>
<pin id="358" dir="0" index="0" bw="16" slack="1"/>
<pin id="359" dir="1" index="1" bw="16" slack="1"/>
</pin_list>
<bind>
<opset="data_pack_24 "/>
</bind>
</comp>

<comp id="362" class="1005" name="data_pack_25_reg_362">
<pin_list>
<pin id="363" dir="0" index="0" bw="16" slack="1"/>
<pin id="364" dir="1" index="1" bw="16" slack="1"/>
</pin_list>
<bind>
<opset="data_pack_25 "/>
</bind>
</comp>

<comp id="367" class="1005" name="data_pack_26_reg_367">
<pin_list>
<pin id="368" dir="0" index="0" bw="16" slack="1"/>
<pin id="369" dir="1" index="1" bw="16" slack="1"/>
</pin_list>
<bind>
<opset="data_pack_26 "/>
</bind>
</comp>

<comp id="372" class="1005" name="data_pack_27_reg_372">
<pin_list>
<pin id="373" dir="0" index="0" bw="16" slack="1"/>
<pin id="374" dir="1" index="1" bw="16" slack="1"/>
</pin_list>
<bind>
<opset="data_pack_27 "/>
</bind>
</comp>

<comp id="377" class="1005" name="data_pack_28_reg_377">
<pin_list>
<pin id="378" dir="0" index="0" bw="16" slack="1"/>
<pin id="379" dir="1" index="1" bw="16" slack="1"/>
</pin_list>
<bind>
<opset="data_pack_28 "/>
</bind>
</comp>

<comp id="382" class="1005" name="data_pack_29_reg_382">
<pin_list>
<pin id="383" dir="0" index="0" bw="16" slack="1"/>
<pin id="384" dir="1" index="1" bw="16" slack="1"/>
</pin_list>
<bind>
<opset="data_pack_29 "/>
</bind>
</comp>

<comp id="387" class="1005" name="data_pack_30_reg_387">
<pin_list>
<pin id="388" dir="0" index="0" bw="16" slack="1"/>
<pin id="389" dir="1" index="1" bw="16" slack="1"/>
</pin_list>
<bind>
<opset="data_pack_30 "/>
</bind>
</comp>

</comp_list>

<net_list>
<net id="88"><net_src comp="4" pin="0"/><net_sink comp="84" pin=0"/></net>

<net id="89"><net_src comp="0" pin="0"/><net_sink comp="84" pin=1"/></net>

<net id="95"><net_src comp="82" pin="0"/><net_sink comp="90" pin=0"/></net>

<net id="96"><net_src comp="2" pin="0"/><net_sink comp="90" pin=1"/></net>

<net id="116"><net_src comp="68" pin="0"/><net_sink comp="97" pin=0"/></net>

<net id="120"><net_src comp="84" pin="2"/><net_sink comp="117" pin=0"/></net>

<net id="127"><net_src comp="6" pin="0"/><net_sink comp="121" pin=0"/></net>

<net id="128"><net_src comp="84" pin="2"/><net_sink comp="121" pin=1"/></net>

<net id="129"><net_src comp="8" pin="0"/><net_sink comp="121" pin=2"/></net>

<net id="130"><net_src comp="10" pin="0"/><net_sink comp="121" pin=3"/></net>

<net id="137"><net_src comp="6" pin="0"/><net_sink comp="131" pin=0"/></net>

<net id="138"><net_src comp="84" pin="2"/><net_sink comp="131" pin=1"/></net>

<net id="139"><net_src comp="12" pin="0"/><net_sink comp="131" pin=2"/></net>

<net id="140"><net_src comp="14" pin="0"/><net_sink comp="131" pin=3"/></net>

<net id="147"><net_src comp="6" pin="0"/><net_sink comp="141" pin=0"/></net>

<net id="148"><net_src comp="84" pin="2"/><net_sink comp="141" pin=1"/></net>

<net id="149"><net_src comp="16" pin="0"/><net_sink comp="141" pin=2"/></net>

<net id="150"><net_src comp="18" pin="0"/><net_sink comp="141" pin=3"/></net>

<net id="157"><net_src comp="6" pin="0"/><net_sink comp="151" pin=0"/></net>

<net id="158"><net_src comp="84" pin="2"/><net_sink comp="151" pin=1"/></net>

<net id="159"><net_src comp="20" pin="0"/><net_sink comp="151" pin=2"/></net>

<net id="160"><net_src comp="22" pin="0"/><net_sink comp="151" pin=3"/></net>

<net id="167"><net_src comp="6" pin="0"/><net_sink comp="161" pin=0"/></net>

<net id="168"><net_src comp="84" pin="2"/><net_sink comp="161" pin=1"/></net>

<net id="169"><net_src comp="24" pin="0"/><net_sink comp="161" pin=2"/></net>

<net id="170"><net_src comp="26" pin="0"/><net_sink comp="161" pin=3"/></net>

<net id="177"><net_src comp="6" pin="0"/><net_sink comp="171" pin=0"/></net>

<net id="178"><net_src comp="84" pin="2"/><net_sink comp="171" pin=1"/></net>

<net id="179"><net_src comp="28" pin="0"/><net_sink comp="171" pin=2"/></net>

<net id="180"><net_src comp="30" pin="0"/><net_sink comp="171" pin=3"/></net>

<net id="187"><net_src comp="6" pin="0"/><net_sink comp="181" pin=0"/></net>

<net id="188"><net_src comp="84" pin="2"/><net_sink comp="181" pin=1"/></net>

<net id="189"><net_src comp="32" pin="0"/><net_sink comp="181" pin=2"/></net>

<net id="190"><net_src comp="34" pin="0"/><net_sink comp="181" pin=3"/></net>

<net id="197"><net_src comp="6" pin="0"/><net_sink comp="191" pin=0"/></net>

<net id="198"><net_src comp="84" pin="2"/><net_sink comp="191" pin=1"/></net>

<net id="199"><net_src comp="36" pin="0"/><net_sink comp="191" pin=2"/></net>

<net id="200"><net_src comp="38" pin="0"/><net_sink comp="191" pin=3"/></net>

<net id="207"><net_src comp="6" pin="0"/><net_sink comp="201" pin=0"/></net>

<net id="208"><net_src comp="84" pin="2"/><net_sink comp="201" pin=1"/></net>

<net id="209"><net_src comp="40" pin="0"/><net_sink comp="201" pin=2"/></net>

<net id="210"><net_src comp="42" pin="0"/><net_sink comp="201" pin=3"/></net>

<net id="217"><net_src comp="6" pin="0"/><net_sink comp="211" pin=0"/></net>

<net id="218"><net_src comp="84" pin="2"/><net_sink comp="211" pin=1"/></net>

<net id="219"><net_src comp="44" pin="0"/><net_sink comp="211" pin=2"/></net>

<net id="220"><net_src comp="46" pin="0"/><net_sink comp="211" pin=3"/></net>

<net id="227"><net_src comp="6" pin="0"/><net_sink comp="221" pin=0"/></net>

<net id="228"><net_src comp="84" pin="2"/><net_sink comp="221" pin=1"/></net>

<net id="229"><net_src comp="48" pin="0"/><net_sink comp="221" pin=2"/></net>

<net id="230"><net_src comp="50" pin="0"/><net_sink comp="221" pin=3"/></net>

<net id="237"><net_src comp="6" pin="0"/><net_sink comp="231" pin=0"/></net>

<net id="238"><net_src comp="84" pin="2"/><net_sink comp="231" pin=1"/></net>

<net id="239"><net_src comp="52" pin="0"/><net_sink comp="231" pin=2"/></net>

<net id="240"><net_src comp="54" pin="0"/><net_sink comp="231" pin=3"/></net>

<net id="247"><net_src comp="6" pin="0"/><net_sink comp="241" pin=0"/></net>

<net id="248"><net_src comp="84" pin="2"/><net_sink comp="241" pin=1"/></net>

<net id="249"><net_src comp="56" pin="0"/><net_sink comp="241" pin=2"/></net>

<net id="250"><net_src comp="58" pin="0"/><net_sink comp="241" pin=3"/></net>

<net id="257"><net_src comp="6" pin="0"/><net_sink comp="251" pin=0"/></net>

<net id="258"><net_src comp="84" pin="2"/><net_sink comp="251" pin=1"/></net>

<net id="259"><net_src comp="60" pin="0"/><net_sink comp="251" pin=2"/></net>

<net id="260"><net_src comp="62" pin="0"/><net_sink comp="251" pin=3"/></net>

<net id="267"><net_src comp="6" pin="0"/><net_sink comp="261" pin=0"/></net>

<net id="268"><net_src comp="84" pin="2"/><net_sink comp="261" pin=1"/></net>

<net id="269"><net_src comp="64" pin="0"/><net_sink comp="261" pin=2"/></net>

<net id="270"><net_src comp="66" pin="0"/><net_sink comp="261" pin=3"/></net>

<net id="274"><net_src comp="97" pin="17"/><net_sink comp="271" pin=0"/></net>

<net id="278"><net_src comp="97" pin="17"/><net_sink comp="275" pin=0"/></net>

<net id="282"><net_src comp="97" pin="17"/><net_sink comp="279" pin=0"/></net>

<net id="286"><net_src comp="97" pin="17"/><net_sink comp="283" pin=0"/></net>

<net id="290"><net_src comp="97" pin="17"/><net_sink comp="287" pin=0"/></net>

<net id="294"><net_src comp="97" pin="17"/><net_sink comp="291" pin=0"/></net>

<net id="304"><net_src comp="80" pin="0"/><net_sink comp="295" pin=0"/></net>

<net id="305"><net_src comp="291" pin="1"/><net_sink comp="295" pin=1"/></net>

<net id="306"><net_src comp="287" pin="1"/><net_sink comp="295" pin=2"/></net>

<net id="307"><net_src comp="283" pin="1"/><net_sink comp="295" pin=3"/></net>

<net id="308"><net_src comp="279" pin="1"/><net_sink comp="295" pin=4"/></net>

<net id="309"><net_src comp="275" pin="1"/><net_sink comp="295" pin=5"/></net>

<net id="310"><net_src comp="271" pin="1"/><net_sink comp="295" pin=6"/></net>

<net id="311"><net_src comp="295" pin="7"/><net_sink comp="90" pin=2"/></net>

<net id="315"><net_src comp="117" pin="1"/><net_sink comp="312" pin=0"/></net>

<net id="316"><net_src comp="312" pin="1"/><net_sink comp="97" pin=1"/></net>

<net id="320"><net_src comp="121" pin="4"/><net_sink comp="317" pin=0"/></net>

<net id="321"><net_src comp="317" pin="1"/><net_sink comp="97" pin=2"/></net>

<net id="325"><net_src comp="131" pin="4"/><net_sink comp="322" pin=0"/></net>

<net id="326"><net_src comp="322" pin="1"/><net_sink comp="97" pin=3"/></net>

<net id="330"><net_src comp="141" pin="4"/><net_sink comp="327" pin=0"/></net>

<net id="331"><net_src comp="327" pin="1"/><net_sink comp="97" pin=4"/></net>

<net id="335"><net_src comp="151" pin="4"/><net_sink comp="332" pin=0"/></net>

<net id="336"><net_src comp="332" pin="1"/><net_sink comp="97" pin=5"/></net>

<net id="340"><net_src comp="161" pin="4"/><net_sink comp="337" pin=0"/></net>

<net id="341"><net_src comp="337" pin="1"/><net_sink comp="97" pin=6"/></net>

<net id="345"><net_src comp="171" pin="4"/><net_sink comp="342" pin=0"/></net>

<net id="346"><net_src comp="342" pin="1"/><net_sink comp="97" pin=7"/></net>

<net id="350"><net_src comp="181" pin="4"/><net_sink comp="347" pin=0"/></net>

<net id="351"><net_src comp="347" pin="1"/><net_sink comp="97" pin=8"/></net>

<net id="355"><net_src comp="191" pin="4"/><net_sink comp="352" pin=0"/></net>

<net id="356"><net_src comp="352" pin="1"/><net_sink comp="97" pin=9"/></net>

<net id="360"><net_src comp="201" pin="4"/><net_sink comp="357" pin=0"/></net>

<net id="361"><net_src comp="357" pin="1"/><net_sink comp="97" pin=10"/></net>

<net id="365"><net_src comp="211" pin="4"/><net_sink comp="362" pin=0"/></net>

<net id="366"><net_src comp="362" pin="1"/><net_sink comp="97" pin=11"/></net>

<net id="370"><net_src comp="221" pin="4"/><net_sink comp="367" pin=0"/></net>

<net id="371"><net_src comp="367" pin="1"/><net_sink comp="97" pin=12"/></net>

<net id="375"><net_src comp="231" pin="4"/><net_sink comp="372" pin=0"/></net>

<net id="376"><net_src comp="372" pin="1"/><net_sink comp="97" pin=13"/></net>

<net id="380"><net_src comp="241" pin="4"/><net_sink comp="377" pin=0"/></net>

<net id="381"><net_src comp="377" pin="1"/><net_sink comp="97" pin=14"/></net>

<net id="385"><net_src comp="251" pin="4"/><net_sink comp="382" pin=0"/></net>

<net id="386"><net_src comp="382" pin="1"/><net_sink comp="97" pin=15"/></net>

<net id="390"><net_src comp="261" pin="4"/><net_sink comp="387" pin=0"/></net>

<net id="391"><net_src comp="387" pin="1"/><net_sink comp="97" pin=16"/></net>

</net_list>

</model> 
---------------- Datapath Model END ------------------

* FSMD analyzer results:
  - Output states:
	Port: layer6_out | {3 }
 - Input state : 
	Port: dense<array<ap_fixed,16u>,array<ap_fixed<16,6,5,3,0>,6u>,config6> : layer5_out | {1 }
  - Chain level:
	State 1
	State 2
	State 3
		res : 1
		res_6 : 1
		res_7 : 1
		res_8 : 1
		res_9 : 1
		res_10 : 1
		p_s : 2
		write_ln77 : 3


============================================================
+ Verbose Summary: Datapath Resource usage 
============================================================

* Functional unit list:
|----------|------------------------------------------------------------------------|---------|---------|---------|
| Operation|                             Functional Unit                            |   DSP   |    FF   |   LUT   |
|----------|------------------------------------------------------------------------|---------|---------|---------|
|   call   | grp_dense_latency_wrapper_ap_fixed_ap_fixed_16_6_5_3_0_config6_s_fu_97 |    91   |   555   |   2427  |
|----------|------------------------------------------------------------------------|---------|---------|---------|
|   read   |                       layer5_out_read_read_fu_84                       |    0    |    0    |    0    |
|----------|------------------------------------------------------------------------|---------|---------|---------|
|   write  |                         write_ln77_write_fu_90                         |    0    |    0    |    0    |
|----------|------------------------------------------------------------------------|---------|---------|---------|
|   trunc  |                            data_pack_fu_117                            |    0    |    0    |    0    |
|----------|------------------------------------------------------------------------|---------|---------|---------|
|          |                           data_pack_16_fu_121                          |    0    |    0    |    0    |
|          |                           data_pack_17_fu_131                          |    0    |    0    |    0    |
|          |                           data_pack_18_fu_141                          |    0    |    0    |    0    |
|          |                           data_pack_19_fu_151                          |    0    |    0    |    0    |
|          |                           data_pack_20_fu_161                          |    0    |    0    |    0    |
|          |                           data_pack_21_fu_171                          |    0    |    0    |    0    |
|          |                           data_pack_22_fu_181                          |    0    |    0    |    0    |
|partselect|                           data_pack_23_fu_191                          |    0    |    0    |    0    |
|          |                           data_pack_24_fu_201                          |    0    |    0    |    0    |
|          |                           data_pack_25_fu_211                          |    0    |    0    |    0    |
|          |                           data_pack_26_fu_221                          |    0    |    0    |    0    |
|          |                           data_pack_27_fu_231                          |    0    |    0    |    0    |
|          |                           data_pack_28_fu_241                          |    0    |    0    |    0    |
|          |                           data_pack_29_fu_251                          |    0    |    0    |    0    |
|          |                           data_pack_30_fu_261                          |    0    |    0    |    0    |
|----------|------------------------------------------------------------------------|---------|---------|---------|
|          |                               res_fu_271                               |    0    |    0    |    0    |
|          |                              res_6_fu_275                              |    0    |    0    |    0    |
|extractvalue|                              res_7_fu_279                              |    0    |    0    |    0    |
|          |                              res_8_fu_283                              |    0    |    0    |    0    |
|          |                              res_9_fu_287                              |    0    |    0    |    0    |
|          |                              res_10_fu_291                             |    0    |    0    |    0    |
|----------|------------------------------------------------------------------------|---------|---------|---------|
|bitconcatenate|                               p_s_fu_295                               |    0    |    0    |    0    |
|----------|------------------------------------------------------------------------|---------|---------|---------|
|   Total  |                                                                        |    91   |   555   |   2427  |
|----------|------------------------------------------------------------------------|---------|---------|---------|

Memories:
N/A

* Register list:
+--------------------+--------+
|                    |   FF   |
+--------------------+--------+
|data_pack_16_reg_317|   16   |
|data_pack_17_reg_322|   16   |
|data_pack_18_reg_327|   16   |
|data_pack_19_reg_332|   16   |
|data_pack_20_reg_337|   16   |
|data_pack_21_reg_342|   16   |
|data_pack_22_reg_347|   16   |
|data_pack_23_reg_352|   16   |
|data_pack_24_reg_357|   16   |
|data_pack_25_reg_362|   16   |
|data_pack_26_reg_367|   16   |
|data_pack_27_reg_372|   16   |
|data_pack_28_reg_377|   16   |
|data_pack_29_reg_382|   16   |
|data_pack_30_reg_387|   16   |
|  data_pack_reg_312 |   16   |
+--------------------+--------+
|        Total       |   256  |
+--------------------+--------+

* Multiplexer (MUX) list: 
|--------|------|------|------|--------|
|  Comp  |  Pin | Size |  BW  | S x BW |
|--------|------|------|------|--------|
|  Total |      |      |      |    0   |
|--------|------|------|------|--------|



* Summary:
+-----------+--------+--------+--------+
|           |   DSP  |   FF   |   LUT  |
+-----------+--------+--------+--------+
|  Function |   91   |   555  |  2427  |
|   Memory  |    -   |    -   |    -   |
|Multiplexer|    -   |    -   |    -   |
|  Register |    -   |   256  |    -   |
+-----------+--------+--------+--------+
|   Total   |   91   |   811  |  2427  |
+-----------+--------+--------+--------+
