

================================================================
== Vitis HLS Report for 'global_pooling1d_cl_array_array_ap_fixed_16_6_5_3_0_16u_config5_s'
================================================================
* Date:           Wed Mar 18 13:58:01 2026

* Version:        2024.1 (Build 5069499 on May 21 2024)
* Project:        myproject_prj
* Solution:       solution1 (Vivado IP Flow Target)
* Product family: virtexuplus
* Target device:  xcu250-figd2104-2L-e


================================================================
== Performance Estimates
================================================================
+ Timing: 
    * Summary: 
    +--------+---------+----------+------------+
    |  Clock |  Target | Estimated| Uncertainty|
    +--------+---------+----------+------------+
    |ap_clk  |  5.00 ns|  2.555 ns|     1.35 ns|
    +--------+---------+----------+------------+

+ Latency: 
    * Summary: 
    +---------+---------+----------+----------+-----+-----+---------+
    |  Latency (cycles) |  Latency (absolute) |  Interval | Pipeline|
    |   min   |   max   |    min   |    max   | min | max |   Type  |
    +---------+---------+----------+----------+-----+-----+---------+
    |      131|      131|  0.655 us|  0.655 us|  131|  131|       no|
    +---------+---------+----------+----------+-----+-----+---------+

    + Detail: 
        * Instance: 
        +-----------------------------------------------------------------------------------+-------------------------------------------------------------------------+---------+---------+----------+----------+-----+-----+-----------------------------------------------+
        |                                                                                   |                                                                         |  Latency (cycles) |  Latency (absolute) |  Interval |                    Pipeline                   |
        |                                      Instance                                     |                                  Module                                 |   min   |   max   |    min   |    max   | min | max |                      Type                     |
        +-----------------------------------------------------------------------------------+-------------------------------------------------------------------------+---------+---------+----------+----------+-----+-----+-----------------------------------------------+
        |grp_global_pooling1d_cl_array_array_ap_fixed_16u_config5_Pipeline_ReadInput_fu_95  |global_pooling1d_cl_array_array_ap_fixed_16u_config5_Pipeline_ReadInput  |      129|      129|  0.645 us|  0.645 us|  128|  128|  loop auto-rewind stp(delay=0 clock cycles(s))|
        +-----------------------------------------------------------------------------------+-------------------------------------------------------------------------+---------+---------+----------+----------+-----+-----+-----------------------------------------------+

        * Loop: 
        N/A



================================================================
== Utilization Estimates
================================================================
* Summary: 
+---------------------+---------+-------+---------+---------+------+
|         Name        | BRAM_18K|  DSP  |    FF   |   LUT   | URAM |
+---------------------+---------+-------+---------+---------+------+
|DSP                  |        -|      -|        -|        -|     -|
|Expression           |        -|      -|        0|        2|     -|
|FIFO                 |        -|      -|        -|        -|     -|
|Instance             |        -|      -|      266|      836|     -|
|Memory               |        -|      -|        -|        -|     -|
|Multiplexer          |        -|      -|        0|       56|     -|
|Register             |        -|      -|      262|        -|     -|
+---------------------+---------+-------+---------+---------+------+
|Total                |        0|      0|      528|      894|     0|
+---------------------+---------+-------+---------+---------+------+
|Available SLR        |     1344|   3072|   864000|   432000|   320|
+---------------------+---------+-------+---------+---------+------+
|Utilization SLR (%)  |        0|      0|       ~0|       ~0|     0|
+---------------------+---------+-------+---------+---------+------+
|Available            |     5376|  12288|  3456000|  1728000|  1280|
+---------------------+---------+-------+---------+---------+------+
|Utilization (%)      |        0|      0|       ~0|       ~0|     0|
+---------------------+---------+-------+---------+---------+------+

+ Detail: 
    * Instance: 
    +-----------------------------------------------------------------------------------+-------------------------------------------------------------------------+---------+----+-----+-----+-----+
    |                                      Instance                                     |                                  Module                                 | BRAM_18K| DSP|  FF | LUT | URAM|
    +-----------------------------------------------------------------------------------+-------------------------------------------------------------------------+---------+----+-----+-----+-----+
    |grp_global_pooling1d_cl_array_array_ap_fixed_16u_config5_Pipeline_ReadInput_fu_95  |global_pooling1d_cl_array_array_ap_fixed_16u_config5_Pipeline_ReadInput  |        0|   0|  266|  836|    0|
    +-----------------------------------------------------------------------------------+-------------------------------------------------------------------------+---------+----+-----+-----+-----+
    |Total                                                                              |                                                                         |        0|   0|  266|  836|    0|
    +-----------------------------------------------------------------------------------+-------------------------------------------------------------------------+---------+----+-----+-----+-----+

    * DSP: 
    N/A

    * Memory: 
    N/A

    * FIFO: 
    N/A

    * Expression: 
    +-----------------+----------+----+---+----+------------+------------+
    |  Variable Name  | Operation| DSP| FF| LUT| Bitwidth P0| Bitwidth P1|
    +-----------------+----------+----+---+----+------------+------------+
    |ap_block_state1  |        or|   0|  0|   2|           1|           1|
    +-----------------+----------+----+---+----+------------+------------+
    |Total            |          |   0|  0|   2|           1|           1|
    +-----------------+----------+----+---+----+------------+------------+

    * Multiplexer: 
    +------------------+----+-----------+-----+-----------+
    |       Name       | LUT| Input Size| Bits| Total Bits|
    +------------------+----+-----------+-----+-----------+
    |ap_NS_fsm         |  20|          4|    1|          4|
    |ap_done           |   9|          2|    1|          2|
    |layer4_out_read   |   9|          2|    1|          2|
    |layer5_out_blk_n  |   9|          2|    1|          2|
    |real_start        |   9|          2|    1|          2|
    +------------------+----+-----------+-----+-----------+
    |Total             |  56|         12|    5|         12|
    +------------------+----+-----------+-----+-----------+

    * Register: 
    +------------------------------------------------------------------------------------------------+----+----+-----+-----------+
    |                                              Name                                              | FF | LUT| Bits| Const Bits|
    +------------------------------------------------------------------------------------------------+----+----+-----+-----------+
    |ap_CS_fsm                                                                                       |   3|   0|    3|          0|
    |ap_done_reg                                                                                     |   1|   0|    1|          0|
    |data_window_10_loc_fu_44                                                                        |  16|   0|   16|          0|
    |data_window_11_loc_fu_40                                                                        |  16|   0|   16|          0|
    |data_window_12_loc_fu_36                                                                        |  16|   0|   16|          0|
    |data_window_13_loc_fu_32                                                                        |  16|   0|   16|          0|
    |data_window_14_loc_fu_28                                                                        |  16|   0|   16|          0|
    |data_window_15_loc_fu_24                                                                        |  16|   0|   16|          0|
    |data_window_1_loc_fu_80                                                                         |  16|   0|   16|          0|
    |data_window_2_loc_fu_76                                                                         |  16|   0|   16|          0|
    |data_window_3_loc_fu_72                                                                         |  16|   0|   16|          0|
    |data_window_4_loc_fu_68                                                                         |  16|   0|   16|          0|
    |data_window_5_loc_fu_64                                                                         |  16|   0|   16|          0|
    |data_window_6_loc_fu_60                                                                         |  16|   0|   16|          0|
    |data_window_7_loc_fu_56                                                                         |  16|   0|   16|          0|
    |data_window_8_loc_fu_52                                                                         |  16|   0|   16|          0|
    |data_window_9_loc_fu_48                                                                         |  16|   0|   16|          0|
    |data_window_loc_fu_84                                                                           |  16|   0|   16|          0|
    |grp_global_pooling1d_cl_array_array_ap_fixed_16u_config5_Pipeline_ReadInput_fu_95_ap_start_reg  |   1|   0|    1|          0|
    |start_once_reg                                                                                  |   1|   0|    1|          0|
    +------------------------------------------------------------------------------------------------+----+----+-----+-----------+
    |Total                                                                                           | 262|   0|  262|          0|
    +------------------------------------------------------------------------------------------------+----+----+-----+-----------+



================================================================
== Interface
================================================================
* Summary: 
+---------------------------+-----+-----+------------+--------------------------------------------------------------------+--------------+
|         RTL Ports         | Dir | Bits|  Protocol  |                            Source Object                           |    C Type    |
+---------------------------+-----+-----+------------+--------------------------------------------------------------------+--------------+
|ap_clk                     |   in|    1|  ap_ctrl_hs|  global_pooling1d_cl<array,array<ap_fixed<16,6,5,3,0>,16u>,config5>|  return value|
|ap_rst                     |   in|    1|  ap_ctrl_hs|  global_pooling1d_cl<array,array<ap_fixed<16,6,5,3,0>,16u>,config5>|  return value|
|ap_start                   |   in|    1|  ap_ctrl_hs|  global_pooling1d_cl<array,array<ap_fixed<16,6,5,3,0>,16u>,config5>|  return value|
|start_full_n               |   in|    1|  ap_ctrl_hs|  global_pooling1d_cl<array,array<ap_fixed<16,6,5,3,0>,16u>,config5>|  return value|
|ap_done                    |  out|    1|  ap_ctrl_hs|  global_pooling1d_cl<array,array<ap_fixed<16,6,5,3,0>,16u>,config5>|  return value|
|ap_continue                |   in|    1|  ap_ctrl_hs|  global_pooling1d_cl<array,array<ap_fixed<16,6,5,3,0>,16u>,config5>|  return value|
|ap_idle                    |  out|    1|  ap_ctrl_hs|  global_pooling1d_cl<array,array<ap_fixed<16,6,5,3,0>,16u>,config5>|  return value|
|ap_ready                   |  out|    1|  ap_ctrl_hs|  global_pooling1d_cl<array,array<ap_fixed<16,6,5,3,0>,16u>,config5>|  return value|
|start_out                  |  out|    1|  ap_ctrl_hs|  global_pooling1d_cl<array,array<ap_fixed<16,6,5,3,0>,16u>,config5>|  return value|
|start_write                |  out|    1|  ap_ctrl_hs|  global_pooling1d_cl<array,array<ap_fixed<16,6,5,3,0>,16u>,config5>|  return value|
|layer4_out_dout            |   in|  256|     ap_fifo|                                                          layer4_out|       pointer|
|layer4_out_num_data_valid  |   in|    8|     ap_fifo|                                                          layer4_out|       pointer|
|layer4_out_fifo_cap        |   in|    8|     ap_fifo|                                                          layer4_out|       pointer|
|layer4_out_empty_n         |   in|    1|     ap_fifo|                                                          layer4_out|       pointer|
|layer4_out_read            |  out|    1|     ap_fifo|                                                          layer4_out|       pointer|
|layer5_out_din             |  out|  256|     ap_fifo|                                                          layer5_out|       pointer|
|layer5_out_num_data_valid  |   in|    2|     ap_fifo|                                                          layer5_out|       pointer|
|layer5_out_fifo_cap        |   in|    2|     ap_fifo|                                                          layer5_out|       pointer|
|layer5_out_full_n          |   in|    1|     ap_fifo|                                                          layer5_out|       pointer|
|layer5_out_write           |  out|    1|     ap_fifo|                                                          layer5_out|       pointer|
+---------------------------+-----+-----+------------+--------------------------------------------------------------------+--------------+

============================================================
+ Verbose Summary: Synthesis Manager
============================================================
InlineROM: 1
ExposeGlobal: 0
============================================================
+ Verbose Summary: CDFG Model
============================================================
IsTopModel: 0
ResetActiveHigh: 1
IsCombinational: 2
IsDatapathOnly: 0
HasWiredReturn: 1
HasMFsm: 0
HasVarLatency: 1
IsPipeline: 0
IsRtlPipelined: 0
IsInstanceOverlapped: 0
IsDontTouch: 0
HasImplIP: 0
IsGatedGlobalClock: 0


============================================================
+ Verbose Summary: Schedule
============================================================
* Number of FSM states : 3
* Pipeline : 0
* Dataflow Pipeline: 0

* FSM state transitions: 
1 --> 2 
2 --> 3 
3 --> 

* FSM state operations: 

State 1 <SV = 0> <Delay = 0.00>
ST_1 : Operation 4 [1/1] (0.00ns)   --->   "%data_window_15_loc = alloca i64 1"   --->   Operation 4 'alloca' 'data_window_15_loc' <Predicate = true> <Delay = 0.00>
ST_1 : Operation 5 [1/1] (0.00ns)   --->   "%data_window_14_loc = alloca i64 1"   --->   Operation 5 'alloca' 'data_window_14_loc' <Predicate = true> <Delay = 0.00>
ST_1 : Operation 6 [1/1] (0.00ns)   --->   "%data_window_13_loc = alloca i64 1"   --->   Operation 6 'alloca' 'data_window_13_loc' <Predicate = true> <Delay = 0.00>
ST_1 : Operation 7 [1/1] (0.00ns)   --->   "%data_window_12_loc = alloca i64 1"   --->   Operation 7 'alloca' 'data_window_12_loc' <Predicate = true> <Delay = 0.00>
ST_1 : Operation 8 [1/1] (0.00ns)   --->   "%data_window_11_loc = alloca i64 1"   --->   Operation 8 'alloca' 'data_window_11_loc' <Predicate = true> <Delay = 0.00>
ST_1 : Operation 9 [1/1] (0.00ns)   --->   "%data_window_10_loc = alloca i64 1"   --->   Operation 9 'alloca' 'data_window_10_loc' <Predicate = true> <Delay = 0.00>
ST_1 : Operation 10 [1/1] (0.00ns)   --->   "%data_window_9_loc = alloca i64 1"   --->   Operation 10 'alloca' 'data_window_9_loc' <Predicate = true> <Delay = 0.00>
ST_1 : Operation 11 [1/1] (0.00ns)   --->   "%data_window_8_loc = alloca i64 1"   --->   Operation 11 'alloca' 'data_window_8_loc' <Predicate = true> <Delay = 0.00>
ST_1 : Operation 12 [1/1] (0.00ns)   --->   "%data_window_7_loc = alloca i64 1"   --->   Operation 12 'alloca' 'data_window_7_loc' <Predicate = true> <Delay = 0.00>
ST_1 : Operation 13 [1/1] (0.00ns)   --->   "%data_window_6_loc = alloca i64 1"   --->   Operation 13 'alloca' 'data_window_6_loc' <Predicate = true> <Delay = 0.00>
ST_1 : Operation 14 [1/1] (0.00ns)   --->   "%data_window_5_loc = alloca i64 1"   --->   Operation 14 'alloca' 'data_window_5_loc' <Predicate = true> <Delay = 0.00>
ST_1 : Operation 15 [1/1] (0.00ns)   --->   "%data_window_4_loc = alloca i64 1"   --->   Operation 15 'alloca' 'data_window_4_loc' <Predicate = true> <Delay = 0.00>
ST_1 : Operation 16 [1/1] (0.00ns)   --->   "%data_window_3_loc = alloca i64 1"   --->   Operation 16 'alloca' 'data_window_3_loc' <Predicate = true> <Delay = 0.00>
ST_1 : Operation 17 [1/1] (0.00ns)   --->   "%data_window_2_loc = alloca i64 1"   --->   Operation 17 'alloca' 'data_window_2_loc' <Predicate = true> <Delay = 0.00>
ST_1 : Operation 18 [1/1] (0.00ns)   --->   "%data_window_1_loc = alloca i64 1"   --->   Operation 18 'alloca' 'data_window_1_loc' <Predicate = true> <Delay = 0.00>
ST_1 : Operation 19 [1/1] (0.00ns)   --->   "%data_window_loc = alloca i64 1"   --->   Operation 19 'alloca' 'data_window_loc' <Predicate = true> <Delay = 0.00>
ST_1 : Operation 20 [1/1] (0.00ns)   --->   "%empty = wait i32 @_ssdm_op_Wait"   --->   Operation 20 'wait' 'empty' <Predicate = true> <Delay = 0.00>
ST_1 : Operation 21 [2/2] (0.00ns)   --->   "%call_ln0 = call void @global_pooling1d_cl<array,array<ap_fixed,16u>,config5>_Pipeline_ReadInput, i256 %layer4_out, i16 %data_window_loc, i16 %data_window_1_loc, i16 %data_window_2_loc, i16 %data_window_3_loc, i16 %data_window_4_loc, i16 %data_window_5_loc, i16 %data_window_6_loc, i16 %data_window_7_loc, i16 %data_window_8_loc, i16 %data_window_9_loc, i16 %data_window_10_loc, i16 %data_window_11_loc, i16 %data_window_12_loc, i16 %data_window_13_loc, i16 %data_window_14_loc, i16 %data_window_15_loc"   --->   Operation 21 'call' 'call_ln0' <Predicate = true> <Delay = 0.00> <CoreType = "Generic">   --->   Core 0 '' <Latency = 0> <II = 1> <Delay = 1.00> <Generic> <Opcode : >

State 2 <SV = 1> <Delay = 2.16>
ST_2 : Operation 22 [1/2] (2.16ns)   --->   "%call_ln0 = call void @global_pooling1d_cl<array,array<ap_fixed,16u>,config5>_Pipeline_ReadInput, i256 %layer4_out, i16 %data_window_loc, i16 %data_window_1_loc, i16 %data_window_2_loc, i16 %data_window_3_loc, i16 %data_window_4_loc, i16 %data_window_5_loc, i16 %data_window_6_loc, i16 %data_window_7_loc, i16 %data_window_8_loc, i16 %data_window_9_loc, i16 %data_window_10_loc, i16 %data_window_11_loc, i16 %data_window_12_loc, i16 %data_window_13_loc, i16 %data_window_14_loc, i16 %data_window_15_loc"   --->   Operation 22 'call' 'call_ln0' <Predicate = true> <Delay = 2.16> <CoreType = "Generic">   --->   Core 0 '' <Latency = 0> <II = 1> <Delay = 1.00> <Generic> <Opcode : >

State 3 <SV = 2> <Delay = 1.42>
ST_3 : Operation 23 [1/1] (0.00ns)   --->   "%specinterface_ln0 = specinterface void @_ssdm_op_SpecInterface, i256 %layer5_out, void @empty_15, i32 0, i32 0, void @empty_5, i32 0, i32 0, void @empty_5, void @empty_5, void @empty_5, i32 0, i32 0, i32 0, i32 0, void @empty_5, void @empty_5, i32 4294967295, i32 0, i32 0"   --->   Operation 23 'specinterface' 'specinterface_ln0' <Predicate = true> <Delay = 0.00>
ST_3 : Operation 24 [1/1] (0.00ns)   --->   "%specinterface_ln0 = specinterface void @_ssdm_op_SpecInterface, i256 %layer4_out, void @empty_15, i32 0, i32 0, void @empty_5, i32 0, i32 0, void @empty_5, void @empty_5, void @empty_5, i32 0, i32 0, i32 0, i32 0, void @empty_5, void @empty_5, i32 4294967295, i32 0, i32 0"   --->   Operation 24 'specinterface' 'specinterface_ln0' <Predicate = true> <Delay = 0.00>
ST_3 : Operation 25 [1/1] (0.00ns)   --->   "%data_window_loc_load = load i16 %data_window_loc"   --->   Operation 25 'load' 'data_window_loc_load' <Predicate = true> <Delay = 0.00>
ST_3 : Operation 26 [1/1] (0.00ns)   --->   "%data_window_1_loc_load = load i16 %data_window_1_loc"   --->   Operation 26 'load' 'data_window_1_loc_load' <Predicate = true> <Delay = 0.00>
ST_3 : Operation 27 [1/1] (0.00ns)   --->   "%data_window_2_loc_load = load i16 %data_window_2_loc"   --->   Operation 27 'load' 'data_window_2_loc_load' <Predicate = true> <Delay = 0.00>
ST_3 : Operation 28 [1/1] (0.00ns)   --->   "%data_window_3_loc_load = load i16 %data_window_3_loc"   --->   Operation 28 'load' 'data_window_3_loc_load' <Predicate = true> <Delay = 0.00>
ST_3 : Operation 29 [1/1] (0.00ns)   --->   "%data_window_4_loc_load = load i16 %data_window_4_loc"   --->   Operation 29 'load' 'data_window_4_loc_load' <Predicate = true> <Delay = 0.00>
ST_3 : Operation 30 [1/1] (0.00ns)   --->   "%data_window_5_loc_load = load i16 %data_window_5_loc"   --->   Operation 30 'load' 'data_window_5_loc_load' <Predicate = true> <Delay = 0.00>
ST_3 : Operation 31 [1/1] (0.00ns)   --->   "%data_window_6_loc_load = load i16 %data_window_6_loc"   --->   Operation 31 'load' 'data_window_6_loc_load' <Predicate = true> <Delay = 0.00>
ST_3 : Operation 32 [1/1] (0.00ns)   --->   "%data_window_7_loc_load = load i16 %data_window_7_loc"   --->   Operation 32 'load' 'data_window_7_loc_load' <Predicate = true> <Delay = 0.00>
ST_3 : Operation 33 [1/1] (0.00ns)   --->   "%data_window_8_loc_load = load i16 %data_window_8_loc"   --->   Operation 33 'load' 'data_window_8_loc_load' <Predicate = true> <Delay = 0.00>
ST_3 : Operation 34 [1/1] (0.00ns)   --->   "%data_window_9_loc_load = load i16 %data_window_9_loc"   --->   Operation 34 'load' 'data_window_9_loc_load' <Predicate = true> <Delay = 0.00>
ST_3 : Operation 35 [1/1] (0.00ns)   --->   "%data_window_10_loc_load = load i16 %data_window_10_loc"   --->   Operation 35 'load' 'data_window_10_loc_load' <Predicate = true> <Delay = 0.00>
ST_3 : Operation 36 [1/1] (0.00ns)   --->   "%data_window_11_loc_load = load i16 %data_window_11_loc"   --->   Operation 36 'load' 'data_window_11_loc_load' <Predicate = true> <Delay = 0.00>
ST_3 : Operation 37 [1/1] (0.00ns)   --->   "%data_window_12_loc_load = load i16 %data_window_12_loc"   --->   Operation 37 'load' 'data_window_12_loc_load' <Predicate = true> <Delay = 0.00>
ST_3 : Operation 38 [1/1] (0.00ns)   --->   "%data_window_13_loc_load = load i16 %data_window_13_loc"   --->   Operation 38 'load' 'data_window_13_loc_load' <Predicate = true> <Delay = 0.00>
ST_3 : Operation 39 [1/1] (0.00ns)   --->   "%data_window_14_loc_load = load i16 %data_window_14_loc"   --->   Operation 39 'load' 'data_window_14_loc_load' <Predicate = true> <Delay = 0.00>
ST_3 : Operation 40 [1/1] (0.00ns)   --->   "%data_window_15_loc_load = load i16 %data_window_15_loc"   --->   Operation 40 'load' 'data_window_15_loc_load' <Predicate = true> <Delay = 0.00>
ST_3 : Operation 41 [1/1] (0.00ns)   --->   "%empty_56 = wait i32 @_ssdm_op_Wait"   --->   Operation 41 'wait' 'empty_56' <Predicate = true> <Delay = 0.00>
ST_3 : Operation 42 [1/1] (0.00ns)   --->   "%p_0 = bitconcatenate i256 @_ssdm_op_BitConcatenate.i256.i16.i16.i16.i16.i16.i16.i16.i16.i16.i16.i16.i16.i16.i16.i16.i16, i16 %data_window_15_loc_load, i16 %data_window_14_loc_load, i16 %data_window_13_loc_load, i16 %data_window_12_loc_load, i16 %data_window_11_loc_load, i16 %data_window_10_loc_load, i16 %data_window_9_loc_load, i16 %data_window_8_loc_load, i16 %data_window_7_loc_load, i16 %data_window_6_loc_load, i16 %data_window_5_loc_load, i16 %data_window_4_loc_load, i16 %data_window_3_loc_load, i16 %data_window_2_loc_load, i16 %data_window_1_loc_load, i16 %data_window_loc_load" [firmware/nnet_utils/nnet_pooling_stream.h:323]   --->   Operation 42 'bitconcatenate' 'p_0' <Predicate = true> <Delay = 0.00>
ST_3 : Operation 43 [1/1] (1.42ns)   --->   "%write_ln323 = write void @_ssdm_op_Write.ap_fifo.volatile.i256P0A, i256 %layer5_out, i256 %p_0" [firmware/nnet_utils/nnet_pooling_stream.h:323]   --->   Operation 43 'write' 'write_ln323' <Predicate = true> <Delay = 1.42> <CoreInst = "FIFO_SRL">   --->   Core 80 'FIFO_SRL' <Latency = 0> <II = 1> <Delay = 1.42> <Storage> <Opcode : 'read' 'write' 'nbread' 'nbwrite'> <Ports = 0> <Width = 256> <Depth = 1> <FIFO>
ST_3 : Operation 44 [1/1] (0.00ns)   --->   "%ret_ln340 = ret" [firmware/nnet_utils/nnet_pooling_stream.h:340]   --->   Operation 44 'ret' 'ret_ln340' <Predicate = true> <Delay = 0.00>


============================================================
+ Verbose Summary: Binding
============================================================
STG Binding: 
---------------- STG Properties BEGIN ----------------
- Is combinational: 0
- Is one-state seq: 0
- Is datapath-only: 0
- Is pipelined: 0
- Is top level: 0
Port [ Return ] is wired: 1; IO mode=ap_ctrl_hs:ce=0
Port [ layer4_out]:  wired=1; compound=1; hidden=0; nouse=0; global=0; static=0; extern=0; dir=0; type=3; pingpong=0; private_global=0; IO mode=ap_fifo:ce=0
Port [ layer5_out]:  wired=1; compound=1; hidden=0; nouse=0; global=0; static=0; extern=0; dir=1; type=3; pingpong=0; private_global=0; IO mode=ap_fifo:ce=0
---------------- STG Properties END ------------------

---------------- Datapath Model BEGIN ----------------

<LifeTime>
<method=bitvector/>
data_window_15_loc      (alloca        ) [ 0111]
data_window_14_loc      (alloca        ) [ 0111]
data_window_13_loc      (alloca        ) [ 0111]
data_window_12_loc      (alloca        ) [ 0111]
data_window_11_loc      (alloca        ) [ 0111]
data_window_10_loc      (alloca        ) [ 0111]
data_window_9_loc       (alloca        ) [ 0111]
data_window_8_loc       (alloca        ) [ 0111]
data_window_7_loc       (alloca        ) [ 0111]
data_window_6_loc       (alloca        ) [ 0111]
data_window_5_loc       (alloca        ) [ 0111]
data_window_4_loc       (alloca        ) [ 0111]
data_window_3_loc       (alloca        ) [ 0111]
data_window_2_loc       (alloca        ) [ 0111]
data_window_1_loc       (alloca        ) [ 0111]
data_window_loc         (alloca        ) [ 0111]
empty                   (wait          ) [ 0000]
call_ln0                (call          ) [ 0000]
specinterface_ln0       (specinterface ) [ 0000]
specinterface_ln0       (specinterface ) [ 0000]
data_window_loc_load    (load          ) [ 0000]
data_window_1_loc_load  (load          ) [ 0000]
data_window_2_loc_load  (load          ) [ 0000]
data_window_3_loc_load  (load          ) [ 0000]
data_window_4_loc_load  (load          ) [ 0000]
data_window_5_loc_load  (load          ) [ 0000]
data_window_6_loc_load  (load          ) [ 0000]
data_window_7_loc_load  (load          ) [ 0000]
data_window_8_loc_load  (load          ) [ 0000]
data_window_9_loc_load  (load          ) [ 0000]
data_window_10_loc_load (load          ) [ 0000]
data_window_11_loc_load (load          ) [ 0000]
data_window_12_loc_load (load          ) [ 0000]
data_window_13_loc_load (load          ) [ 0000]
data_window_14_loc_load (load          ) [ 0000]
data_window_15_loc_load (load          ) [ 0000]
empty_56                (wait          ) [ 0000]
p_0                     (bitconcatenate) [ 0000]
write_ln323             (write         ) [ 0000]
ret_ln340               (ret           ) [ 0000]
</LifeTime>

<model>

<comp_list>
<comp id="0" class="1000" name="layer4_out">
<pin_list>
<pin id="1" dir="1" index="0" bw="1" slack="0"/>
</pin_list>
<bind>
<StgValue><ssdm name="layer4_out"/></StgValue>
</bind>
</comp>

<comp id="2" class="1000" name="layer5_out">
<pin_list>
<pin id="3" dir="1" index="0" bw="1" slack="0"/>
</pin_list>
<bind>
<StgValue><ssdm name="layer5_out"/></StgValue>
</bind>
</comp>

<comp id="4" class="1001" name="const_4">
<pin_list>
<pin id="5" dir="1" index="0" bw="1" slack="0"/>
</pin_list>
<bind>
<StgValue><ssdm name=""/></StgValue>
</bind>
</comp>

<comp id="6" class="1001" name="const_6">
<pin_list>
<pin id="7" dir="1" index="0" bw="1" slack="2147483647"/>
</pin_list>
<bind>
<StgValue><ssdm name="_ssdm_op_Wait"/></StgValue>
</bind>
</comp>

<comp id="8" class="1001" name="const_8">
<pin_list>
<pin id="9" dir="1" index="0" bw="1" slack="0"/>
</pin_list>
<bind>
<StgValue><ssdm name="global_pooling1d_cl<array,array<ap_fixed,16u>,config5>_Pipeline_ReadInput"/></StgValue>
</bind>
</comp>

<comp id="10" class="1001" name="const_10">
<pin_list>
<pin id="11" dir="1" index="0" bw="1" slack="2147483647"/>
</pin_list>
<bind>
<StgValue><ssdm name="_ssdm_op_SpecInterface"/></StgValue>
</bind>
</comp>

<comp id="12" class="1001" name="const_12">
<pin_list>
<pin id="13" dir="1" index="0" bw="1" slack="2147483647"/>
</pin_list>
<bind>
<StgValue><ssdm name="empty_15"/></StgValue>
</bind>
</comp>

<comp id="14" class="1001" name="const_14">
<pin_list>
<pin id="15" dir="1" index="0" bw="1" slack="2147483647"/>
</pin_list>
<bind>
<StgValue><ssdm name=""/></StgValue>
</bind>
</comp>

<comp id="16" class="1001" name="const_16">
<pin_list>
<pin id="17" dir="1" index="0" bw="1" slack="2147483647"/>
</pin_list>
<bind>
<StgValue><ssdm name="empty_5"/></StgValue>
</bind>
</comp>

<comp id="18" class="1001" name="const_18">
<pin_list>
<pin id="19" dir="1" index="0" bw="1" slack="2147483647"/>
</pin_list>
<bind>
<StgValue><ssdm name=""/></StgValue>
</bind>
</comp>

<comp id="20" class="1001" name="const_20">
<pin_list>
<pin id="21" dir="1" index="0" bw="1" slack="0"/>
</pin_list>
<bind>
<StgValue><ssdm name="_ssdm_op_BitConcatenate.i256.i16.i16.i16.i16.i16.i16.i16.i16.i16.i16.i16.i16.i16.i16.i16.i16"/></StgValue>
</bind>
</comp>

<comp id="22" class="1001" name="const_22">
<pin_list>
<pin id="23" dir="1" index="0" bw="1" slack="0"/>
</pin_list>
<bind>
<StgValue><ssdm name="_ssdm_op_Write.ap_fifo.volatile.i256P0A"/></StgValue>
</bind>
</comp>

<comp id="24" class="1004" name="data_window_15_loc_fu_24">
<pin_list>
<pin id="25" dir="0" index="0" bw="1" slack="0"/>
<pin id="26" dir="1" index="1" bw="16" slack="0"/>
</pin_list>
<bind>
<opcode="alloca(26) " fcode="alloca"/>
<opset="data_window_15_loc/1 "/>
</bind>
</comp>

<comp id="28" class="1004" name="data_window_14_loc_fu_28">
<pin_list>
<pin id="29" dir="0" index="0" bw="1" slack="0"/>
<pin id="30" dir="1" index="1" bw="16" slack="0"/>
</pin_list>
<bind>
<opcode="alloca(26) " fcode="alloca"/>
<opset="data_window_14_loc/1 "/>
</bind>
</comp>

<comp id="32" class="1004" name="data_window_13_loc_fu_32">
<pin_list>
<pin id="33" dir="0" index="0" bw="1" slack="0"/>
<pin id="34" dir="1" index="1" bw="16" slack="0"/>
</pin_list>
<bind>
<opcode="alloca(26) " fcode="alloca"/>
<opset="data_window_13_loc/1 "/>
</bind>
</comp>

<comp id="36" class="1004" name="data_window_12_loc_fu_36">
<pin_list>
<pin id="37" dir="0" index="0" bw="1" slack="0"/>
<pin id="38" dir="1" index="1" bw="16" slack="0"/>
</pin_list>
<bind>
<opcode="alloca(26) " fcode="alloca"/>
<opset="data_window_12_loc/1 "/>
</bind>
</comp>

<comp id="40" class="1004" name="data_window_11_loc_fu_40">
<pin_list>
<pin id="41" dir="0" index="0" bw="1" slack="0"/>
<pin id="42" dir="1" index="1" bw="16" slack="0"/>
</pin_list>
<bind>
<opcode="alloca(26) " fcode="alloca"/>
<opset="data_window_11_loc/1 "/>
</bind>
</comp>

<comp id="44" class="1004" name="data_window_10_loc_fu_44">
<pin_list>
<pin id="45" dir="0" index="0" bw="1" slack="0"/>
<pin id="46" dir="1" index="1" bw="16" slack="0"/>
</pin_list>
<bind>
<opcode="alloca(26) " fcode="alloca"/>
<opset="data_window_10_loc/1 "/>
</bind>
</comp>

<comp id="48" class="1004" name="data_window_9_loc_fu_48">
<pin_list>
<pin id="49" dir="0" index="0" bw="1" slack="0"/>
<pin id="50" dir="1" index="1" bw="16" slack="0"/>
</pin_list>
<bind>
<opcode="alloca(26) " fcode="alloca"/>
<opset="data_window_9_loc/1 "/>
</bind>
</comp>

<comp id="52" class="1004" name="data_window_8_loc_fu_52">
<pin_list>
<pin id="53" dir="0" index="0" bw="1" slack="0"/>
<pin id="54" dir="1" index="1" bw="16" slack="0"/>
</pin_list>
<bind>
<opcode="alloca(26) " fcode="alloca"/>
<opset="data_window_8_loc/1 "/>
</bind>
</comp>

<comp id="56" class="1004" name="data_window_7_loc_fu_56">
<pin_list>
<pin id="57" dir="0" index="0" bw="1" slack="0"/>
<pin id="58" dir="1" index="1" bw="16" slack="0"/>
</pin_list>
<bind>
<opcode="alloca(26) " fcode="alloca"/>
<opset="data_window_7_loc/1 "/>
</bind>
</comp>

<comp id="60" class="1004" name="data_window_6_loc_fu_60">
<pin_list>
<pin id="61" dir="0" index="0" bw="1" slack="0"/>
<pin id="62" dir="1" index="1" bw="16" slack="0"/>
</pin_list>
<bind>
<opcode="alloca(26) " fcode="alloca"/>
<opset="data_window_6_loc/1 "/>
</bind>
</comp>

<comp id="64" class="1004" name="data_window_5_loc_fu_64">
<pin_list>
<pin id="65" dir="0" index="0" bw="1" slack="0"/>
<pin id="66" dir="1" index="1" bw="16" slack="0"/>
</pin_list>
<bind>
<opcode="alloca(26) " fcode="alloca"/>
<opset="data_window_5_loc/1 "/>
</bind>
</comp>

<comp id="68" class="1004" name="data_window_4_loc_fu_68">
<pin_list>
<pin id="69" dir="0" index="0" bw="1" slack="0"/>
<pin id="70" dir="1" index="1" bw="16" slack="0"/>
</pin_list>
<bind>
<opcode="alloca(26) " fcode="alloca"/>
<opset="data_window_4_loc/1 "/>
</bind>
</comp>

<comp id="72" class="1004" name="data_window_3_loc_fu_72">
<pin_list>
<pin id="73" dir="0" index="0" bw="1" slack="0"/>
<pin id="74" dir="1" index="1" bw="16" slack="0"/>
</pin_list>
<bind>
<opcode="alloca(26) " fcode="alloca"/>
<opset="data_window_3_loc/1 "/>
</bind>
</comp>

<comp id="76" class="1004" name="data_window_2_loc_fu_76">
<pin_list>
<pin id="77" dir="0" index="0" bw="1" slack="0"/>
<pin id="78" dir="1" index="1" bw="16" slack="0"/>
</pin_list>
<bind>
<opcode="alloca(26) " fcode="alloca"/>
<opset="data_window_2_loc/1 "/>
</bind>
</comp>

<comp id="80" class="1004" name="data_window_1_loc_fu_80">
<pin_list>
<pin id="81" dir="0" index="0" bw="1" slack="0"/>
<pin id="82" dir="1" index="1" bw="16" slack="0"/>
</pin_list>
<bind>
<opcode="alloca(26) " fcode="alloca"/>
<opset="data_window_1_loc/1 "/>
</bind>
</comp>

<comp id="84" class="1004" name="data_window_loc_fu_84">
<pin_list>
<pin id="85" dir="0" index="0" bw="1" slack="0"/>
<pin id="86" dir="1" index="1" bw="16" slack="0"/>
</pin_list>
<bind>
<opcode="alloca(26) " fcode="alloca"/>
<opset="data_window_loc/1 "/>
</bind>
</comp>

<comp id="88" class="1004" name="write_ln323_write_fu_88">
<pin_list>
<pin id="89" dir="0" index="0" bw="0" slack="0"/>
<pin id="90" dir="0" index="1" bw="256" slack="0"/>
<pin id="91" dir="0" index="2" bw="256" slack="0"/>
<pin id="92" dir="1" index="3" bw="0" slack="2147483647"/>
</pin_list>
<bind>
<opcode="write(1151) " fcode="write"/>
<opset="write_ln323/3 "/>
</bind>
</comp>

<comp id="95" class="1004" name="grp_global_pooling1d_cl_array_array_ap_fixed_16u_config5_Pipeline_ReadInput_fu_95">
<pin_list>
<pin id="96" dir="0" index="0" bw="0" slack="0"/>
<pin id="97" dir="0" index="1" bw="256" slack="0"/>
<pin id="98" dir="0" index="2" bw="16" slack="0"/>
<pin id="99" dir="0" index="3" bw="16" slack="0"/>
<pin id="100" dir="0" index="4" bw="16" slack="0"/>
<pin id="101" dir="0" index="5" bw="16" slack="0"/>
<pin id="102" dir="0" index="6" bw="16" slack="0"/>
<pin id="103" dir="0" index="7" bw="16" slack="0"/>
<pin id="104" dir="0" index="8" bw="16" slack="0"/>
<pin id="105" dir="0" index="9" bw="16" slack="0"/>
<pin id="106" dir="0" index="10" bw="16" slack="0"/>
<pin id="107" dir="0" index="11" bw="16" slack="0"/>
<pin id="108" dir="0" index="12" bw="16" slack="0"/>
<pin id="109" dir="0" index="13" bw="16" slack="0"/>
<pin id="110" dir="0" index="14" bw="16" slack="0"/>
<pin id="111" dir="0" index="15" bw="16" slack="0"/>
<pin id="112" dir="0" index="16" bw="16" slack="0"/>
<pin id="113" dir="0" index="17" bw="16" slack="0"/>
<pin id="114" dir="1" index="18" bw="0" slack="2147483647"/>
</pin_list>
<bind>
<opcode="call(48) " fcode="call"/>
<opset="call_ln0/1 "/>
</bind>
</comp>

<comp id="117" class="1004" name="data_window_loc_load_load_fu_117">
<pin_list>
<pin id="118" dir="0" index="0" bw="16" slack="2"/>
<pin id="119" dir="1" index="1" bw="16" slack="0"/>
</pin_list>
<bind>
<opcode="load(27) " fcode="load"/>
<opset="data_window_loc_load/3 "/>
</bind>
</comp>

<comp id="120" class="1004" name="data_window_1_loc_load_load_fu_120">
<pin_list>
<pin id="121" dir="0" index="0" bw="16" slack="2"/>
<pin id="122" dir="1" index="1" bw="16" slack="0"/>
</pin_list>
<bind>
<opcode="load(27) " fcode="load"/>
<opset="data_window_1_loc_load/3 "/>
</bind>
</comp>

<comp id="123" class="1004" name="data_window_2_loc_load_load_fu_123">
<pin_list>
<pin id="124" dir="0" index="0" bw="16" slack="2"/>
<pin id="125" dir="1" index="1" bw="16" slack="0"/>
</pin_list>
<bind>
<opcode="load(27) " fcode="load"/>
<opset="data_window_2_loc_load/3 "/>
</bind>
</comp>

<comp id="126" class="1004" name="data_window_3_loc_load_load_fu_126">
<pin_list>
<pin id="127" dir="0" index="0" bw="16" slack="2"/>
<pin id="128" dir="1" index="1" bw="16" slack="0"/>
</pin_list>
<bind>
<opcode="load(27) " fcode="load"/>
<opset="data_window_3_loc_load/3 "/>
</bind>
</comp>

<comp id="129" class="1004" name="data_window_4_loc_load_load_fu_129">
<pin_list>
<pin id="130" dir="0" index="0" bw="16" slack="2"/>
<pin id="131" dir="1" index="1" bw="16" slack="0"/>
</pin_list>
<bind>
<opcode="load(27) " fcode="load"/>
<opset="data_window_4_loc_load/3 "/>
</bind>
</comp>

<comp id="132" class="1004" name="data_window_5_loc_load_load_fu_132">
<pin_list>
<pin id="133" dir="0" index="0" bw="16" slack="2"/>
<pin id="134" dir="1" index="1" bw="16" slack="0"/>
</pin_list>
<bind>
<opcode="load(27) " fcode="load"/>
<opset="data_window_5_loc_load/3 "/>
</bind>
</comp>

<comp id="135" class="1004" name="data_window_6_loc_load_load_fu_135">
<pin_list>
<pin id="136" dir="0" index="0" bw="16" slack="2"/>
<pin id="137" dir="1" index="1" bw="16" slack="0"/>
</pin_list>
<bind>
<opcode="load(27) " fcode="load"/>
<opset="data_window_6_loc_load/3 "/>
</bind>
</comp>

<comp id="138" class="1004" name="data_window_7_loc_load_load_fu_138">
<pin_list>
<pin id="139" dir="0" index="0" bw="16" slack="2"/>
<pin id="140" dir="1" index="1" bw="16" slack="0"/>
</pin_list>
<bind>
<opcode="load(27) " fcode="load"/>
<opset="data_window_7_loc_load/3 "/>
</bind>
</comp>

<comp id="141" class="1004" name="data_window_8_loc_load_load_fu_141">
<pin_list>
<pin id="142" dir="0" index="0" bw="16" slack="2"/>
<pin id="143" dir="1" index="1" bw="16" slack="0"/>
</pin_list>
<bind>
<opcode="load(27) " fcode="load"/>
<opset="data_window_8_loc_load/3 "/>
</bind>
</comp>

<comp id="144" class="1004" name="data_window_9_loc_load_load_fu_144">
<pin_list>
<pin id="145" dir="0" index="0" bw="16" slack="2"/>
<pin id="146" dir="1" index="1" bw="16" slack="0"/>
</pin_list>
<bind>
<opcode="load(27) " fcode="load"/>
<opset="data_window_9_loc_load/3 "/>
</bind>
</comp>

<comp id="147" class="1004" name="data_window_10_loc_load_load_fu_147">
<pin_list>
<pin id="148" dir="0" index="0" bw="16" slack="2"/>
<pin id="149" dir="1" index="1" bw="16" slack="0"/>
</pin_list>
<bind>
<opcode="load(27) " fcode="load"/>
<opset="data_window_10_loc_load/3 "/>
</bind>
</comp>

<comp id="150" class="1004" name="data_window_11_loc_load_load_fu_150">
<pin_list>
<pin id="151" dir="0" index="0" bw="16" slack="2"/>
<pin id="152" dir="1" index="1" bw="16" slack="0"/>
</pin_list>
<bind>
<opcode="load(27) " fcode="load"/>
<opset="data_window_11_loc_load/3 "/>
</bind>
</comp>

<comp id="153" class="1004" name="data_window_12_loc_load_load_fu_153">
<pin_list>
<pin id="154" dir="0" index="0" bw="16" slack="2"/>
<pin id="155" dir="1" index="1" bw="16" slack="0"/>
</pin_list>
<bind>
<opcode="load(27) " fcode="load"/>
<opset="data_window_12_loc_load/3 "/>
</bind>
</comp>

<comp id="156" class="1004" name="data_window_13_loc_load_load_fu_156">
<pin_list>
<pin id="157" dir="0" index="0" bw="16" slack="2"/>
<pin id="158" dir="1" index="1" bw="16" slack="0"/>
</pin_list>
<bind>
<opcode="load(27) " fcode="load"/>
<opset="data_window_13_loc_load/3 "/>
</bind>
</comp>

<comp id="159" class="1004" name="data_window_14_loc_load_load_fu_159">
<pin_list>
<pin id="160" dir="0" index="0" bw="16" slack="2"/>
<pin id="161" dir="1" index="1" bw="16" slack="0"/>
</pin_list>
<bind>
<opcode="load(27) " fcode="load"/>
<opset="data_window_14_loc_load/3 "/>
</bind>
</comp>

<comp id="162" class="1004" name="data_window_15_loc_load_load_fu_162">
<pin_list>
<pin id="163" dir="0" index="0" bw="16" slack="2"/>
<pin id="164" dir="1" index="1" bw="16" slack="0"/>
</pin_list>
<bind>
<opcode="load(27) " fcode="load"/>
<opset="data_window_15_loc_load/3 "/>
</bind>
</comp>

<comp id="165" class="1004" name="p_0_fu_165">
<pin_list>
<pin id="166" dir="0" index="0" bw="256" slack="0"/>
<pin id="167" dir="0" index="1" bw="16" slack="0"/>
<pin id="168" dir="0" index="2" bw="16" slack="0"/>
<pin id="169" dir="0" index="3" bw="16" slack="0"/>
<pin id="170" dir="0" index="4" bw="16" slack="0"/>
<pin id="171" dir="0" index="5" bw="16" slack="0"/>
<pin id="172" dir="0" index="6" bw="16" slack="0"/>
<pin id="173" dir="0" index="7" bw="16" slack="0"/>
<pin id="174" dir="0" index="8" bw="16" slack="0"/>
<pin id="175" dir="0" index="9" bw="16" slack="0"/>
<pin id="176" dir="0" index="10" bw="16" slack="0"/>
<pin id="177" dir="0" index="11" bw="16" slack="0"/>
<pin id="178" dir="0" index="12" bw="16" slack="0"/>
<pin id="179" dir="0" index="13" bw="16" slack="0"/>
<pin id="180" dir="0" index="14" bw="16" slack="0"/>
<pin id="181" dir="0" index="15" bw="16" slack="0"/>
<pin id="182" dir="0" index="16" bw="16" slack="0"/>
<pin id="183" dir="1" index="17" bw="256" slack="0"/>
</pin_list>
<bind>
<opcode="bitconcatenate(1004) " fcode="bitconcatenate"/>
<opset="p_0/3 "/>
</bind>
</comp>

<comp id="202" class="1005" name="data_window_15_loc_reg_202">
<pin_list>
<pin id="203" dir="0" index="0" bw="16" slack="0"/>
<pin id="204" dir="1" index="1" bw="16" slack="0"/>
</pin_list>
<bind>
<opset="data_window_15_loc "/>
</bind>
</comp>

<comp id="208" class="1005" name="data_window_14_loc_reg_208">
<pin_list>
<pin id="209" dir="0" index="0" bw="16" slack="0"/>
<pin id="210" dir="1" index="1" bw="16" slack="0"/>
</pin_list>
<bind>
<opset="data_window_14_loc "/>
</bind>
</comp>

<comp id="214" class="1005" name="data_window_13_loc_reg_214">
<pin_list>
<pin id="215" dir="0" index="0" bw="16" slack="0"/>
<pin id="216" dir="1" index="1" bw="16" slack="0"/>
</pin_list>
<bind>
<opset="data_window_13_loc "/>
</bind>
</comp>

<comp id="220" class="1005" name="data_window_12_loc_reg_220">
<pin_list>
<pin id="221" dir="0" index="0" bw="16" slack="0"/>
<pin id="222" dir="1" index="1" bw="16" slack="0"/>
</pin_list>
<bind>
<opset="data_window_12_loc "/>
</bind>
</comp>

<comp id="226" class="1005" name="data_window_11_loc_reg_226">
<pin_list>
<pin id="227" dir="0" index="0" bw="16" slack="0"/>
<pin id="228" dir="1" index="1" bw="16" slack="0"/>
</pin_list>
<bind>
<opset="data_window_11_loc "/>
</bind>
</comp>

<comp id="232" class="1005" name="data_window_10_loc_reg_232">
<pin_list>
<pin id="233" dir="0" index="0" bw="16" slack="0"/>
<pin id="234" dir="1" index="1" bw="16" slack="0"/>
</pin_list>
<bind>
<opset="data_window_10_loc "/>
</bind>
</comp>

<comp id="238" class="1005" name="data_window_9_loc_reg_238">
<pin_list>
<pin id="239" dir="0" index="0" bw="16" slack="0"/>
<pin id="240" dir="1" index="1" bw="16" slack="0"/>
</pin_list>
<bind>
<opset="data_window_9_loc "/>
</bind>
</comp>

<comp id="244" class="1005" name="data_window_8_loc_reg_244">
<pin_list>
<pin id="245" dir="0" index="0" bw="16" slack="0"/>
<pin id="246" dir="1" index="1" bw="16" slack="0"/>
</pin_list>
<bind>
<opset="data_window_8_loc "/>
</bind>
</comp>

<comp id="250" class="1005" name="data_window_7_loc_reg_250">
<pin_list>
<pin id="251" dir="0" index="0" bw="16" slack="0"/>
<pin id="252" dir="1" index="1" bw="16" slack="0"/>
</pin_list>
<bind>
<opset="data_window_7_loc "/>
</bind>
</comp>

<comp id="256" class="1005" name="data_window_6_loc_reg_256">
<pin_list>
<pin id="257" dir="0" index="0" bw="16" slack="0"/>
<pin id="258" dir="1" index="1" bw="16" slack="0"/>
</pin_list>
<bind>
<opset="data_window_6_loc "/>
</bind>
</comp>

<comp id="262" class="1005" name="data_window_5_loc_reg_262">
<pin_list>
<pin id="263" dir="0" index="0" bw="16" slack="0"/>
<pin id="264" dir="1" index="1" bw="16" slack="0"/>
</pin_list>
<bind>
<opset="data_window_5_loc "/>
</bind>
</comp>

<comp id="268" class="1005" name="data_window_4_loc_reg_268">
<pin_list>
<pin id="269" dir="0" index="0" bw="16" slack="0"/>
<pin id="270" dir="1" index="1" bw="16" slack="0"/>
</pin_list>
<bind>
<opset="data_window_4_loc "/>
</bind>
</comp>

<comp id="274" class="1005" name="data_window_3_loc_reg_274">
<pin_list>
<pin id="275" dir="0" index="0" bw="16" slack="0"/>
<pin id="276" dir="1" index="1" bw="16" slack="0"/>
</pin_list>
<bind>
<opset="data_window_3_loc "/>
</bind>
</comp>

<comp id="280" class="1005" name="data_window_2_loc_reg_280">
<pin_list>
<pin id="281" dir="0" index="0" bw="16" slack="0"/>
<pin id="282" dir="1" index="1" bw="16" slack="0"/>
</pin_list>
<bind>
<opset="data_window_2_loc "/>
</bind>
</comp>

<comp id="286" class="1005" name="data_window_1_loc_reg_286">
<pin_list>
<pin id="287" dir="0" index="0" bw="16" slack="0"/>
<pin id="288" dir="1" index="1" bw="16" slack="0"/>
</pin_list>
<bind>
<opset="data_window_1_loc "/>
</bind>
</comp>

<comp id="292" class="1005" name="data_window_loc_reg_292">
<pin_list>
<pin id="293" dir="0" index="0" bw="16" slack="0"/>
<pin id="294" dir="1" index="1" bw="16" slack="0"/>
</pin_list>
<bind>
<opset="data_window_loc "/>
</bind>
</comp>

</comp_list>

<net_list>
<net id="27"><net_src comp="4" pin="0"/><net_sink comp="24" pin=0"/></net>

<net id="31"><net_src comp="4" pin="0"/><net_sink comp="28" pin=0"/></net>

<net id="35"><net_src comp="4" pin="0"/><net_sink comp="32" pin=0"/></net>

<net id="39"><net_src comp="4" pin="0"/><net_sink comp="36" pin=0"/></net>

<net id="43"><net_src comp="4" pin="0"/><net_sink comp="40" pin=0"/></net>

<net id="47"><net_src comp="4" pin="0"/><net_sink comp="44" pin=0"/></net>

<net id="51"><net_src comp="4" pin="0"/><net_sink comp="48" pin=0"/></net>

<net id="55"><net_src comp="4" pin="0"/><net_sink comp="52" pin=0"/></net>

<net id="59"><net_src comp="4" pin="0"/><net_sink comp="56" pin=0"/></net>

<net id="63"><net_src comp="4" pin="0"/><net_sink comp="60" pin=0"/></net>

<net id="67"><net_src comp="4" pin="0"/><net_sink comp="64" pin=0"/></net>

<net id="71"><net_src comp="4" pin="0"/><net_sink comp="68" pin=0"/></net>

<net id="75"><net_src comp="4" pin="0"/><net_sink comp="72" pin=0"/></net>

<net id="79"><net_src comp="4" pin="0"/><net_sink comp="76" pin=0"/></net>

<net id="83"><net_src comp="4" pin="0"/><net_sink comp="80" pin=0"/></net>

<net id="87"><net_src comp="4" pin="0"/><net_sink comp="84" pin=0"/></net>

<net id="93"><net_src comp="22" pin="0"/><net_sink comp="88" pin=0"/></net>

<net id="94"><net_src comp="2" pin="0"/><net_sink comp="88" pin=1"/></net>

<net id="115"><net_src comp="8" pin="0"/><net_sink comp="95" pin=0"/></net>

<net id="116"><net_src comp="0" pin="0"/><net_sink comp="95" pin=1"/></net>

<net id="184"><net_src comp="20" pin="0"/><net_sink comp="165" pin=0"/></net>

<net id="185"><net_src comp="162" pin="1"/><net_sink comp="165" pin=1"/></net>

<net id="186"><net_src comp="159" pin="1"/><net_sink comp="165" pin=2"/></net>

<net id="187"><net_src comp="156" pin="1"/><net_sink comp="165" pin=3"/></net>

<net id="188"><net_src comp="153" pin="1"/><net_sink comp="165" pin=4"/></net>

<net id="189"><net_src comp="150" pin="1"/><net_sink comp="165" pin=5"/></net>

<net id="190"><net_src comp="147" pin="1"/><net_sink comp="165" pin=6"/></net>

<net id="191"><net_src comp="144" pin="1"/><net_sink comp="165" pin=7"/></net>

<net id="192"><net_src comp="141" pin="1"/><net_sink comp="165" pin=8"/></net>

<net id="193"><net_src comp="138" pin="1"/><net_sink comp="165" pin=9"/></net>

<net id="194"><net_src comp="135" pin="1"/><net_sink comp="165" pin=10"/></net>

<net id="195"><net_src comp="132" pin="1"/><net_sink comp="165" pin=11"/></net>

<net id="196"><net_src comp="129" pin="1"/><net_sink comp="165" pin=12"/></net>

<net id="197"><net_src comp="126" pin="1"/><net_sink comp="165" pin=13"/></net>

<net id="198"><net_src comp="123" pin="1"/><net_sink comp="165" pin=14"/></net>

<net id="199"><net_src comp="120" pin="1"/><net_sink comp="165" pin=15"/></net>

<net id="200"><net_src comp="117" pin="1"/><net_sink comp="165" pin=16"/></net>

<net id="201"><net_src comp="165" pin="17"/><net_sink comp="88" pin=2"/></net>

<net id="205"><net_src comp="24" pin="1"/><net_sink comp="202" pin=0"/></net>

<net id="206"><net_src comp="202" pin="1"/><net_sink comp="95" pin=17"/></net>

<net id="207"><net_src comp="202" pin="1"/><net_sink comp="162" pin=0"/></net>

<net id="211"><net_src comp="28" pin="1"/><net_sink comp="208" pin=0"/></net>

<net id="212"><net_src comp="208" pin="1"/><net_sink comp="95" pin=16"/></net>

<net id="213"><net_src comp="208" pin="1"/><net_sink comp="159" pin=0"/></net>

<net id="217"><net_src comp="32" pin="1"/><net_sink comp="214" pin=0"/></net>

<net id="218"><net_src comp="214" pin="1"/><net_sink comp="95" pin=15"/></net>

<net id="219"><net_src comp="214" pin="1"/><net_sink comp="156" pin=0"/></net>

<net id="223"><net_src comp="36" pin="1"/><net_sink comp="220" pin=0"/></net>

<net id="224"><net_src comp="220" pin="1"/><net_sink comp="95" pin=14"/></net>

<net id="225"><net_src comp="220" pin="1"/><net_sink comp="153" pin=0"/></net>

<net id="229"><net_src comp="40" pin="1"/><net_sink comp="226" pin=0"/></net>

<net id="230"><net_src comp="226" pin="1"/><net_sink comp="95" pin=13"/></net>

<net id="231"><net_src comp="226" pin="1"/><net_sink comp="150" pin=0"/></net>

<net id="235"><net_src comp="44" pin="1"/><net_sink comp="232" pin=0"/></net>

<net id="236"><net_src comp="232" pin="1"/><net_sink comp="95" pin=12"/></net>

<net id="237"><net_src comp="232" pin="1"/><net_sink comp="147" pin=0"/></net>

<net id="241"><net_src comp="48" pin="1"/><net_sink comp="238" pin=0"/></net>

<net id="242"><net_src comp="238" pin="1"/><net_sink comp="95" pin=11"/></net>

<net id="243"><net_src comp="238" pin="1"/><net_sink comp="144" pin=0"/></net>

<net id="247"><net_src comp="52" pin="1"/><net_sink comp="244" pin=0"/></net>

<net id="248"><net_src comp="244" pin="1"/><net_sink comp="95" pin=10"/></net>

<net id="249"><net_src comp="244" pin="1"/><net_sink comp="141" pin=0"/></net>

<net id="253"><net_src comp="56" pin="1"/><net_sink comp="250" pin=0"/></net>

<net id="254"><net_src comp="250" pin="1"/><net_sink comp="95" pin=9"/></net>

<net id="255"><net_src comp="250" pin="1"/><net_sink comp="138" pin=0"/></net>

<net id="259"><net_src comp="60" pin="1"/><net_sink comp="256" pin=0"/></net>

<net id="260"><net_src comp="256" pin="1"/><net_sink comp="95" pin=8"/></net>

<net id="261"><net_src comp="256" pin="1"/><net_sink comp="135" pin=0"/></net>

<net id="265"><net_src comp="64" pin="1"/><net_sink comp="262" pin=0"/></net>

<net id="266"><net_src comp="262" pin="1"/><net_sink comp="95" pin=7"/></net>

<net id="267"><net_src comp="262" pin="1"/><net_sink comp="132" pin=0"/></net>

<net id="271"><net_src comp="68" pin="1"/><net_sink comp="268" pin=0"/></net>

<net id="272"><net_src comp="268" pin="1"/><net_sink comp="95" pin=6"/></net>

<net id="273"><net_src comp="268" pin="1"/><net_sink comp="129" pin=0"/></net>

<net id="277"><net_src comp="72" pin="1"/><net_sink comp="274" pin=0"/></net>

<net id="278"><net_src comp="274" pin="1"/><net_sink comp="95" pin=5"/></net>

<net id="279"><net_src comp="274" pin="1"/><net_sink comp="126" pin=0"/></net>

<net id="283"><net_src comp="76" pin="1"/><net_sink comp="280" pin=0"/></net>

<net id="284"><net_src comp="280" pin="1"/><net_sink comp="95" pin=4"/></net>

<net id="285"><net_src comp="280" pin="1"/><net_sink comp="123" pin=0"/></net>

<net id="289"><net_src comp="80" pin="1"/><net_sink comp="286" pin=0"/></net>

<net id="290"><net_src comp="286" pin="1"/><net_sink comp="95" pin=3"/></net>

<net id="291"><net_src comp="286" pin="1"/><net_sink comp="120" pin=0"/></net>

<net id="295"><net_src comp="84" pin="1"/><net_sink comp="292" pin=0"/></net>

<net id="296"><net_src comp="292" pin="1"/><net_sink comp="95" pin=2"/></net>

<net id="297"><net_src comp="292" pin="1"/><net_sink comp="117" pin=0"/></net>

</net_list>

</model> 
---------------- Datapath Model END ------------------

* FSMD analyzer results:
  - Output states:
	Port: layer5_out | {3 }
 - Input state : 
	Port: global_pooling1d_cl<array,array<ap_fixed<16,6,5,3,0>,16u>,config5> : layer4_out | {1 2 }
  - Chain level:
	State 1
		call_ln0 : 1
	State 2
	State 3
		p_0 : 1
		write_ln323 : 2


============================================================
+ Verbose Summary: Datapath Resource usage 
============================================================

* Functional unit list:
|----------|-----------------------------------------------------------------------------------|---------|---------|
| Operation|                                  Functional Unit                                  |    FF   |   LUT   |
|----------|-----------------------------------------------------------------------------------|---------|---------|
|   call   | grp_global_pooling1d_cl_array_array_ap_fixed_16u_config5_Pipeline_ReadInput_fu_95 |   263   |   652   |
|----------|-----------------------------------------------------------------------------------|---------|---------|
|   write  |                              write_ln323_write_fu_88                              |    0    |    0    |
|----------|-----------------------------------------------------------------------------------|---------|---------|
|bitconcatenate|                                     p_0_fu_165                                    |    0    |    0    |
|----------|-----------------------------------------------------------------------------------|---------|---------|
|   Total  |                                                                                   |   263   |   652   |
|----------|-----------------------------------------------------------------------------------|---------|---------|

Memories:
N/A

* Register list:
+--------------------------+--------+
|                          |   FF   |
+--------------------------+--------+
|data_window_10_loc_reg_232|   16   |
|data_window_11_loc_reg_226|   16   |
|data_window_12_loc_reg_220|   16   |
|data_window_13_loc_reg_214|   16   |
|data_window_14_loc_reg_208|   16   |
|data_window_15_loc_reg_202|   16   |
| data_window_1_loc_reg_286|   16   |
| data_window_2_loc_reg_280|   16   |
| data_window_3_loc_reg_274|   16   |
| data_window_4_loc_reg_268|   16   |
| data_window_5_loc_reg_262|   16   |
| data_window_6_loc_reg_256|   16   |
| data_window_7_loc_reg_250|   16   |
| data_window_8_loc_reg_244|   16   |
| data_window_9_loc_reg_238|   16   |
|  data_window_loc_reg_292 |   16   |
+--------------------------+--------+
|           Total          |   256  |
+--------------------------+--------+

* Multiplexer (MUX) list: 
|--------|------|------|------|--------|
|  Comp  |  Pin | Size |  BW  | S x BW |
|--------|------|------|------|--------|
|  Total |      |      |      |    0   |
|--------|------|------|------|--------|



* Summary:
+-----------+--------+--------+
|           |   FF   |   LUT  |
+-----------+--------+--------+
|  Function |   263  |   652  |
|   Memory  |    -   |    -   |
|Multiplexer|    -   |    -   |
|  Register |   256  |    -   |
+-----------+--------+--------+
|   Total   |   519  |   652  |
+-----------+--------+--------+
