

================================================================
== Vitis HLS Report for 'global_pooling1d_cl_array_array_ap_fixed_16u_config5_Pipeline_ReadInput'
================================================================
* Date:           Wed Mar 18 13:57:59 2026

* Version:        2024.1 (Build 5069499 on May 21 2024)
* Project:        myproject_prj
* Solution:       solution1 (Vivado IP Flow Target)
* Product family: virtexuplus
* Target device:  xcu250-figd2104-2L-e


================================================================
== Performance Estimates
================================================================
+ Timing: 
    * Summary: 
    +--------+---------+----------+------------+
    |  Clock |  Target | Estimated| Uncertainty|
    +--------+---------+----------+------------+
    |ap_clk  |  5.00 ns|  2.555 ns|     1.35 ns|
    +--------+---------+----------+------------+

+ Latency: 
    * Summary: 
    +---------+---------+----------+----------+-----+-----+-----------------------------------------------+
    |  Latency (cycles) |  Latency (absolute) |  Interval |                    Pipeline                   |
    |   min   |   max   |    min   |    max   | min | max |                      Type                     |
    +---------+---------+----------+----------+-----+-----+-----------------------------------------------+
    |      129|      129|  0.645 us|  0.645 us|  128|  128|  loop auto-rewind stp(delay=0 clock cycles(s))|
    +---------+---------+----------+----------+-----+-----+-----------------------------------------------+

    + Detail: 
        * Instance: 
        N/A

        * Loop: 
        +-------------+---------+---------+----------+-----------+-----------+------+----------+
        |             |  Latency (cycles) | Iteration|  Initiation Interval  | Trip |          |
        |  Loop Name  |   min   |   max   |  Latency |  achieved |   target  | Count| Pipelined|
        +-------------+---------+---------+----------+-----------+-----------+------+----------+
        |- ReadInput  |      127|      127|         1|          1|          1|   128|       yes|
        +-------------+---------+---------+----------+-----------+-----------+------+----------+

============================================================
+ Verbose Summary: Synthesis Manager
============================================================
InlineROM: 1
ExposeGlobal: 0
============================================================
+ Verbose Summary: CDFG Model
============================================================
IsTopModel: 0
ResetActiveHigh: 1
IsCombinational: 0
IsDatapathOnly: 0
HasWiredReturn: 1
HasMFsm: 2
HasVarLatency: 1
IsPipeline: 0
IsRtlPipelined: 0
IsInstanceOverlapped: 0
IsDontTouch: 0
HasImplIP: 0
IsGatedGlobalClock: 0

+ Individual pipeline summary: 
  * Pipeline-0: initiation interval (II) = 1, depth = 2


============================================================
+ Verbose Summary: Schedule
============================================================
* Number of FSM states : 2
* Pipeline : 1
  Pipeline-0 : II = 1, D = 2, States = { 1 2 }
* Dataflow Pipeline: 0

* FSM state transitions: 
1 --> 2 
2 --> 

* FSM state operations: 

State 1 <SV = 0> <Delay = 0.38>
ST_1 : Operation 4 [1/1] (0.00ns)   --->   "%x_assign_152 = alloca i32 1"   --->   Operation 4 'alloca' 'x_assign_152' <Predicate = true> <Delay = 0.00>
ST_1 : Operation 5 [1/1] (0.00ns)   --->   "%x_assign_144 = alloca i32 1"   --->   Operation 5 'alloca' 'x_assign_144' <Predicate = true> <Delay = 0.00>
ST_1 : Operation 6 [1/1] (0.00ns)   --->   "%x_assign_136 = alloca i32 1"   --->   Operation 6 'alloca' 'x_assign_136' <Predicate = true> <Delay = 0.00>
ST_1 : Operation 7 [1/1] (0.00ns)   --->   "%x_assign_128 = alloca i32 1"   --->   Operation 7 'alloca' 'x_assign_128' <Predicate = true> <Delay = 0.00>
ST_1 : Operation 8 [1/1] (0.00ns)   --->   "%x_assign_1110 = alloca i32 1"   --->   Operation 8 'alloca' 'x_assign_1110' <Predicate = true> <Delay = 0.00>
ST_1 : Operation 9 [1/1] (0.00ns)   --->   "%x_assign_1012 = alloca i32 1"   --->   Operation 9 'alloca' 'x_assign_1012' <Predicate = true> <Delay = 0.00>
ST_1 : Operation 10 [1/1] (0.00ns)   --->   "%x_assign_914 = alloca i32 1"   --->   Operation 10 'alloca' 'x_assign_914' <Predicate = true> <Delay = 0.00>
ST_1 : Operation 11 [1/1] (0.00ns)   --->   "%x_assign_816 = alloca i32 1"   --->   Operation 11 'alloca' 'x_assign_816' <Predicate = true> <Delay = 0.00>
ST_1 : Operation 12 [1/1] (0.00ns)   --->   "%x_assign_718 = alloca i32 1"   --->   Operation 12 'alloca' 'x_assign_718' <Predicate = true> <Delay = 0.00>
ST_1 : Operation 13 [1/1] (0.00ns)   --->   "%x_assign_620 = alloca i32 1"   --->   Operation 13 'alloca' 'x_assign_620' <Predicate = true> <Delay = 0.00>
ST_1 : Operation 14 [1/1] (0.00ns)   --->   "%x_assign_522 = alloca i32 1"   --->   Operation 14 'alloca' 'x_assign_522' <Predicate = true> <Delay = 0.00>
ST_1 : Operation 15 [1/1] (0.00ns)   --->   "%x_assign_424 = alloca i32 1"   --->   Operation 15 'alloca' 'x_assign_424' <Predicate = true> <Delay = 0.00>
ST_1 : Operation 16 [1/1] (0.00ns)   --->   "%x_assign_326 = alloca i32 1"   --->   Operation 16 'alloca' 'x_assign_326' <Predicate = true> <Delay = 0.00>
ST_1 : Operation 17 [1/1] (0.00ns)   --->   "%x_assign_228 = alloca i32 1"   --->   Operation 17 'alloca' 'x_assign_228' <Predicate = true> <Delay = 0.00>
ST_1 : Operation 18 [1/1] (0.00ns)   --->   "%x_assign_130 = alloca i32 1"   --->   Operation 18 'alloca' 'x_assign_130' <Predicate = true> <Delay = 0.00>
ST_1 : Operation 19 [1/1] (0.00ns)   --->   "%x_assign32 = alloca i32 1"   --->   Operation 19 'alloca' 'x_assign32' <Predicate = true> <Delay = 0.00>
ST_1 : Operation 20 [1/1] (0.00ns)   --->   "%i_iw33 = alloca i32 1"   --->   Operation 20 'alloca' 'i_iw33' <Predicate = true> <Delay = 0.00>
ST_1 : Operation 21 [1/1] (0.00ns)   --->   "%specinterface_ln0 = specinterface void @_ssdm_op_SpecInterface, i256 %layer4_out, void @empty_15, i32 0, i32 0, void @empty_5, i32 0, i32 0, void @empty_5, void @empty_5, void @empty_5, i32 0, i32 0, i32 0, i32 0, void @empty_5, void @empty_5, i32 4294967295, i32 0, i32 0"   --->   Operation 21 'specinterface' 'specinterface_ln0' <Predicate = true> <Delay = 0.00>
ST_1 : Operation 22 [1/1] (0.38ns)   --->   "%store_ln0 = store i7 0, i7 %i_iw33"   --->   Operation 22 'store' 'store_ln0' <Predicate = true> <Delay = 0.38>
ST_1 : Operation 23 [1/1] (0.38ns)   --->   "%store_ln0 = store i16 32768, i16 %x_assign32"   --->   Operation 23 'store' 'store_ln0' <Predicate = true> <Delay = 0.38>
ST_1 : Operation 24 [1/1] (0.38ns)   --->   "%store_ln0 = store i16 32768, i16 %x_assign_130"   --->   Operation 24 'store' 'store_ln0' <Predicate = true> <Delay = 0.38>
ST_1 : Operation 25 [1/1] (0.38ns)   --->   "%store_ln0 = store i16 32768, i16 %x_assign_228"   --->   Operation 25 'store' 'store_ln0' <Predicate = true> <Delay = 0.38>
ST_1 : Operation 26 [1/1] (0.38ns)   --->   "%store_ln0 = store i16 32768, i16 %x_assign_326"   --->   Operation 26 'store' 'store_ln0' <Predicate = true> <Delay = 0.38>
ST_1 : Operation 27 [1/1] (0.38ns)   --->   "%store_ln0 = store i16 32768, i16 %x_assign_424"   --->   Operation 27 'store' 'store_ln0' <Predicate = true> <Delay = 0.38>
ST_1 : Operation 28 [1/1] (0.38ns)   --->   "%store_ln0 = store i16 32768, i16 %x_assign_522"   --->   Operation 28 'store' 'store_ln0' <Predicate = true> <Delay = 0.38>
ST_1 : Operation 29 [1/1] (0.38ns)   --->   "%store_ln0 = store i16 32768, i16 %x_assign_620"   --->   Operation 29 'store' 'store_ln0' <Predicate = true> <Delay = 0.38>
ST_1 : Operation 30 [1/1] (0.38ns)   --->   "%store_ln0 = store i16 32768, i16 %x_assign_718"   --->   Operation 30 'store' 'store_ln0' <Predicate = true> <Delay = 0.38>
ST_1 : Operation 31 [1/1] (0.38ns)   --->   "%store_ln0 = store i16 32768, i16 %x_assign_816"   --->   Operation 31 'store' 'store_ln0' <Predicate = true> <Delay = 0.38>
ST_1 : Operation 32 [1/1] (0.38ns)   --->   "%store_ln0 = store i16 32768, i16 %x_assign_914"   --->   Operation 32 'store' 'store_ln0' <Predicate = true> <Delay = 0.38>
ST_1 : Operation 33 [1/1] (0.38ns)   --->   "%store_ln0 = store i16 32768, i16 %x_assign_1012"   --->   Operation 33 'store' 'store_ln0' <Predicate = true> <Delay = 0.38>
ST_1 : Operation 34 [1/1] (0.38ns)   --->   "%store_ln0 = store i16 32768, i16 %x_assign_1110"   --->   Operation 34 'store' 'store_ln0' <Predicate = true> <Delay = 0.38>
ST_1 : Operation 35 [1/1] (0.38ns)   --->   "%store_ln0 = store i16 32768, i16 %x_assign_128"   --->   Operation 35 'store' 'store_ln0' <Predicate = true> <Delay = 0.38>
ST_1 : Operation 36 [1/1] (0.38ns)   --->   "%store_ln0 = store i16 32768, i16 %x_assign_136"   --->   Operation 36 'store' 'store_ln0' <Predicate = true> <Delay = 0.38>
ST_1 : Operation 37 [1/1] (0.38ns)   --->   "%store_ln0 = store i16 32768, i16 %x_assign_144"   --->   Operation 37 'store' 'store_ln0' <Predicate = true> <Delay = 0.38>
ST_1 : Operation 38 [1/1] (0.38ns)   --->   "%store_ln0 = store i16 32768, i16 %x_assign_152"   --->   Operation 38 'store' 'store_ln0' <Predicate = true> <Delay = 0.38>
ST_1 : Operation 39 [1/1] (0.00ns)   --->   "%br_ln306 = br void %for.inc7.split" [firmware/nnet_utils/nnet_pooling_stream.h:306]   --->   Operation 39 'br' 'br_ln306' <Predicate = true> <Delay = 0.00>

State 2 <SV = 1> <Delay = 2.55>
ST_2 : Operation 40 [1/1] (0.00ns)   --->   "%x_assign_152_load = load i16 %x_assign_152" [firmware/nnet_utils/nnet_pooling_stream.h:200->firmware/nnet_utils/nnet_pooling_stream.h:222->firmware/nnet_utils/nnet_pooling_stream.h:308]   --->   Operation 40 'load' 'x_assign_152_load' <Predicate = true> <Delay = 0.00>
ST_2 : Operation 41 [1/1] (0.00ns)   --->   "%x_assign_144_load = load i16 %x_assign_144" [firmware/nnet_utils/nnet_pooling_stream.h:200->firmware/nnet_utils/nnet_pooling_stream.h:222->firmware/nnet_utils/nnet_pooling_stream.h:308]   --->   Operation 41 'load' 'x_assign_144_load' <Predicate = true> <Delay = 0.00>
ST_2 : Operation 42 [1/1] (0.00ns)   --->   "%x_assign_136_load = load i16 %x_assign_136" [firmware/nnet_utils/nnet_pooling_stream.h:200->firmware/nnet_utils/nnet_pooling_stream.h:222->firmware/nnet_utils/nnet_pooling_stream.h:308]   --->   Operation 42 'load' 'x_assign_136_load' <Predicate = true> <Delay = 0.00>
ST_2 : Operation 43 [1/1] (0.00ns)   --->   "%x_assign_128_load = load i16 %x_assign_128" [firmware/nnet_utils/nnet_pooling_stream.h:200->firmware/nnet_utils/nnet_pooling_stream.h:222->firmware/nnet_utils/nnet_pooling_stream.h:308]   --->   Operation 43 'load' 'x_assign_128_load' <Predicate = true> <Delay = 0.00>
ST_2 : Operation 44 [1/1] (0.00ns)   --->   "%x_assign_1110_load = load i16 %x_assign_1110" [firmware/nnet_utils/nnet_pooling_stream.h:200->firmware/nnet_utils/nnet_pooling_stream.h:222->firmware/nnet_utils/nnet_pooling_stream.h:308]   --->   Operation 44 'load' 'x_assign_1110_load' <Predicate = true> <Delay = 0.00>
ST_2 : Operation 45 [1/1] (0.00ns)   --->   "%x_assign_1012_load = load i16 %x_assign_1012" [firmware/nnet_utils/nnet_pooling_stream.h:200->firmware/nnet_utils/nnet_pooling_stream.h:222->firmware/nnet_utils/nnet_pooling_stream.h:308]   --->   Operation 45 'load' 'x_assign_1012_load' <Predicate = true> <Delay = 0.00>
ST_2 : Operation 46 [1/1] (0.00ns)   --->   "%x_assign_914_load = load i16 %x_assign_914" [firmware/nnet_utils/nnet_pooling_stream.h:200->firmware/nnet_utils/nnet_pooling_stream.h:222->firmware/nnet_utils/nnet_pooling_stream.h:308]   --->   Operation 46 'load' 'x_assign_914_load' <Predicate = true> <Delay = 0.00>
ST_2 : Operation 47 [1/1] (0.00ns)   --->   "%x_assign_816_load = load i16 %x_assign_816" [firmware/nnet_utils/nnet_pooling_stream.h:200->firmware/nnet_utils/nnet_pooling_stream.h:222->firmware/nnet_utils/nnet_pooling_stream.h:308]   --->   Operation 47 'load' 'x_assign_816_load' <Predicate = true> <Delay = 0.00>
ST_2 : Operation 48 [1/1] (0.00ns)   --->   "%x_assign_718_load = load i16 %x_assign_718" [firmware/nnet_utils/nnet_pooling_stream.h:200->firmware/nnet_utils/nnet_pooling_stream.h:222->firmware/nnet_utils/nnet_pooling_stream.h:308]   --->   Operation 48 'load' 'x_assign_718_load' <Predicate = true> <Delay = 0.00>
ST_2 : Operation 49 [1/1] (0.00ns)   --->   "%x_assign_620_load = load i16 %x_assign_620" [firmware/nnet_utils/nnet_pooling_stream.h:200->firmware/nnet_utils/nnet_pooling_stream.h:222->firmware/nnet_utils/nnet_pooling_stream.h:308]   --->   Operation 49 'load' 'x_assign_620_load' <Predicate = true> <Delay = 0.00>
ST_2 : Operation 50 [1/1] (0.00ns)   --->   "%x_assign_522_load = load i16 %x_assign_522" [firmware/nnet_utils/nnet_pooling_stream.h:200->firmware/nnet_utils/nnet_pooling_stream.h:222->firmware/nnet_utils/nnet_pooling_stream.h:308]   --->   Operation 50 'load' 'x_assign_522_load' <Predicate = true> <Delay = 0.00>
ST_2 : Operation 51 [1/1] (0.00ns)   --->   "%x_assign_424_load = load i16 %x_assign_424" [firmware/nnet_utils/nnet_pooling_stream.h:200->firmware/nnet_utils/nnet_pooling_stream.h:222->firmware/nnet_utils/nnet_pooling_stream.h:308]   --->   Operation 51 'load' 'x_assign_424_load' <Predicate = true> <Delay = 0.00>
ST_2 : Operation 52 [1/1] (0.00ns)   --->   "%x_assign_326_load = load i16 %x_assign_326" [firmware/nnet_utils/nnet_pooling_stream.h:200->firmware/nnet_utils/nnet_pooling_stream.h:222->firmware/nnet_utils/nnet_pooling_stream.h:308]   --->   Operation 52 'load' 'x_assign_326_load' <Predicate = true> <Delay = 0.00>
ST_2 : Operation 53 [1/1] (0.00ns)   --->   "%x_assign_228_load = load i16 %x_assign_228" [firmware/nnet_utils/nnet_pooling_stream.h:200->firmware/nnet_utils/nnet_pooling_stream.h:222->firmware/nnet_utils/nnet_pooling_stream.h:308]   --->   Operation 53 'load' 'x_assign_228_load' <Predicate = true> <Delay = 0.00>
ST_2 : Operation 54 [1/1] (0.00ns)   --->   "%x_assign_130_load = load i16 %x_assign_130" [firmware/nnet_utils/nnet_pooling_stream.h:200->firmware/nnet_utils/nnet_pooling_stream.h:222->firmware/nnet_utils/nnet_pooling_stream.h:308]   --->   Operation 54 'load' 'x_assign_130_load' <Predicate = true> <Delay = 0.00>
ST_2 : Operation 55 [1/1] (0.00ns)   --->   "%x_assign32_load = load i16 %x_assign32" [firmware/nnet_utils/nnet_pooling_stream.h:200->firmware/nnet_utils/nnet_pooling_stream.h:222->firmware/nnet_utils/nnet_pooling_stream.h:308]   --->   Operation 55 'load' 'x_assign32_load' <Predicate = true> <Delay = 0.00>
ST_2 : Operation 56 [1/1] (0.00ns)   --->   "%i_iw33_load = load i7 %i_iw33" [firmware/nnet_utils/nnet_pooling_stream.h:306]   --->   Operation 56 'load' 'i_iw33_load' <Predicate = true> <Delay = 0.00>
ST_2 : Operation 57 [1/1] (0.00ns)   --->   "%specpipeline_ln306 = specpipeline void @_ssdm_op_SpecPipeline, i32 4294967295, i32 0, i32 0, i32 0, void @empty_5" [firmware/nnet_utils/nnet_pooling_stream.h:306]   --->   Operation 57 'specpipeline' 'specpipeline_ln306' <Predicate = true> <Delay = 0.00>
ST_2 : Operation 58 [1/1] (0.00ns)   --->   "%speclooptripcount_ln306 = speclooptripcount void @_ssdm_op_SpecLoopTripCount, i64 128, i64 128, i64 128" [firmware/nnet_utils/nnet_pooling_stream.h:306]   --->   Operation 58 'speclooptripcount' 'speclooptripcount_ln306' <Predicate = true> <Delay = 0.00>
ST_2 : Operation 59 [1/1] (0.00ns)   --->   "%specloopname_ln306 = specloopname void @_ssdm_op_SpecLoopName, void @empty_8" [firmware/nnet_utils/nnet_pooling_stream.h:306]   --->   Operation 59 'specloopname' 'specloopname_ln306' <Predicate = true> <Delay = 0.00>
ST_2 : Operation 60 [1/1] (1.14ns)   --->   "%layer4_out_read = read i256 @_ssdm_op_Read.ap_fifo.volatile.i256P0A, i256 %layer4_out" [firmware/nnet_utils/nnet_pooling_stream.h:308]   --->   Operation 60 'read' 'layer4_out_read' <Predicate = true> <Delay = 1.14> <CoreInst = "FIFO">   --->   Core 77 'FIFO' <Latency = 0> <II = 1> <Delay = 1.14> <Storage> <Opcode : 'read' 'write' 'nbread' 'nbwrite'> <Ports = 0> <Width = 256> <Depth = 128> <FIFO>
ST_2 : Operation 61 [1/1] (0.00ns)   --->   "%y_max = trunc i256 %layer4_out_read" [firmware/nnet_utils/nnet_pooling_stream.h:308]   --->   Operation 61 'trunc' 'y_max' <Predicate = true> <Delay = 0.00>
ST_2 : Operation 62 [1/1] (0.00ns)   --->   "%y_max_1 = partselect i16 @_ssdm_op_PartSelect.i16.i256.i32.i32, i256 %layer4_out_read, i32 16, i32 31" [firmware/nnet_utils/nnet_pooling_stream.h:308]   --->   Operation 62 'partselect' 'y_max_1' <Predicate = true> <Delay = 0.00>
ST_2 : Operation 63 [1/1] (0.00ns)   --->   "%y_max_2 = partselect i16 @_ssdm_op_PartSelect.i16.i256.i32.i32, i256 %layer4_out_read, i32 32, i32 47" [firmware/nnet_utils/nnet_pooling_stream.h:308]   --->   Operation 63 'partselect' 'y_max_2' <Predicate = true> <Delay = 0.00>
ST_2 : Operation 64 [1/1] (0.00ns)   --->   "%y_max_3 = partselect i16 @_ssdm_op_PartSelect.i16.i256.i32.i32, i256 %layer4_out_read, i32 48, i32 63" [firmware/nnet_utils/nnet_pooling_stream.h:308]   --->   Operation 64 'partselect' 'y_max_3' <Predicate = true> <Delay = 0.00>
ST_2 : Operation 65 [1/1] (0.00ns)   --->   "%y_max_4 = partselect i16 @_ssdm_op_PartSelect.i16.i256.i32.i32, i256 %layer4_out_read, i32 64, i32 79" [firmware/nnet_utils/nnet_pooling_stream.h:308]   --->   Operation 65 'partselect' 'y_max_4' <Predicate = true> <Delay = 0.00>
ST_2 : Operation 66 [1/1] (0.00ns)   --->   "%y_max_5 = partselect i16 @_ssdm_op_PartSelect.i16.i256.i32.i32, i256 %layer4_out_read, i32 80, i32 95" [firmware/nnet_utils/nnet_pooling_stream.h:308]   --->   Operation 66 'partselect' 'y_max_5' <Predicate = true> <Delay = 0.00>
ST_2 : Operation 67 [1/1] (0.00ns)   --->   "%y_max_6 = partselect i16 @_ssdm_op_PartSelect.i16.i256.i32.i32, i256 %layer4_out_read, i32 96, i32 111" [firmware/nnet_utils/nnet_pooling_stream.h:308]   --->   Operation 67 'partselect' 'y_max_6' <Predicate = true> <Delay = 0.00>
ST_2 : Operation 68 [1/1] (0.00ns)   --->   "%y_max_7 = partselect i16 @_ssdm_op_PartSelect.i16.i256.i32.i32, i256 %layer4_out_read, i32 112, i32 127" [firmware/nnet_utils/nnet_pooling_stream.h:308]   --->   Operation 68 'partselect' 'y_max_7' <Predicate = true> <Delay = 0.00>
ST_2 : Operation 69 [1/1] (0.00ns)   --->   "%y_max_8 = partselect i16 @_ssdm_op_PartSelect.i16.i256.i32.i32, i256 %layer4_out_read, i32 128, i32 143" [firmware/nnet_utils/nnet_pooling_stream.h:308]   --->   Operation 69 'partselect' 'y_max_8' <Predicate = true> <Delay = 0.00>
ST_2 : Operation 70 [1/1] (0.00ns)   --->   "%y_max_9 = partselect i16 @_ssdm_op_PartSelect.i16.i256.i32.i32, i256 %layer4_out_read, i32 144, i32 159" [firmware/nnet_utils/nnet_pooling_stream.h:308]   --->   Operation 70 'partselect' 'y_max_9' <Predicate = true> <Delay = 0.00>
ST_2 : Operation 71 [1/1] (0.00ns)   --->   "%y_max_15 = partselect i16 @_ssdm_op_PartSelect.i16.i256.i32.i32, i256 %layer4_out_read, i32 160, i32 175" [firmware/nnet_utils/nnet_pooling_stream.h:308]   --->   Operation 71 'partselect' 'y_max_15' <Predicate = true> <Delay = 0.00>
ST_2 : Operation 72 [1/1] (0.00ns)   --->   "%y_max_10 = partselect i16 @_ssdm_op_PartSelect.i16.i256.i32.i32, i256 %layer4_out_read, i32 176, i32 191" [firmware/nnet_utils/nnet_pooling_stream.h:308]   --->   Operation 72 'partselect' 'y_max_10' <Predicate = true> <Delay = 0.00>
ST_2 : Operation 73 [1/1] (0.00ns)   --->   "%y_max_11 = partselect i16 @_ssdm_op_PartSelect.i16.i256.i32.i32, i256 %layer4_out_read, i32 192, i32 207" [firmware/nnet_utils/nnet_pooling_stream.h:308]   --->   Operation 73 'partselect' 'y_max_11' <Predicate = true> <Delay = 0.00>
ST_2 : Operation 74 [1/1] (0.00ns)   --->   "%y_max_12 = partselect i16 @_ssdm_op_PartSelect.i16.i256.i32.i32, i256 %layer4_out_read, i32 208, i32 223" [firmware/nnet_utils/nnet_pooling_stream.h:308]   --->   Operation 74 'partselect' 'y_max_12' <Predicate = true> <Delay = 0.00>
ST_2 : Operation 75 [1/1] (0.00ns)   --->   "%y_max_13 = partselect i16 @_ssdm_op_PartSelect.i16.i256.i32.i32, i256 %layer4_out_read, i32 224, i32 239" [firmware/nnet_utils/nnet_pooling_stream.h:308]   --->   Operation 75 'partselect' 'y_max_13' <Predicate = true> <Delay = 0.00>
ST_2 : Operation 76 [1/1] (0.00ns)   --->   "%y_max_14 = partselect i16 @_ssdm_op_PartSelect.i16.i256.i32.i32, i256 %layer4_out_read, i32 240, i32 255" [firmware/nnet_utils/nnet_pooling_stream.h:308]   --->   Operation 76 'partselect' 'y_max_14' <Predicate = true> <Delay = 0.00>
ST_2 : Operation 77 [1/1] (0.78ns)   --->   "%icmp_ln200 = icmp_slt  i16 %y_max, i16 %x_assign32_load" [firmware/nnet_utils/nnet_pooling_stream.h:200->firmware/nnet_utils/nnet_pooling_stream.h:222->firmware/nnet_utils/nnet_pooling_stream.h:308]   --->   Operation 77 'icmp' 'icmp_ln200' <Predicate = true> <Delay = 0.78> <CoreInst = "Cmp">   --->   Core 9 'Cmp' <Latency = 0> <II = 1> <Delay = 0.78> <FuncUnit> <Opcode : 'seteq' 'setne' 'setle' 'setge' 'setlt' 'setgt'> <InPorts = 2> <OutPorts = 1>
ST_2 : Operation 78 [1/1] (0.24ns)   --->   "%data_window = select i1 %icmp_ln200, i16 %x_assign32_load, i16 %y_max" [firmware/nnet_utils/nnet_pooling_stream.h:222->firmware/nnet_utils/nnet_pooling_stream.h:308]   --->   Operation 78 'select' 'data_window' <Predicate = true> <Delay = 0.24> <CoreInst = "Sel">   --->   Core 73 'Sel' <Latency = 0> <II = 1> <Delay = 0.24> <FuncUnit> <Opcode : 'select'> <InPorts = 3> <OutPorts = 1>
ST_2 : Operation 79 [1/1] (0.78ns)   --->   "%icmp_ln200_1 = icmp_slt  i16 %y_max_1, i16 %x_assign_130_load" [firmware/nnet_utils/nnet_pooling_stream.h:200->firmware/nnet_utils/nnet_pooling_stream.h:222->firmware/nnet_utils/nnet_pooling_stream.h:308]   --->   Operation 79 'icmp' 'icmp_ln200_1' <Predicate = true> <Delay = 0.78> <CoreInst = "Cmp">   --->   Core 9 'Cmp' <Latency = 0> <II = 1> <Delay = 0.78> <FuncUnit> <Opcode : 'seteq' 'setne' 'setle' 'setge' 'setlt' 'setgt'> <InPorts = 2> <OutPorts = 1>
ST_2 : Operation 80 [1/1] (0.24ns)   --->   "%data_window_1 = select i1 %icmp_ln200_1, i16 %x_assign_130_load, i16 %y_max_1" [firmware/nnet_utils/nnet_pooling_stream.h:222->firmware/nnet_utils/nnet_pooling_stream.h:308]   --->   Operation 80 'select' 'data_window_1' <Predicate = true> <Delay = 0.24> <CoreInst = "Sel">   --->   Core 73 'Sel' <Latency = 0> <II = 1> <Delay = 0.24> <FuncUnit> <Opcode : 'select'> <InPorts = 3> <OutPorts = 1>
ST_2 : Operation 81 [1/1] (0.78ns)   --->   "%icmp_ln200_2 = icmp_slt  i16 %y_max_2, i16 %x_assign_228_load" [firmware/nnet_utils/nnet_pooling_stream.h:200->firmware/nnet_utils/nnet_pooling_stream.h:222->firmware/nnet_utils/nnet_pooling_stream.h:308]   --->   Operation 81 'icmp' 'icmp_ln200_2' <Predicate = true> <Delay = 0.78> <CoreInst = "Cmp">   --->   Core 9 'Cmp' <Latency = 0> <II = 1> <Delay = 0.78> <FuncUnit> <Opcode : 'seteq' 'setne' 'setle' 'setge' 'setlt' 'setgt'> <InPorts = 2> <OutPorts = 1>
ST_2 : Operation 82 [1/1] (0.24ns)   --->   "%data_window_2 = select i1 %icmp_ln200_2, i16 %x_assign_228_load, i16 %y_max_2" [firmware/nnet_utils/nnet_pooling_stream.h:222->firmware/nnet_utils/nnet_pooling_stream.h:308]   --->   Operation 82 'select' 'data_window_2' <Predicate = true> <Delay = 0.24> <CoreInst = "Sel">   --->   Core 73 'Sel' <Latency = 0> <II = 1> <Delay = 0.24> <FuncUnit> <Opcode : 'select'> <InPorts = 3> <OutPorts = 1>
ST_2 : Operation 83 [1/1] (0.78ns)   --->   "%icmp_ln200_3 = icmp_slt  i16 %y_max_3, i16 %x_assign_326_load" [firmware/nnet_utils/nnet_pooling_stream.h:200->firmware/nnet_utils/nnet_pooling_stream.h:222->firmware/nnet_utils/nnet_pooling_stream.h:308]   --->   Operation 83 'icmp' 'icmp_ln200_3' <Predicate = true> <Delay = 0.78> <CoreInst = "Cmp">   --->   Core 9 'Cmp' <Latency = 0> <II = 1> <Delay = 0.78> <FuncUnit> <Opcode : 'seteq' 'setne' 'setle' 'setge' 'setlt' 'setgt'> <InPorts = 2> <OutPorts = 1>
ST_2 : Operation 84 [1/1] (0.24ns)   --->   "%data_window_3 = select i1 %icmp_ln200_3, i16 %x_assign_326_load, i16 %y_max_3" [firmware/nnet_utils/nnet_pooling_stream.h:222->firmware/nnet_utils/nnet_pooling_stream.h:308]   --->   Operation 84 'select' 'data_window_3' <Predicate = true> <Delay = 0.24> <CoreInst = "Sel">   --->   Core 73 'Sel' <Latency = 0> <II = 1> <Delay = 0.24> <FuncUnit> <Opcode : 'select'> <InPorts = 3> <OutPorts = 1>
ST_2 : Operation 85 [1/1] (0.78ns)   --->   "%icmp_ln200_4 = icmp_slt  i16 %y_max_4, i16 %x_assign_424_load" [firmware/nnet_utils/nnet_pooling_stream.h:200->firmware/nnet_utils/nnet_pooling_stream.h:222->firmware/nnet_utils/nnet_pooling_stream.h:308]   --->   Operation 85 'icmp' 'icmp_ln200_4' <Predicate = true> <Delay = 0.78> <CoreInst = "Cmp">   --->   Core 9 'Cmp' <Latency = 0> <II = 1> <Delay = 0.78> <FuncUnit> <Opcode : 'seteq' 'setne' 'setle' 'setge' 'setlt' 'setgt'> <InPorts = 2> <OutPorts = 1>
ST_2 : Operation 86 [1/1] (0.24ns)   --->   "%data_window_4 = select i1 %icmp_ln200_4, i16 %x_assign_424_load, i16 %y_max_4" [firmware/nnet_utils/nnet_pooling_stream.h:222->firmware/nnet_utils/nnet_pooling_stream.h:308]   --->   Operation 86 'select' 'data_window_4' <Predicate = true> <Delay = 0.24> <CoreInst = "Sel">   --->   Core 73 'Sel' <Latency = 0> <II = 1> <Delay = 0.24> <FuncUnit> <Opcode : 'select'> <InPorts = 3> <OutPorts = 1>
ST_2 : Operation 87 [1/1] (0.78ns)   --->   "%icmp_ln200_5 = icmp_slt  i16 %y_max_5, i16 %x_assign_522_load" [firmware/nnet_utils/nnet_pooling_stream.h:200->firmware/nnet_utils/nnet_pooling_stream.h:222->firmware/nnet_utils/nnet_pooling_stream.h:308]   --->   Operation 87 'icmp' 'icmp_ln200_5' <Predicate = true> <Delay = 0.78> <CoreInst = "Cmp">   --->   Core 9 'Cmp' <Latency = 0> <II = 1> <Delay = 0.78> <FuncUnit> <Opcode : 'seteq' 'setne' 'setle' 'setge' 'setlt' 'setgt'> <InPorts = 2> <OutPorts = 1>
ST_2 : Operation 88 [1/1] (0.24ns)   --->   "%data_window_5 = select i1 %icmp_ln200_5, i16 %x_assign_522_load, i16 %y_max_5" [firmware/nnet_utils/nnet_pooling_stream.h:222->firmware/nnet_utils/nnet_pooling_stream.h:308]   --->   Operation 88 'select' 'data_window_5' <Predicate = true> <Delay = 0.24> <CoreInst = "Sel">   --->   Core 73 'Sel' <Latency = 0> <II = 1> <Delay = 0.24> <FuncUnit> <Opcode : 'select'> <InPorts = 3> <OutPorts = 1>
ST_2 : Operation 89 [1/1] (0.78ns)   --->   "%icmp_ln200_6 = icmp_slt  i16 %y_max_6, i16 %x_assign_620_load" [firmware/nnet_utils/nnet_pooling_stream.h:200->firmware/nnet_utils/nnet_pooling_stream.h:222->firmware/nnet_utils/nnet_pooling_stream.h:308]   --->   Operation 89 'icmp' 'icmp_ln200_6' <Predicate = true> <Delay = 0.78> <CoreInst = "Cmp">   --->   Core 9 'Cmp' <Latency = 0> <II = 1> <Delay = 0.78> <FuncUnit> <Opcode : 'seteq' 'setne' 'setle' 'setge' 'setlt' 'setgt'> <InPorts = 2> <OutPorts = 1>
ST_2 : Operation 90 [1/1] (0.24ns)   --->   "%data_window_6 = select i1 %icmp_ln200_6, i16 %x_assign_620_load, i16 %y_max_6" [firmware/nnet_utils/nnet_pooling_stream.h:222->firmware/nnet_utils/nnet_pooling_stream.h:308]   --->   Operation 90 'select' 'data_window_6' <Predicate = true> <Delay = 0.24> <CoreInst = "Sel">   --->   Core 73 'Sel' <Latency = 0> <II = 1> <Delay = 0.24> <FuncUnit> <Opcode : 'select'> <InPorts = 3> <OutPorts = 1>
ST_2 : Operation 91 [1/1] (0.78ns)   --->   "%icmp_ln200_7 = icmp_slt  i16 %y_max_7, i16 %x_assign_718_load" [firmware/nnet_utils/nnet_pooling_stream.h:200->firmware/nnet_utils/nnet_pooling_stream.h:222->firmware/nnet_utils/nnet_pooling_stream.h:308]   --->   Operation 91 'icmp' 'icmp_ln200_7' <Predicate = true> <Delay = 0.78> <CoreInst = "Cmp">   --->   Core 9 'Cmp' <Latency = 0> <II = 1> <Delay = 0.78> <FuncUnit> <Opcode : 'seteq' 'setne' 'setle' 'setge' 'setlt' 'setgt'> <InPorts = 2> <OutPorts = 1>
ST_2 : Operation 92 [1/1] (0.24ns)   --->   "%data_window_7 = select i1 %icmp_ln200_7, i16 %x_assign_718_load, i16 %y_max_7" [firmware/nnet_utils/nnet_pooling_stream.h:222->firmware/nnet_utils/nnet_pooling_stream.h:308]   --->   Operation 92 'select' 'data_window_7' <Predicate = true> <Delay = 0.24> <CoreInst = "Sel">   --->   Core 73 'Sel' <Latency = 0> <II = 1> <Delay = 0.24> <FuncUnit> <Opcode : 'select'> <InPorts = 3> <OutPorts = 1>
ST_2 : Operation 93 [1/1] (0.78ns)   --->   "%icmp_ln200_8 = icmp_slt  i16 %y_max_8, i16 %x_assign_816_load" [firmware/nnet_utils/nnet_pooling_stream.h:200->firmware/nnet_utils/nnet_pooling_stream.h:222->firmware/nnet_utils/nnet_pooling_stream.h:308]   --->   Operation 93 'icmp' 'icmp_ln200_8' <Predicate = true> <Delay = 0.78> <CoreInst = "Cmp">   --->   Core 9 'Cmp' <Latency = 0> <II = 1> <Delay = 0.78> <FuncUnit> <Opcode : 'seteq' 'setne' 'setle' 'setge' 'setlt' 'setgt'> <InPorts = 2> <OutPorts = 1>
ST_2 : Operation 94 [1/1] (0.24ns)   --->   "%data_window_8 = select i1 %icmp_ln200_8, i16 %x_assign_816_load, i16 %y_max_8" [firmware/nnet_utils/nnet_pooling_stream.h:222->firmware/nnet_utils/nnet_pooling_stream.h:308]   --->   Operation 94 'select' 'data_window_8' <Predicate = true> <Delay = 0.24> <CoreInst = "Sel">   --->   Core 73 'Sel' <Latency = 0> <II = 1> <Delay = 0.24> <FuncUnit> <Opcode : 'select'> <InPorts = 3> <OutPorts = 1>
ST_2 : Operation 95 [1/1] (0.78ns)   --->   "%icmp_ln200_9 = icmp_slt  i16 %y_max_9, i16 %x_assign_914_load" [firmware/nnet_utils/nnet_pooling_stream.h:200->firmware/nnet_utils/nnet_pooling_stream.h:222->firmware/nnet_utils/nnet_pooling_stream.h:308]   --->   Operation 95 'icmp' 'icmp_ln200_9' <Predicate = true> <Delay = 0.78> <CoreInst = "Cmp">   --->   Core 9 'Cmp' <Latency = 0> <II = 1> <Delay = 0.78> <FuncUnit> <Opcode : 'seteq' 'setne' 'setle' 'setge' 'setlt' 'setgt'> <InPorts = 2> <OutPorts = 1>
ST_2 : Operation 96 [1/1] (0.24ns)   --->   "%data_window_9 = select i1 %icmp_ln200_9, i16 %x_assign_914_load, i16 %y_max_9" [firmware/nnet_utils/nnet_pooling_stream.h:222->firmware/nnet_utils/nnet_pooling_stream.h:308]   --->   Operation 96 'select' 'data_window_9' <Predicate = true> <Delay = 0.24> <CoreInst = "Sel">   --->   Core 73 'Sel' <Latency = 0> <II = 1> <Delay = 0.24> <FuncUnit> <Opcode : 'select'> <InPorts = 3> <OutPorts = 1>
ST_2 : Operation 97 [1/1] (0.78ns)   --->   "%icmp_ln200_10 = icmp_slt  i16 %y_max_15, i16 %x_assign_1012_load" [firmware/nnet_utils/nnet_pooling_stream.h:200->firmware/nnet_utils/nnet_pooling_stream.h:222->firmware/nnet_utils/nnet_pooling_stream.h:308]   --->   Operation 97 'icmp' 'icmp_ln200_10' <Predicate = true> <Delay = 0.78> <CoreInst = "Cmp">   --->   Core 9 'Cmp' <Latency = 0> <II = 1> <Delay = 0.78> <FuncUnit> <Opcode : 'seteq' 'setne' 'setle' 'setge' 'setlt' 'setgt'> <InPorts = 2> <OutPorts = 1>
ST_2 : Operation 98 [1/1] (0.24ns)   --->   "%data_window_10 = select i1 %icmp_ln200_10, i16 %x_assign_1012_load, i16 %y_max_15" [firmware/nnet_utils/nnet_pooling_stream.h:222->firmware/nnet_utils/nnet_pooling_stream.h:308]   --->   Operation 98 'select' 'data_window_10' <Predicate = true> <Delay = 0.24> <CoreInst = "Sel">   --->   Core 73 'Sel' <Latency = 0> <II = 1> <Delay = 0.24> <FuncUnit> <Opcode : 'select'> <InPorts = 3> <OutPorts = 1>
ST_2 : Operation 99 [1/1] (0.78ns)   --->   "%icmp_ln200_11 = icmp_slt  i16 %y_max_10, i16 %x_assign_1110_load" [firmware/nnet_utils/nnet_pooling_stream.h:200->firmware/nnet_utils/nnet_pooling_stream.h:222->firmware/nnet_utils/nnet_pooling_stream.h:308]   --->   Operation 99 'icmp' 'icmp_ln200_11' <Predicate = true> <Delay = 0.78> <CoreInst = "Cmp">   --->   Core 9 'Cmp' <Latency = 0> <II = 1> <Delay = 0.78> <FuncUnit> <Opcode : 'seteq' 'setne' 'setle' 'setge' 'setlt' 'setgt'> <InPorts = 2> <OutPorts = 1>
ST_2 : Operation 100 [1/1] (0.24ns)   --->   "%data_window_11 = select i1 %icmp_ln200_11, i16 %x_assign_1110_load, i16 %y_max_10" [firmware/nnet_utils/nnet_pooling_stream.h:222->firmware/nnet_utils/nnet_pooling_stream.h:308]   --->   Operation 100 'select' 'data_window_11' <Predicate = true> <Delay = 0.24> <CoreInst = "Sel">   --->   Core 73 'Sel' <Latency = 0> <II = 1> <Delay = 0.24> <FuncUnit> <Opcode : 'select'> <InPorts = 3> <OutPorts = 1>
ST_2 : Operation 101 [1/1] (0.78ns)   --->   "%icmp_ln200_12 = icmp_slt  i16 %y_max_11, i16 %x_assign_128_load" [firmware/nnet_utils/nnet_pooling_stream.h:200->firmware/nnet_utils/nnet_pooling_stream.h:222->firmware/nnet_utils/nnet_pooling_stream.h:308]   --->   Operation 101 'icmp' 'icmp_ln200_12' <Predicate = true> <Delay = 0.78> <CoreInst = "Cmp">   --->   Core 9 'Cmp' <Latency = 0> <II = 1> <Delay = 0.78> <FuncUnit> <Opcode : 'seteq' 'setne' 'setle' 'setge' 'setlt' 'setgt'> <InPorts = 2> <OutPorts = 1>
ST_2 : Operation 102 [1/1] (0.24ns)   --->   "%data_window_12 = select i1 %icmp_ln200_12, i16 %x_assign_128_load, i16 %y_max_11" [firmware/nnet_utils/nnet_pooling_stream.h:222->firmware/nnet_utils/nnet_pooling_stream.h:308]   --->   Operation 102 'select' 'data_window_12' <Predicate = true> <Delay = 0.24> <CoreInst = "Sel">   --->   Core 73 'Sel' <Latency = 0> <II = 1> <Delay = 0.24> <FuncUnit> <Opcode : 'select'> <InPorts = 3> <OutPorts = 1>
ST_2 : Operation 103 [1/1] (0.78ns)   --->   "%icmp_ln200_13 = icmp_slt  i16 %y_max_12, i16 %x_assign_136_load" [firmware/nnet_utils/nnet_pooling_stream.h:200->firmware/nnet_utils/nnet_pooling_stream.h:222->firmware/nnet_utils/nnet_pooling_stream.h:308]   --->   Operation 103 'icmp' 'icmp_ln200_13' <Predicate = true> <Delay = 0.78> <CoreInst = "Cmp">   --->   Core 9 'Cmp' <Latency = 0> <II = 1> <Delay = 0.78> <FuncUnit> <Opcode : 'seteq' 'setne' 'setle' 'setge' 'setlt' 'setgt'> <InPorts = 2> <OutPorts = 1>
ST_2 : Operation 104 [1/1] (0.24ns)   --->   "%data_window_13 = select i1 %icmp_ln200_13, i16 %x_assign_136_load, i16 %y_max_12" [firmware/nnet_utils/nnet_pooling_stream.h:222->firmware/nnet_utils/nnet_pooling_stream.h:308]   --->   Operation 104 'select' 'data_window_13' <Predicate = true> <Delay = 0.24> <CoreInst = "Sel">   --->   Core 73 'Sel' <Latency = 0> <II = 1> <Delay = 0.24> <FuncUnit> <Opcode : 'select'> <InPorts = 3> <OutPorts = 1>
ST_2 : Operation 105 [1/1] (0.78ns)   --->   "%icmp_ln200_14 = icmp_slt  i16 %y_max_13, i16 %x_assign_144_load" [firmware/nnet_utils/nnet_pooling_stream.h:200->firmware/nnet_utils/nnet_pooling_stream.h:222->firmware/nnet_utils/nnet_pooling_stream.h:308]   --->   Operation 105 'icmp' 'icmp_ln200_14' <Predicate = true> <Delay = 0.78> <CoreInst = "Cmp">   --->   Core 9 'Cmp' <Latency = 0> <II = 1> <Delay = 0.78> <FuncUnit> <Opcode : 'seteq' 'setne' 'setle' 'setge' 'setlt' 'setgt'> <InPorts = 2> <OutPorts = 1>
ST_2 : Operation 106 [1/1] (0.24ns)   --->   "%data_window_14 = select i1 %icmp_ln200_14, i16 %x_assign_144_load, i16 %y_max_13" [firmware/nnet_utils/nnet_pooling_stream.h:222->firmware/nnet_utils/nnet_pooling_stream.h:308]   --->   Operation 106 'select' 'data_window_14' <Predicate = true> <Delay = 0.24> <CoreInst = "Sel">   --->   Core 73 'Sel' <Latency = 0> <II = 1> <Delay = 0.24> <FuncUnit> <Opcode : 'select'> <InPorts = 3> <OutPorts = 1>
ST_2 : Operation 107 [1/1] (0.78ns)   --->   "%icmp_ln200_15 = icmp_slt  i16 %y_max_14, i16 %x_assign_152_load" [firmware/nnet_utils/nnet_pooling_stream.h:200->firmware/nnet_utils/nnet_pooling_stream.h:222->firmware/nnet_utils/nnet_pooling_stream.h:308]   --->   Operation 107 'icmp' 'icmp_ln200_15' <Predicate = true> <Delay = 0.78> <CoreInst = "Cmp">   --->   Core 9 'Cmp' <Latency = 0> <II = 1> <Delay = 0.78> <FuncUnit> <Opcode : 'seteq' 'setne' 'setle' 'setge' 'setlt' 'setgt'> <InPorts = 2> <OutPorts = 1>
ST_2 : Operation 108 [1/1] (0.24ns)   --->   "%data_window_15 = select i1 %icmp_ln200_15, i16 %x_assign_152_load, i16 %y_max_14" [firmware/nnet_utils/nnet_pooling_stream.h:222->firmware/nnet_utils/nnet_pooling_stream.h:308]   --->   Operation 108 'select' 'data_window_15' <Predicate = true> <Delay = 0.24> <CoreInst = "Sel">   --->   Core 73 'Sel' <Latency = 0> <II = 1> <Delay = 0.24> <FuncUnit> <Opcode : 'select'> <InPorts = 3> <OutPorts = 1>
ST_2 : Operation 109 [1/1] (0.70ns)   --->   "%i_iw = add i7 %i_iw33_load, i7 1" [firmware/nnet_utils/nnet_pooling_stream.h:306]   --->   Operation 109 'add' 'i_iw' <Predicate = true> <Delay = 0.70> <CoreInst = "Adder">   --->   Core 1 'Adder' <Latency = 0> <II = 1> <Delay = 0.70> <FuncUnit> <Opcode : 'add' 'sub'> <InPorts = 2> <OutPorts = 1>
ST_2 : Operation 110 [1/1] (0.70ns)   --->   "%icmp_ln306 = icmp_eq  i7 %i_iw33_load, i7 127" [firmware/nnet_utils/nnet_pooling_stream.h:306]   --->   Operation 110 'icmp' 'icmp_ln306' <Predicate = true> <Delay = 0.70> <CoreInst = "Cmp">   --->   Core 9 'Cmp' <Latency = 0> <II = 1> <Delay = 0.70> <FuncUnit> <Opcode : 'seteq' 'setne' 'setle' 'setge' 'setlt' 'setgt'> <InPorts = 2> <OutPorts = 1>
ST_2 : Operation 111 [1/1] (0.38ns)   --->   "%store_ln306 = store i7 %i_iw, i7 %i_iw33" [firmware/nnet_utils/nnet_pooling_stream.h:306]   --->   Operation 111 'store' 'store_ln306' <Predicate = true> <Delay = 0.38>
ST_2 : Operation 112 [1/1] (0.38ns)   --->   "%store_ln222 = store i16 %data_window, i16 %x_assign32" [firmware/nnet_utils/nnet_pooling_stream.h:222->firmware/nnet_utils/nnet_pooling_stream.h:308]   --->   Operation 112 'store' 'store_ln222' <Predicate = true> <Delay = 0.38>
ST_2 : Operation 113 [1/1] (0.38ns)   --->   "%store_ln222 = store i16 %data_window_1, i16 %x_assign_130" [firmware/nnet_utils/nnet_pooling_stream.h:222->firmware/nnet_utils/nnet_pooling_stream.h:308]   --->   Operation 113 'store' 'store_ln222' <Predicate = true> <Delay = 0.38>
ST_2 : Operation 114 [1/1] (0.38ns)   --->   "%store_ln222 = store i16 %data_window_2, i16 %x_assign_228" [firmware/nnet_utils/nnet_pooling_stream.h:222->firmware/nnet_utils/nnet_pooling_stream.h:308]   --->   Operation 114 'store' 'store_ln222' <Predicate = true> <Delay = 0.38>
ST_2 : Operation 115 [1/1] (0.38ns)   --->   "%store_ln222 = store i16 %data_window_3, i16 %x_assign_326" [firmware/nnet_utils/nnet_pooling_stream.h:222->firmware/nnet_utils/nnet_pooling_stream.h:308]   --->   Operation 115 'store' 'store_ln222' <Predicate = true> <Delay = 0.38>
ST_2 : Operation 116 [1/1] (0.38ns)   --->   "%store_ln222 = store i16 %data_window_4, i16 %x_assign_424" [firmware/nnet_utils/nnet_pooling_stream.h:222->firmware/nnet_utils/nnet_pooling_stream.h:308]   --->   Operation 116 'store' 'store_ln222' <Predicate = true> <Delay = 0.38>
ST_2 : Operation 117 [1/1] (0.38ns)   --->   "%store_ln222 = store i16 %data_window_5, i16 %x_assign_522" [firmware/nnet_utils/nnet_pooling_stream.h:222->firmware/nnet_utils/nnet_pooling_stream.h:308]   --->   Operation 117 'store' 'store_ln222' <Predicate = true> <Delay = 0.38>
ST_2 : Operation 118 [1/1] (0.38ns)   --->   "%store_ln222 = store i16 %data_window_6, i16 %x_assign_620" [firmware/nnet_utils/nnet_pooling_stream.h:222->firmware/nnet_utils/nnet_pooling_stream.h:308]   --->   Operation 118 'store' 'store_ln222' <Predicate = true> <Delay = 0.38>
ST_2 : Operation 119 [1/1] (0.38ns)   --->   "%store_ln222 = store i16 %data_window_7, i16 %x_assign_718" [firmware/nnet_utils/nnet_pooling_stream.h:222->firmware/nnet_utils/nnet_pooling_stream.h:308]   --->   Operation 119 'store' 'store_ln222' <Predicate = true> <Delay = 0.38>
ST_2 : Operation 120 [1/1] (0.38ns)   --->   "%store_ln222 = store i16 %data_window_8, i16 %x_assign_816" [firmware/nnet_utils/nnet_pooling_stream.h:222->firmware/nnet_utils/nnet_pooling_stream.h:308]   --->   Operation 120 'store' 'store_ln222' <Predicate = true> <Delay = 0.38>
ST_2 : Operation 121 [1/1] (0.38ns)   --->   "%store_ln222 = store i16 %data_window_9, i16 %x_assign_914" [firmware/nnet_utils/nnet_pooling_stream.h:222->firmware/nnet_utils/nnet_pooling_stream.h:308]   --->   Operation 121 'store' 'store_ln222' <Predicate = true> <Delay = 0.38>
ST_2 : Operation 122 [1/1] (0.38ns)   --->   "%store_ln222 = store i16 %data_window_10, i16 %x_assign_1012" [firmware/nnet_utils/nnet_pooling_stream.h:222->firmware/nnet_utils/nnet_pooling_stream.h:308]   --->   Operation 122 'store' 'store_ln222' <Predicate = true> <Delay = 0.38>
ST_2 : Operation 123 [1/1] (0.38ns)   --->   "%store_ln222 = store i16 %data_window_11, i16 %x_assign_1110" [firmware/nnet_utils/nnet_pooling_stream.h:222->firmware/nnet_utils/nnet_pooling_stream.h:308]   --->   Operation 123 'store' 'store_ln222' <Predicate = true> <Delay = 0.38>
ST_2 : Operation 124 [1/1] (0.38ns)   --->   "%store_ln222 = store i16 %data_window_12, i16 %x_assign_128" [firmware/nnet_utils/nnet_pooling_stream.h:222->firmware/nnet_utils/nnet_pooling_stream.h:308]   --->   Operation 124 'store' 'store_ln222' <Predicate = true> <Delay = 0.38>
ST_2 : Operation 125 [1/1] (0.38ns)   --->   "%store_ln222 = store i16 %data_window_13, i16 %x_assign_136" [firmware/nnet_utils/nnet_pooling_stream.h:222->firmware/nnet_utils/nnet_pooling_stream.h:308]   --->   Operation 125 'store' 'store_ln222' <Predicate = true> <Delay = 0.38>
ST_2 : Operation 126 [1/1] (0.38ns)   --->   "%store_ln222 = store i16 %data_window_14, i16 %x_assign_144" [firmware/nnet_utils/nnet_pooling_stream.h:222->firmware/nnet_utils/nnet_pooling_stream.h:308]   --->   Operation 126 'store' 'store_ln222' <Predicate = true> <Delay = 0.38>
ST_2 : Operation 127 [1/1] (0.38ns)   --->   "%store_ln222 = store i16 %data_window_15, i16 %x_assign_152" [firmware/nnet_utils/nnet_pooling_stream.h:222->firmware/nnet_utils/nnet_pooling_stream.h:308]   --->   Operation 127 'store' 'store_ln222' <Predicate = true> <Delay = 0.38>
ST_2 : Operation 128 [1/1] (0.00ns)   --->   "%br_ln306 = br i1 %icmp_ln306, void %for.inc7.split, void %MaxPoolRes.exitStub" [firmware/nnet_utils/nnet_pooling_stream.h:306]   --->   Operation 128 'br' 'br_ln306' <Predicate = true> <Delay = 0.00>
ST_2 : Operation 129 [1/1] (0.00ns)   --->   "%write_ln222 = write void @_ssdm_op_Write.ap_auto.i16P0A, i16 %data_window_out, i16 %data_window" [firmware/nnet_utils/nnet_pooling_stream.h:222->firmware/nnet_utils/nnet_pooling_stream.h:308]   --->   Operation 129 'write' 'write_ln222' <Predicate = (icmp_ln306)> <Delay = 0.00>
ST_2 : Operation 130 [1/1] (0.00ns)   --->   "%write_ln222 = write void @_ssdm_op_Write.ap_auto.i16P0A, i16 %data_window_1_out, i16 %data_window_1" [firmware/nnet_utils/nnet_pooling_stream.h:222->firmware/nnet_utils/nnet_pooling_stream.h:308]   --->   Operation 130 'write' 'write_ln222' <Predicate = (icmp_ln306)> <Delay = 0.00>
ST_2 : Operation 131 [1/1] (0.00ns)   --->   "%write_ln222 = write void @_ssdm_op_Write.ap_auto.i16P0A, i16 %data_window_2_out, i16 %data_window_2" [firmware/nnet_utils/nnet_pooling_stream.h:222->firmware/nnet_utils/nnet_pooling_stream.h:308]   --->   Operation 131 'write' 'write_ln222' <Predicate = (icmp_ln306)> <Delay = 0.00>
ST_2 : Operation 132 [1/1] (0.00ns)   --->   "%write_ln222 = write void @_ssdm_op_Write.ap_auto.i16P0A, i16 %data_window_3_out, i16 %data_window_3" [firmware/nnet_utils/nnet_pooling_stream.h:222->firmware/nnet_utils/nnet_pooling_stream.h:308]   --->   Operation 132 'write' 'write_ln222' <Predicate = (icmp_ln306)> <Delay = 0.00>
ST_2 : Operation 133 [1/1] (0.00ns)   --->   "%write_ln222 = write void @_ssdm_op_Write.ap_auto.i16P0A, i16 %data_window_4_out, i16 %data_window_4" [firmware/nnet_utils/nnet_pooling_stream.h:222->firmware/nnet_utils/nnet_pooling_stream.h:308]   --->   Operation 133 'write' 'write_ln222' <Predicate = (icmp_ln306)> <Delay = 0.00>
ST_2 : Operation 134 [1/1] (0.00ns)   --->   "%write_ln222 = write void @_ssdm_op_Write.ap_auto.i16P0A, i16 %data_window_5_out, i16 %data_window_5" [firmware/nnet_utils/nnet_pooling_stream.h:222->firmware/nnet_utils/nnet_pooling_stream.h:308]   --->   Operation 134 'write' 'write_ln222' <Predicate = (icmp_ln306)> <Delay = 0.00>
ST_2 : Operation 135 [1/1] (0.00ns)   --->   "%write_ln222 = write void @_ssdm_op_Write.ap_auto.i16P0A, i16 %data_window_6_out, i16 %data_window_6" [firmware/nnet_utils/nnet_pooling_stream.h:222->firmware/nnet_utils/nnet_pooling_stream.h:308]   --->   Operation 135 'write' 'write_ln222' <Predicate = (icmp_ln306)> <Delay = 0.00>
ST_2 : Operation 136 [1/1] (0.00ns)   --->   "%write_ln222 = write void @_ssdm_op_Write.ap_auto.i16P0A, i16 %data_window_7_out, i16 %data_window_7" [firmware/nnet_utils/nnet_pooling_stream.h:222->firmware/nnet_utils/nnet_pooling_stream.h:308]   --->   Operation 136 'write' 'write_ln222' <Predicate = (icmp_ln306)> <Delay = 0.00>
ST_2 : Operation 137 [1/1] (0.00ns)   --->   "%write_ln222 = write void @_ssdm_op_Write.ap_auto.i16P0A, i16 %data_window_8_out, i16 %data_window_8" [firmware/nnet_utils/nnet_pooling_stream.h:222->firmware/nnet_utils/nnet_pooling_stream.h:308]   --->   Operation 137 'write' 'write_ln222' <Predicate = (icmp_ln306)> <Delay = 0.00>
ST_2 : Operation 138 [1/1] (0.00ns)   --->   "%write_ln222 = write void @_ssdm_op_Write.ap_auto.i16P0A, i16 %data_window_9_out, i16 %data_window_9" [firmware/nnet_utils/nnet_pooling_stream.h:222->firmware/nnet_utils/nnet_pooling_stream.h:308]   --->   Operation 138 'write' 'write_ln222' <Predicate = (icmp_ln306)> <Delay = 0.00>
ST_2 : Operation 139 [1/1] (0.00ns)   --->   "%write_ln222 = write void @_ssdm_op_Write.ap_auto.i16P0A, i16 %data_window_10_out, i16 %data_window_10" [firmware/nnet_utils/nnet_pooling_stream.h:222->firmware/nnet_utils/nnet_pooling_stream.h:308]   --->   Operation 139 'write' 'write_ln222' <Predicate = (icmp_ln306)> <Delay = 0.00>
ST_2 : Operation 140 [1/1] (0.00ns)   --->   "%write_ln222 = write void @_ssdm_op_Write.ap_auto.i16P0A, i16 %data_window_11_out, i16 %data_window_11" [firmware/nnet_utils/nnet_pooling_stream.h:222->firmware/nnet_utils/nnet_pooling_stream.h:308]   --->   Operation 140 'write' 'write_ln222' <Predicate = (icmp_ln306)> <Delay = 0.00>
ST_2 : Operation 141 [1/1] (0.00ns)   --->   "%write_ln222 = write void @_ssdm_op_Write.ap_auto.i16P0A, i16 %data_window_12_out, i16 %data_window_12" [firmware/nnet_utils/nnet_pooling_stream.h:222->firmware/nnet_utils/nnet_pooling_stream.h:308]   --->   Operation 141 'write' 'write_ln222' <Predicate = (icmp_ln306)> <Delay = 0.00>
ST_2 : Operation 142 [1/1] (0.00ns)   --->   "%write_ln222 = write void @_ssdm_op_Write.ap_auto.i16P0A, i16 %data_window_13_out, i16 %data_window_13" [firmware/nnet_utils/nnet_pooling_stream.h:222->firmware/nnet_utils/nnet_pooling_stream.h:308]   --->   Operation 142 'write' 'write_ln222' <Predicate = (icmp_ln306)> <Delay = 0.00>
ST_2 : Operation 143 [1/1] (0.00ns)   --->   "%write_ln222 = write void @_ssdm_op_Write.ap_auto.i16P0A, i16 %data_window_14_out, i16 %data_window_14" [firmware/nnet_utils/nnet_pooling_stream.h:222->firmware/nnet_utils/nnet_pooling_stream.h:308]   --->   Operation 143 'write' 'write_ln222' <Predicate = (icmp_ln306)> <Delay = 0.00>
ST_2 : Operation 144 [1/1] (0.00ns)   --->   "%write_ln222 = write void @_ssdm_op_Write.ap_auto.i16P0A, i16 %data_window_15_out, i16 %data_window_15" [firmware/nnet_utils/nnet_pooling_stream.h:222->firmware/nnet_utils/nnet_pooling_stream.h:308]   --->   Operation 144 'write' 'write_ln222' <Predicate = (icmp_ln306)> <Delay = 0.00>
ST_2 : Operation 145 [1/1] (0.38ns)   --->   "%ret_ln0 = ret"   --->   Operation 145 'ret' 'ret_ln0' <Predicate = (icmp_ln306)> <Delay = 0.38>


============================================================
+ Verbose Summary: Timing violations
============================================================
Target clock period: 5.000ns, clock uncertainty: 1.350ns.

 <State 1>: 0.387ns
The critical path consists of the following:
	'alloca' operation 7 bit ('i_iw33') [34]  (0.000 ns)
	'store' operation 0 bit ('store_ln0') of constant 0 on local variable 'i_iw33' [36]  (0.387 ns)

 <State 2>: 2.555ns
The critical path consists of the following:
	fifo read operation ('layer4_out_read', firmware/nnet_utils/nnet_pooling_stream.h:308) on port 'layer4_out' (firmware/nnet_utils/nnet_pooling_stream.h:308) [75]  (1.140 ns)
	'icmp' operation 1 bit ('icmp_ln200', firmware/nnet_utils/nnet_pooling_stream.h:200->firmware/nnet_utils/nnet_pooling_stream.h:222->firmware/nnet_utils/nnet_pooling_stream.h:308) [92]  (0.785 ns)
	'select' operation 16 bit ('data_window', firmware/nnet_utils/nnet_pooling_stream.h:222->firmware/nnet_utils/nnet_pooling_stream.h:308) [93]  (0.243 ns)
	'store' operation 0 bit ('store_ln222', firmware/nnet_utils/nnet_pooling_stream.h:222->firmware/nnet_utils/nnet_pooling_stream.h:308) of variable 'data_window', firmware/nnet_utils/nnet_pooling_stream.h:222->firmware/nnet_utils/nnet_pooling_stream.h:308 on local variable 'x_assign32' [127]  (0.387 ns)


============================================================
+ Verbose Summary: Binding
============================================================
N/A
* FSMD analyzer results:
  - Output states:
 - Input state : 
  - Chain level:
	State 1
	State 2


============================================================
+ Verbose Summary: Datapath Resource usage 
============================================================
N/A
