

================================================================
== Vitis HLS Report for 'softmax_stable_ap_fixed_ap_fixed_16_6_5_3_0_softmax_config7_s'
================================================================
* Date:           Wed Mar 11 15:01:53 2026

* Version:        2024.1 (Build 5069499 on May 21 2024)
* Project:        myproject_prj
* Solution:       solution1 (Vivado IP Flow Target)
* Product family: virtexuplus
* Target device:  xcu250-figd2104-2L-e


================================================================
== Performance Estimates
================================================================
+ Timing: 
    * Summary: 
    +--------+---------+----------+------------+
    |  Clock |  Target | Estimated| Uncertainty|
    +--------+---------+----------+------------+
    |ap_clk  |  5.00 ns|  3.272 ns|     1.35 ns|
    +--------+---------+----------+------------+

+ Latency: 
    * Summary: 
    +---------+---------+-----------+-----------+-----+-----+---------+
    |  Latency (cycles) |   Latency (absolute)  |  Interval | Pipeline|
    |   min   |   max   |    min    |    max    | min | max |   Type  |
    +---------+---------+-----------+-----------+-----+-----+---------+
    |        4|        4|  20.000 ns|  20.000 ns|    1|    1|      yes|
    +---------+---------+-----------+-----------+-----+-----+---------+

    + Detail: 
        * Instance: 
        N/A

        * Loop: 
        N/A

============================================================
+ Verbose Summary: Synthesis Manager
============================================================
InlineROM: 1
ExposeGlobal: 0
============================================================
+ Verbose Summary: CDFG Model
============================================================
IsTopModel: 0
ResetActiveHigh: 1
IsCombinational: 2
IsDatapathOnly: 0
HasWiredReturn: 1
HasMFsm: 2
HasVarLatency: 0
IsPipeline: 1
IsRtlPipelined: 1
IsInstanceOverlapped: 0
IsDontTouch: 0
HasImplIP: 0
IsGatedGlobalClock: 0

+ Individual pipeline summary: 
  * Pipeline-0: initiation interval (II) = 1, depth = 5


============================================================
+ Verbose Summary: Schedule
============================================================
* Number of FSM states : 5
* Pipeline : 1
  Pipeline-0 : II = 1, D = 5, States = { 1 2 3 4 5 }
* Dataflow Pipeline: 0

* FSM state transitions: 
1 --> 2 
2 --> 3 
3 --> 4 
4 --> 5 
5 --> 

* FSM state operations: 

State 1 <SV = 0> <Delay = 3.24>
ST_1 : Operation 6 [1/1] (1.42ns)   --->   "%p_read_1 = read i16 @_ssdm_op_Read.ap_auto.i16, i16 %p_read5" [firmware/nnet_utils/nnet_activation.h:220]   --->   Operation 6 'read' 'p_read_1' <Predicate = true> <Delay = 1.42> <CoreInst = "FIFO_SRL">   --->   Core 80 'FIFO_SRL' <Latency = 0> <II = 1> <Delay = 1.42> <Storage> <Opcode : 'read' 'write' 'nbread' 'nbwrite'> <Ports = 0> <Width = -1> <Depth = -1> <FIFO>
ST_1 : Operation 7 [1/1] (1.42ns)   --->   "%p_read_2 = read i16 @_ssdm_op_Read.ap_auto.i16, i16 %p_read4" [firmware/nnet_utils/nnet_activation.h:220]   --->   Operation 7 'read' 'p_read_2' <Predicate = true> <Delay = 1.42> <CoreInst = "FIFO_SRL">   --->   Core 80 'FIFO_SRL' <Latency = 0> <II = 1> <Delay = 1.42> <Storage> <Opcode : 'read' 'write' 'nbread' 'nbwrite'> <Ports = 0> <Width = -1> <Depth = -1> <FIFO>
ST_1 : Operation 8 [1/1] (1.42ns)   --->   "%p_read_3 = read i16 @_ssdm_op_Read.ap_auto.i16, i16 %p_read3" [firmware/nnet_utils/nnet_activation.h:220]   --->   Operation 8 'read' 'p_read_3' <Predicate = true> <Delay = 1.42> <CoreInst = "FIFO_SRL">   --->   Core 80 'FIFO_SRL' <Latency = 0> <II = 1> <Delay = 1.42> <Storage> <Opcode : 'read' 'write' 'nbread' 'nbwrite'> <Ports = 0> <Width = -1> <Depth = -1> <FIFO>
ST_1 : Operation 9 [1/1] (1.42ns)   --->   "%p_read_4 = read i16 @_ssdm_op_Read.ap_auto.i16, i16 %p_read2" [firmware/nnet_utils/nnet_activation.h:220]   --->   Operation 9 'read' 'p_read_4' <Predicate = true> <Delay = 1.42> <CoreInst = "FIFO_SRL">   --->   Core 80 'FIFO_SRL' <Latency = 0> <II = 1> <Delay = 1.42> <Storage> <Opcode : 'read' 'write' 'nbread' 'nbwrite'> <Ports = 0> <Width = -1> <Depth = -1> <FIFO>
ST_1 : Operation 10 [1/1] (1.42ns)   --->   "%p_read_5 = read i16 @_ssdm_op_Read.ap_auto.i16, i16 %p_read1" [firmware/nnet_utils/nnet_activation.h:220]   --->   Operation 10 'read' 'p_read_5' <Predicate = true> <Delay = 1.42> <CoreInst = "FIFO_SRL">   --->   Core 80 'FIFO_SRL' <Latency = 0> <II = 1> <Delay = 1.42> <Storage> <Opcode : 'read' 'write' 'nbread' 'nbwrite'> <Ports = 0> <Width = -1> <Depth = -1> <FIFO>
ST_1 : Operation 11 [1/1] (1.42ns)   --->   "%p_read55 = read i16 @_ssdm_op_Read.ap_auto.i16, i16 %p_read" [firmware/nnet_utils/nnet_activation.h:220]   --->   Operation 11 'read' 'p_read55' <Predicate = true> <Delay = 1.42> <CoreInst = "FIFO_SRL">   --->   Core 80 'FIFO_SRL' <Latency = 0> <II = 1> <Delay = 1.42> <Storage> <Opcode : 'read' 'write' 'nbread' 'nbwrite'> <Ports = 0> <Width = -1> <Depth = -1> <FIFO>
ST_1 : Operation 12 [1/1] (0.78ns)   --->   "%icmp_ln66 = icmp_slt  i16 %p_read55, i16 %p_read_5" [firmware/nnet_utils/nnet_common.h:66->firmware/nnet_utils/nnet_common.h:44->firmware/nnet_utils/nnet_common.h:46->firmware/nnet_utils/nnet_common.h:46->firmware/nnet_utils/nnet_activation.h:243]   --->   Operation 12 'icmp' 'icmp_ln66' <Predicate = true> <Delay = 0.78> <CoreInst = "Cmp">   --->   Core 9 'Cmp' <Latency = 0> <II = 1> <Delay = 0.78> <FuncUnit> <Opcode : 'seteq' 'setne' 'setle' 'setge' 'setlt' 'setgt'> <InPorts = 2> <OutPorts = 1>
ST_1 : Operation 13 [1/1] (0.00ns) (grouped into LUT with out node select_ln66)   --->   "%xor_ln66 = xor i1 %icmp_ln66, i1 1" [firmware/nnet_utils/nnet_common.h:66->firmware/nnet_utils/nnet_common.h:44->firmware/nnet_utils/nnet_common.h:46->firmware/nnet_utils/nnet_common.h:46->firmware/nnet_utils/nnet_activation.h:243]   --->   Operation 13 'xor' 'xor_ln66' <Predicate = true> <Delay = 0.00> <CoreInst = "LogicGate">   --->   Core 74 'LogicGate' <Latency = 0> <II = 1> <Delay = 0.12> <FuncUnit> <Opcode : 'and' 'or' 'xor'> <InPorts = 2> <OutPorts = 1>
ST_1 : Operation 14 [1/1] (0.24ns) (out node of the LUT)   --->   "%select_ln66 = select i1 %xor_ln66, i16 %p_read55, i16 %p_read_5" [firmware/nnet_utils/nnet_common.h:66->firmware/nnet_utils/nnet_common.h:44->firmware/nnet_utils/nnet_common.h:46->firmware/nnet_utils/nnet_common.h:46->firmware/nnet_utils/nnet_activation.h:243]   --->   Operation 14 'select' 'select_ln66' <Predicate = true> <Delay = 0.24> <CoreInst = "Sel">   --->   Core 73 'Sel' <Latency = 0> <II = 1> <Delay = 0.24> <FuncUnit> <Opcode : 'select'> <InPorts = 3> <OutPorts = 1>
ST_1 : Operation 15 [1/1] (0.78ns)   --->   "%icmp_ln66_1 = icmp_slt  i16 %p_read_4, i16 %p_read_3" [firmware/nnet_utils/nnet_common.h:66->firmware/nnet_utils/nnet_common.h:44->firmware/nnet_utils/nnet_common.h:46->firmware/nnet_utils/nnet_common.h:46->firmware/nnet_utils/nnet_activation.h:243]   --->   Operation 15 'icmp' 'icmp_ln66_1' <Predicate = true> <Delay = 0.78> <CoreInst = "Cmp">   --->   Core 9 'Cmp' <Latency = 0> <II = 1> <Delay = 0.78> <FuncUnit> <Opcode : 'seteq' 'setne' 'setle' 'setge' 'setlt' 'setgt'> <InPorts = 2> <OutPorts = 1>
ST_1 : Operation 16 [1/1] (0.00ns) (grouped into LUT with out node select_ln66_1)   --->   "%xor_ln66_1 = xor i1 %icmp_ln66_1, i1 1" [firmware/nnet_utils/nnet_common.h:66->firmware/nnet_utils/nnet_common.h:44->firmware/nnet_utils/nnet_common.h:46->firmware/nnet_utils/nnet_common.h:46->firmware/nnet_utils/nnet_activation.h:243]   --->   Operation 16 'xor' 'xor_ln66_1' <Predicate = true> <Delay = 0.00> <CoreInst = "LogicGate">   --->   Core 74 'LogicGate' <Latency = 0> <II = 1> <Delay = 0.12> <FuncUnit> <Opcode : 'and' 'or' 'xor'> <InPorts = 2> <OutPorts = 1>
ST_1 : Operation 17 [1/1] (0.24ns) (out node of the LUT)   --->   "%select_ln66_1 = select i1 %xor_ln66_1, i16 %p_read_4, i16 %p_read_3" [firmware/nnet_utils/nnet_common.h:66->firmware/nnet_utils/nnet_common.h:44->firmware/nnet_utils/nnet_common.h:46->firmware/nnet_utils/nnet_common.h:46->firmware/nnet_utils/nnet_activation.h:243]   --->   Operation 17 'select' 'select_ln66_1' <Predicate = true> <Delay = 0.24> <CoreInst = "Sel">   --->   Core 73 'Sel' <Latency = 0> <II = 1> <Delay = 0.24> <FuncUnit> <Opcode : 'select'> <InPorts = 3> <OutPorts = 1>
ST_1 : Operation 18 [1/1] (0.78ns)   --->   "%icmp_ln66_2 = icmp_slt  i16 %select_ln66, i16 %select_ln66_1" [firmware/nnet_utils/nnet_common.h:66->firmware/nnet_utils/nnet_common.h:46->firmware/nnet_utils/nnet_common.h:46->firmware/nnet_utils/nnet_activation.h:243]   --->   Operation 18 'icmp' 'icmp_ln66_2' <Predicate = true> <Delay = 0.78> <CoreInst = "Cmp">   --->   Core 9 'Cmp' <Latency = 0> <II = 1> <Delay = 0.78> <FuncUnit> <Opcode : 'seteq' 'setne' 'setle' 'setge' 'setlt' 'setgt'> <InPorts = 2> <OutPorts = 1>
ST_1 : Operation 19 [1/1] (0.78ns)   --->   "%icmp_ln66_3 = icmp_slt  i16 %p_read_2, i16 %p_read_1" [firmware/nnet_utils/nnet_common.h:66->firmware/nnet_utils/nnet_common.h:44->firmware/nnet_utils/nnet_common.h:46->firmware/nnet_utils/nnet_activation.h:243]   --->   Operation 19 'icmp' 'icmp_ln66_3' <Predicate = true> <Delay = 0.78> <CoreInst = "Cmp">   --->   Core 9 'Cmp' <Latency = 0> <II = 1> <Delay = 0.78> <FuncUnit> <Opcode : 'seteq' 'setne' 'setle' 'setge' 'setlt' 'setgt'> <InPorts = 2> <OutPorts = 1>
ST_1 : Operation 20 [1/1] (0.00ns)   --->   "%trunc_ln248 = trunc i16 %p_read55" [firmware/nnet_utils/nnet_activation.h:248]   --->   Operation 20 'trunc' 'trunc_ln248' <Predicate = true> <Delay = 0.00>
ST_1 : Operation 21 [1/1] (0.00ns)   --->   "%trunc_ln248_1 = trunc i16 %p_read_5" [firmware/nnet_utils/nnet_activation.h:248]   --->   Operation 21 'trunc' 'trunc_ln248_1' <Predicate = true> <Delay = 0.00>
ST_1 : Operation 22 [1/1] (0.00ns)   --->   "%trunc_ln248_2 = trunc i16 %p_read_4" [firmware/nnet_utils/nnet_activation.h:248]   --->   Operation 22 'trunc' 'trunc_ln248_2' <Predicate = true> <Delay = 0.00>
ST_1 : Operation 23 [1/1] (0.00ns)   --->   "%trunc_ln248_3 = trunc i16 %p_read_3" [firmware/nnet_utils/nnet_activation.h:248]   --->   Operation 23 'trunc' 'trunc_ln248_3' <Predicate = true> <Delay = 0.00>
ST_1 : Operation 24 [1/1] (0.00ns)   --->   "%trunc_ln248_4 = trunc i16 %p_read_2" [firmware/nnet_utils/nnet_activation.h:248]   --->   Operation 24 'trunc' 'trunc_ln248_4' <Predicate = true> <Delay = 0.00>
ST_1 : Operation 25 [1/1] (0.00ns)   --->   "%trunc_ln248_5 = trunc i16 %p_read_1" [firmware/nnet_utils/nnet_activation.h:248]   --->   Operation 25 'trunc' 'trunc_ln248_5' <Predicate = true> <Delay = 0.00>

State 2 <SV = 1> <Delay = 3.27>
ST_2 : Operation 26 [1/1] (0.00ns) (grouped into LUT with out node select_ln66_2)   --->   "%xor_ln66_2 = xor i1 %icmp_ln66_2, i1 1" [firmware/nnet_utils/nnet_common.h:66->firmware/nnet_utils/nnet_common.h:46->firmware/nnet_utils/nnet_common.h:46->firmware/nnet_utils/nnet_activation.h:243]   --->   Operation 26 'xor' 'xor_ln66_2' <Predicate = true> <Delay = 0.00> <CoreInst = "LogicGate">   --->   Core 74 'LogicGate' <Latency = 0> <II = 1> <Delay = 0.12> <FuncUnit> <Opcode : 'and' 'or' 'xor'> <InPorts = 2> <OutPorts = 1>
ST_2 : Operation 27 [1/1] (0.24ns) (out node of the LUT)   --->   "%select_ln66_2 = select i1 %xor_ln66_2, i16 %select_ln66, i16 %select_ln66_1" [firmware/nnet_utils/nnet_common.h:66->firmware/nnet_utils/nnet_common.h:46->firmware/nnet_utils/nnet_common.h:46->firmware/nnet_utils/nnet_activation.h:243]   --->   Operation 27 'select' 'select_ln66_2' <Predicate = true> <Delay = 0.24> <CoreInst = "Sel">   --->   Core 73 'Sel' <Latency = 0> <II = 1> <Delay = 0.24> <FuncUnit> <Opcode : 'select'> <InPorts = 3> <OutPorts = 1>
ST_2 : Operation 28 [1/1] (0.00ns) (grouped into LUT with out node select_ln66_3)   --->   "%xor_ln66_3 = xor i1 %icmp_ln66_3, i1 1" [firmware/nnet_utils/nnet_common.h:66->firmware/nnet_utils/nnet_common.h:44->firmware/nnet_utils/nnet_common.h:46->firmware/nnet_utils/nnet_activation.h:243]   --->   Operation 28 'xor' 'xor_ln66_3' <Predicate = true> <Delay = 0.00> <CoreInst = "LogicGate">   --->   Core 74 'LogicGate' <Latency = 0> <II = 1> <Delay = 0.12> <FuncUnit> <Opcode : 'and' 'or' 'xor'> <InPorts = 2> <OutPorts = 1>
ST_2 : Operation 29 [1/1] (0.24ns) (out node of the LUT)   --->   "%select_ln66_3 = select i1 %xor_ln66_3, i16 %p_read_2, i16 %p_read_1" [firmware/nnet_utils/nnet_common.h:66->firmware/nnet_utils/nnet_common.h:44->firmware/nnet_utils/nnet_common.h:46->firmware/nnet_utils/nnet_activation.h:243]   --->   Operation 29 'select' 'select_ln66_3' <Predicate = true> <Delay = 0.24> <CoreInst = "Sel">   --->   Core 73 'Sel' <Latency = 0> <II = 1> <Delay = 0.24> <FuncUnit> <Opcode : 'select'> <InPorts = 3> <OutPorts = 1>
ST_2 : Operation 30 [1/1] (0.78ns)   --->   "%icmp_ln66_4 = icmp_slt  i16 %select_ln66_2, i16 %select_ln66_3" [firmware/nnet_utils/nnet_common.h:66->firmware/nnet_utils/nnet_common.h:46->firmware/nnet_utils/nnet_activation.h:243]   --->   Operation 30 'icmp' 'icmp_ln66_4' <Predicate = true> <Delay = 0.78> <CoreInst = "Cmp">   --->   Core 9 'Cmp' <Latency = 0> <II = 1> <Delay = 0.78> <FuncUnit> <Opcode : 'seteq' 'setne' 'setle' 'setge' 'setlt' 'setgt'> <InPorts = 2> <OutPorts = 1>
ST_2 : Operation 31 [1/1] (0.00ns) (grouped into LUT with out node select_ln66_4)   --->   "%xor_ln66_4 = xor i1 %icmp_ln66_4, i1 1" [firmware/nnet_utils/nnet_common.h:66->firmware/nnet_utils/nnet_common.h:46->firmware/nnet_utils/nnet_activation.h:243]   --->   Operation 31 'xor' 'xor_ln66_4' <Predicate = true> <Delay = 0.00> <CoreInst = "LogicGate">   --->   Core 74 'LogicGate' <Latency = 0> <II = 1> <Delay = 0.12> <FuncUnit> <Opcode : 'and' 'or' 'xor'> <InPorts = 2> <OutPorts = 1>
ST_2 : Operation 32 [1/1] (0.00ns) (grouped into LUT with out node select_ln66_4)   --->   "%trunc_ln66 = trunc i16 %select_ln66_2" [firmware/nnet_utils/nnet_common.h:66->firmware/nnet_utils/nnet_common.h:46->firmware/nnet_utils/nnet_activation.h:243]   --->   Operation 32 'trunc' 'trunc_ln66' <Predicate = true> <Delay = 0.00>
ST_2 : Operation 33 [1/1] (0.00ns) (grouped into LUT with out node select_ln66_4)   --->   "%trunc_ln66_1 = trunc i16 %select_ln66_3" [firmware/nnet_utils/nnet_common.h:66->firmware/nnet_utils/nnet_common.h:46->firmware/nnet_utils/nnet_activation.h:243]   --->   Operation 33 'trunc' 'trunc_ln66_1' <Predicate = true> <Delay = 0.00>
ST_2 : Operation 34 [1/1] (0.29ns) (out node of the LUT)   --->   "%select_ln66_4 = select i1 %xor_ln66_4, i15 %trunc_ln66, i15 %trunc_ln66_1" [firmware/nnet_utils/nnet_common.h:66->firmware/nnet_utils/nnet_common.h:46->firmware/nnet_utils/nnet_activation.h:243]   --->   Operation 34 'select' 'select_ln66_4' <Predicate = true> <Delay = 0.29> <CoreInst = "Sel">   --->   Core 73 'Sel' <Latency = 0> <II = 1> <Delay = 0.29> <FuncUnit> <Opcode : 'select'> <InPorts = 3> <OutPorts = 1>
ST_2 : Operation 35 [1/1] (0.77ns)   --->   "%d_xi_xmax = sub i15 %select_ln66_4, i15 %trunc_ln248" [firmware/nnet_utils/nnet_activation.h:248]   --->   Operation 35 'sub' 'd_xi_xmax' <Predicate = true> <Delay = 0.77> <CoreInst = "Adder">   --->   Core 1 'Adder' <Latency = 0> <II = 1> <Delay = 0.77> <FuncUnit> <Opcode : 'add' 'sub'> <InPorts = 2> <OutPorts = 1>
ST_2 : Operation 36 [1/1] (0.77ns)   --->   "%d_xi_xmax_1 = sub i15 %select_ln66_4, i15 %trunc_ln248_1" [firmware/nnet_utils/nnet_activation.h:248]   --->   Operation 36 'sub' 'd_xi_xmax_1' <Predicate = true> <Delay = 0.77> <CoreInst = "Adder">   --->   Core 1 'Adder' <Latency = 0> <II = 1> <Delay = 0.77> <FuncUnit> <Opcode : 'add' 'sub'> <InPorts = 2> <OutPorts = 1>
ST_2 : Operation 37 [1/1] (0.77ns)   --->   "%d_xi_xmax_2 = sub i15 %select_ln66_4, i15 %trunc_ln248_2" [firmware/nnet_utils/nnet_activation.h:248]   --->   Operation 37 'sub' 'd_xi_xmax_2' <Predicate = true> <Delay = 0.77> <CoreInst = "Adder">   --->   Core 1 'Adder' <Latency = 0> <II = 1> <Delay = 0.77> <FuncUnit> <Opcode : 'add' 'sub'> <InPorts = 2> <OutPorts = 1>
ST_2 : Operation 38 [1/1] (0.77ns)   --->   "%d_xi_xmax_3 = sub i15 %select_ln66_4, i15 %trunc_ln248_3" [firmware/nnet_utils/nnet_activation.h:248]   --->   Operation 38 'sub' 'd_xi_xmax_3' <Predicate = true> <Delay = 0.77> <CoreInst = "Adder">   --->   Core 1 'Adder' <Latency = 0> <II = 1> <Delay = 0.77> <FuncUnit> <Opcode : 'add' 'sub'> <InPorts = 2> <OutPorts = 1>
ST_2 : Operation 39 [1/1] (0.77ns)   --->   "%d_xi_xmax_4 = sub i15 %select_ln66_4, i15 %trunc_ln248_4" [firmware/nnet_utils/nnet_activation.h:248]   --->   Operation 39 'sub' 'd_xi_xmax_4' <Predicate = true> <Delay = 0.77> <CoreInst = "Adder">   --->   Core 1 'Adder' <Latency = 0> <II = 1> <Delay = 0.77> <FuncUnit> <Opcode : 'add' 'sub'> <InPorts = 2> <OutPorts = 1>
ST_2 : Operation 40 [1/1] (0.77ns)   --->   "%d_xi_xmax_5 = sub i15 %select_ln66_4, i15 %trunc_ln248_5" [firmware/nnet_utils/nnet_activation.h:248]   --->   Operation 40 'sub' 'd_xi_xmax_5' <Predicate = true> <Delay = 0.77> <CoreInst = "Adder">   --->   Core 1 'Adder' <Latency = 0> <II = 1> <Delay = 0.77> <FuncUnit> <Opcode : 'add' 'sub'> <InPorts = 2> <OutPorts = 1>
ST_2 : Operation 41 [1/1] (0.00ns)   --->   "%tmp = partselect i10 @_ssdm_op_PartSelect.i10.i15.i32.i32, i15 %d_xi_xmax, i32 5, i32 14" [firmware/nnet_utils/nnet_activation.h:145->firmware/nnet_utils/nnet_activation.h:257]   --->   Operation 41 'partselect' 'tmp' <Predicate = true> <Delay = 0.00>
ST_2 : Operation 42 [1/1] (0.00ns)   --->   "%zext_ln258 = zext i10 %tmp" [firmware/nnet_utils/nnet_activation.h:258]   --->   Operation 42 'zext' 'zext_ln258' <Predicate = true> <Delay = 0.00>
ST_2 : Operation 43 [1/1] (0.00ns)   --->   "%exp_table_addr = getelementptr i11 %exp_table, i64 0, i64 %zext_ln258" [firmware/nnet_utils/nnet_activation.h:258]   --->   Operation 43 'getelementptr' 'exp_table_addr' <Predicate = true> <Delay = 0.00>
ST_2 : Operation 44 [2/2] (1.17ns)   --->   "%exp_table_load = load i10 %exp_table_addr" [firmware/nnet_utils/nnet_activation.h:258]   --->   Operation 44 'load' 'exp_table_load' <Predicate = true> <Delay = 1.17> <CoreInst = "ROM">   --->   Core 100 'ROM' <Latency = 1> <II = 1> <Delay = 1.17> <Storage> <Opcode : 'load'> <Ports = 0> <Width = 11> <Depth = 1024> <ROM>
ST_2 : Operation 45 [1/1] (0.00ns)   --->   "%tmp_2 = partselect i10 @_ssdm_op_PartSelect.i10.i15.i32.i32, i15 %d_xi_xmax_1, i32 5, i32 14" [firmware/nnet_utils/nnet_activation.h:145->firmware/nnet_utils/nnet_activation.h:257]   --->   Operation 45 'partselect' 'tmp_2' <Predicate = true> <Delay = 0.00>
ST_2 : Operation 46 [1/1] (0.00ns)   --->   "%zext_ln258_1 = zext i10 %tmp_2" [firmware/nnet_utils/nnet_activation.h:258]   --->   Operation 46 'zext' 'zext_ln258_1' <Predicate = true> <Delay = 0.00>
ST_2 : Operation 47 [1/1] (0.00ns)   --->   "%exp_table_addr_1 = getelementptr i11 %exp_table, i64 0, i64 %zext_ln258_1" [firmware/nnet_utils/nnet_activation.h:258]   --->   Operation 47 'getelementptr' 'exp_table_addr_1' <Predicate = true> <Delay = 0.00>
ST_2 : Operation 48 [2/2] (1.17ns)   --->   "%exp_table_load_1 = load i10 %exp_table_addr_1" [firmware/nnet_utils/nnet_activation.h:258]   --->   Operation 48 'load' 'exp_table_load_1' <Predicate = true> <Delay = 1.17> <CoreInst = "ROM">   --->   Core 100 'ROM' <Latency = 1> <II = 1> <Delay = 1.17> <Storage> <Opcode : 'load'> <Ports = 0> <Width = 11> <Depth = 1024> <ROM>
ST_2 : Operation 49 [1/1] (0.00ns)   --->   "%tmp_4 = partselect i10 @_ssdm_op_PartSelect.i10.i15.i32.i32, i15 %d_xi_xmax_2, i32 5, i32 14" [firmware/nnet_utils/nnet_activation.h:145->firmware/nnet_utils/nnet_activation.h:257]   --->   Operation 49 'partselect' 'tmp_4' <Predicate = true> <Delay = 0.00>
ST_2 : Operation 50 [1/1] (0.00ns)   --->   "%zext_ln258_2 = zext i10 %tmp_4" [firmware/nnet_utils/nnet_activation.h:258]   --->   Operation 50 'zext' 'zext_ln258_2' <Predicate = true> <Delay = 0.00>
ST_2 : Operation 51 [1/1] (0.00ns)   --->   "%exp_table_addr_2 = getelementptr i11 %exp_table, i64 0, i64 %zext_ln258_2" [firmware/nnet_utils/nnet_activation.h:258]   --->   Operation 51 'getelementptr' 'exp_table_addr_2' <Predicate = true> <Delay = 0.00>
ST_2 : Operation 52 [2/2] (1.17ns)   --->   "%exp_table_load_2 = load i10 %exp_table_addr_2" [firmware/nnet_utils/nnet_activation.h:258]   --->   Operation 52 'load' 'exp_table_load_2' <Predicate = true> <Delay = 1.17> <CoreInst = "ROM">   --->   Core 100 'ROM' <Latency = 1> <II = 1> <Delay = 1.17> <Storage> <Opcode : 'load'> <Ports = 0> <Width = 11> <Depth = 1024> <ROM>
ST_2 : Operation 53 [1/1] (0.00ns)   --->   "%tmp_6 = partselect i10 @_ssdm_op_PartSelect.i10.i15.i32.i32, i15 %d_xi_xmax_3, i32 5, i32 14" [firmware/nnet_utils/nnet_activation.h:145->firmware/nnet_utils/nnet_activation.h:257]   --->   Operation 53 'partselect' 'tmp_6' <Predicate = true> <Delay = 0.00>
ST_2 : Operation 54 [1/1] (0.00ns)   --->   "%tmp_8 = partselect i10 @_ssdm_op_PartSelect.i10.i15.i32.i32, i15 %d_xi_xmax_4, i32 5, i32 14" [firmware/nnet_utils/nnet_activation.h:145->firmware/nnet_utils/nnet_activation.h:257]   --->   Operation 54 'partselect' 'tmp_8' <Predicate = true> <Delay = 0.00>
ST_2 : Operation 55 [1/1] (0.00ns)   --->   "%zext_ln258_4 = zext i10 %tmp_8" [firmware/nnet_utils/nnet_activation.h:258]   --->   Operation 55 'zext' 'zext_ln258_4' <Predicate = true> <Delay = 0.00>
ST_2 : Operation 56 [1/1] (0.00ns)   --->   "%exp_table_addr_4 = getelementptr i11 %exp_table, i64 0, i64 %zext_ln258_4" [firmware/nnet_utils/nnet_activation.h:258]   --->   Operation 56 'getelementptr' 'exp_table_addr_4' <Predicate = true> <Delay = 0.00>
ST_2 : Operation 57 [2/2] (1.17ns)   --->   "%exp_table_load_4 = load i10 %exp_table_addr_4" [firmware/nnet_utils/nnet_activation.h:258]   --->   Operation 57 'load' 'exp_table_load_4' <Predicate = true> <Delay = 1.17> <CoreInst = "ROM">   --->   Core 100 'ROM' <Latency = 1> <II = 1> <Delay = 1.17> <Storage> <Opcode : 'load'> <Ports = 0> <Width = 11> <Depth = 1024> <ROM>
ST_2 : Operation 58 [1/1] (0.00ns)   --->   "%tmp_s = partselect i10 @_ssdm_op_PartSelect.i10.i15.i32.i32, i15 %d_xi_xmax_5, i32 5, i32 14" [firmware/nnet_utils/nnet_activation.h:145->firmware/nnet_utils/nnet_activation.h:257]   --->   Operation 58 'partselect' 'tmp_s' <Predicate = true> <Delay = 0.00>
ST_2 : Operation 59 [1/1] (0.00ns)   --->   "%zext_ln258_5 = zext i10 %tmp_s" [firmware/nnet_utils/nnet_activation.h:258]   --->   Operation 59 'zext' 'zext_ln258_5' <Predicate = true> <Delay = 0.00>
ST_2 : Operation 60 [1/1] (0.00ns)   --->   "%exp_table_addr_5 = getelementptr i11 %exp_table, i64 0, i64 %zext_ln258_5" [firmware/nnet_utils/nnet_activation.h:258]   --->   Operation 60 'getelementptr' 'exp_table_addr_5' <Predicate = true> <Delay = 0.00>
ST_2 : Operation 61 [2/2] (1.17ns)   --->   "%exp_table_load_5 = load i10 %exp_table_addr_5" [firmware/nnet_utils/nnet_activation.h:258]   --->   Operation 61 'load' 'exp_table_load_5' <Predicate = true> <Delay = 1.17> <CoreInst = "ROM">   --->   Core 100 'ROM' <Latency = 1> <II = 1> <Delay = 1.17> <Storage> <Opcode : 'load'> <Ports = 0> <Width = 11> <Depth = 1024> <ROM>

State 3 <SV = 2> <Delay = 1.17>
ST_3 : Operation 62 [1/2] (1.17ns)   --->   "%exp_table_load = load i10 %exp_table_addr" [firmware/nnet_utils/nnet_activation.h:258]   --->   Operation 62 'load' 'exp_table_load' <Predicate = true> <Delay = 1.17> <CoreInst = "ROM">   --->   Core 100 'ROM' <Latency = 1> <II = 1> <Delay = 1.17> <Storage> <Opcode : 'load'> <Ports = 0> <Width = 11> <Depth = 1024> <ROM>
ST_3 : Operation 63 [1/2] (1.17ns)   --->   "%exp_table_load_1 = load i10 %exp_table_addr_1" [firmware/nnet_utils/nnet_activation.h:258]   --->   Operation 63 'load' 'exp_table_load_1' <Predicate = true> <Delay = 1.17> <CoreInst = "ROM">   --->   Core 100 'ROM' <Latency = 1> <II = 1> <Delay = 1.17> <Storage> <Opcode : 'load'> <Ports = 0> <Width = 11> <Depth = 1024> <ROM>
ST_3 : Operation 64 [1/2] (1.17ns)   --->   "%exp_table_load_2 = load i10 %exp_table_addr_2" [firmware/nnet_utils/nnet_activation.h:258]   --->   Operation 64 'load' 'exp_table_load_2' <Predicate = true> <Delay = 1.17> <CoreInst = "ROM">   --->   Core 100 'ROM' <Latency = 1> <II = 1> <Delay = 1.17> <Storage> <Opcode : 'load'> <Ports = 0> <Width = 11> <Depth = 1024> <ROM>
ST_3 : Operation 65 [1/1] (0.00ns)   --->   "%zext_ln258_3 = zext i10 %tmp_6" [firmware/nnet_utils/nnet_activation.h:258]   --->   Operation 65 'zext' 'zext_ln258_3' <Predicate = true> <Delay = 0.00>
ST_3 : Operation 66 [1/1] (0.00ns)   --->   "%exp_table_addr_3 = getelementptr i11 %exp_table, i64 0, i64 %zext_ln258_3" [firmware/nnet_utils/nnet_activation.h:258]   --->   Operation 66 'getelementptr' 'exp_table_addr_3' <Predicate = true> <Delay = 0.00>
ST_3 : Operation 67 [2/2] (1.17ns)   --->   "%exp_table_load_3 = load i10 %exp_table_addr_3" [firmware/nnet_utils/nnet_activation.h:258]   --->   Operation 67 'load' 'exp_table_load_3' <Predicate = true> <Delay = 1.17> <CoreInst = "ROM">   --->   Core 100 'ROM' <Latency = 1> <II = 1> <Delay = 1.17> <Storage> <Opcode : 'load'> <Ports = 0> <Width = 11> <Depth = 1024> <ROM>
ST_3 : Operation 68 [1/2] (1.17ns)   --->   "%exp_table_load_4 = load i10 %exp_table_addr_4" [firmware/nnet_utils/nnet_activation.h:258]   --->   Operation 68 'load' 'exp_table_load_4' <Predicate = true> <Delay = 1.17> <CoreInst = "ROM">   --->   Core 100 'ROM' <Latency = 1> <II = 1> <Delay = 1.17> <Storage> <Opcode : 'load'> <Ports = 0> <Width = 11> <Depth = 1024> <ROM>
ST_3 : Operation 69 [1/2] (1.17ns)   --->   "%exp_table_load_5 = load i10 %exp_table_addr_5" [firmware/nnet_utils/nnet_activation.h:258]   --->   Operation 69 'load' 'exp_table_load_5' <Predicate = true> <Delay = 1.17> <CoreInst = "ROM">   --->   Core 100 'ROM' <Latency = 1> <II = 1> <Delay = 1.17> <Storage> <Opcode : 'load'> <Ports = 0> <Width = 11> <Depth = 1024> <ROM>

State 4 <SV = 3> <Delay = 3.11>
ST_4 : Operation 70 [1/1] (0.00ns)   --->   "%zext_ln145 = zext i11 %exp_table_load" [firmware/nnet_utils/nnet_activation.h:145->firmware/nnet_utils/nnet_activation.h:257]   --->   Operation 70 'zext' 'zext_ln145' <Predicate = true> <Delay = 0.00>
ST_4 : Operation 71 [1/1] (0.00ns)   --->   "%zext_ln145_1 = zext i11 %exp_table_load_1" [firmware/nnet_utils/nnet_activation.h:145->firmware/nnet_utils/nnet_activation.h:257]   --->   Operation 71 'zext' 'zext_ln145_1' <Predicate = true> <Delay = 0.00>
ST_4 : Operation 72 [1/1] (0.00ns)   --->   "%zext_ln145_2 = zext i11 %exp_table_load_2" [firmware/nnet_utils/nnet_activation.h:145->firmware/nnet_utils/nnet_activation.h:257]   --->   Operation 72 'zext' 'zext_ln145_2' <Predicate = true> <Delay = 0.00>
ST_4 : Operation 73 [1/2] (1.17ns)   --->   "%exp_table_load_3 = load i10 %exp_table_addr_3" [firmware/nnet_utils/nnet_activation.h:258]   --->   Operation 73 'load' 'exp_table_load_3' <Predicate = true> <Delay = 1.17> <CoreInst = "ROM">   --->   Core 100 'ROM' <Latency = 1> <II = 1> <Delay = 1.17> <Storage> <Opcode : 'load'> <Ports = 0> <Width = 11> <Depth = 1024> <ROM>
ST_4 : Operation 74 [1/1] (0.00ns)   --->   "%zext_ln145_3 = zext i11 %exp_table_load_3" [firmware/nnet_utils/nnet_activation.h:145->firmware/nnet_utils/nnet_activation.h:257]   --->   Operation 74 'zext' 'zext_ln145_3' <Predicate = true> <Delay = 0.00>
ST_4 : Operation 75 [1/1] (0.00ns)   --->   "%zext_ln145_4 = zext i11 %exp_table_load_4" [firmware/nnet_utils/nnet_activation.h:145->firmware/nnet_utils/nnet_activation.h:257]   --->   Operation 75 'zext' 'zext_ln145_4' <Predicate = true> <Delay = 0.00>
ST_4 : Operation 76 [1/1] (0.00ns)   --->   "%zext_ln51 = zext i11 %exp_table_load_5" [firmware/nnet_utils/nnet_common.h:51->firmware/nnet_utils/nnet_common.h:44->firmware/nnet_utils/nnet_common.h:46->firmware/nnet_utils/nnet_common.h:46->firmware/nnet_utils/nnet_activation.h:264]   --->   Operation 76 'zext' 'zext_ln51' <Predicate = true> <Delay = 0.00>
ST_4 : Operation 77 [1/1] (0.00ns) (grouped into TernaryAdder)   --->   "%add_ln51 = add i12 %zext_ln145, i12 %zext_ln145_2" [firmware/nnet_utils/nnet_common.h:51->firmware/nnet_utils/nnet_common.h:44->firmware/nnet_utils/nnet_common.h:46->firmware/nnet_utils/nnet_common.h:46->firmware/nnet_utils/nnet_activation.h:264]   --->   Operation 77 'add' 'add_ln51' <Predicate = true> <Delay = 0.00> <CoreInst = "TAddSub">   --->   Core 10 'TAddSub' <Latency = 0> <II = 1> <Delay = 0.36> <IPBlock> <Opcode : '' 'add' 'sub'> <InPorts = 3> <OutPorts = 1> <Sync> <CReg>
ST_4 : Operation 78 [1/1] (0.75ns) (root node of TernaryAdder)   --->   "%add_ln51_1 = add i12 %add_ln51, i12 %zext_ln145_1" [firmware/nnet_utils/nnet_common.h:51->firmware/nnet_utils/nnet_common.h:44->firmware/nnet_utils/nnet_common.h:46->firmware/nnet_utils/nnet_common.h:46->firmware/nnet_utils/nnet_activation.h:264]   --->   Operation 78 'add' 'add_ln51_1' <Predicate = true> <Delay = 0.75> <CoreInst = "TAddSub">   --->   Core 10 'TAddSub' <Latency = 0> <II = 1> <Delay = 0.36> <IPBlock> <Opcode : '' 'add' 'sub'> <InPorts = 3> <OutPorts = 1> <Sync> <CReg>
ST_4 : Operation 79 [1/1] (0.00ns)   --->   "%zext_ln51_1 = zext i12 %add_ln51_1" [firmware/nnet_utils/nnet_common.h:51->firmware/nnet_utils/nnet_common.h:44->firmware/nnet_utils/nnet_common.h:46->firmware/nnet_utils/nnet_common.h:46->firmware/nnet_utils/nnet_activation.h:264]   --->   Operation 79 'zext' 'zext_ln51_1' <Predicate = true> <Delay = 0.00>
ST_4 : Operation 80 [1/1] (0.00ns) (grouped into TernaryAdder)   --->   "%add_ln51_2 = add i13 %zext_ln51_1, i13 %zext_ln145_3" [firmware/nnet_utils/nnet_common.h:51->firmware/nnet_utils/nnet_common.h:46->firmware/nnet_utils/nnet_activation.h:264]   --->   Operation 80 'add' 'add_ln51_2' <Predicate = true> <Delay = 0.00> <CoreInst = "TAddSub">   --->   Core 10 'TAddSub' <Latency = 0> <II = 1> <Delay = 0.36> <IPBlock> <Opcode : '' 'add' 'sub'> <InPorts = 3> <OutPorts = 1> <Sync> <CReg>
ST_4 : Operation 81 [1/1] (0.73ns)   --->   "%add_ln51_3 = add i12 %zext_ln145_4, i12 %zext_ln51" [firmware/nnet_utils/nnet_common.h:51->firmware/nnet_utils/nnet_common.h:46->firmware/nnet_utils/nnet_activation.h:264]   --->   Operation 81 'add' 'add_ln51_3' <Predicate = true> <Delay = 0.73> <CoreInst = "Adder">   --->   Core 1 'Adder' <Latency = 0> <II = 1> <Delay = 0.73> <FuncUnit> <Opcode : 'add' 'sub'> <InPorts = 2> <OutPorts = 1>
ST_4 : Operation 82 [1/1] (0.00ns)   --->   "%zext_ln51_2 = zext i12 %add_ln51_3" [firmware/nnet_utils/nnet_common.h:51->firmware/nnet_utils/nnet_common.h:46->firmware/nnet_utils/nnet_activation.h:264]   --->   Operation 82 'zext' 'zext_ln51_2' <Predicate = true> <Delay = 0.00>
ST_4 : Operation 83 [1/1] (0.73ns) (root node of TernaryAdder)   --->   "%add_ln51_4 = add i13 %zext_ln51_2, i13 %add_ln51_2" [firmware/nnet_utils/nnet_common.h:51->firmware/nnet_utils/nnet_common.h:46->firmware/nnet_utils/nnet_activation.h:264]   --->   Operation 83 'add' 'add_ln51_4' <Predicate = true> <Delay = 0.73> <CoreInst = "TAddSub">   --->   Core 10 'TAddSub' <Latency = 0> <II = 1> <Delay = 0.36> <IPBlock> <Opcode : '' 'add' 'sub'> <InPorts = 3> <OutPorts = 1> <Sync> <CReg>
ST_4 : Operation 84 [1/1] (0.00ns)   --->   "%tmp_1 = partselect i5 @_ssdm_op_PartSelect.i5.i13.i32.i32, i13 %add_ln51_4, i32 8, i32 12" [firmware/nnet_utils/nnet_activation.h:145->firmware/nnet_utils/nnet_activation.h:267]   --->   Operation 84 'partselect' 'tmp_1' <Predicate = true> <Delay = 0.00>
ST_4 : Operation 85 [1/1] (0.00ns)   --->   "%zext_ln267 = zext i5 %tmp_1" [firmware/nnet_utils/nnet_activation.h:267]   --->   Operation 85 'zext' 'zext_ln267' <Predicate = true> <Delay = 0.00>
ST_4 : Operation 86 [1/1] (0.00ns)   --->   "%invert_table_addr = getelementptr i18 %invert_table, i64 0, i64 %zext_ln267" [firmware/nnet_utils/nnet_activation.h:267]   --->   Operation 86 'getelementptr' 'invert_table_addr' <Predicate = true> <Delay = 0.00>
ST_4 : Operation 87 [2/2] (1.20ns)   --->   "%inv_exp_sum = load i10 %invert_table_addr" [firmware/nnet_utils/nnet_activation.h:267]   --->   Operation 87 'load' 'inv_exp_sum' <Predicate = true> <Delay = 1.20> <CoreInst = "ROM">   --->   Core 100 'ROM' <Latency = 1> <II = 1> <Delay = 1.20> <Storage> <Opcode : 'load'> <Ports = 0> <Width = 18> <Depth = 1024> <ROM>

State 5 <SV = 4> <Delay = 3.23>
ST_5 : Operation 88 [1/1] (0.00ns)   --->   "%specpipeline_ln221 = specpipeline void @_ssdm_op_SpecPipeline, i32 4294967295, i32 0, i32 0, i32 0, void @empty_0" [firmware/nnet_utils/nnet_activation.h:221]   --->   Operation 88 'specpipeline' 'specpipeline_ln221' <Predicate = true> <Delay = 0.00>
ST_5 : Operation 89 [1/2] (1.20ns)   --->   "%inv_exp_sum = load i10 %invert_table_addr" [firmware/nnet_utils/nnet_activation.h:267]   --->   Operation 89 'load' 'inv_exp_sum' <Predicate = true> <Delay = 1.20> <CoreInst = "ROM">   --->   Core 100 'ROM' <Latency = 1> <II = 1> <Delay = 1.20> <Storage> <Opcode : 'load'> <Ports = 0> <Width = 18> <Depth = 1024> <ROM>
ST_5 : Operation 90 [1/1] (0.00ns)   --->   "%sext_ln270 = sext i18 %inv_exp_sum" [firmware/nnet_utils/nnet_activation.h:270]   --->   Operation 90 'sext' 'sext_ln270' <Predicate = true> <Delay = 0.00>
ST_5 : Operation 91 [1/1] (0.00ns)   --->   "%zext_ln270 = zext i11 %exp_table_load" [firmware/nnet_utils/nnet_activation.h:270]   --->   Operation 91 'zext' 'zext_ln270' <Predicate = true> <Delay = 0.00>
ST_5 : Operation 92 [1/1] (2.03ns)   --->   "%mul_ln270 = mul i26 %sext_ln270, i26 %zext_ln270" [firmware/nnet_utils/nnet_activation.h:270]   --->   Operation 92 'mul' 'mul_ln270' <Predicate = true> <Delay = 2.03> <CoreInst = "Multiplier">   --->   Core 3 'Multiplier' <Latency = 0> <II = 1> <Delay = 2.03> <FuncUnit> <Opcode : 'mul'> <InPorts = 2> <OutPorts = 1>
ST_5 : Operation 93 [1/1] (0.00ns)   --->   "%trunc_ln1 = partselect i16 @_ssdm_op_PartSelect.i16.i26.i32.i32, i26 %mul_ln270, i32 10, i32 25" [firmware/nnet_utils/nnet_activation.h:270]   --->   Operation 93 'partselect' 'trunc_ln1' <Predicate = true> <Delay = 0.00>
ST_5 : Operation 94 [1/1] (0.00ns)   --->   "%zext_ln270_1 = zext i11 %exp_table_load_1" [firmware/nnet_utils/nnet_activation.h:270]   --->   Operation 94 'zext' 'zext_ln270_1' <Predicate = true> <Delay = 0.00>
ST_5 : Operation 95 [1/1] (2.03ns)   --->   "%mul_ln270_1 = mul i26 %sext_ln270, i26 %zext_ln270_1" [firmware/nnet_utils/nnet_activation.h:270]   --->   Operation 95 'mul' 'mul_ln270_1' <Predicate = true> <Delay = 2.03> <CoreInst = "Multiplier">   --->   Core 3 'Multiplier' <Latency = 0> <II = 1> <Delay = 2.03> <FuncUnit> <Opcode : 'mul'> <InPorts = 2> <OutPorts = 1>
ST_5 : Operation 96 [1/1] (0.00ns)   --->   "%trunc_ln270_1 = partselect i16 @_ssdm_op_PartSelect.i16.i26.i32.i32, i26 %mul_ln270_1, i32 10, i32 25" [firmware/nnet_utils/nnet_activation.h:270]   --->   Operation 96 'partselect' 'trunc_ln270_1' <Predicate = true> <Delay = 0.00>
ST_5 : Operation 97 [1/1] (0.00ns)   --->   "%zext_ln270_2 = zext i11 %exp_table_load_2" [firmware/nnet_utils/nnet_activation.h:270]   --->   Operation 97 'zext' 'zext_ln270_2' <Predicate = true> <Delay = 0.00>
ST_5 : Operation 98 [1/1] (2.03ns)   --->   "%mul_ln270_2 = mul i26 %sext_ln270, i26 %zext_ln270_2" [firmware/nnet_utils/nnet_activation.h:270]   --->   Operation 98 'mul' 'mul_ln270_2' <Predicate = true> <Delay = 2.03> <CoreInst = "Multiplier">   --->   Core 3 'Multiplier' <Latency = 0> <II = 1> <Delay = 2.03> <FuncUnit> <Opcode : 'mul'> <InPorts = 2> <OutPorts = 1>
ST_5 : Operation 99 [1/1] (0.00ns)   --->   "%trunc_ln270_2 = partselect i16 @_ssdm_op_PartSelect.i16.i26.i32.i32, i26 %mul_ln270_2, i32 10, i32 25" [firmware/nnet_utils/nnet_activation.h:270]   --->   Operation 99 'partselect' 'trunc_ln270_2' <Predicate = true> <Delay = 0.00>
ST_5 : Operation 100 [1/1] (0.00ns)   --->   "%zext_ln270_3 = zext i11 %exp_table_load_3" [firmware/nnet_utils/nnet_activation.h:270]   --->   Operation 100 'zext' 'zext_ln270_3' <Predicate = true> <Delay = 0.00>
ST_5 : Operation 101 [1/1] (2.03ns)   --->   "%mul_ln270_3 = mul i26 %sext_ln270, i26 %zext_ln270_3" [firmware/nnet_utils/nnet_activation.h:270]   --->   Operation 101 'mul' 'mul_ln270_3' <Predicate = true> <Delay = 2.03> <CoreInst = "Multiplier">   --->   Core 3 'Multiplier' <Latency = 0> <II = 1> <Delay = 2.03> <FuncUnit> <Opcode : 'mul'> <InPorts = 2> <OutPorts = 1>
ST_5 : Operation 102 [1/1] (0.00ns)   --->   "%trunc_ln270_3 = partselect i16 @_ssdm_op_PartSelect.i16.i26.i32.i32, i26 %mul_ln270_3, i32 10, i32 25" [firmware/nnet_utils/nnet_activation.h:270]   --->   Operation 102 'partselect' 'trunc_ln270_3' <Predicate = true> <Delay = 0.00>
ST_5 : Operation 103 [1/1] (0.00ns)   --->   "%zext_ln270_4 = zext i11 %exp_table_load_4" [firmware/nnet_utils/nnet_activation.h:270]   --->   Operation 103 'zext' 'zext_ln270_4' <Predicate = true> <Delay = 0.00>
ST_5 : Operation 104 [1/1] (2.03ns)   --->   "%mul_ln270_4 = mul i26 %sext_ln270, i26 %zext_ln270_4" [firmware/nnet_utils/nnet_activation.h:270]   --->   Operation 104 'mul' 'mul_ln270_4' <Predicate = true> <Delay = 2.03> <CoreInst = "Multiplier">   --->   Core 3 'Multiplier' <Latency = 0> <II = 1> <Delay = 2.03> <FuncUnit> <Opcode : 'mul'> <InPorts = 2> <OutPorts = 1>
ST_5 : Operation 105 [1/1] (0.00ns)   --->   "%trunc_ln270_4 = partselect i16 @_ssdm_op_PartSelect.i16.i26.i32.i32, i26 %mul_ln270_4, i32 10, i32 25" [firmware/nnet_utils/nnet_activation.h:270]   --->   Operation 105 'partselect' 'trunc_ln270_4' <Predicate = true> <Delay = 0.00>
ST_5 : Operation 106 [1/1] (0.00ns)   --->   "%zext_ln270_5 = zext i11 %exp_table_load_5" [firmware/nnet_utils/nnet_activation.h:270]   --->   Operation 106 'zext' 'zext_ln270_5' <Predicate = true> <Delay = 0.00>
ST_5 : Operation 107 [1/1] (2.03ns)   --->   "%mul_ln270_5 = mul i26 %sext_ln270, i26 %zext_ln270_5" [firmware/nnet_utils/nnet_activation.h:270]   --->   Operation 107 'mul' 'mul_ln270_5' <Predicate = true> <Delay = 2.03> <CoreInst = "Multiplier">   --->   Core 3 'Multiplier' <Latency = 0> <II = 1> <Delay = 2.03> <FuncUnit> <Opcode : 'mul'> <InPorts = 2> <OutPorts = 1>
ST_5 : Operation 108 [1/1] (0.00ns)   --->   "%trunc_ln270_5 = partselect i16 @_ssdm_op_PartSelect.i16.i26.i32.i32, i26 %mul_ln270_5, i32 10, i32 25" [firmware/nnet_utils/nnet_activation.h:270]   --->   Operation 108 'partselect' 'trunc_ln270_5' <Predicate = true> <Delay = 0.00>
ST_5 : Operation 109 [1/1] (0.00ns)   --->   "%write_ln270 = write void @_ssdm_op_Write.ap_auto.i16P0A, i16 %layer7_out_0, i16 %trunc_ln1" [firmware/nnet_utils/nnet_activation.h:270]   --->   Operation 109 'write' 'write_ln270' <Predicate = true> <Delay = 0.00>
ST_5 : Operation 110 [1/1] (0.00ns)   --->   "%write_ln270 = write void @_ssdm_op_Write.ap_auto.i16P0A, i16 %layer7_out_1, i16 %trunc_ln270_1" [firmware/nnet_utils/nnet_activation.h:270]   --->   Operation 110 'write' 'write_ln270' <Predicate = true> <Delay = 0.00>
ST_5 : Operation 111 [1/1] (0.00ns)   --->   "%write_ln270 = write void @_ssdm_op_Write.ap_auto.i16P0A, i16 %layer7_out_2, i16 %trunc_ln270_2" [firmware/nnet_utils/nnet_activation.h:270]   --->   Operation 111 'write' 'write_ln270' <Predicate = true> <Delay = 0.00>
ST_5 : Operation 112 [1/1] (0.00ns)   --->   "%write_ln270 = write void @_ssdm_op_Write.ap_auto.i16P0A, i16 %layer7_out_3, i16 %trunc_ln270_3" [firmware/nnet_utils/nnet_activation.h:270]   --->   Operation 112 'write' 'write_ln270' <Predicate = true> <Delay = 0.00>
ST_5 : Operation 113 [1/1] (0.00ns)   --->   "%write_ln270 = write void @_ssdm_op_Write.ap_auto.i16P0A, i16 %layer7_out_4, i16 %trunc_ln270_4" [firmware/nnet_utils/nnet_activation.h:270]   --->   Operation 113 'write' 'write_ln270' <Predicate = true> <Delay = 0.00>
ST_5 : Operation 114 [1/1] (0.00ns)   --->   "%write_ln270 = write void @_ssdm_op_Write.ap_auto.i16P0A, i16 %layer7_out_5, i16 %trunc_ln270_5" [firmware/nnet_utils/nnet_activation.h:270]   --->   Operation 114 'write' 'write_ln270' <Predicate = true> <Delay = 0.00>
ST_5 : Operation 115 [1/1] (0.00ns)   --->   "%ret_ln272 = ret" [firmware/nnet_utils/nnet_activation.h:272]   --->   Operation 115 'ret' 'ret_ln272' <Predicate = true> <Delay = 0.00>


============================================================
+ Verbose Summary: Timing violations
============================================================
Target clock period: 5.000ns, clock uncertainty: 1.350ns.

 <State 1>: 3.242ns
The critical path consists of the following:
	wire read operation ('p_read_3', firmware/nnet_utils/nnet_activation.h:220) on port 'p_read3' (firmware/nnet_utils/nnet_activation.h:220) [18]  (1.429 ns)
	'icmp' operation 1 bit ('icmp_ln66_1', firmware/nnet_utils/nnet_common.h:66->firmware/nnet_utils/nnet_common.h:44->firmware/nnet_utils/nnet_common.h:46->firmware/nnet_utils/nnet_common.h:46->firmware/nnet_utils/nnet_activation.h:243) [25]  (0.785 ns)
	'xor' operation 1 bit ('xor_ln66_1', firmware/nnet_utils/nnet_common.h:66->firmware/nnet_utils/nnet_common.h:44->firmware/nnet_utils/nnet_common.h:46->firmware/nnet_utils/nnet_common.h:46->firmware/nnet_utils/nnet_activation.h:243) [26]  (0.000 ns)
	'select' operation 16 bit ('select_ln66_1', firmware/nnet_utils/nnet_common.h:66->firmware/nnet_utils/nnet_common.h:44->firmware/nnet_utils/nnet_common.h:46->firmware/nnet_utils/nnet_common.h:46->firmware/nnet_utils/nnet_activation.h:243) [27]  (0.243 ns)
	'icmp' operation 1 bit ('icmp_ln66_2', firmware/nnet_utils/nnet_common.h:66->firmware/nnet_utils/nnet_common.h:46->firmware/nnet_utils/nnet_common.h:46->firmware/nnet_utils/nnet_activation.h:243) [28]  (0.785 ns)

 <State 2>: 3.272ns
The critical path consists of the following:
	'xor' operation 1 bit ('xor_ln66_2', firmware/nnet_utils/nnet_common.h:66->firmware/nnet_utils/nnet_common.h:46->firmware/nnet_utils/nnet_common.h:46->firmware/nnet_utils/nnet_activation.h:243) [29]  (0.000 ns)
	'select' operation 16 bit ('select_ln66_2', firmware/nnet_utils/nnet_common.h:66->firmware/nnet_utils/nnet_common.h:46->firmware/nnet_utils/nnet_common.h:46->firmware/nnet_utils/nnet_activation.h:243) [30]  (0.243 ns)
	'icmp' operation 1 bit ('icmp_ln66_4', firmware/nnet_utils/nnet_common.h:66->firmware/nnet_utils/nnet_common.h:46->firmware/nnet_utils/nnet_activation.h:243) [34]  (0.785 ns)
	'xor' operation 1 bit ('xor_ln66_4', firmware/nnet_utils/nnet_common.h:66->firmware/nnet_utils/nnet_common.h:46->firmware/nnet_utils/nnet_activation.h:243) [35]  (0.000 ns)
	'select' operation 15 bit ('select_ln66_4', firmware/nnet_utils/nnet_common.h:66->firmware/nnet_utils/nnet_common.h:46->firmware/nnet_utils/nnet_activation.h:243) [38]  (0.292 ns)
	'sub' operation 15 bit ('d_xi_xmax', firmware/nnet_utils/nnet_activation.h:248) [40]  (0.775 ns)
	'getelementptr' operation 10 bit ('exp_table_addr', firmware/nnet_utils/nnet_activation.h:258) [53]  (0.000 ns)
	'load' operation 11 bit ('exp_table_load', firmware/nnet_utils/nnet_activation.h:258) on array 'exp_table' [54]  (1.177 ns)

 <State 3>: 1.177ns
The critical path consists of the following:
	'load' operation 11 bit ('exp_table_load', firmware/nnet_utils/nnet_activation.h:258) on array 'exp_table' [54]  (1.177 ns)

 <State 4>: 3.113ns
The critical path consists of the following:
	'load' operation 11 bit ('exp_table_load_3', firmware/nnet_utils/nnet_activation.h:258) on array 'exp_table' [69]  (1.177 ns)
	'add' operation 13 bit ('add_ln51_2', firmware/nnet_utils/nnet_common.h:51->firmware/nnet_utils/nnet_common.h:46->firmware/nnet_utils/nnet_activation.h:264) [84]  (0.000 ns)
	'add' operation 13 bit ('add_ln51_4', firmware/nnet_utils/nnet_common.h:51->firmware/nnet_utils/nnet_common.h:46->firmware/nnet_utils/nnet_activation.h:264) [87]  (0.736 ns)
	'getelementptr' operation 10 bit ('invert_table_addr', firmware/nnet_utils/nnet_activation.h:267) [90]  (0.000 ns)
	'load' operation 18 bit ('inv_exp_sum', firmware/nnet_utils/nnet_activation.h:267) on array 'invert_table' [91]  (1.200 ns)

 <State 5>: 3.233ns
The critical path consists of the following:
	'load' operation 18 bit ('inv_exp_sum', firmware/nnet_utils/nnet_activation.h:267) on array 'invert_table' [91]  (1.200 ns)
	'mul' operation 26 bit ('mul_ln270', firmware/nnet_utils/nnet_activation.h:270) [94]  (2.033 ns)


============================================================
+ Verbose Summary: Binding
============================================================
N/A
* FSMD analyzer results:
  - Output states:
 - Input state : 
  - Chain level:
	State 1
	State 2
	State 3
	State 4
	State 5


============================================================
+ Verbose Summary: Datapath Resource usage 
============================================================
N/A
