

================================================================
== Vitis HLS Report for 'softmax_stable_array_array_ap_fixed_16_6_5_3_0_6u_softmax_config7_s'
================================================================
* Date:           Wed Mar 18 13:57:59 2026

* Version:        2024.1 (Build 5069499 on May 21 2024)
* Project:        myproject_prj
* Solution:       solution1 (Vivado IP Flow Target)
* Product family: virtexuplus
* Target device:  xcu250-figd2104-2L-e


================================================================
== Performance Estimates
================================================================
+ Timing: 
    * Summary: 
    +--------+---------+----------+------------+
    |  Clock |  Target | Estimated| Uncertainty|
    +--------+---------+----------+------------+
    |ap_clk  |  5.00 ns|  3.272 ns|     1.35 ns|
    +--------+---------+----------+------------+

+ Latency: 
    * Summary: 
    +---------+---------+-----------+-----------+-----+-----+---------+
    |  Latency (cycles) |   Latency (absolute)  |  Interval | Pipeline|
    |   min   |   max   |    min    |    max    | min | max |   Type  |
    +---------+---------+-----------+-----------+-----+-----+---------+
    |        6|        6|  30.000 ns|  30.000 ns|    6|    6|       no|
    +---------+---------+-----------+-----------+-----+-----+---------+

    + Detail: 
        * Instance: 
        N/A

        * Loop: 
        N/A

============================================================
+ Verbose Summary: Synthesis Manager
============================================================
InlineROM: 1
ExposeGlobal: 0
============================================================
+ Verbose Summary: CDFG Model
============================================================
IsTopModel: 0
ResetActiveHigh: 1
IsCombinational: 0
IsDatapathOnly: 0
HasWiredReturn: 1
HasMFsm: 0
HasVarLatency: 1
IsPipeline: 0
IsRtlPipelined: 0
IsInstanceOverlapped: 0
IsDontTouch: 0
HasImplIP: 0
IsGatedGlobalClock: 0


============================================================
+ Verbose Summary: Schedule
============================================================
* Number of FSM states : 7
* Pipeline : 0
* Dataflow Pipeline: 0

* FSM state transitions: 
1 --> 2 
2 --> 3 
3 --> 4 
4 --> 5 
5 --> 6 
6 --> 7 
7 --> 

* FSM state operations: 

State 1 <SV = 0> <Delay = 3.21>
ST_1 : Operation 8 [1/1] (1.40ns)   --->   "%layer6_out_read = read i96 @_ssdm_op_Read.ap_fifo.volatile.i96P0A, i96 %layer6_out" [firmware/nnet_utils/nnet_activation_stream.h:198]   --->   Operation 8 'read' 'layer6_out_read' <Predicate = true> <Delay = 1.40> <CoreInst = "FIFO_SRL">   --->   Core 80 'FIFO_SRL' <Latency = 0> <II = 1> <Delay = 1.40> <Storage> <Opcode : 'read' 'write' 'nbread' 'nbwrite'> <Ports = 0> <Width = 96> <Depth = 1> <FIFO>
ST_1 : Operation 9 [1/1] (0.00ns)   --->   "%trunc_ln198 = trunc i96 %layer6_out_read" [firmware/nnet_utils/nnet_activation_stream.h:198]   --->   Operation 9 'trunc' 'trunc_ln198' <Predicate = true> <Delay = 0.00>
ST_1 : Operation 10 [1/1] (0.00ns)   --->   "%trunc_ln198_1 = partselect i16 @_ssdm_op_PartSelect.i16.i96.i32.i32, i96 %layer6_out_read, i32 16, i32 31" [firmware/nnet_utils/nnet_activation_stream.h:198]   --->   Operation 10 'partselect' 'trunc_ln198_1' <Predicate = true> <Delay = 0.00>
ST_1 : Operation 11 [1/1] (0.00ns)   --->   "%trunc_ln198_2 = partselect i16 @_ssdm_op_PartSelect.i16.i96.i32.i32, i96 %layer6_out_read, i32 32, i32 47" [firmware/nnet_utils/nnet_activation_stream.h:198]   --->   Operation 11 'partselect' 'trunc_ln198_2' <Predicate = true> <Delay = 0.00>
ST_1 : Operation 12 [1/1] (0.00ns)   --->   "%trunc_ln198_3 = partselect i16 @_ssdm_op_PartSelect.i16.i96.i32.i32, i96 %layer6_out_read, i32 48, i32 63" [firmware/nnet_utils/nnet_activation_stream.h:198]   --->   Operation 12 'partselect' 'trunc_ln198_3' <Predicate = true> <Delay = 0.00>
ST_1 : Operation 13 [1/1] (0.00ns)   --->   "%trunc_ln198_4 = partselect i16 @_ssdm_op_PartSelect.i16.i96.i32.i32, i96 %layer6_out_read, i32 64, i32 79" [firmware/nnet_utils/nnet_activation_stream.h:198]   --->   Operation 13 'partselect' 'trunc_ln198_4' <Predicate = true> <Delay = 0.00>
ST_1 : Operation 14 [1/1] (0.00ns)   --->   "%trunc_ln198_5 = partselect i16 @_ssdm_op_PartSelect.i16.i96.i32.i32, i96 %layer6_out_read, i32 80, i32 95" [firmware/nnet_utils/nnet_activation_stream.h:198]   --->   Operation 14 'partselect' 'trunc_ln198_5' <Predicate = true> <Delay = 0.00>
ST_1 : Operation 15 [1/1] (0.78ns)   --->   "%icmp_ln66 = icmp_slt  i16 %trunc_ln198, i16 %trunc_ln198_1" [firmware/nnet_utils/nnet_common.h:66->firmware/nnet_utils/nnet_common.h:44->firmware/nnet_utils/nnet_common.h:46->firmware/nnet_utils/nnet_common.h:46->firmware/nnet_utils/nnet_activation_stream.h:208]   --->   Operation 15 'icmp' 'icmp_ln66' <Predicate = true> <Delay = 0.78> <CoreInst = "Cmp">   --->   Core 9 'Cmp' <Latency = 0> <II = 1> <Delay = 0.78> <FuncUnit> <Opcode : 'seteq' 'setne' 'setle' 'setge' 'setlt' 'setgt'> <InPorts = 2> <OutPorts = 1>
ST_1 : Operation 16 [1/1] (0.00ns) (grouped into LUT with out node select_ln66)   --->   "%xor_ln66 = xor i1 %icmp_ln66, i1 1" [firmware/nnet_utils/nnet_common.h:66->firmware/nnet_utils/nnet_common.h:44->firmware/nnet_utils/nnet_common.h:46->firmware/nnet_utils/nnet_common.h:46->firmware/nnet_utils/nnet_activation_stream.h:208]   --->   Operation 16 'xor' 'xor_ln66' <Predicate = true> <Delay = 0.00> <CoreInst = "LogicGate">   --->   Core 74 'LogicGate' <Latency = 0> <II = 1> <Delay = 0.12> <FuncUnit> <Opcode : 'and' 'or' 'xor'> <InPorts = 2> <OutPorts = 1>
ST_1 : Operation 17 [1/1] (0.24ns) (out node of the LUT)   --->   "%select_ln66 = select i1 %xor_ln66, i16 %trunc_ln198, i16 %trunc_ln198_1" [firmware/nnet_utils/nnet_common.h:66->firmware/nnet_utils/nnet_common.h:44->firmware/nnet_utils/nnet_common.h:46->firmware/nnet_utils/nnet_common.h:46->firmware/nnet_utils/nnet_activation_stream.h:208]   --->   Operation 17 'select' 'select_ln66' <Predicate = true> <Delay = 0.24> <CoreInst = "Sel">   --->   Core 73 'Sel' <Latency = 0> <II = 1> <Delay = 0.24> <FuncUnit> <Opcode : 'select'> <InPorts = 3> <OutPorts = 1>
ST_1 : Operation 18 [1/1] (0.78ns)   --->   "%icmp_ln66_1 = icmp_slt  i16 %trunc_ln198_2, i16 %trunc_ln198_3" [firmware/nnet_utils/nnet_common.h:66->firmware/nnet_utils/nnet_common.h:44->firmware/nnet_utils/nnet_common.h:46->firmware/nnet_utils/nnet_common.h:46->firmware/nnet_utils/nnet_activation_stream.h:208]   --->   Operation 18 'icmp' 'icmp_ln66_1' <Predicate = true> <Delay = 0.78> <CoreInst = "Cmp">   --->   Core 9 'Cmp' <Latency = 0> <II = 1> <Delay = 0.78> <FuncUnit> <Opcode : 'seteq' 'setne' 'setle' 'setge' 'setlt' 'setgt'> <InPorts = 2> <OutPorts = 1>
ST_1 : Operation 19 [1/1] (0.00ns) (grouped into LUT with out node select_ln66_1)   --->   "%xor_ln66_1 = xor i1 %icmp_ln66_1, i1 1" [firmware/nnet_utils/nnet_common.h:66->firmware/nnet_utils/nnet_common.h:44->firmware/nnet_utils/nnet_common.h:46->firmware/nnet_utils/nnet_common.h:46->firmware/nnet_utils/nnet_activation_stream.h:208]   --->   Operation 19 'xor' 'xor_ln66_1' <Predicate = true> <Delay = 0.00> <CoreInst = "LogicGate">   --->   Core 74 'LogicGate' <Latency = 0> <II = 1> <Delay = 0.12> <FuncUnit> <Opcode : 'and' 'or' 'xor'> <InPorts = 2> <OutPorts = 1>
ST_1 : Operation 20 [1/1] (0.24ns) (out node of the LUT)   --->   "%select_ln66_1 = select i1 %xor_ln66_1, i16 %trunc_ln198_2, i16 %trunc_ln198_3" [firmware/nnet_utils/nnet_common.h:66->firmware/nnet_utils/nnet_common.h:44->firmware/nnet_utils/nnet_common.h:46->firmware/nnet_utils/nnet_common.h:46->firmware/nnet_utils/nnet_activation_stream.h:208]   --->   Operation 20 'select' 'select_ln66_1' <Predicate = true> <Delay = 0.24> <CoreInst = "Sel">   --->   Core 73 'Sel' <Latency = 0> <II = 1> <Delay = 0.24> <FuncUnit> <Opcode : 'select'> <InPorts = 3> <OutPorts = 1>
ST_1 : Operation 21 [1/1] (0.78ns)   --->   "%icmp_ln66_2 = icmp_slt  i16 %select_ln66, i16 %select_ln66_1" [firmware/nnet_utils/nnet_common.h:66->firmware/nnet_utils/nnet_common.h:46->firmware/nnet_utils/nnet_common.h:46->firmware/nnet_utils/nnet_activation_stream.h:208]   --->   Operation 21 'icmp' 'icmp_ln66_2' <Predicate = true> <Delay = 0.78> <CoreInst = "Cmp">   --->   Core 9 'Cmp' <Latency = 0> <II = 1> <Delay = 0.78> <FuncUnit> <Opcode : 'seteq' 'setne' 'setle' 'setge' 'setlt' 'setgt'> <InPorts = 2> <OutPorts = 1>
ST_1 : Operation 22 [1/1] (0.78ns)   --->   "%icmp_ln66_3 = icmp_slt  i16 %trunc_ln198_4, i16 %trunc_ln198_5" [firmware/nnet_utils/nnet_common.h:66->firmware/nnet_utils/nnet_common.h:44->firmware/nnet_utils/nnet_common.h:46->firmware/nnet_utils/nnet_activation_stream.h:208]   --->   Operation 22 'icmp' 'icmp_ln66_3' <Predicate = true> <Delay = 0.78> <CoreInst = "Cmp">   --->   Core 9 'Cmp' <Latency = 0> <II = 1> <Delay = 0.78> <FuncUnit> <Opcode : 'seteq' 'setne' 'setle' 'setge' 'setlt' 'setgt'> <InPorts = 2> <OutPorts = 1>
ST_1 : Operation 23 [1/1] (0.00ns)   --->   "%trunc_ln213 = trunc i96 %layer6_out_read" [firmware/nnet_utils/nnet_activation_stream.h:213]   --->   Operation 23 'trunc' 'trunc_ln213' <Predicate = true> <Delay = 0.00>
ST_1 : Operation 24 [1/1] (0.00ns)   --->   "%trunc_ln213_2 = partselect i15 @_ssdm_op_PartSelect.i15.i96.i32.i32, i96 %layer6_out_read, i32 16, i32 30" [firmware/nnet_utils/nnet_activation_stream.h:213]   --->   Operation 24 'partselect' 'trunc_ln213_2' <Predicate = true> <Delay = 0.00>
ST_1 : Operation 25 [1/1] (0.00ns)   --->   "%trunc_ln213_3 = partselect i15 @_ssdm_op_PartSelect.i15.i96.i32.i32, i96 %layer6_out_read, i32 32, i32 46" [firmware/nnet_utils/nnet_activation_stream.h:213]   --->   Operation 25 'partselect' 'trunc_ln213_3' <Predicate = true> <Delay = 0.00>
ST_1 : Operation 26 [1/1] (0.00ns)   --->   "%trunc_ln213_4 = partselect i15 @_ssdm_op_PartSelect.i15.i96.i32.i32, i96 %layer6_out_read, i32 48, i32 62" [firmware/nnet_utils/nnet_activation_stream.h:213]   --->   Operation 26 'partselect' 'trunc_ln213_4' <Predicate = true> <Delay = 0.00>
ST_1 : Operation 27 [1/1] (0.00ns)   --->   "%trunc_ln213_5 = partselect i15 @_ssdm_op_PartSelect.i15.i96.i32.i32, i96 %layer6_out_read, i32 64, i32 78" [firmware/nnet_utils/nnet_activation_stream.h:213]   --->   Operation 27 'partselect' 'trunc_ln213_5' <Predicate = true> <Delay = 0.00>
ST_1 : Operation 28 [1/1] (0.00ns)   --->   "%trunc_ln213_6 = partselect i15 @_ssdm_op_PartSelect.i15.i96.i32.i32, i96 %layer6_out_read, i32 80, i32 94" [firmware/nnet_utils/nnet_activation_stream.h:213]   --->   Operation 28 'partselect' 'trunc_ln213_6' <Predicate = true> <Delay = 0.00>

State 2 <SV = 1> <Delay = 3.27>
ST_2 : Operation 29 [1/1] (0.00ns) (grouped into LUT with out node select_ln66_2)   --->   "%xor_ln66_2 = xor i1 %icmp_ln66_2, i1 1" [firmware/nnet_utils/nnet_common.h:66->firmware/nnet_utils/nnet_common.h:46->firmware/nnet_utils/nnet_common.h:46->firmware/nnet_utils/nnet_activation_stream.h:208]   --->   Operation 29 'xor' 'xor_ln66_2' <Predicate = true> <Delay = 0.00> <CoreInst = "LogicGate">   --->   Core 74 'LogicGate' <Latency = 0> <II = 1> <Delay = 0.12> <FuncUnit> <Opcode : 'and' 'or' 'xor'> <InPorts = 2> <OutPorts = 1>
ST_2 : Operation 30 [1/1] (0.24ns) (out node of the LUT)   --->   "%select_ln66_2 = select i1 %xor_ln66_2, i16 %select_ln66, i16 %select_ln66_1" [firmware/nnet_utils/nnet_common.h:66->firmware/nnet_utils/nnet_common.h:46->firmware/nnet_utils/nnet_common.h:46->firmware/nnet_utils/nnet_activation_stream.h:208]   --->   Operation 30 'select' 'select_ln66_2' <Predicate = true> <Delay = 0.24> <CoreInst = "Sel">   --->   Core 73 'Sel' <Latency = 0> <II = 1> <Delay = 0.24> <FuncUnit> <Opcode : 'select'> <InPorts = 3> <OutPorts = 1>
ST_2 : Operation 31 [1/1] (0.00ns) (grouped into LUT with out node select_ln66_3)   --->   "%xor_ln66_3 = xor i1 %icmp_ln66_3, i1 1" [firmware/nnet_utils/nnet_common.h:66->firmware/nnet_utils/nnet_common.h:44->firmware/nnet_utils/nnet_common.h:46->firmware/nnet_utils/nnet_activation_stream.h:208]   --->   Operation 31 'xor' 'xor_ln66_3' <Predicate = true> <Delay = 0.00> <CoreInst = "LogicGate">   --->   Core 74 'LogicGate' <Latency = 0> <II = 1> <Delay = 0.12> <FuncUnit> <Opcode : 'and' 'or' 'xor'> <InPorts = 2> <OutPorts = 1>
ST_2 : Operation 32 [1/1] (0.24ns) (out node of the LUT)   --->   "%select_ln66_3 = select i1 %xor_ln66_3, i16 %trunc_ln198_4, i16 %trunc_ln198_5" [firmware/nnet_utils/nnet_common.h:66->firmware/nnet_utils/nnet_common.h:44->firmware/nnet_utils/nnet_common.h:46->firmware/nnet_utils/nnet_activation_stream.h:208]   --->   Operation 32 'select' 'select_ln66_3' <Predicate = true> <Delay = 0.24> <CoreInst = "Sel">   --->   Core 73 'Sel' <Latency = 0> <II = 1> <Delay = 0.24> <FuncUnit> <Opcode : 'select'> <InPorts = 3> <OutPorts = 1>
ST_2 : Operation 33 [1/1] (0.78ns)   --->   "%icmp_ln66_4 = icmp_slt  i16 %select_ln66_2, i16 %select_ln66_3" [firmware/nnet_utils/nnet_common.h:66->firmware/nnet_utils/nnet_common.h:46->firmware/nnet_utils/nnet_activation_stream.h:208]   --->   Operation 33 'icmp' 'icmp_ln66_4' <Predicate = true> <Delay = 0.78> <CoreInst = "Cmp">   --->   Core 9 'Cmp' <Latency = 0> <II = 1> <Delay = 0.78> <FuncUnit> <Opcode : 'seteq' 'setne' 'setle' 'setge' 'setlt' 'setgt'> <InPorts = 2> <OutPorts = 1>
ST_2 : Operation 34 [1/1] (0.00ns) (grouped into LUT with out node select_ln66_4)   --->   "%xor_ln66_4 = xor i1 %icmp_ln66_4, i1 1" [firmware/nnet_utils/nnet_common.h:66->firmware/nnet_utils/nnet_common.h:46->firmware/nnet_utils/nnet_activation_stream.h:208]   --->   Operation 34 'xor' 'xor_ln66_4' <Predicate = true> <Delay = 0.00> <CoreInst = "LogicGate">   --->   Core 74 'LogicGate' <Latency = 0> <II = 1> <Delay = 0.12> <FuncUnit> <Opcode : 'and' 'or' 'xor'> <InPorts = 2> <OutPorts = 1>
ST_2 : Operation 35 [1/1] (0.00ns) (grouped into LUT with out node select_ln66_4)   --->   "%trunc_ln66 = trunc i16 %select_ln66_2" [firmware/nnet_utils/nnet_common.h:66->firmware/nnet_utils/nnet_common.h:46->firmware/nnet_utils/nnet_activation_stream.h:208]   --->   Operation 35 'trunc' 'trunc_ln66' <Predicate = true> <Delay = 0.00>
ST_2 : Operation 36 [1/1] (0.00ns) (grouped into LUT with out node select_ln66_4)   --->   "%trunc_ln66_1 = trunc i16 %select_ln66_3" [firmware/nnet_utils/nnet_common.h:66->firmware/nnet_utils/nnet_common.h:46->firmware/nnet_utils/nnet_activation_stream.h:208]   --->   Operation 36 'trunc' 'trunc_ln66_1' <Predicate = true> <Delay = 0.00>
ST_2 : Operation 37 [1/1] (0.29ns) (out node of the LUT)   --->   "%select_ln66_4 = select i1 %xor_ln66_4, i15 %trunc_ln66, i15 %trunc_ln66_1" [firmware/nnet_utils/nnet_common.h:66->firmware/nnet_utils/nnet_common.h:46->firmware/nnet_utils/nnet_activation_stream.h:208]   --->   Operation 37 'select' 'select_ln66_4' <Predicate = true> <Delay = 0.29> <CoreInst = "Sel">   --->   Core 73 'Sel' <Latency = 0> <II = 1> <Delay = 0.29> <FuncUnit> <Opcode : 'select'> <InPorts = 3> <OutPorts = 1>
ST_2 : Operation 38 [1/1] (0.77ns)   --->   "%d_xi_xmax = sub i15 %select_ln66_4, i15 %trunc_ln213" [firmware/nnet_utils/nnet_activation_stream.h:213]   --->   Operation 38 'sub' 'd_xi_xmax' <Predicate = true> <Delay = 0.77> <CoreInst = "Adder">   --->   Core 1 'Adder' <Latency = 0> <II = 1> <Delay = 0.77> <FuncUnit> <Opcode : 'add' 'sub'> <InPorts = 2> <OutPorts = 1>
ST_2 : Operation 39 [1/1] (0.77ns)   --->   "%d_xi_xmax_1 = sub i15 %select_ln66_4, i15 %trunc_ln213_2" [firmware/nnet_utils/nnet_activation_stream.h:213]   --->   Operation 39 'sub' 'd_xi_xmax_1' <Predicate = true> <Delay = 0.77> <CoreInst = "Adder">   --->   Core 1 'Adder' <Latency = 0> <II = 1> <Delay = 0.77> <FuncUnit> <Opcode : 'add' 'sub'> <InPorts = 2> <OutPorts = 1>
ST_2 : Operation 40 [1/1] (0.77ns)   --->   "%d_xi_xmax_2 = sub i15 %select_ln66_4, i15 %trunc_ln213_3" [firmware/nnet_utils/nnet_activation_stream.h:213]   --->   Operation 40 'sub' 'd_xi_xmax_2' <Predicate = true> <Delay = 0.77> <CoreInst = "Adder">   --->   Core 1 'Adder' <Latency = 0> <II = 1> <Delay = 0.77> <FuncUnit> <Opcode : 'add' 'sub'> <InPorts = 2> <OutPorts = 1>
ST_2 : Operation 41 [1/1] (0.77ns)   --->   "%d_xi_xmax_3 = sub i15 %select_ln66_4, i15 %trunc_ln213_4" [firmware/nnet_utils/nnet_activation_stream.h:213]   --->   Operation 41 'sub' 'd_xi_xmax_3' <Predicate = true> <Delay = 0.77> <CoreInst = "Adder">   --->   Core 1 'Adder' <Latency = 0> <II = 1> <Delay = 0.77> <FuncUnit> <Opcode : 'add' 'sub'> <InPorts = 2> <OutPorts = 1>
ST_2 : Operation 42 [1/1] (0.77ns)   --->   "%d_xi_xmax_4 = sub i15 %select_ln66_4, i15 %trunc_ln213_5" [firmware/nnet_utils/nnet_activation_stream.h:213]   --->   Operation 42 'sub' 'd_xi_xmax_4' <Predicate = true> <Delay = 0.77> <CoreInst = "Adder">   --->   Core 1 'Adder' <Latency = 0> <II = 1> <Delay = 0.77> <FuncUnit> <Opcode : 'add' 'sub'> <InPorts = 2> <OutPorts = 1>
ST_2 : Operation 43 [1/1] (0.77ns)   --->   "%d_xi_xmax_5 = sub i15 %select_ln66_4, i15 %trunc_ln213_6" [firmware/nnet_utils/nnet_activation_stream.h:213]   --->   Operation 43 'sub' 'd_xi_xmax_5' <Predicate = true> <Delay = 0.77> <CoreInst = "Adder">   --->   Core 1 'Adder' <Latency = 0> <II = 1> <Delay = 0.77> <FuncUnit> <Opcode : 'add' 'sub'> <InPorts = 2> <OutPorts = 1>
ST_2 : Operation 44 [1/1] (0.00ns)   --->   "%tmp_2 = partselect i10 @_ssdm_op_PartSelect.i10.i15.i32.i32, i15 %d_xi_xmax, i32 5, i32 14" [firmware/nnet_utils/nnet_activation.h:145->firmware/nnet_utils/nnet_activation_stream.h:222]   --->   Operation 44 'partselect' 'tmp_2' <Predicate = true> <Delay = 0.00>
ST_2 : Operation 45 [1/1] (0.00ns)   --->   "%zext_ln223 = zext i10 %tmp_2" [firmware/nnet_utils/nnet_activation_stream.h:223]   --->   Operation 45 'zext' 'zext_ln223' <Predicate = true> <Delay = 0.00>
ST_2 : Operation 46 [1/1] (0.00ns)   --->   "%exp_table_addr = getelementptr i11 %exp_table, i64 0, i64 %zext_ln223" [firmware/nnet_utils/nnet_activation_stream.h:223]   --->   Operation 46 'getelementptr' 'exp_table_addr' <Predicate = true> <Delay = 0.00>
ST_2 : Operation 47 [2/2] (1.17ns)   --->   "%exp_table_load = load i10 %exp_table_addr" [firmware/nnet_utils/nnet_activation_stream.h:223]   --->   Operation 47 'load' 'exp_table_load' <Predicate = true> <Delay = 1.17> <CoreInst = "ROM">   --->   Core 100 'ROM' <Latency = 1> <II = 1> <Delay = 1.17> <Storage> <Opcode : 'load'> <Ports = 0> <Width = 11> <Depth = 1024> <ROM>
ST_2 : Operation 48 [1/1] (0.00ns)   --->   "%tmp_3 = partselect i10 @_ssdm_op_PartSelect.i10.i15.i32.i32, i15 %d_xi_xmax_1, i32 5, i32 14" [firmware/nnet_utils/nnet_activation.h:145->firmware/nnet_utils/nnet_activation_stream.h:222]   --->   Operation 48 'partselect' 'tmp_3' <Predicate = true> <Delay = 0.00>
ST_2 : Operation 49 [1/1] (0.00ns)   --->   "%zext_ln223_1 = zext i10 %tmp_3" [firmware/nnet_utils/nnet_activation_stream.h:223]   --->   Operation 49 'zext' 'zext_ln223_1' <Predicate = true> <Delay = 0.00>
ST_2 : Operation 50 [1/1] (0.00ns)   --->   "%exp_table_addr_1 = getelementptr i11 %exp_table, i64 0, i64 %zext_ln223_1" [firmware/nnet_utils/nnet_activation_stream.h:223]   --->   Operation 50 'getelementptr' 'exp_table_addr_1' <Predicate = true> <Delay = 0.00>
ST_2 : Operation 51 [2/2] (1.17ns)   --->   "%exp_table_load_1 = load i10 %exp_table_addr_1" [firmware/nnet_utils/nnet_activation_stream.h:223]   --->   Operation 51 'load' 'exp_table_load_1' <Predicate = true> <Delay = 1.17> <CoreInst = "ROM">   --->   Core 100 'ROM' <Latency = 1> <II = 1> <Delay = 1.17> <Storage> <Opcode : 'load'> <Ports = 0> <Width = 11> <Depth = 1024> <ROM>
ST_2 : Operation 52 [1/1] (0.00ns)   --->   "%tmp_4 = partselect i10 @_ssdm_op_PartSelect.i10.i15.i32.i32, i15 %d_xi_xmax_2, i32 5, i32 14" [firmware/nnet_utils/nnet_activation.h:145->firmware/nnet_utils/nnet_activation_stream.h:222]   --->   Operation 52 'partselect' 'tmp_4' <Predicate = true> <Delay = 0.00>
ST_2 : Operation 53 [1/1] (0.00ns)   --->   "%zext_ln223_2 = zext i10 %tmp_4" [firmware/nnet_utils/nnet_activation_stream.h:223]   --->   Operation 53 'zext' 'zext_ln223_2' <Predicate = true> <Delay = 0.00>
ST_2 : Operation 54 [1/1] (0.00ns)   --->   "%exp_table_addr_2 = getelementptr i11 %exp_table, i64 0, i64 %zext_ln223_2" [firmware/nnet_utils/nnet_activation_stream.h:223]   --->   Operation 54 'getelementptr' 'exp_table_addr_2' <Predicate = true> <Delay = 0.00>
ST_2 : Operation 55 [2/2] (1.17ns)   --->   "%exp_table_load_2 = load i10 %exp_table_addr_2" [firmware/nnet_utils/nnet_activation_stream.h:223]   --->   Operation 55 'load' 'exp_table_load_2' <Predicate = true> <Delay = 1.17> <CoreInst = "ROM">   --->   Core 100 'ROM' <Latency = 1> <II = 1> <Delay = 1.17> <Storage> <Opcode : 'load'> <Ports = 0> <Width = 11> <Depth = 1024> <ROM>
ST_2 : Operation 56 [1/1] (0.00ns)   --->   "%tmp_5 = partselect i10 @_ssdm_op_PartSelect.i10.i15.i32.i32, i15 %d_xi_xmax_3, i32 5, i32 14" [firmware/nnet_utils/nnet_activation.h:145->firmware/nnet_utils/nnet_activation_stream.h:222]   --->   Operation 56 'partselect' 'tmp_5' <Predicate = true> <Delay = 0.00>
ST_2 : Operation 57 [1/1] (0.00ns)   --->   "%tmp_6 = partselect i10 @_ssdm_op_PartSelect.i10.i15.i32.i32, i15 %d_xi_xmax_4, i32 5, i32 14" [firmware/nnet_utils/nnet_activation.h:145->firmware/nnet_utils/nnet_activation_stream.h:222]   --->   Operation 57 'partselect' 'tmp_6' <Predicate = true> <Delay = 0.00>
ST_2 : Operation 58 [1/1] (0.00ns)   --->   "%zext_ln223_4 = zext i10 %tmp_6" [firmware/nnet_utils/nnet_activation_stream.h:223]   --->   Operation 58 'zext' 'zext_ln223_4' <Predicate = true> <Delay = 0.00>
ST_2 : Operation 59 [1/1] (0.00ns)   --->   "%exp_table_addr_4 = getelementptr i11 %exp_table, i64 0, i64 %zext_ln223_4" [firmware/nnet_utils/nnet_activation_stream.h:223]   --->   Operation 59 'getelementptr' 'exp_table_addr_4' <Predicate = true> <Delay = 0.00>
ST_2 : Operation 60 [2/2] (1.17ns)   --->   "%exp_table_load_4 = load i10 %exp_table_addr_4" [firmware/nnet_utils/nnet_activation_stream.h:223]   --->   Operation 60 'load' 'exp_table_load_4' <Predicate = true> <Delay = 1.17> <CoreInst = "ROM">   --->   Core 100 'ROM' <Latency = 1> <II = 1> <Delay = 1.17> <Storage> <Opcode : 'load'> <Ports = 0> <Width = 11> <Depth = 1024> <ROM>
ST_2 : Operation 61 [1/1] (0.00ns)   --->   "%tmp_7 = partselect i10 @_ssdm_op_PartSelect.i10.i15.i32.i32, i15 %d_xi_xmax_5, i32 5, i32 14" [firmware/nnet_utils/nnet_activation.h:145->firmware/nnet_utils/nnet_activation_stream.h:222]   --->   Operation 61 'partselect' 'tmp_7' <Predicate = true> <Delay = 0.00>
ST_2 : Operation 62 [1/1] (0.00ns)   --->   "%zext_ln223_5 = zext i10 %tmp_7" [firmware/nnet_utils/nnet_activation_stream.h:223]   --->   Operation 62 'zext' 'zext_ln223_5' <Predicate = true> <Delay = 0.00>
ST_2 : Operation 63 [1/1] (0.00ns)   --->   "%exp_table_addr_5 = getelementptr i11 %exp_table, i64 0, i64 %zext_ln223_5" [firmware/nnet_utils/nnet_activation_stream.h:223]   --->   Operation 63 'getelementptr' 'exp_table_addr_5' <Predicate = true> <Delay = 0.00>
ST_2 : Operation 64 [2/2] (1.17ns)   --->   "%exp_table_load_5 = load i10 %exp_table_addr_5" [firmware/nnet_utils/nnet_activation_stream.h:223]   --->   Operation 64 'load' 'exp_table_load_5' <Predicate = true> <Delay = 1.17> <CoreInst = "ROM">   --->   Core 100 'ROM' <Latency = 1> <II = 1> <Delay = 1.17> <Storage> <Opcode : 'load'> <Ports = 0> <Width = 11> <Depth = 1024> <ROM>

State 3 <SV = 2> <Delay = 1.17>
ST_3 : Operation 65 [1/2] (1.17ns)   --->   "%exp_table_load = load i10 %exp_table_addr" [firmware/nnet_utils/nnet_activation_stream.h:223]   --->   Operation 65 'load' 'exp_table_load' <Predicate = true> <Delay = 1.17> <CoreInst = "ROM">   --->   Core 100 'ROM' <Latency = 1> <II = 1> <Delay = 1.17> <Storage> <Opcode : 'load'> <Ports = 0> <Width = 11> <Depth = 1024> <ROM>
ST_3 : Operation 66 [1/2] (1.17ns)   --->   "%exp_table_load_1 = load i10 %exp_table_addr_1" [firmware/nnet_utils/nnet_activation_stream.h:223]   --->   Operation 66 'load' 'exp_table_load_1' <Predicate = true> <Delay = 1.17> <CoreInst = "ROM">   --->   Core 100 'ROM' <Latency = 1> <II = 1> <Delay = 1.17> <Storage> <Opcode : 'load'> <Ports = 0> <Width = 11> <Depth = 1024> <ROM>
ST_3 : Operation 67 [1/2] (1.17ns)   --->   "%exp_table_load_2 = load i10 %exp_table_addr_2" [firmware/nnet_utils/nnet_activation_stream.h:223]   --->   Operation 67 'load' 'exp_table_load_2' <Predicate = true> <Delay = 1.17> <CoreInst = "ROM">   --->   Core 100 'ROM' <Latency = 1> <II = 1> <Delay = 1.17> <Storage> <Opcode : 'load'> <Ports = 0> <Width = 11> <Depth = 1024> <ROM>
ST_3 : Operation 68 [1/1] (0.00ns)   --->   "%zext_ln223_3 = zext i10 %tmp_5" [firmware/nnet_utils/nnet_activation_stream.h:223]   --->   Operation 68 'zext' 'zext_ln223_3' <Predicate = true> <Delay = 0.00>
ST_3 : Operation 69 [1/1] (0.00ns)   --->   "%exp_table_addr_3 = getelementptr i11 %exp_table, i64 0, i64 %zext_ln223_3" [firmware/nnet_utils/nnet_activation_stream.h:223]   --->   Operation 69 'getelementptr' 'exp_table_addr_3' <Predicate = true> <Delay = 0.00>
ST_3 : Operation 70 [2/2] (1.17ns)   --->   "%exp_table_load_3 = load i10 %exp_table_addr_3" [firmware/nnet_utils/nnet_activation_stream.h:223]   --->   Operation 70 'load' 'exp_table_load_3' <Predicate = true> <Delay = 1.17> <CoreInst = "ROM">   --->   Core 100 'ROM' <Latency = 1> <II = 1> <Delay = 1.17> <Storage> <Opcode : 'load'> <Ports = 0> <Width = 11> <Depth = 1024> <ROM>
ST_3 : Operation 71 [1/2] (1.17ns)   --->   "%exp_table_load_4 = load i10 %exp_table_addr_4" [firmware/nnet_utils/nnet_activation_stream.h:223]   --->   Operation 71 'load' 'exp_table_load_4' <Predicate = true> <Delay = 1.17> <CoreInst = "ROM">   --->   Core 100 'ROM' <Latency = 1> <II = 1> <Delay = 1.17> <Storage> <Opcode : 'load'> <Ports = 0> <Width = 11> <Depth = 1024> <ROM>
ST_3 : Operation 72 [1/2] (1.17ns)   --->   "%exp_table_load_5 = load i10 %exp_table_addr_5" [firmware/nnet_utils/nnet_activation_stream.h:223]   --->   Operation 72 'load' 'exp_table_load_5' <Predicate = true> <Delay = 1.17> <CoreInst = "ROM">   --->   Core 100 'ROM' <Latency = 1> <II = 1> <Delay = 1.17> <Storage> <Opcode : 'load'> <Ports = 0> <Width = 11> <Depth = 1024> <ROM>

State 4 <SV = 3> <Delay = 3.11>
ST_4 : Operation 73 [1/1] (0.00ns)   --->   "%zext_ln145 = zext i11 %exp_table_load" [firmware/nnet_utils/nnet_activation.h:145->firmware/nnet_utils/nnet_activation_stream.h:222]   --->   Operation 73 'zext' 'zext_ln145' <Predicate = true> <Delay = 0.00>
ST_4 : Operation 74 [1/1] (0.00ns)   --->   "%zext_ln145_1 = zext i11 %exp_table_load_1" [firmware/nnet_utils/nnet_activation.h:145->firmware/nnet_utils/nnet_activation_stream.h:222]   --->   Operation 74 'zext' 'zext_ln145_1' <Predicate = true> <Delay = 0.00>
ST_4 : Operation 75 [1/1] (0.00ns)   --->   "%zext_ln145_2 = zext i11 %exp_table_load_2" [firmware/nnet_utils/nnet_activation.h:145->firmware/nnet_utils/nnet_activation_stream.h:222]   --->   Operation 75 'zext' 'zext_ln145_2' <Predicate = true> <Delay = 0.00>
ST_4 : Operation 76 [1/2] (1.17ns)   --->   "%exp_table_load_3 = load i10 %exp_table_addr_3" [firmware/nnet_utils/nnet_activation_stream.h:223]   --->   Operation 76 'load' 'exp_table_load_3' <Predicate = true> <Delay = 1.17> <CoreInst = "ROM">   --->   Core 100 'ROM' <Latency = 1> <II = 1> <Delay = 1.17> <Storage> <Opcode : 'load'> <Ports = 0> <Width = 11> <Depth = 1024> <ROM>
ST_4 : Operation 77 [1/1] (0.00ns)   --->   "%zext_ln145_3 = zext i11 %exp_table_load_3" [firmware/nnet_utils/nnet_activation.h:145->firmware/nnet_utils/nnet_activation_stream.h:222]   --->   Operation 77 'zext' 'zext_ln145_3' <Predicate = true> <Delay = 0.00>
ST_4 : Operation 78 [1/1] (0.00ns)   --->   "%zext_ln145_4 = zext i11 %exp_table_load_4" [firmware/nnet_utils/nnet_activation.h:145->firmware/nnet_utils/nnet_activation_stream.h:222]   --->   Operation 78 'zext' 'zext_ln145_4' <Predicate = true> <Delay = 0.00>
ST_4 : Operation 79 [1/1] (0.00ns)   --->   "%zext_ln51 = zext i11 %exp_table_load_5" [firmware/nnet_utils/nnet_common.h:51->firmware/nnet_utils/nnet_common.h:44->firmware/nnet_utils/nnet_common.h:46->firmware/nnet_utils/nnet_common.h:46->firmware/nnet_utils/nnet_activation_stream.h:229]   --->   Operation 79 'zext' 'zext_ln51' <Predicate = true> <Delay = 0.00>
ST_4 : Operation 80 [1/1] (0.00ns) (grouped into TernaryAdder)   --->   "%add_ln51 = add i12 %zext_ln145, i12 %zext_ln145_2" [firmware/nnet_utils/nnet_common.h:51->firmware/nnet_utils/nnet_common.h:44->firmware/nnet_utils/nnet_common.h:46->firmware/nnet_utils/nnet_common.h:46->firmware/nnet_utils/nnet_activation_stream.h:229]   --->   Operation 80 'add' 'add_ln51' <Predicate = true> <Delay = 0.00> <CoreInst = "TAddSub">   --->   Core 10 'TAddSub' <Latency = 0> <II = 1> <Delay = 0.36> <IPBlock> <Opcode : '' 'add' 'sub'> <InPorts = 3> <OutPorts = 1> <Sync> <CReg>
ST_4 : Operation 81 [1/1] (0.75ns) (root node of TernaryAdder)   --->   "%add_ln51_1 = add i12 %add_ln51, i12 %zext_ln145_1" [firmware/nnet_utils/nnet_common.h:51->firmware/nnet_utils/nnet_common.h:44->firmware/nnet_utils/nnet_common.h:46->firmware/nnet_utils/nnet_common.h:46->firmware/nnet_utils/nnet_activation_stream.h:229]   --->   Operation 81 'add' 'add_ln51_1' <Predicate = true> <Delay = 0.75> <CoreInst = "TAddSub">   --->   Core 10 'TAddSub' <Latency = 0> <II = 1> <Delay = 0.36> <IPBlock> <Opcode : '' 'add' 'sub'> <InPorts = 3> <OutPorts = 1> <Sync> <CReg>
ST_4 : Operation 82 [1/1] (0.00ns)   --->   "%zext_ln51_1 = zext i12 %add_ln51_1" [firmware/nnet_utils/nnet_common.h:51->firmware/nnet_utils/nnet_common.h:44->firmware/nnet_utils/nnet_common.h:46->firmware/nnet_utils/nnet_common.h:46->firmware/nnet_utils/nnet_activation_stream.h:229]   --->   Operation 82 'zext' 'zext_ln51_1' <Predicate = true> <Delay = 0.00>
ST_4 : Operation 83 [1/1] (0.00ns) (grouped into TernaryAdder)   --->   "%add_ln51_2 = add i13 %zext_ln51_1, i13 %zext_ln145_3" [firmware/nnet_utils/nnet_common.h:51->firmware/nnet_utils/nnet_common.h:46->firmware/nnet_utils/nnet_activation_stream.h:229]   --->   Operation 83 'add' 'add_ln51_2' <Predicate = true> <Delay = 0.00> <CoreInst = "TAddSub">   --->   Core 10 'TAddSub' <Latency = 0> <II = 1> <Delay = 0.36> <IPBlock> <Opcode : '' 'add' 'sub'> <InPorts = 3> <OutPorts = 1> <Sync> <CReg>
ST_4 : Operation 84 [1/1] (0.73ns)   --->   "%add_ln51_3 = add i12 %zext_ln145_4, i12 %zext_ln51" [firmware/nnet_utils/nnet_common.h:51->firmware/nnet_utils/nnet_common.h:46->firmware/nnet_utils/nnet_activation_stream.h:229]   --->   Operation 84 'add' 'add_ln51_3' <Predicate = true> <Delay = 0.73> <CoreInst = "Adder">   --->   Core 1 'Adder' <Latency = 0> <II = 1> <Delay = 0.73> <FuncUnit> <Opcode : 'add' 'sub'> <InPorts = 2> <OutPorts = 1>
ST_4 : Operation 85 [1/1] (0.00ns)   --->   "%zext_ln51_2 = zext i12 %add_ln51_3" [firmware/nnet_utils/nnet_common.h:51->firmware/nnet_utils/nnet_common.h:46->firmware/nnet_utils/nnet_activation_stream.h:229]   --->   Operation 85 'zext' 'zext_ln51_2' <Predicate = true> <Delay = 0.00>
ST_4 : Operation 86 [1/1] (0.73ns) (root node of TernaryAdder)   --->   "%add_ln51_4 = add i13 %zext_ln51_2, i13 %add_ln51_2" [firmware/nnet_utils/nnet_common.h:51->firmware/nnet_utils/nnet_common.h:46->firmware/nnet_utils/nnet_activation_stream.h:229]   --->   Operation 86 'add' 'add_ln51_4' <Predicate = true> <Delay = 0.73> <CoreInst = "TAddSub">   --->   Core 10 'TAddSub' <Latency = 0> <II = 1> <Delay = 0.36> <IPBlock> <Opcode : '' 'add' 'sub'> <InPorts = 3> <OutPorts = 1> <Sync> <CReg>
ST_4 : Operation 87 [1/1] (0.00ns)   --->   "%tmp = partselect i5 @_ssdm_op_PartSelect.i5.i13.i32.i32, i13 %add_ln51_4, i32 8, i32 12" [firmware/nnet_utils/nnet_activation.h:145->firmware/nnet_utils/nnet_activation_stream.h:232]   --->   Operation 87 'partselect' 'tmp' <Predicate = true> <Delay = 0.00>
ST_4 : Operation 88 [1/1] (0.00ns)   --->   "%zext_ln232 = zext i5 %tmp" [firmware/nnet_utils/nnet_activation_stream.h:232]   --->   Operation 88 'zext' 'zext_ln232' <Predicate = true> <Delay = 0.00>
ST_4 : Operation 89 [1/1] (0.00ns)   --->   "%invert_table_addr = getelementptr i18 %invert_table, i64 0, i64 %zext_ln232" [firmware/nnet_utils/nnet_activation_stream.h:232]   --->   Operation 89 'getelementptr' 'invert_table_addr' <Predicate = true> <Delay = 0.00>
ST_4 : Operation 90 [2/2] (1.20ns)   --->   "%inv_exp_sum = load i10 %invert_table_addr" [firmware/nnet_utils/nnet_activation_stream.h:232]   --->   Operation 90 'load' 'inv_exp_sum' <Predicate = true> <Delay = 1.20> <CoreInst = "ROM">   --->   Core 100 'ROM' <Latency = 1> <II = 1> <Delay = 1.20> <Storage> <Opcode : 'load'> <Ports = 0> <Width = 18> <Depth = 1024> <ROM>

State 5 <SV = 4> <Delay = 1.20>
ST_5 : Operation 91 [1/2] (1.20ns)   --->   "%inv_exp_sum = load i10 %invert_table_addr" [firmware/nnet_utils/nnet_activation_stream.h:232]   --->   Operation 91 'load' 'inv_exp_sum' <Predicate = true> <Delay = 1.20> <CoreInst = "ROM">   --->   Core 100 'ROM' <Latency = 1> <II = 1> <Delay = 1.20> <Storage> <Opcode : 'load'> <Ports = 0> <Width = 18> <Depth = 1024> <ROM>

State 6 <SV = 5> <Delay = 2.65>
ST_6 : Operation 92 [1/1] (0.00ns)   --->   "%sext_ln241 = sext i18 %inv_exp_sum" [firmware/nnet_utils/nnet_activation_stream.h:241]   --->   Operation 92 'sext' 'sext_ln241' <Predicate = true> <Delay = 0.00>
ST_6 : Operation 93 [1/1] (0.00ns)   --->   "%zext_ln241 = zext i11 %exp_table_load" [firmware/nnet_utils/nnet_activation_stream.h:241]   --->   Operation 93 'zext' 'zext_ln241' <Predicate = true> <Delay = 0.00>
ST_6 : Operation 94 [1/1] (2.03ns)   --->   "%mul_ln241 = mul i26 %sext_ln241, i26 %zext_ln241" [firmware/nnet_utils/nnet_activation_stream.h:241]   --->   Operation 94 'mul' 'mul_ln241' <Predicate = true> <Delay = 2.03> <CoreInst = "Multiplier">   --->   Core 3 'Multiplier' <Latency = 0> <II = 1> <Delay = 2.03> <FuncUnit> <Opcode : 'mul'> <InPorts = 2> <OutPorts = 1>
ST_6 : Operation 95 [1/1] (0.00ns)   --->   "%trunc_ln2 = partselect i16 @_ssdm_op_PartSelect.i16.i26.i32.i32, i26 %mul_ln241, i32 10, i32 25" [firmware/nnet_utils/nnet_activation_stream.h:241]   --->   Operation 95 'partselect' 'trunc_ln2' <Predicate = true> <Delay = 0.00>
ST_6 : Operation 96 [1/1] (0.00ns)   --->   "%zext_ln241_1 = zext i11 %exp_table_load_1" [firmware/nnet_utils/nnet_activation_stream.h:241]   --->   Operation 96 'zext' 'zext_ln241_1' <Predicate = true> <Delay = 0.00>
ST_6 : Operation 97 [1/1] (2.03ns)   --->   "%mul_ln241_1 = mul i26 %sext_ln241, i26 %zext_ln241_1" [firmware/nnet_utils/nnet_activation_stream.h:241]   --->   Operation 97 'mul' 'mul_ln241_1' <Predicate = true> <Delay = 2.03> <CoreInst = "Multiplier">   --->   Core 3 'Multiplier' <Latency = 0> <II = 1> <Delay = 2.03> <FuncUnit> <Opcode : 'mul'> <InPorts = 2> <OutPorts = 1>
ST_6 : Operation 98 [1/1] (0.00ns)   --->   "%trunc_ln241_1 = partselect i16 @_ssdm_op_PartSelect.i16.i26.i32.i32, i26 %mul_ln241_1, i32 10, i32 25" [firmware/nnet_utils/nnet_activation_stream.h:241]   --->   Operation 98 'partselect' 'trunc_ln241_1' <Predicate = true> <Delay = 0.00>
ST_6 : Operation 99 [1/1] (0.00ns)   --->   "%zext_ln241_2 = zext i11 %exp_table_load_2" [firmware/nnet_utils/nnet_activation_stream.h:241]   --->   Operation 99 'zext' 'zext_ln241_2' <Predicate = true> <Delay = 0.00>
ST_6 : Operation 100 [1/1] (2.03ns)   --->   "%mul_ln241_2 = mul i26 %sext_ln241, i26 %zext_ln241_2" [firmware/nnet_utils/nnet_activation_stream.h:241]   --->   Operation 100 'mul' 'mul_ln241_2' <Predicate = true> <Delay = 2.03> <CoreInst = "Multiplier">   --->   Core 3 'Multiplier' <Latency = 0> <II = 1> <Delay = 2.03> <FuncUnit> <Opcode : 'mul'> <InPorts = 2> <OutPorts = 1>
ST_6 : Operation 101 [1/1] (0.00ns)   --->   "%trunc_ln241_2 = partselect i16 @_ssdm_op_PartSelect.i16.i26.i32.i32, i26 %mul_ln241_2, i32 10, i32 25" [firmware/nnet_utils/nnet_activation_stream.h:241]   --->   Operation 101 'partselect' 'trunc_ln241_2' <Predicate = true> <Delay = 0.00>
ST_6 : Operation 102 [1/1] (0.00ns)   --->   "%zext_ln241_3 = zext i11 %exp_table_load_3" [firmware/nnet_utils/nnet_activation_stream.h:241]   --->   Operation 102 'zext' 'zext_ln241_3' <Predicate = true> <Delay = 0.00>
ST_6 : Operation 103 [1/1] (2.03ns)   --->   "%mul_ln241_3 = mul i26 %sext_ln241, i26 %zext_ln241_3" [firmware/nnet_utils/nnet_activation_stream.h:241]   --->   Operation 103 'mul' 'mul_ln241_3' <Predicate = true> <Delay = 2.03> <CoreInst = "Multiplier">   --->   Core 3 'Multiplier' <Latency = 0> <II = 1> <Delay = 2.03> <FuncUnit> <Opcode : 'mul'> <InPorts = 2> <OutPorts = 1>
ST_6 : Operation 104 [1/1] (0.00ns)   --->   "%trunc_ln241_3 = partselect i16 @_ssdm_op_PartSelect.i16.i26.i32.i32, i26 %mul_ln241_3, i32 10, i32 25" [firmware/nnet_utils/nnet_activation_stream.h:241]   --->   Operation 104 'partselect' 'trunc_ln241_3' <Predicate = true> <Delay = 0.00>
ST_6 : Operation 105 [1/1] (0.00ns)   --->   "%zext_ln241_4 = zext i11 %exp_table_load_4" [firmware/nnet_utils/nnet_activation_stream.h:241]   --->   Operation 105 'zext' 'zext_ln241_4' <Predicate = true> <Delay = 0.00>
ST_6 : Operation 106 [1/1] (2.03ns)   --->   "%mul_ln241_4 = mul i26 %sext_ln241, i26 %zext_ln241_4" [firmware/nnet_utils/nnet_activation_stream.h:241]   --->   Operation 106 'mul' 'mul_ln241_4' <Predicate = true> <Delay = 2.03> <CoreInst = "Multiplier">   --->   Core 3 'Multiplier' <Latency = 0> <II = 1> <Delay = 2.03> <FuncUnit> <Opcode : 'mul'> <InPorts = 2> <OutPorts = 1>
ST_6 : Operation 107 [1/1] (0.00ns)   --->   "%trunc_ln241_4 = partselect i16 @_ssdm_op_PartSelect.i16.i26.i32.i32, i26 %mul_ln241_4, i32 10, i32 25" [firmware/nnet_utils/nnet_activation_stream.h:241]   --->   Operation 107 'partselect' 'trunc_ln241_4' <Predicate = true> <Delay = 0.00>
ST_6 : Operation 108 [1/1] (0.00ns)   --->   "%zext_ln241_5 = zext i11 %exp_table_load_5" [firmware/nnet_utils/nnet_activation_stream.h:241]   --->   Operation 108 'zext' 'zext_ln241_5' <Predicate = true> <Delay = 0.00>
ST_6 : Operation 109 [1/1] (2.03ns)   --->   "%mul_ln241_5 = mul i26 %sext_ln241, i26 %zext_ln241_5" [firmware/nnet_utils/nnet_activation_stream.h:241]   --->   Operation 109 'mul' 'mul_ln241_5' <Predicate = true> <Delay = 2.03> <CoreInst = "Multiplier">   --->   Core 3 'Multiplier' <Latency = 0> <II = 1> <Delay = 2.03> <FuncUnit> <Opcode : 'mul'> <InPorts = 2> <OutPorts = 1>
ST_6 : Operation 110 [1/1] (0.00ns)   --->   "%trunc_ln241_5 = partselect i16 @_ssdm_op_PartSelect.i16.i26.i32.i32, i26 %mul_ln241_5, i32 10, i32 25" [firmware/nnet_utils/nnet_activation_stream.h:241]   --->   Operation 110 'partselect' 'trunc_ln241_5' <Predicate = true> <Delay = 0.00>
ST_6 : Operation 111 [1/1] (0.00ns)   --->   "%p_0 = bitconcatenate i96 @_ssdm_op_BitConcatenate.i96.i16.i16.i16.i16.i16.i16, i16 %trunc_ln241_5, i16 %trunc_ln241_4, i16 %trunc_ln241_3, i16 %trunc_ln241_2, i16 %trunc_ln241_1, i16 %trunc_ln2" [firmware/nnet_utils/nnet_activation_stream.h:243]   --->   Operation 111 'bitconcatenate' 'p_0' <Predicate = true> <Delay = 0.00>
ST_6 : Operation 112 [1/1] (0.61ns)   --->   "%write_ln243 = write void @_ssdm_op_Write.axis.volatile.i96P128A, i96 %layer7_out, i96 %p_0" [firmware/nnet_utils/nnet_activation_stream.h:243]   --->   Operation 112 'write' 'write_ln243' <Predicate = true> <Delay = 0.61> <CoreInst = "regslice">   --->   Core 148 'regslice' <Latency = 0> <II = 1> <Delay = 0.76> <Adapter> <Opcode : 'read' 'write'>

State 7 <SV = 6> <Delay = 0.00>
ST_7 : Operation 113 [1/1] (0.00ns)   --->   "%specinterface_ln0 = specinterface void @_ssdm_op_SpecInterface, i96 %layer7_out, void @empty_9, i32 0, i32 0, void @empty_13, i32 0, i32 0, void @empty_5, void @empty_5, void @empty_5, i32 0, i32 0, i32 0, i32 0, void @empty_5, void @empty_5, i32 4294967295, i32 0, i32 0"   --->   Operation 113 'specinterface' 'specinterface_ln0' <Predicate = true> <Delay = 0.00>
ST_7 : Operation 114 [1/1] (0.00ns)   --->   "%specinterface_ln0 = specinterface void @_ssdm_op_SpecInterface, i96 %layer6_out, void @empty_15, i32 0, i32 0, void @empty_5, i32 0, i32 0, void @empty_5, void @empty_5, void @empty_5, i32 0, i32 0, i32 0, i32 0, void @empty_5, void @empty_5, i32 4294967295, i32 0, i32 0"   --->   Operation 114 'specinterface' 'specinterface_ln0' <Predicate = true> <Delay = 0.00>
ST_7 : Operation 115 [1/1] (0.00ns)   --->   "%rbegin9 = specregionbegin i32 @_ssdm_op_SpecRegionBegin, void @empty_1" [firmware/nnet_utils/nnet_activation_stream.h:238]   --->   Operation 115 'specregionbegin' 'rbegin9' <Predicate = true> <Delay = 0.00>
ST_7 : Operation 116 [1/1] (0.00ns)   --->   "%specresourcelimit_ln242 = specresourcelimit void @_ssdm_op_SpecResourceLimit, i64 6, void @empty_4, void @empty_5, void @empty_5, void @empty_5" [firmware/nnet_utils/nnet_activation_stream.h:242]   --->   Operation 116 'specresourcelimit' 'specresourcelimit_ln242' <Predicate = true> <Delay = 0.00>
ST_7 : Operation 117 [1/1] (0.00ns)   --->   "%rend10 = specregionend i32 @_ssdm_op_SpecRegionEnd, void @empty_1, i32 %rbegin9" [firmware/nnet_utils/nnet_activation_stream.h:242]   --->   Operation 117 'specregionend' 'rend10' <Predicate = true> <Delay = 0.00>
ST_7 : Operation 118 [1/1] (0.00ns)   --->   "%rbegin7 = specregionbegin i32 @_ssdm_op_SpecRegionBegin, void @empty_0" [firmware/nnet_utils/nnet_activation_stream.h:238]   --->   Operation 118 'specregionbegin' 'rbegin7' <Predicate = true> <Delay = 0.00>
ST_7 : Operation 119 [1/1] (0.00ns)   --->   "%specresourcelimit_ln242 = specresourcelimit void @_ssdm_op_SpecResourceLimit, i64 6, void @empty_4, void @empty_5, void @empty_5, void @empty_5" [firmware/nnet_utils/nnet_activation_stream.h:242]   --->   Operation 119 'specresourcelimit' 'specresourcelimit_ln242' <Predicate = true> <Delay = 0.00>
ST_7 : Operation 120 [1/1] (0.00ns)   --->   "%rend8 = specregionend i32 @_ssdm_op_SpecRegionEnd, void @empty_0, i32 %rbegin7" [firmware/nnet_utils/nnet_activation_stream.h:242]   --->   Operation 120 'specregionend' 'rend8' <Predicate = true> <Delay = 0.00>
ST_7 : Operation 121 [1/1] (0.00ns)   --->   "%rbegin5 = specregionbegin i32 @_ssdm_op_SpecRegionBegin, void @empty_11" [firmware/nnet_utils/nnet_activation_stream.h:238]   --->   Operation 121 'specregionbegin' 'rbegin5' <Predicate = true> <Delay = 0.00>
ST_7 : Operation 122 [1/1] (0.00ns)   --->   "%specresourcelimit_ln242 = specresourcelimit void @_ssdm_op_SpecResourceLimit, i64 6, void @empty_4, void @empty_5, void @empty_5, void @empty_5" [firmware/nnet_utils/nnet_activation_stream.h:242]   --->   Operation 122 'specresourcelimit' 'specresourcelimit_ln242' <Predicate = true> <Delay = 0.00>
ST_7 : Operation 123 [1/1] (0.00ns)   --->   "%rend6 = specregionend i32 @_ssdm_op_SpecRegionEnd, void @empty_11, i32 %rbegin5" [firmware/nnet_utils/nnet_activation_stream.h:242]   --->   Operation 123 'specregionend' 'rend6' <Predicate = true> <Delay = 0.00>
ST_7 : Operation 124 [1/1] (0.00ns)   --->   "%rbegin3 = specregionbegin i32 @_ssdm_op_SpecRegionBegin, void @empty" [firmware/nnet_utils/nnet_activation_stream.h:238]   --->   Operation 124 'specregionbegin' 'rbegin3' <Predicate = true> <Delay = 0.00>
ST_7 : Operation 125 [1/1] (0.00ns)   --->   "%specresourcelimit_ln242 = specresourcelimit void @_ssdm_op_SpecResourceLimit, i64 6, void @empty_4, void @empty_5, void @empty_5, void @empty_5" [firmware/nnet_utils/nnet_activation_stream.h:242]   --->   Operation 125 'specresourcelimit' 'specresourcelimit_ln242' <Predicate = true> <Delay = 0.00>
ST_7 : Operation 126 [1/1] (0.00ns)   --->   "%rend4 = specregionend i32 @_ssdm_op_SpecRegionEnd, void @empty, i32 %rbegin3" [firmware/nnet_utils/nnet_activation_stream.h:242]   --->   Operation 126 'specregionend' 'rend4' <Predicate = true> <Delay = 0.00>
ST_7 : Operation 127 [1/1] (0.00ns)   --->   "%rbegin1 = specregionbegin i32 @_ssdm_op_SpecRegionBegin, void @empty_6" [firmware/nnet_utils/nnet_activation_stream.h:238]   --->   Operation 127 'specregionbegin' 'rbegin1' <Predicate = true> <Delay = 0.00>
ST_7 : Operation 128 [1/1] (0.00ns)   --->   "%specresourcelimit_ln242 = specresourcelimit void @_ssdm_op_SpecResourceLimit, i64 6, void @empty_4, void @empty_5, void @empty_5, void @empty_5" [firmware/nnet_utils/nnet_activation_stream.h:242]   --->   Operation 128 'specresourcelimit' 'specresourcelimit_ln242' <Predicate = true> <Delay = 0.00>
ST_7 : Operation 129 [1/1] (0.00ns)   --->   "%rend2 = specregionend i32 @_ssdm_op_SpecRegionEnd, void @empty_6, i32 %rbegin1" [firmware/nnet_utils/nnet_activation_stream.h:242]   --->   Operation 129 'specregionend' 'rend2' <Predicate = true> <Delay = 0.00>
ST_7 : Operation 130 [1/1] (0.00ns)   --->   "%rbegin = specregionbegin i32 @_ssdm_op_SpecRegionBegin, void @empty_3" [firmware/nnet_utils/nnet_activation_stream.h:238]   --->   Operation 130 'specregionbegin' 'rbegin' <Predicate = true> <Delay = 0.00>
ST_7 : Operation 131 [1/1] (0.00ns)   --->   "%specresourcelimit_ln242 = specresourcelimit void @_ssdm_op_SpecResourceLimit, i64 6, void @empty_4, void @empty_5, void @empty_5, void @empty_5" [firmware/nnet_utils/nnet_activation_stream.h:242]   --->   Operation 131 'specresourcelimit' 'specresourcelimit_ln242' <Predicate = true> <Delay = 0.00>
ST_7 : Operation 132 [1/1] (0.00ns)   --->   "%rend = specregionend i32 @_ssdm_op_SpecRegionEnd, void @empty_3, i32 %rbegin" [firmware/nnet_utils/nnet_activation_stream.h:242]   --->   Operation 132 'specregionend' 'rend' <Predicate = true> <Delay = 0.00>
ST_7 : Operation 133 [1/1] (0.00ns)   --->   "%ret_ln245 = ret" [firmware/nnet_utils/nnet_activation_stream.h:245]   --->   Operation 133 'ret' 'ret_ln245' <Predicate = true> <Delay = 0.00>


============================================================
+ Verbose Summary: Timing violations
============================================================
Target clock period: 5.000ns, clock uncertainty: 1.350ns.

 <State 1>: 3.218ns
The critical path consists of the following:
	fifo read operation ('layer6_out_read', firmware/nnet_utils/nnet_activation_stream.h:198) on port 'layer6_out' (firmware/nnet_utils/nnet_activation_stream.h:198) [7]  (1.405 ns)
	'icmp' operation 1 bit ('icmp_ln66', firmware/nnet_utils/nnet_common.h:66->firmware/nnet_utils/nnet_common.h:44->firmware/nnet_utils/nnet_common.h:46->firmware/nnet_utils/nnet_common.h:46->firmware/nnet_utils/nnet_activation_stream.h:208) [14]  (0.785 ns)
	'xor' operation 1 bit ('xor_ln66', firmware/nnet_utils/nnet_common.h:66->firmware/nnet_utils/nnet_common.h:44->firmware/nnet_utils/nnet_common.h:46->firmware/nnet_utils/nnet_common.h:46->firmware/nnet_utils/nnet_activation_stream.h:208) [15]  (0.000 ns)
	'select' operation 16 bit ('select_ln66', firmware/nnet_utils/nnet_common.h:66->firmware/nnet_utils/nnet_common.h:44->firmware/nnet_utils/nnet_common.h:46->firmware/nnet_utils/nnet_common.h:46->firmware/nnet_utils/nnet_activation_stream.h:208) [16]  (0.243 ns)
	'icmp' operation 1 bit ('icmp_ln66_2', firmware/nnet_utils/nnet_common.h:66->firmware/nnet_utils/nnet_common.h:46->firmware/nnet_utils/nnet_common.h:46->firmware/nnet_utils/nnet_activation_stream.h:208) [20]  (0.785 ns)

 <State 2>: 3.272ns
The critical path consists of the following:
	'xor' operation 1 bit ('xor_ln66_2', firmware/nnet_utils/nnet_common.h:66->firmware/nnet_utils/nnet_common.h:46->firmware/nnet_utils/nnet_common.h:46->firmware/nnet_utils/nnet_activation_stream.h:208) [21]  (0.000 ns)
	'select' operation 16 bit ('select_ln66_2', firmware/nnet_utils/nnet_common.h:66->firmware/nnet_utils/nnet_common.h:46->firmware/nnet_utils/nnet_common.h:46->firmware/nnet_utils/nnet_activation_stream.h:208) [22]  (0.243 ns)
	'icmp' operation 1 bit ('icmp_ln66_4', firmware/nnet_utils/nnet_common.h:66->firmware/nnet_utils/nnet_common.h:46->firmware/nnet_utils/nnet_activation_stream.h:208) [26]  (0.785 ns)
	'xor' operation 1 bit ('xor_ln66_4', firmware/nnet_utils/nnet_common.h:66->firmware/nnet_utils/nnet_common.h:46->firmware/nnet_utils/nnet_activation_stream.h:208) [27]  (0.000 ns)
	'select' operation 15 bit ('select_ln66_4', firmware/nnet_utils/nnet_common.h:66->firmware/nnet_utils/nnet_common.h:46->firmware/nnet_utils/nnet_activation_stream.h:208) [30]  (0.292 ns)
	'sub' operation 15 bit ('d_xi_xmax', firmware/nnet_utils/nnet_activation_stream.h:213) [32]  (0.775 ns)
	'getelementptr' operation 10 bit ('exp_table_addr', firmware/nnet_utils/nnet_activation_stream.h:223) [45]  (0.000 ns)
	'load' operation 11 bit ('exp_table_load', firmware/nnet_utils/nnet_activation_stream.h:223) on array 'exp_table' [46]  (1.177 ns)

 <State 3>: 1.177ns
The critical path consists of the following:
	'load' operation 11 bit ('exp_table_load', firmware/nnet_utils/nnet_activation_stream.h:223) on array 'exp_table' [46]  (1.177 ns)

 <State 4>: 3.113ns
The critical path consists of the following:
	'load' operation 11 bit ('exp_table_load_3', firmware/nnet_utils/nnet_activation_stream.h:223) on array 'exp_table' [61]  (1.177 ns)
	'add' operation 13 bit ('add_ln51_2', firmware/nnet_utils/nnet_common.h:51->firmware/nnet_utils/nnet_common.h:46->firmware/nnet_utils/nnet_activation_stream.h:229) [76]  (0.000 ns)
	'add' operation 13 bit ('add_ln51_4', firmware/nnet_utils/nnet_common.h:51->firmware/nnet_utils/nnet_common.h:46->firmware/nnet_utils/nnet_activation_stream.h:229) [79]  (0.736 ns)
	'getelementptr' operation 10 bit ('invert_table_addr', firmware/nnet_utils/nnet_activation_stream.h:232) [82]  (0.000 ns)
	'load' operation 18 bit ('inv_exp_sum', firmware/nnet_utils/nnet_activation_stream.h:232) on array 'invert_table' [83]  (1.200 ns)

 <State 5>: 1.200ns
The critical path consists of the following:
	'load' operation 18 bit ('inv_exp_sum', firmware/nnet_utils/nnet_activation_stream.h:232) on array 'invert_table' [83]  (1.200 ns)

 <State 6>: 2.652ns
The critical path consists of the following:
	'mul' operation 26 bit ('mul_ln241', firmware/nnet_utils/nnet_activation_stream.h:241) [87]  (2.033 ns)
	axis write operation ('write_ln243', firmware/nnet_utils/nnet_activation_stream.h:243) on port 'layer7_out' (firmware/nnet_utils/nnet_activation_stream.h:243) [122]  (0.619 ns)

 <State 7>: 0.000ns
The critical path consists of the following:


============================================================
+ Verbose Summary: Binding
============================================================
N/A
* FSMD analyzer results:
  - Output states:
 - Input state : 
  - Chain level:
	State 1
	State 2
	State 3
	State 4
	State 5
	State 6
	State 7


============================================================
+ Verbose Summary: Datapath Resource usage 
============================================================
N/A
