#-----------------------------------------------------------
# Vivado v2024.1 (64-bit)
# SW Build 5076996 on Wed May 22 18:36:09 MDT 2024
# IP Build 5075265 on Wed May 22 21:45:21 MDT 2024
# SharedData Build 5076995 on Wed May 22 18:29:18 MDT 2024
# Start of session at: Wed Mar 11 15:53:29 2026
# Process ID: 4047541
# Current directory: /home/j.lim.473/ece226/ECE226_CoDesign/model_1/hls4ml_prj/myproject_prj/solution1/impl/ip
# Command line: vivado -notrace -mode batch -source run_ippack.tcl
# Log file: /home/j.lim.473/ece226/ECE226_CoDesign/model_1/hls4ml_prj/myproject_prj/solution1/impl/ip/vivado.log
# Journal file: /home/j.lim.473/ece226/ECE226_CoDesign/model_1/hls4ml_prj/myproject_prj/solution1/impl/ip/vivado.jou
# Running On        :waiter
# Platform          :Ubuntu
# Operating System  :Ubuntu 22.04.5 LTS
# Processor Detail  :AMD Ryzen Threadripper PRO 7985WX 64-Cores
# CPU Frequency     :3200.000 MHz
# CPU Physical cores:64
# CPU Logical cores :128
# Host memory       :404950 MB
# Swap memory       :0 MB
# Total Virtual     :404950 MB
# Available Virtual :177660 MB
#-----------------------------------------------------------
source run_ippack.tcl -notrace
INFO: calling package_hls_ip ip_types=vitis sysgen json_file=/home/j.lim.473/ece226/ECE226_CoDesign/model_1/hls4ml_prj/myproject_prj/solution1/solution1_data.json outdir=/home/j.lim.473/ece226/ECE226_CoDesign/model_1/hls4ml_prj/myproject_prj/solution1/impl/ip srcdir=/home/j.lim.473/ece226/ECE226_CoDesign/model_1/hls4ml_prj/myproject_prj/solution1 sort_interfaces_ports=false
INFO: Copied 1 ipmisc file(s) to /home/j.lim.473/ece226/ECE226_CoDesign/model_1/hls4ml_prj/myproject_prj/solution1/impl/ip/misc
INFO: Copied 44 verilog file(s) to /home/j.lim.473/ece226/ECE226_CoDesign/model_1/hls4ml_prj/myproject_prj/solution1/impl/ip/hdl/verilog
INFO: Copied 42 vhdl file(s) to /home/j.lim.473/ece226/ECE226_CoDesign/model_1/hls4ml_prj/myproject_prj/solution1/impl/ip/hdl/vhdl
INFO: Import ports from HDL: /home/j.lim.473/ece226/ECE226_CoDesign/model_1/hls4ml_prj/myproject_prj/solution1/impl/ip/hdl/vhdl/myproject.vhd (myproject)
INFO: Add data interface input_1
INFO: Add data interface layer7_out_0
INFO: [IP_Flow 19-234] Refreshing IP repositories
INFO: [IP_Flow 19-1704] No user IP repositories specified
INFO: [IP_Flow 19-2313] Loaded Vivado IP repository '/tools/Xilinx/Vivado/2024.1/data/ip'.
INFO: Add data interface layer7_out_1
INFO: Add data interface layer7_out_2
INFO: Add data interface layer7_out_3
INFO: Add data interface layer7_out_4
INFO: Add data interface layer7_out_5
INFO: Add clock interface ap_clk
INFO: Add reset interface ap_rst
INFO: Add ap_ctrl interface ap_ctrl
INFO: Calling post_process_vitis to specialize IP
INFO: Calling post_process_sysgen to specialize IP
Generating sysgen info xml from json file
INFO: Created IP /home/j.lim.473/ece226/ECE226_CoDesign/model_1/hls4ml_prj/myproject_prj/solution1/impl/ip/component.xml
INFO: Created IP archive /home/j.lim.473/ece226/ECE226_CoDesign/model_1/hls4ml_prj/myproject_prj/solution1/impl/ip/xilinx_com_hls_myproject_1_0.zip
INFO: [Common 17-206] Exiting Vivado at Wed Mar 11 15:53:58 2026...
